#
# There is insufficient memory for the Java Runtime Environment to continue.
# Native memory allocation (malloc) failed to allocate 1241616 bytes for Chunk::new
# Possible reasons:
#   The system is out of physical RAM or swap space
#   The process is running with CompressedOops enabled, and the Java Heap may be blocking the growth of the native heap
# Possible solutions:
#   Reduce memory load on the system
#   Increase physical memory or swap space
#   Check if swap backing store is full
#   Decrease Java heap size (-Xmx/-Xms)
#   Decrease number of Java threads
#   Decrease Java thread stack sizes (-Xss)
#   Set larger code cache with -XX:ReservedCodeCacheSize=
#   JVM is running with Unscaled Compressed Oops mode in which the Java heap is
#     placed in the first 4GB address space. The Java Heap base address is the
#     maximum limit for the native heap growth. Please use -XX:HeapBaseMinAddress
#     to set the Java Heap base and to place the Java Heap above 4GB virtual address.
# This output file may be truncated or incomplete.
#
#  Out of Memory Error (arena.cpp:168), pid=9660, tid=22992
#
# JRE version: Java(TM) SE Runtime Environment (21.0.3+7) (build 21.0.3+7-LTS-152)
# Java VM: Java HotSpot(TM) 64-Bit Server VM (21.0.3+7-LTS-152, mixed mode, sharing, tiered, compressed oops, compressed class ptrs, g1 gc, windows-amd64)
# No core dump will be written. Minidumps are not enabled by default on client versions of Windows
#

---------------  S U M M A R Y ------------

Command Line: -javaagent:C:\Program Files\JetBrains\IntelliJ IDEA Community Edition 2024.1\lib\idea_rt.jar=52750:C:\Program Files\JetBrains\IntelliJ IDEA Community Edition 2024.1\bin -Dfile.encoding=UTF-8 -Dsun.stdout.encoding=UTF-8 -Dsun.stderr.encoding=UTF-8 obi.com.eazyconcept.EazyconceptApplication

Host: Intel(R) Core(TM) i5-5200U CPU @ 2.20GHz, 4 cores, 3G,  Windows 10 , 64 bit Build 19041 (10.0.19041.4597)
Time: Mon Aug 12 20:39:11 2024 W. Central Africa Standard Time elapsed time: 20.688586 seconds (0d 0h 0m 20s)

---------------  T H R E A D  ---------------

Current thread (0x00000245788d63a0):  JavaThread "C2 CompilerThread0" daemon [_thread_in_native, id=22992, stack(0x000000ee27d00000,0x000000ee27e00000) (1024K)]


Current CompileTask:
C2:  20689 6195       4       org.springframework.core.ResolvableType::as (86 bytes)

Stack: [0x000000ee27d00000,0x000000ee27e00000]
Native frames: (J=compiled Java code, j=interpreted, Vv=VM code, C=native code)
V  [jvm.dll+0x6c63b9]
V  [jvm.dll+0x84fa11]
V  [jvm.dll+0x851f3e]
V  [jvm.dll+0x852613]
V  [jvm.dll+0x27cd46]
V  [jvm.dll+0xc4aad]
V  [jvm.dll+0xc4fe3]
V  [jvm.dll+0x3b1d22]
V  [jvm.dll+0x1df0e3]
V  [jvm.dll+0x245c92]
V  [jvm.dll+0x24511f]
V  [jvm.dll+0x1c689e]
V  [jvm.dll+0x254609]
V  [jvm.dll+0x252b9a]
V  [jvm.dll+0x3eb056]
V  [jvm.dll+0x7f9ffb]
V  [jvm.dll+0x6c4a9d]
C  [ucrtbase.dll+0x21bb2]
C  [KERNEL32.DLL+0x17374]
C  [ntdll.dll+0x4cc91]


---------------  P R O C E S S  ---------------

Threads class SMR info:
_java_thread_list=0x0000024541af25d0, length=31, elements={
0x00000245788c1970, 0x00000245788c2ea0, 0x00000245788cb9c0, 0x00000245788cc420,
0x00000245788cce80, 0x00000245788cf8f0, 0x00000245788d63a0, 0x00000245788dae60,
0x00000245788ac3b0, 0x0000024578e6a430, 0x0000024578e6aaa0, 0x000002457f5ea4b0,
0x000002457ef8d340, 0x000002457ef4b390, 0x000002457e0ab7e0, 0x000002457e0ab150,
0x000002457e0acb90, 0x000002457e0abe70, 0x000002457e0ad220, 0x000002457e0adf40,
0x000002457ed836c0, 0x000002457ed82310, 0x000002457ed829a0, 0x000002457ed83d50,
0x000002457ed80f60, 0x000002457ed81c80, 0x000002457ed83030, 0x000002457ed843e0,
0x000002457ed815f0, 0x000002457ed4b960, 0x000002457ed47e50
}

Java Threads: ( => current thread )
  0x00000245788c1970 JavaThread "Reference Handler"          daemon [_thread_blocked, id=23076, stack(0x000000ee27700000,0x000000ee27800000) (1024K)]
  0x00000245788c2ea0 JavaThread "Finalizer"                  daemon [_thread_blocked, id=24088, stack(0x000000ee27800000,0x000000ee27900000) (1024K)]
  0x00000245788cb9c0 JavaThread "Signal Dispatcher"          daemon [_thread_blocked, id=24940, stack(0x000000ee27900000,0x000000ee27a00000) (1024K)]
  0x00000245788cc420 JavaThread "Attach Listener"            daemon [_thread_blocked, id=25516, stack(0x000000ee27a00000,0x000000ee27b00000) (1024K)]
  0x00000245788cce80 JavaThread "Service Thread"             daemon [_thread_blocked, id=23656, stack(0x000000ee27b00000,0x000000ee27c00000) (1024K)]
  0x00000245788cf8f0 JavaThread "Monitor Deflation Thread"   daemon [_thread_blocked, id=6200, stack(0x000000ee27c00000,0x000000ee27d00000) (1024K)]
=>0x00000245788d63a0 JavaThread "C2 CompilerThread0"         daemon [_thread_in_native, id=22992, stack(0x000000ee27d00000,0x000000ee27e00000) (1024K)]
  0x00000245788dae60 JavaThread "C1 CompilerThread0"         daemon [_thread_blocked, id=23224, stack(0x000000ee27e00000,0x000000ee27f00000) (1024K)]
  0x00000245788ac3b0 JavaThread "Common-Cleaner"             daemon [_thread_blocked, id=18212, stack(0x000000ee27f00000,0x000000ee28000000) (1024K)]
  0x0000024578e6a430 JavaThread "Monitor Ctrl-Break"         daemon [_thread_in_native, id=21720, stack(0x000000ee28000000,0x000000ee28100000) (1024K)]
  0x0000024578e6aaa0 JavaThread "Notification Thread"        daemon [_thread_blocked, id=6816, stack(0x000000ee28100000,0x000000ee28200000) (1024K)]
  0x000002457f5ea4b0 JavaThread "Catalina-utility-1"                [_thread_blocked, id=22576, stack(0x000000ee28700000,0x000000ee28800000) (1024K)]
  0x000002457ef8d340 JavaThread "Catalina-utility-2"                [_thread_blocked, id=24488, stack(0x000000ee28800000,0x000000ee28900000) (1024K)]
  0x000002457ef4b390 JavaThread "container-0"                       [_thread_blocked, id=24956, stack(0x000000ee28900000,0x000000ee28a00000) (1024K)]
  0x000002457e0ab7e0 JavaThread "mysql-cj-abandoned-connection-cleanup" daemon [_thread_blocked, id=12008, stack(0x000000ee28a00000,0x000000ee28b00000) (1024K)]
  0x000002457e0ab150 JavaThread "HikariPool-1 housekeeper"   daemon [_thread_blocked, id=14512, stack(0x000000ee28c00000,0x000000ee28d00000) (1024K)]
  0x000002457e0acb90 JavaThread "File Watcher"               daemon [_thread_blocked, id=7864, stack(0x000000ee28d00000,0x000000ee28e00000) (1024K)]
  0x000002457e0abe70 JavaThread "Live Reload Server"         daemon [_thread_in_native, id=18112, stack(0x000000ee28f00000,0x000000ee29000000) (1024K)]
  0x000002457e0ad220 JavaThread "http-nio-8080-exec-1"       daemon [_thread_blocked, id=25128, stack(0x000000ee28e00000,0x000000ee28f00000) (1024K)]
  0x000002457e0adf40 JavaThread "http-nio-8080-exec-2"       daemon [_thread_blocked, id=2524, stack(0x000000ee29000000,0x000000ee29100000) (1024K)]
  0x000002457ed836c0 JavaThread "http-nio-8080-exec-3"       daemon [_thread_blocked, id=24688, stack(0x000000ee29100000,0x000000ee29200000) (1024K)]
  0x000002457ed82310 JavaThread "http-nio-8080-exec-4"       daemon [_thread_blocked, id=19344, stack(0x000000ee29200000,0x000000ee29300000) (1024K)]
  0x000002457ed829a0 JavaThread "http-nio-8080-exec-5"       daemon [_thread_blocked, id=24668, stack(0x000000ee29300000,0x000000ee29400000) (1024K)]
  0x000002457ed83d50 JavaThread "http-nio-8080-exec-6"       daemon [_thread_blocked, id=9348, stack(0x000000ee29400000,0x000000ee29500000) (1024K)]
  0x000002457ed80f60 JavaThread "http-nio-8080-exec-7"       daemon [_thread_blocked, id=18292, stack(0x000000ee29500000,0x000000ee29600000) (1024K)]
  0x000002457ed81c80 JavaThread "http-nio-8080-exec-8"       daemon [_thread_blocked, id=22368, stack(0x000000ee29600000,0x000000ee29700000) (1024K)]
  0x000002457ed83030 JavaThread "http-nio-8080-exec-9"       daemon [_thread_blocked, id=23884, stack(0x000000ee29700000,0x000000ee29800000) (1024K)]
  0x000002457ed843e0 JavaThread "http-nio-8080-exec-10"      daemon [_thread_blocked, id=23816, stack(0x000000ee29800000,0x000000ee29900000) (1024K)]
  0x000002457ed815f0 JavaThread "http-nio-8080-Poller"       daemon [_thread_in_native, id=18832, stack(0x000000ee29900000,0x000000ee29a00000) (1024K)]
  0x000002457ed4b960 JavaThread "http-nio-8080-Acceptor"     daemon [_thread_in_native, id=25564, stack(0x000000ee29a00000,0x000000ee29b00000) (1024K)]
  0x000002457ed47e50 JavaThread "DestroyJavaVM"                     [_thread_blocked, id=6060, stack(0x000000ee26f00000,0x000000ee27000000) (1024K)]
Total: 31

Other Threads:
  0x000002455dd11830 VMThread "VM Thread"                           [id=9320, stack(0x000000ee27600000,0x000000ee27700000) (1024K)]
  0x000002455dcfb2b0 WatcherThread "VM Periodic Task Thread"        [id=21420, stack(0x000000ee27500000,0x000000ee27600000) (1024K)]
  0x000002455dc8c0d0 WorkerThread "GC Thread#0"                     [id=18888, stack(0x000000ee27000000,0x000000ee27100000) (1024K)]
  0x000002457d339000 WorkerThread "GC Thread#1"                     [id=24664, stack(0x000000ee28200000,0x000000ee28300000) (1024K)]
  0x000002457d35b310 WorkerThread "GC Thread#2"                     [id=8036, stack(0x000000ee28300000,0x000000ee28400000) (1024K)]
  0x000002457d35dee0 WorkerThread "GC Thread#3"                     [id=17040, stack(0x000000ee28400000,0x000000ee28500000) (1024K)]
  0x000002455dc975e0 ConcurrentGCThread "G1 Main Marker"            [id=25512, stack(0x000000ee27100000,0x000000ee27200000) (1024K)]
  0x000002455dc99ba0 WorkerThread "G1 Conc#0"                       [id=19096, stack(0x000000ee27200000,0x000000ee27300000) (1024K)]
  0x000002455dceb9f0 ConcurrentGCThread "G1 Refine#0"               [id=22484, stack(0x000000ee27300000,0x000000ee27400000) (1024K)]
  0x000002455dcec470 ConcurrentGCThread "G1 Service"                [id=14604, stack(0x000000ee27400000,0x000000ee27500000) (1024K)]
Total: 10

Threads with active compile tasks:
C2 CompilerThread0    20773 6195       4       org.springframework.core.ResolvableType::as (86 bytes)
Total: 1

VM state: not at safepoint (normal execution)

VM Mutex/Monitor currently owned by a thread: None

Heap address: 0x00000000c1e00000, size: 994 MB, Compressed Oops mode: 32-bit

CDS archive(s) mapped at: [0x0000024500000000-0x0000024500c90000-0x0000024500c90000), size 13172736, SharedBaseAddress: 0x0000024500000000, ArchiveRelocationMode: 1.
Compressed class space mapped at: 0x0000024501000000-0x0000024541000000, reserved size: 1073741824
Narrow klass base: 0x0000024500000000, Narrow klass shift: 0, Narrow klass range: 0x100000000

GC Precious Log:
 CardTable entry size: 512
 Card Set container configuration: InlinePtr #cards 5 size 8 Array Of Cards #cards 12 size 40 Howl #buckets 4 coarsen threshold 1843 Howl Bitmap #cards 512 size 80 coarsen threshold 460 Card regions per heap region 1 cards per card region 2048
 CPUs: 4 total, 4 available
 Memory: 3971M
 Large Page Support: Disabled
 NUMA Support: Disabled
 Compressed Oops: Enabled (32-bit)
 Heap Region Size: 1M
 Heap Min Capacity: 8M
 Heap Initial Capacity: 64M
 Heap Max Capacity: 994M
 Pre-touch: Disabled
 Parallel Workers: 4
 Concurrent Workers: 1
 Concurrent Refinement Workers: 4
 Periodic GC: Disabled

Heap:
 garbage-first heap   total 56320K, used 33431K [0x00000000c1e00000, 0x0000000100000000)
  region size 1024K, 5 young (5120K), 2 survivors (2048K)
 Metaspace       used 64691K, committed 65344K, reserved 1114112K
  class space    used 8736K, committed 9024K, reserved 1048576K

Heap Regions: E=young(eden), S=young(survivor), O=old, HS=humongous(starts), HC=humongous(continues), CS=collection set, F=free, TAMS=top-at-mark-start, PB=parsable bottom
|   0|0x00000000c1e00000, 0x00000000c1f00000, 0x00000000c1f00000|100%|HS|  |TAMS 0x00000000c1e00000| PB 0x00000000c1e00000| Complete 
|   1|0x00000000c1f00000, 0x00000000c2000000, 0x00000000c2000000|100%| O|  |TAMS 0x00000000c1f00000| PB 0x00000000c1f00000| Untracked 
|   2|0x00000000c2000000, 0x00000000c2100000, 0x00000000c2100000|100%| O|Cm|TAMS 0x00000000c2000000| PB 0x00000000c2000000| Complete 
|   3|0x00000000c2100000, 0x00000000c2200000, 0x00000000c2200000|100%| O|  |TAMS 0x00000000c2100000| PB 0x00000000c2100000| Untracked 
|   4|0x00000000c2200000, 0x00000000c2300000, 0x00000000c2300000|100%| O|  |TAMS 0x00000000c2200000| PB 0x00000000c2200000| Untracked 
|   5|0x00000000c2300000, 0x00000000c2400000, 0x00000000c2400000|100%| O|  |TAMS 0x00000000c2300000| PB 0x00000000c2300000| Untracked 
|   6|0x00000000c2400000, 0x00000000c2500000, 0x00000000c2500000|100%| O|  |TAMS 0x00000000c2400000| PB 0x00000000c2400000| Untracked 
|   7|0x00000000c2500000, 0x00000000c2600000, 0x00000000c2600000|100%| O|  |TAMS 0x00000000c2500000| PB 0x00000000c2500000| Untracked 
|   8|0x00000000c2600000, 0x00000000c2700000, 0x00000000c2700000|100%| O|  |TAMS 0x00000000c2600000| PB 0x00000000c2600000| Untracked 
|   9|0x00000000c2700000, 0x00000000c2800000, 0x00000000c2800000|100%| O|  |TAMS 0x00000000c2700000| PB 0x00000000c2700000| Untracked 
|  10|0x00000000c2800000, 0x00000000c2900000, 0x00000000c2900000|100%| O|  |TAMS 0x00000000c2800000| PB 0x00000000c2800000| Untracked 
|  11|0x00000000c2900000, 0x00000000c2a00000, 0x00000000c2a00000|100%| O|  |TAMS 0x00000000c2900000| PB 0x00000000c2900000| Untracked 
|  12|0x00000000c2a00000, 0x00000000c2b00000, 0x00000000c2b00000|100%| O|  |TAMS 0x00000000c2a00000| PB 0x00000000c2a00000| Untracked 
|  13|0x00000000c2b00000, 0x00000000c2c00000, 0x00000000c2c00000|100%| O|  |TAMS 0x00000000c2b00000| PB 0x00000000c2b00000| Untracked 
|  14|0x00000000c2c00000, 0x00000000c2d00000, 0x00000000c2d00000|100%| O|  |TAMS 0x00000000c2c00000| PB 0x00000000c2c00000| Untracked 
|  15|0x00000000c2d00000, 0x00000000c2e00000, 0x00000000c2e00000|100%| O|  |TAMS 0x00000000c2d00000| PB 0x00000000c2d00000| Untracked 
|  16|0x00000000c2e00000, 0x00000000c2f00000, 0x00000000c2f00000|100%| O|  |TAMS 0x00000000c2e00000| PB 0x00000000c2e00000| Untracked 
|  17|0x00000000c2f00000, 0x00000000c3000000, 0x00000000c3000000|100%| O|Cm|TAMS 0x00000000c2f00000| PB 0x00000000c2f00000| Complete 
|  18|0x00000000c3000000, 0x00000000c3100000, 0x00000000c3100000|100%| O|  |TAMS 0x00000000c3000000| PB 0x00000000c3000000| Untracked 
|  19|0x00000000c3100000, 0x00000000c3200000, 0x00000000c3200000|100%| O|  |TAMS 0x00000000c3100000| PB 0x00000000c3100000| Untracked 
|  20|0x00000000c3200000, 0x00000000c3300000, 0x00000000c3300000|100%| O|  |TAMS 0x00000000c3200000| PB 0x00000000c3200000| Untracked 
|  21|0x00000000c3300000, 0x00000000c3400000, 0x00000000c3400000|100%| O|  |TAMS 0x00000000c3300000| PB 0x00000000c3300000| Untracked 
|  22|0x00000000c3400000, 0x00000000c3500000, 0x00000000c3500000|100%| O|  |TAMS 0x00000000c3400000| PB 0x00000000c3400000| Untracked 
|  23|0x00000000c3500000, 0x00000000c3600000, 0x00000000c3600000|100%| O|  |TAMS 0x00000000c3500000| PB 0x00000000c3500000| Untracked 
|  24|0x00000000c3600000, 0x00000000c3700000, 0x00000000c3700000|100%| O|  |TAMS 0x00000000c3600000| PB 0x00000000c3600000| Untracked 
|  25|0x00000000c3700000, 0x00000000c3800000, 0x00000000c3800000|100%| O|  |TAMS 0x00000000c3700000| PB 0x00000000c3700000| Untracked 
|  26|0x00000000c3800000, 0x00000000c3900000, 0x00000000c3900000|100%| O|  |TAMS 0x00000000c3800000| PB 0x00000000c3800000| Untracked 
|  27|0x00000000c3900000, 0x00000000c3a00000, 0x00000000c3a00000|100%| O|  |TAMS 0x00000000c3900000| PB 0x00000000c3900000| Untracked 
|  28|0x00000000c3a00000, 0x00000000c3aa7870, 0x00000000c3b00000| 65%| O|  |TAMS 0x00000000c3a00000| PB 0x00000000c3a00000| Untracked 
|  29|0x00000000c3b00000, 0x00000000c3b00000, 0x00000000c3c00000|  0%| F|  |TAMS 0x00000000c3b00000| PB 0x00000000c3b00000| Untracked 
|  30|0x00000000c3c00000, 0x00000000c3c00000, 0x00000000c3d00000|  0%| F|  |TAMS 0x00000000c3c00000| PB 0x00000000c3c00000| Untracked 
|  31|0x00000000c3d00000, 0x00000000c3d00000, 0x00000000c3e00000|  0%| F|  |TAMS 0x00000000c3d00000| PB 0x00000000c3d00000| Untracked 
|  32|0x00000000c3e00000, 0x00000000c3e00000, 0x00000000c3f00000|  0%| F|  |TAMS 0x00000000c3e00000| PB 0x00000000c3e00000| Untracked 
|  33|0x00000000c3f00000, 0x00000000c3f00000, 0x00000000c4000000|  0%| F|  |TAMS 0x00000000c3f00000| PB 0x00000000c3f00000| Untracked 
|  34|0x00000000c4000000, 0x00000000c4000000, 0x00000000c4100000|  0%| F|  |TAMS 0x00000000c4000000| PB 0x00000000c4000000| Untracked 
|  35|0x00000000c4100000, 0x00000000c41fe490, 0x00000000c4200000| 99%| S|CS|TAMS 0x00000000c4100000| PB 0x00000000c4100000| Complete 
|  36|0x00000000c4200000, 0x00000000c4300000, 0x00000000c4300000|100%| S|CS|TAMS 0x00000000c4200000| PB 0x00000000c4200000| Complete 
|  37|0x00000000c4300000, 0x00000000c4300000, 0x00000000c4400000|  0%| F|  |TAMS 0x00000000c4300000| PB 0x00000000c4300000| Untracked 
|  38|0x00000000c4400000, 0x00000000c4400000, 0x00000000c4500000|  0%| F|  |TAMS 0x00000000c4400000| PB 0x00000000c4400000| Untracked 
|  39|0x00000000c4500000, 0x00000000c4500000, 0x00000000c4600000|  0%| F|  |TAMS 0x00000000c4500000| PB 0x00000000c4500000| Untracked 
|  40|0x00000000c4600000, 0x00000000c4600000, 0x00000000c4700000|  0%| F|  |TAMS 0x00000000c4600000| PB 0x00000000c4600000| Untracked 
|  41|0x00000000c4700000, 0x00000000c4700000, 0x00000000c4800000|  0%| F|  |TAMS 0x00000000c4700000| PB 0x00000000c4700000| Untracked 
|  42|0x00000000c4800000, 0x00000000c4800000, 0x00000000c4900000|  0%| F|  |TAMS 0x00000000c4800000| PB 0x00000000c4800000| Untracked 
|  43|0x00000000c4900000, 0x00000000c4900000, 0x00000000c4a00000|  0%| F|  |TAMS 0x00000000c4900000| PB 0x00000000c4900000| Untracked 
|  44|0x00000000c4a00000, 0x00000000c4a00000, 0x00000000c4b00000|  0%| F|  |TAMS 0x00000000c4a00000| PB 0x00000000c4a00000| Untracked 
|  45|0x00000000c4b00000, 0x00000000c4b00000, 0x00000000c4c00000|  0%| F|  |TAMS 0x00000000c4b00000| PB 0x00000000c4b00000| Untracked 
|  46|0x00000000c4c00000, 0x00000000c4c00000, 0x00000000c4d00000|  0%| F|  |TAMS 0x00000000c4c00000| PB 0x00000000c4c00000| Untracked 
|  47|0x00000000c4d00000, 0x00000000c4d00000, 0x00000000c4e00000|  0%| F|  |TAMS 0x00000000c4d00000| PB 0x00000000c4d00000| Untracked 
|  48|0x00000000c4e00000, 0x00000000c4e00000, 0x00000000c4f00000|  0%| F|  |TAMS 0x00000000c4e00000| PB 0x00000000c4e00000| Untracked 
|  49|0x00000000c4f00000, 0x00000000c4f00000, 0x00000000c5000000|  0%| F|  |TAMS 0x00000000c4f00000| PB 0x00000000c4f00000| Untracked 
|  50|0x00000000c5000000, 0x00000000c5000000, 0x00000000c5100000|  0%| F|  |TAMS 0x00000000c5000000| PB 0x00000000c5000000| Untracked 
|  51|0x00000000c5100000, 0x00000000c5100000, 0x00000000c5200000|  0%| F|  |TAMS 0x00000000c5100000| PB 0x00000000c5100000| Untracked 
|  52|0x00000000c5200000, 0x00000000c5300000, 0x00000000c5300000|100%| E|CS|TAMS 0x00000000c5200000| PB 0x00000000c5200000| Complete 
|  53|0x00000000c5300000, 0x00000000c5400000, 0x00000000c5400000|100%| E|CS|TAMS 0x00000000c5300000| PB 0x00000000c5300000| Complete 
|  54|0x00000000c5400000, 0x00000000c5400800, 0x00000000c5500000|  0%| E|  |TAMS 0x00000000c5400000| PB 0x00000000c5400000| Complete 

Card table byte_map: [0x00000245752d0000,0x00000245754d0000] _byte_map_base: 0x0000024574cc1000

Marking Bits: (CMBitMap*) 0x000002455dc8df00
 Bits: [0x00000245754d0000, 0x0000024576458000)

Polling page: 0x000002455bc60000

Metaspace:

Usage:
  Non-class:     54.64 MB used.
      Class:      8.53 MB used.
       Both:     63.18 MB used.

Virtual space:
  Non-class space:       64.00 MB reserved,      55.00 MB ( 86%) committed,  1 nodes.
      Class space:        1.00 GB reserved,       8.81 MB ( <1%) committed,  1 nodes.
             Both:        1.06 GB reserved,      63.81 MB (  6%) committed. 

Chunk freelists:
   Non-Class:  8.81 MB
       Class:  7.06 MB
        Both:  15.88 MB

MaxMetaspaceSize: unlimited
CompressedClassSpaceSize: 1.00 GB
Initial GC threshold: 21.00 MB
Current GC threshold: 106.38 MB
CDS: on
 - commit_granule_bytes: 65536.
 - commit_granule_words: 8192.
 - virtual_space_node_default_size: 8388608.
 - enlarge_chunks_in_place: 1.
 - use_allocation_guard: 0.


Internal statistics:

num_allocs_failed_limit: 9.
num_arena_births: 1010.
num_arena_deaths: 0.
num_vsnodes_births: 2.
num_vsnodes_deaths: 0.
num_space_committed: 1021.
num_space_uncommitted: 0.
num_chunks_returned_to_freelist: 9.
num_chunks_taken_from_freelist: 3390.
num_chunk_merges: 9.
num_chunk_splits: 2413.
num_chunks_enlarged: 1848.
num_inconsistent_stats: 0.

CodeHeap 'non-profiled nmethods': size=120000Kb used=2672Kb max_used=2782Kb free=117327Kb
 bounds [0x000002456dba0000, 0x000002456de80000, 0x00000245750d0000]
CodeHeap 'profiled nmethods': size=120000Kb used=9815Kb max_used=10607Kb free=110184Kb
 bounds [0x00000245660d0000, 0x0000024566b30000, 0x000002456d600000]
CodeHeap 'non-nmethods': size=5760Kb used=1673Kb max_used=1725Kb free=4087Kb
 bounds [0x000002456d600000, 0x000002456d870000, 0x000002456dba0000]
 total_blobs=6025 nmethods=5313 adapters=616
 compilation: enabled
              stopped_count=0, restarted_count=0
 full_count=0

Compilation events (20 events):
Event: 19.547 Thread 0x00000245788dae60 6209       2       org.springframework.boot.autoconfigure.condition.ConditionEvaluationReport::lambda$getConditionAndOutcomesBySource$1 (13 bytes)
Event: 19.548 Thread 0x00000245788dae60 nmethod 6209 0x0000024566b29c10 code [0x0000024566b29ea0, 0x0000024566b2a520]
Event: 19.551 Thread 0x00000245788dae60 6212       2       java.lang.Long::stringSize (55 bytes)
Event: 19.552 Thread 0x00000245788dae60 nmethod 6212 0x0000024566b2aa10 code [0x0000024566b2abc0, 0x0000024566b2ada0]
Event: 19.552 Thread 0x00000245788dae60 6213       2       java.lang.Long::getChars (195 bytes)
Event: 19.553 Thread 0x00000245788dae60 nmethod 6213 0x0000024566b2ae90 code [0x0000024566b2b080, 0x0000024566b2b560]
Event: 19.560 Thread 0x00000245788dae60 6214       2       jdk.internal.misc.Unsafe::getAndAddLong (27 bytes)
Event: 19.560 Thread 0x00000245788dae60 nmethod 6214 0x0000024566b2b910 code [0x0000024566b2bac0, 0x0000024566b2bcb8]
Event: 20.009 Thread 0x00000245788dae60 6215       2       java.io.File::isFile (34 bytes)
Event: 20.010 Thread 0x00000245788dae60 nmethod 6215 0x00000245660f6c90 code [0x00000245660f6e40, 0x00000245660f6fe8]
Event: 20.013 Thread 0x00000245788dae60 6216       2       java.lang.Long::hashCode (8 bytes)
Event: 20.014 Thread 0x00000245788dae60 nmethod 6216 0x00000245661ef210 code [0x00000245661ef3a0, 0x00000245661ef498]
Event: 20.031 Thread 0x00000245788d63a0 nmethod 5918 0x000002456de6d090 code [0x000002456de6dde0, 0x000002456de77628]
Event: 20.032 Thread 0x00000245788d63a0 6195       4       org.springframework.core.ResolvableType::as (86 bytes)
Event: 20.385 Thread 0x00000245788dae60 6217       2       java.lang.Long::compare (22 bytes)
Event: 20.386 Thread 0x00000245788dae60 nmethod 6217 0x0000024566122c10 code [0x0000024566122dc0, 0x0000024566122f30]
Event: 20.428 Thread 0x00000245788dae60 6218       2       java.io.File::equals (28 bytes)
Event: 20.428 Thread 0x00000245788dae60 nmethod 6218 0x00000245660db010 code [0x00000245660db1c0, 0x00000245660db3e0]
Event: 20.428 Thread 0x00000245788dae60 6219       2       java.io.File::compareTo (9 bytes)
Event: 20.428 Thread 0x00000245788dae60 nmethod 6219 0x000002456613fb10 code [0x000002456613fcc0, 0x000002456613fe18]

GC Heap History (20 events):
Event: 9.351 GC heap before
{Heap before GC invocations=6 (full 0):
 garbage-first heap   total 55296K, used 45859K [0x00000000c1e00000, 0x0000000100000000)
  region size 1024K, 32 young (32768K), 2 survivors (2048K)
 Metaspace       used 26634K, committed 27072K, reserved 1114112K
  class space    used 3359K, committed 3584K, reserved 1048576K
}
Event: 9.359 GC heap after
{Heap after GC invocations=7 (full 0):
 garbage-first heap   total 55296K, used 18192K [0x00000000c1e00000, 0x0000000100000000)
  region size 1024K, 4 young (4096K), 4 survivors (4096K)
 Metaspace       used 26634K, committed 27072K, reserved 1114112K
  class space    used 3359K, committed 3584K, reserved 1048576K
}
Event: 10.787 GC heap before
{Heap before GC invocations=7 (full 0):
 garbage-first heap   total 55296K, used 43792K [0x00000000c1e00000, 0x0000000100000000)
  region size 1024K, 29 young (29696K), 4 survivors (4096K)
 Metaspace       used 31024K, committed 31616K, reserved 1114112K
  class space    used 3907K, committed 4160K, reserved 1048576K
}
Event: 10.797 GC heap after
{Heap after GC invocations=8 (full 0):
 garbage-first heap   total 55296K, used 20086K [0x00000000c1e00000, 0x0000000100000000)
  region size 1024K, 3 young (3072K), 3 survivors (3072K)
 Metaspace       used 31024K, committed 31616K, reserved 1114112K
  class space    used 3907K, committed 4160K, reserved 1048576K
}
Event: 11.609 GC heap before
{Heap before GC invocations=8 (full 0):
 garbage-first heap   total 55296K, used 33398K [0x00000000c1e00000, 0x0000000100000000)
  region size 1024K, 17 young (17408K), 3 survivors (3072K)
 Metaspace       used 35409K, committed 35968K, reserved 1114112K
  class space    used 4516K, committed 4800K, reserved 1048576K
}
Event: 11.614 GC heap after
{Heap after GC invocations=9 (full 0):
 garbage-first heap   total 55296K, used 20554K [0x00000000c1e00000, 0x0000000100000000)
  region size 1024K, 3 young (3072K), 3 survivors (3072K)
 Metaspace       used 35409K, committed 35968K, reserved 1114112K
  class space    used 4516K, committed 4800K, reserved 1048576K
}
Event: 13.181 GC heap before
{Heap before GC invocations=10 (full 0):
 garbage-first heap   total 55296K, used 45130K [0x00000000c1e00000, 0x0000000100000000)
  region size 1024K, 28 young (28672K), 3 survivors (3072K)
 Metaspace       used 43014K, committed 43584K, reserved 1114112K
  class space    used 5567K, committed 5824K, reserved 1048576K
}
Event: 13.189 GC heap after
{Heap after GC invocations=11 (full 0):
 garbage-first heap   total 55296K, used 23315K [0x00000000c1e00000, 0x0000000100000000)
  region size 1024K, 4 young (4096K), 4 survivors (4096K)
 Metaspace       used 43014K, committed 43584K, reserved 1114112K
  class space    used 5567K, committed 5824K, reserved 1048576K
}
Event: 14.495 GC heap before
{Heap before GC invocations=11 (full 0):
 garbage-first heap   total 55296K, used 44819K [0x00000000c1e00000, 0x0000000100000000)
  region size 1024K, 26 young (26624K), 4 survivors (4096K)
 Metaspace       used 50605K, committed 51264K, reserved 1114112K
  class space    used 6692K, committed 6976K, reserved 1048576K
}
Event: 14.505 GC heap after
{Heap after GC invocations=12 (full 0):
 garbage-first heap   total 55296K, used 24317K [0x00000000c1e00000, 0x0000000100000000)
  region size 1024K, 2 young (2048K), 2 survivors (2048K)
 Metaspace       used 50605K, committed 51264K, reserved 1114112K
  class space    used 6692K, committed 6976K, reserved 1048576K
}
Event: 16.490 GC heap before
{Heap before GC invocations=12 (full 0):
 garbage-first heap   total 55296K, used 46845K [0x00000000c1e00000, 0x0000000100000000)
  region size 1024K, 24 young (24576K), 2 survivors (2048K)
 Metaspace       used 55749K, committed 56384K, reserved 1114112K
  class space    used 7481K, committed 7744K, reserved 1048576K
}
Event: 16.495 GC heap after
{Heap after GC invocations=13 (full 0):
 garbage-first heap   total 55296K, used 25142K [0x00000000c1e00000, 0x0000000100000000)
  region size 1024K, 3 young (3072K), 3 survivors (3072K)
 Metaspace       used 55749K, committed 56384K, reserved 1114112K
  class space    used 7481K, committed 7744K, reserved 1048576K
}
Event: 17.431 GC heap before
{Heap before GC invocations=13 (full 0):
 garbage-first heap   total 55296K, used 45622K [0x00000000c1e00000, 0x0000000100000000)
  region size 1024K, 24 young (24576K), 3 survivors (3072K)
 Metaspace       used 59467K, committed 60160K, reserved 1114112K
  class space    used 7935K, committed 8256K, reserved 1048576K
}
Event: 17.439 GC heap after
{Heap after GC invocations=14 (full 0):
 garbage-first heap   total 55296K, used 27066K [0x00000000c1e00000, 0x0000000100000000)
  region size 1024K, 3 young (3072K), 3 survivors (3072K)
 Metaspace       used 59467K, committed 60160K, reserved 1114112K
  class space    used 7935K, committed 8256K, reserved 1048576K
}
Event: 17.884 GC heap before
{Heap before GC invocations=15 (full 0):
 garbage-first heap   total 55296K, used 47546K [0x00000000c1e00000, 0x0000000100000000)
  region size 1024K, 23 young (23552K), 3 survivors (3072K)
 Metaspace       used 60040K, committed 60736K, reserved 1114112K
  class space    used 8019K, committed 8320K, reserved 1048576K
}
Event: 17.891 GC heap after
{Heap after GC invocations=16 (full 0):
 garbage-first heap   total 55296K, used 27904K [0x00000000c1e00000, 0x0000000100000000)
  region size 1024K, 1 young (1024K), 1 survivors (1024K)
 Metaspace       used 60040K, committed 60736K, reserved 1114112K
  class space    used 8019K, committed 8320K, reserved 1048576K
}
Event: 18.658 GC heap before
{Heap before GC invocations=16 (full 0):
 garbage-first heap   total 55296K, used 49408K [0x00000000c1e00000, 0x0000000100000000)
  region size 1024K, 22 young (22528K), 1 survivors (1024K)
 Metaspace       used 62191K, committed 62976K, reserved 1114112K
  class space    used 8361K, committed 8704K, reserved 1048576K
}
Event: 18.668 GC heap after
{Heap after GC invocations=17 (full 0):
 garbage-first heap   total 55296K, used 29635K [0x00000000c1e00000, 0x0000000100000000)
  region size 1024K, 3 young (3072K), 3 survivors (3072K)
 Metaspace       used 62191K, committed 62976K, reserved 1114112K
  class space    used 8361K, committed 8704K, reserved 1048576K
}
Event: 19.463 GC heap before
{Heap before GC invocations=17 (full 0):
 garbage-first heap   total 55296K, used 47043K [0x00000000c1e00000, 0x0000000100000000)
  region size 1024K, 20 young (20480K), 3 survivors (3072K)
 Metaspace       used 64413K, committed 65152K, reserved 1114112K
  class space    used 8693K, committed 9024K, reserved 1048576K
}
Event: 19.472 GC heap after
{Heap after GC invocations=18 (full 0):
 garbage-first heap   total 55296K, used 31383K [0x00000000c1e00000, 0x0000000100000000)
  region size 1024K, 2 young (2048K), 2 survivors (2048K)
 Metaspace       used 64413K, committed 65152K, reserved 1114112K
  class space    used 8693K, committed 9024K, reserved 1048576K
}

Dll operation events (14 events):
Event: 0.020 Loaded shared library C:\Program Files\Java\jdk-21\bin\java.dll
Event: 0.086 Loaded shared library C:\Program Files\Java\jdk-21\bin\jsvml.dll
Event: 0.413 Loaded shared library C:\Program Files\Java\jdk-21\bin\zip.dll
Event: 0.426 Loaded shared library C:\Program Files\Java\jdk-21\bin\instrument.dll
Event: 0.436 Loaded shared library C:\Program Files\Java\jdk-21\bin\net.dll
Event: 0.442 Loaded shared library C:\Program Files\Java\jdk-21\bin\nio.dll
Event: 0.448 Loaded shared library C:\Program Files\Java\jdk-21\bin\zip.dll
Event: 0.879 Loaded shared library C:\Program Files\JetBrains\IntelliJ IDEA Community Edition 2024.1\bin\breakgen64.dll
Event: 0.927 Loaded shared library C:\Program Files\Java\jdk-21\bin\extnet.dll
Event: 1.012 Loaded shared library C:\Program Files\Java\jdk-21\bin\jimage.dll
Event: 2.195 Loaded shared library C:\Program Files\Java\jdk-21\bin\management.dll
Event: 2.202 Loaded shared library C:\Program Files\Java\jdk-21\bin\management_ext.dll
Event: 4.556 Loaded shared library C:\Program Files\Java\jdk-21\bin\sunmscapi.dll
Event: 11.467 Loaded shared library C:\Program Files\Java\jdk-21\bin\verify.dll

Deoptimization events (20 events):
Event: 18.809 Thread 0x000002457d7beee0 DEOPT PACKING pc=0x000002456dd17b1c sp=0x000000ee286fde40
Event: 18.809 Thread 0x000002457d7beee0 DEOPT UNPACKING pc=0x000002456d6546a2 sp=0x000000ee286fde28 mode 2
Event: 18.819 Thread 0x000002457d7beee0 Uncommon trap: trap_request=0xffffff45 fr.pc=0x000002456dbab3c8 relative=0x00000000000000a8
Event: 18.819 Thread 0x000002457d7beee0 Uncommon trap: reason=unstable_if action=reinterpret pc=0x000002456dbab3c8 method=java.lang.String.isLatin1()Z @ 10 c2
Event: 18.819 Thread 0x000002457d7beee0 DEOPT PACKING pc=0x000002456dbab3c8 sp=0x000000ee286fd3e0
Event: 18.819 Thread 0x000002457d7beee0 DEOPT UNPACKING pc=0x000002456d6546a2 sp=0x000000ee286fd310 mode 2
Event: 19.099 Thread 0x000002457d7beee0 Uncommon trap: trap_request=0xffffff45 fr.pc=0x000002456dd519a0 relative=0x00000000000004c0
Event: 19.099 Thread 0x000002457d7beee0 Uncommon trap: reason=unstable_if action=reinterpret pc=0x000002456dd519a0 method=org.springframework.beans.factory.support.DefaultSingletonBeanRegistry.getSingleton(Ljava/lang/String;Z)Ljava/lang/Object; @ 39 c2
Event: 19.099 Thread 0x000002457d7beee0 DEOPT PACKING pc=0x000002456dd519a0 sp=0x000000ee286fe200
Event: 19.099 Thread 0x000002457d7beee0 DEOPT UNPACKING pc=0x000002456d6546a2 sp=0x000000ee286fe198 mode 2
Event: 19.222 Thread 0x000002457d7beee0 Uncommon trap: trap_request=0xfffffff4 fr.pc=0x000002456dcd0b78 relative=0x0000000000000298
Event: 19.222 Thread 0x000002457d7beee0 Uncommon trap: reason=null_check action=make_not_entrant pc=0x000002456dcd0b78 method=org.springframework.util.ClassUtils.isAssignable(Ljava/lang/Class;Ljava/lang/Class;)Z @ 14 c2
Event: 19.222 Thread 0x000002457d7beee0 DEOPT PACKING pc=0x000002456dcd0b78 sp=0x000000ee286fe650
Event: 19.222 Thread 0x000002457d7beee0 DEOPT UNPACKING pc=0x000002456d6546a2 sp=0x000000ee286fe5e0 mode 2
Event: 19.442 Thread 0x000002457d7beee0 Uncommon trap: trap_request=0xffffff45 fr.pc=0x000002456dc31638 relative=0x00000000000000f8
Event: 19.442 Thread 0x000002457d7beee0 Uncommon trap: reason=unstable_if action=reinterpret pc=0x000002456dc31638 method=java.lang.ref.ReferenceQueue.poll()Ljava/lang/ref/Reference; @ 4 c2
Event: 19.442 Thread 0x000002457d7beee0 DEOPT PACKING pc=0x000002456dc31638 sp=0x000000ee286fecc0
Event: 19.442 Thread 0x000002457d7beee0 DEOPT UNPACKING pc=0x000002456d6546a2 sp=0x000000ee286feb88 mode 2
Event: 19.544 Thread 0x000002457d7beee0 DEOPT PACKING pc=0x0000024566b268ee sp=0x000000ee286fea90
Event: 19.544 Thread 0x000002457d7beee0 DEOPT UNPACKING pc=0x000002456d654e42 sp=0x000000ee286fdf68 mode 0

Classes loaded (20 events):
Event: 19.561 Loading class java/beans/WeakIdentityMap done
Event: 19.561 Loading class java/beans/ThreadGroupContext$1 done
Event: 19.561 Loading class java/beans/WeakIdentityMap$Entry
Event: 19.561 Loading class java/beans/WeakIdentityMap$Entry done
Event: 19.561 Loading class com/sun/beans/introspect/ClassInfo
Event: 19.562 Loading class com/sun/beans/introspect/ClassInfo done
Event: 19.562 Loading class com/sun/beans/introspect/ClassInfo$1
Event: 19.562 Loading class com/sun/beans/util/Cache
Event: 19.562 Loading class com/sun/beans/util/Cache done
Event: 19.562 Loading class com/sun/beans/introspect/ClassInfo$1 done
Event: 19.562 Loading class com/sun/beans/util/Cache$Kind
Event: 19.562 Loading class com/sun/beans/util/Cache$Kind done
Event: 19.562 Loading class com/sun/beans/util/Cache$Kind$1
Event: 19.563 Loading class com/sun/beans/util/Cache$Kind$1 done
Event: 19.563 Loading class com/sun/beans/util/Cache$Kind$2
Event: 19.563 Loading class com/sun/beans/util/Cache$Kind$2 done
Event: 19.563 Loading class com/sun/beans/util/Cache$Kind$3
Event: 19.563 Loading class com/sun/beans/util/Cache$Kind$3 done
Event: 19.563 Loading class com/sun/beans/util/Cache$CacheEntry
Event: 19.563 Loading class com/sun/beans/util/Cache$CacheEntry done

Classes unloaded (0 events):
No events

Classes redefined (0 events):
No events

Internal exceptions (20 events):
Event: 15.720 Thread 0x000002457d7beee0 Exception <a 'java/lang/NoSuchMethodError'{0x00000000c41f4cf0}: 'void java.lang.invoke.DirectMethodHandle$Holder.invokeInterface(java.lang.Object, java.lang.Object)'> (0x00000000c41f4cf0) 
thrown [s\open\src\hotspot\share\interpreter\linkResolver.cpp, line 773]
Event: 16.641 Thread 0x000002457d7beee0 Exception <a 'java/lang/NoSuchMethodError'{0x00000000c53bc608}: 'java.lang.Object java.lang.invoke.DirectMethodHandle$Holder.invokeSpecial(java.lang.Object, java.lang.Object, int, java.lang.Object, int)'> (0x00000000c53bc608) 
thrown [s\open\src\hotspot\share\interpreter\linkResolver.cpp, line 773]
Event: 16.690 Thread 0x000002457d7beee0 Exception <a 'java/lang/NoSuchMethodError'{0x00000000c52aa3e8}: 'void java.lang.invoke.Invokers$Holder.invokeExact_MT(java.lang.Object, java.lang.Object, java.lang.Object, java.lang.Object)'> (0x00000000c52aa3e8) 
thrown [s\open\src\hotspot\share\interpreter\linkResolver.cpp, line 773]
Event: 16.755 Thread 0x000002457d7beee0 Implicit null exception at 0x000002456ddfa53a to 0x000002456ddfa574
Event: 16.824 Thread 0x000002457d7beee0 Exception <a 'java/lang/IncompatibleClassChangeError'{0x00000000c4e87478}: Found class java.lang.Object, but interface was expected> (0x00000000c4e87478) 
thrown [s\open\src\hotspot\share\interpreter\linkResolver.cpp, line 840]
Event: 16.845 Thread 0x000002457d7beee0 Exception <a 'java/lang/IncompatibleClassChangeError'{0x00000000c4ef1710}: Found class java.lang.Object, but interface was expected> (0x00000000c4ef1710) 
thrown [s\open\src\hotspot\share\interpreter\linkResolver.cpp, line 840]
Event: 16.937 Thread 0x000002457d7beee0 Exception <a 'java/lang/IncompatibleClassChangeError'{0x00000000c4c4e090}: Found class java.lang.Object, but interface was expected> (0x00000000c4c4e090) 
thrown [s\open\src\hotspot\share\interpreter\linkResolver.cpp, line 840]
Event: 17.166 Thread 0x000002457d7beee0 Exception <a 'java/lang/IncompatibleClassChangeError'{0x00000000c47ea578}: Found class java.lang.Object, but interface was expected> (0x00000000c47ea578) 
thrown [s\open\src\hotspot\share\interpreter\linkResolver.cpp, line 840]
Event: 17.377 Thread 0x000002457d7beee0 Exception <a 'java/lang/IncompatibleClassChangeError'{0x00000000c40e6c58}: Found class java.lang.Object, but interface was expected> (0x00000000c40e6c58) 
thrown [s\open\src\hotspot\share\interpreter\linkResolver.cpp, line 840]
Event: 18.045 Thread 0x000002457d7beee0 Exception <a 'java/lang/NoSuchMethodError'{0x00000000c4d8ace0}: 'java.lang.Object java.lang.invoke.DirectMethodHandle$Holder.newInvokeSpecial(java.lang.Object, java.lang.Object, java.lang.Object, java.lang.Object, java.lang.Object, java.lang.Object, java.lang.Object, java.lang.Object)'> (0x00000000c4d8ace0) 
thrown [s\open\src\hotspot\share\interpreter\linkResolver.cpp, line 773]
Event: 18.114 Thread 0x000002457d7beee0 Exception <a 'sun/nio/fs/WindowsException'{0x00000000c4cca5b8}> (0x00000000c4cca5b8) 
thrown [s\open\src\hotspot\share\prims\jni.cpp, line 520]
Event: 18.668 Thread 0x000002457d7beee0 Exception <a 'java/lang/IncompatibleClassChangeError'{0x00000000c5301590}: Found class java.lang.Object, but interface was expected> (0x00000000c5301590) 
thrown [s\open\src\hotspot\share\interpreter\linkResolver.cpp, line 840]
Event: 18.966 Thread 0x000002457d7beee0 Exception <a 'java/lang/NoSuchMethodError'{0x00000000c4ebcc08}: 'void java.lang.invoke.DirectMethodHandle$Holder.invokeVirtual(java.lang.Object, java.lang.Object, long)'> (0x00000000c4ebcc08) 
thrown [s\open\src\hotspot\share\interpreter\linkResolver.cpp, line 773]
Event: 19.090 Thread 0x000002457d7beee0 Exception <a 'java/lang/NoSuchMethodError'{0x00000000c4bdf380}: 'int java.lang.invoke.DirectMethodHandle$Holder.invokeStaticInit(java.lang.Object, java.lang.Object, java.lang.Object, java.lang.Object)'> (0x00000000c4bdf380) 
thrown [s\open\src\hotspot\share\interpreter\linkResolver.cpp, line 773]
Event: 19.201 Thread 0x000002457d7beee0 Exception <a 'java/lang/IncompatibleClassChangeError'{0x00000000c4828320}: Found class java.lang.Object, but interface was expected> (0x00000000c4828320) 
thrown [s\open\src\hotspot\share\interpreter\linkResolver.cpp, line 840]
Event: 19.222 Thread 0x000002457d7beee0 Implicit null exception at 0x000002456dcd0908 to 0x000002456dcd0b64
Event: 19.444 Thread 0x000002457d7beee0 Exception <a 'java/lang/NoSuchMethodError'{0x00000000c4355710}: 'java.lang.Object java.lang.invoke.DirectMethodHandle$Holder.newInvokeSpecial(java.lang.Object, java.lang.Object, int, java.lang.Object, java.lang.Object)'> (0x00000000c4355710) 
thrown [s\open\src\hotspot\share\interpreter\linkResolver.cpp, line 773]
Event: 19.445 Thread 0x000002457d7beee0 Exception <a 'java/lang/NoSuchMethodError'{0x00000000c4360428}: 'java.lang.Object java.lang.invoke.DirectMethodHandle$Holder.invokeSpecial(java.lang.Object, java.lang.Object, int, java.lang.Object, int, java.lang.Object)'> (0x00000000c4360428) 
thrown [s\open\src\hotspot\share\interpreter\linkResolver.cpp, line 773]
Event: 19.446 Thread 0x000002457d7beee0 Exception <a 'java/lang/NoSuchMethodError'{0x00000000c43677f8}: 'java.lang.Object java.lang.invoke.DirectMethodHandle$Holder.newInvokeSpecial(java.lang.Object, java.lang.Object, int, java.lang.Object, int)'> (0x00000000c43677f8) 
thrown [s\open\src\hotspot\share\interpreter\linkResolver.cpp, line 773]
Event: 19.447 Thread 0x000002457d7beee0 Exception <a 'java/lang/NoSuchMethodError'{0x00000000c436b668}: 'java.lang.Object java.lang.invoke.DirectMethodHandle$Holder.invokeSpecial(java.lang.Object, java.lang.Object, java.lang.Object, int, java.lang.Object, int)'> (0x00000000c436b668) 
thrown [s\open\src\hotspot\share\interpreter\linkResolver.cpp, line 773]

ZGC Phase Switch (0 events):
No events

VM Operations (20 events):
Event: 18.127 Executing VM operation: HandshakeAllThreads (Deoptimize)
Event: 18.127 Executing VM operation: HandshakeAllThreads (Deoptimize) done
Event: 18.389 Executing VM operation: HandshakeAllThreads (Deoptimize)
Event: 18.389 Executing VM operation: HandshakeAllThreads (Deoptimize) done
Event: 18.458 Executing VM operation: HandshakeAllThreads (Deoptimize)
Event: 18.458 Executing VM operation: HandshakeAllThreads (Deoptimize) done
Event: 18.459 Executing VM operation: HandshakeAllThreads (Deoptimize)
Event: 18.459 Executing VM operation: HandshakeAllThreads (Deoptimize) done
Event: 18.658 Executing VM operation: G1CollectForAllocation (G1 Evacuation Pause)
Event: 18.668 Executing VM operation: G1CollectForAllocation (G1 Evacuation Pause) done
Event: 19.008 Executing VM operation: HandshakeAllThreads (Deoptimize)
Event: 19.008 Executing VM operation: HandshakeAllThreads (Deoptimize) done
Event: 19.441 Executing VM operation: HandshakeAllThreads (Deoptimize)
Event: 19.441 Executing VM operation: HandshakeAllThreads (Deoptimize) done
Event: 19.463 Executing VM operation: G1CollectForAllocation (G1 Evacuation Pause)
Event: 19.473 Executing VM operation: G1CollectForAllocation (G1 Evacuation Pause) done
Event: 19.566 Executing VM operation: G1PauseRemark
Event: 19.574 Executing VM operation: G1PauseRemark done
Event: 19.615 Executing VM operation: G1PauseCleanup
Event: 19.615 Executing VM operation: G1PauseCleanup done

Events (20 events):
Event: 19.574 Thread 0x000002455dd11830 flushing nmethod 0x000002456dd85810
Event: 19.574 Thread 0x000002455dd11830 flushing nmethod 0x000002456dd4fe90
Event: 19.574 Thread 0x000002455dd11830 flushing nmethod 0x000002456dd4d590
Event: 19.574 Thread 0x000002455dd11830 flushing nmethod 0x000002456dd48390
Event: 19.574 Thread 0x000002455dd11830 flushing nmethod 0x000002456dd45a90
Event: 19.574 Thread 0x000002455dd11830 flushing nmethod 0x000002456dccab90
Event: 19.574 Thread 0x000002455dd11830 flushing nmethod 0x000002456dcaa110
Event: 19.574 Thread 0x000002455dd11830 flushing nmethod 0x000002456dca6610
Event: 19.574 Thread 0x000002455dd11830 flushing nmethod 0x000002456dcb7f90
Event: 19.574 Thread 0x000002455dd11830 flushing nmethod 0x000002456dc82990
Event: 19.574 Thread 0x000002455dd11830 flushing nmethod 0x000002456dc5b090
Event: 19.574 Thread 0x000002455dd11830 flushing nmethod 0x000002456dc57410
Event: 19.574 Thread 0x000002455dd11830 flushing nmethod 0x000002456dc1f790
Event: 19.574 Thread 0x000002455dd11830 flushing nmethod 0x000002456dc12c10
Event: 19.574 Thread 0x000002455dd11830 flushing nmethod 0x000002456dbfed10
Event: 19.574 Thread 0x000002455dd11830 flushing nmethod 0x000002456dbefe10
Event: 19.574 Thread 0x000002455dd11830 flushing nmethod 0x000002456dbfc890
Event: 19.574 Thread 0x000002455dd11830 flushing nmethod 0x000002456dbe4f10
Event: 19.574 Thread 0x000002455dd11830 flushing nmethod 0x000002456dbd9a10
Event: 19.574 Thread 0x000002455dd11830 flushing nmethod 0x000002456dbd7d90


Dynamic libraries:
0x00007ff7d2890000 - 0x00007ff7d28a0000 	C:\Program Files\Java\jdk-21\bin\java.exe
0x00007ffea2470000 - 0x00007ffea2668000 	C:\Windows\SYSTEM32\ntdll.dll
0x00007ffea0530000 - 0x00007ffea05f1000 	C:\Windows\System32\KERNEL32.DLL
0x00007ffe9ffa0000 - 0x00007ffea0296000 	C:\Windows\System32\KERNELBASE.dll
0x00007ffe9fe00000 - 0x00007ffe9ff00000 	C:\Windows\System32\ucrtbase.dll
0x00007ffe98190000 - 0x00007ffe981ab000 	C:\Program Files\Java\jdk-21\bin\VCRUNTIME140.dll
0x00007ffe96be0000 - 0x00007ffe96bf9000 	C:\Program Files\Java\jdk-21\bin\jli.dll
0x00007ffea0a00000 - 0x00007ffea0ab0000 	C:\Windows\System32\ADVAPI32.dll
0x00007ffea06e0000 - 0x00007ffea077e000 	C:\Windows\System32\msvcrt.dll
0x00007ffea0ac0000 - 0x00007ffea0b60000 	C:\Windows\System32\sechost.dll
0x00007ffea08d0000 - 0x00007ffea09f3000 	C:\Windows\System32\RPCRT4.dll
0x00007ffea0470000 - 0x00007ffea0497000 	C:\Windows\System32\bcrypt.dll
0x00007ffea1b80000 - 0x00007ffea1d1f000 	C:\Windows\System32\USER32.dll
0x00007ffe919c0000 - 0x00007ffe91c5a000 	C:\Windows\WinSxS\amd64_microsoft.windows.common-controls_6595b64144ccf1df_6.0.19041.4355_none_60b8b9eb71f62e16\COMCTL32.dll
0x00007ffea2350000 - 0x00007ffea237b000 	C:\Windows\System32\GDI32.dll
0x00007ffe9fdd0000 - 0x00007ffe9fdf2000 	C:\Windows\System32\win32u.dll
0x00007ffea0350000 - 0x00007ffea0467000 	C:\Windows\System32\gdi32full.dll
0x00007ffe9ff00000 - 0x00007ffe9ff9d000 	C:\Windows\System32\msvcp_win.dll
0x00007ffe927e0000 - 0x00007ffe927ea000 	C:\Windows\SYSTEM32\VERSION.dll
0x00007ffea0500000 - 0x00007ffea052f000 	C:\Windows\System32\IMM32.DLL
0x00007ffe994e0000 - 0x00007ffe994ec000 	C:\Program Files\Java\jdk-21\bin\vcruntime140_1.dll
0x00007ffe8cff0000 - 0x00007ffe8d07e000 	C:\Program Files\Java\jdk-21\bin\msvcp140.dll
0x00007ffe1de70000 - 0x00007ffe1eb7d000 	C:\Program Files\Java\jdk-21\bin\server\jvm.dll
0x00007ffea1ed0000 - 0x00007ffea1f3b000 	C:\Windows\System32\WS2_32.dll
0x00007ffe9f050000 - 0x00007ffe9f09b000 	C:\Windows\SYSTEM32\POWRPROF.dll
0x00007ffe921a0000 - 0x00007ffe921c7000 	C:\Windows\SYSTEM32\WINMM.dll
0x00007ffe9ef10000 - 0x00007ffe9ef22000 	C:\Windows\SYSTEM32\UMPDC.dll
0x00007ffe9d9a0000 - 0x00007ffe9d9b2000 	C:\Windows\SYSTEM32\kernel.appcore.dll
0x00007ffe98180000 - 0x00007ffe9818a000 	C:\Program Files\Java\jdk-21\bin\jimage.dll
0x00007ffe8b030000 - 0x00007ffe8b214000 	C:\Windows\SYSTEM32\DBGHELP.DLL
0x00007ffe8aff0000 - 0x00007ffe8b024000 	C:\Windows\SYSTEM32\dbgcore.DLL
0x00007ffe9fb20000 - 0x00007ffe9fba2000 	C:\Windows\System32\bcryptPrimitives.dll
0x00007ffe98040000 - 0x00007ffe9804f000 	C:\Program Files\Java\jdk-21\bin\instrument.dll
0x00007ffe92bb0000 - 0x00007ffe92bcf000 	C:\Program Files\Java\jdk-21\bin\java.dll
0x00007ffea1330000 - 0x00007ffea1a9c000 	C:\Windows\System32\SHELL32.dll
0x00007ffe9dba0000 - 0x00007ffe9e33d000 	C:\Windows\SYSTEM32\windows.storage.dll
0x00007ffea1f40000 - 0x00007ffea2293000 	C:\Windows\System32\combase.dll
0x00007ffe9f540000 - 0x00007ffe9f56e000 	C:\Windows\SYSTEM32\Wldp.dll
0x00007ffea0b90000 - 0x00007ffea0c5d000 	C:\Windows\System32\OLEAUT32.dll
0x00007ffea2380000 - 0x00007ffea242d000 	C:\Windows\System32\SHCORE.dll
0x00007ffea07e0000 - 0x00007ffea0835000 	C:\Windows\System32\shlwapi.dll
0x00007ffe9fa50000 - 0x00007ffe9fa74000 	C:\Windows\SYSTEM32\profapi.dll
0x00007ffe77fd0000 - 0x00007ffe780a7000 	C:\Program Files\Java\jdk-21\bin\jsvml.dll
0x00007ffe8fe00000 - 0x00007ffe8fe18000 	C:\Program Files\Java\jdk-21\bin\zip.dll
0x00007ffe96c40000 - 0x00007ffe96c50000 	C:\Program Files\Java\jdk-21\bin\net.dll
0x00007ffe934e0000 - 0x00007ffe935ea000 	C:\Windows\SYSTEM32\WINHTTP.dll
0x00007ffe9f2a0000 - 0x00007ffe9f30a000 	C:\Windows\system32\mswsock.dll
0x00007ffe8fde0000 - 0x00007ffe8fdf6000 	C:\Program Files\Java\jdk-21\bin\nio.dll
0x00007ffe97e10000 - 0x00007ffe97e2a000 	C:\Program Files\JetBrains\IntelliJ IDEA Community Edition 2024.1\bin\breakgen64.dll
0x00007ffe926b0000 - 0x00007ffe926b9000 	C:\Program Files\Java\jdk-21\bin\extnet.dll
0x00007ffe8fdb0000 - 0x00007ffe8fdba000 	C:\Program Files\Java\jdk-21\bin\management.dll
0x00007ffe8fd80000 - 0x00007ffe8fd8b000 	C:\Program Files\Java\jdk-21\bin\management_ext.dll
0x00007ffea0ab0000 - 0x00007ffea0ab8000 	C:\Windows\System32\PSAPI.DLL
0x00007ffe8fc70000 - 0x00007ffe8fc7e000 	C:\Program Files\Java\jdk-21\bin\sunmscapi.dll
0x00007ffe9fc70000 - 0x00007ffe9fdce000 	C:\Windows\System32\CRYPT32.dll
0x00007ffe9f5b0000 - 0x00007ffe9f5d9000 	C:\Windows\SYSTEM32\ncrypt.dll
0x00007ffe9f570000 - 0x00007ffe9f5ab000 	C:\Windows\SYSTEM32\NTASN1.dll
0x00007ffe9f490000 - 0x00007ffe9f4a8000 	C:\Windows\SYSTEM32\CRYPTSP.dll
0x00007ffe9eb50000 - 0x00007ffe9eb84000 	C:\Windows\system32\rsaenh.dll
0x00007ffe9f9c0000 - 0x00007ffe9f9ee000 	C:\Windows\SYSTEM32\USERENV.dll
0x00007ffe9f4b0000 - 0x00007ffe9f4bc000 	C:\Windows\SYSTEM32\CRYPTBASE.dll
0x00007ffe9ef30000 - 0x00007ffe9ef6b000 	C:\Windows\SYSTEM32\IPHLPAPI.DLL
0x00007ffea0b80000 - 0x00007ffea0b88000 	C:\Windows\System32\NSI.dll
0x00007ffe97f50000 - 0x00007ffe97f60000 	C:\Program Files\Java\jdk-21\bin\verify.dll
0x00007ffe9ef80000 - 0x00007ffe9f04a000 	C:\Windows\SYSTEM32\DNSAPI.dll
0x00007ffe90eb0000 - 0x00007ffe90eba000 	C:\Windows\System32\rasadhlp.dll
0x00007ffe914c0000 - 0x00007ffe91540000 	C:\Windows\System32\fwpuclnt.dll
0x00007ffe9a380000 - 0x00007ffe9a387000 	C:\Windows\system32\wshunix.dll

dbghelp: loaded successfully - version: 4.0.5 - missing functions: none
symbol engine: initialized successfully - sym options: 0x614 - pdb path: .;C:\Program Files\Java\jdk-21\bin;C:\Windows\SYSTEM32;C:\Windows\WinSxS\amd64_microsoft.windows.common-controls_6595b64144ccf1df_6.0.19041.4355_none_60b8b9eb71f62e16;C:\Program Files\Java\jdk-21\bin\server;C:\Program Files\JetBrains\IntelliJ IDEA Community Edition 2024.1\bin

VM Arguments:
jvm_args: -javaagent:C:\Program Files\JetBrains\IntelliJ IDEA Community Edition 2024.1\lib\idea_rt.jar=52750:C:\Program Files\JetBrains\IntelliJ IDEA Community Edition 2024.1\bin -Dfile.encoding=UTF-8 -Dsun.stdout.encoding=UTF-8 -Dsun.stderr.encoding=UTF-8 
java_command: obi.com.eazyconcept.EazyconceptApplication
java_class_path (initial): C:\Users\Iloke Obinna\Desktop\eazyconcept\target\classes;C:\Users\Iloke Obinna\.m2\repository\org\springframework\boot\spring-boot-starter-data-jpa\3.2.2\spring-boot-starter-data-jpa-3.2.2.jar;C:\Users\Iloke Obinna\.m2\repository\org\springframework\boot\spring-boot-starter-aop\3.2.2\spring-boot-starter-aop-3.2.2.jar;C:\Users\Iloke Obinna\.m2\repository\org\aspectj\aspectjweaver\1.9.21\aspectjweaver-1.9.21.jar;C:\Users\Iloke Obinna\.m2\repository\org\springframework\boot\spring-boot-starter-jdbc\3.2.2\spring-boot-starter-jdbc-3.2.2.jar;C:\Users\Iloke Obinna\.m2\repository\com\zaxxer\HikariCP\5.0.1\HikariCP-5.0.1.jar;C:\Users\Iloke Obinna\.m2\repository\org\springframework\spring-jdbc\6.1.3\spring-jdbc-6.1.3.jar;C:\Users\Iloke Obinna\.m2\repository\org\hibernate\orm\hibernate-core\6.4.1.Final\hibernate-core-6.4.1.Final.jar;C:\Users\Iloke Obinna\.m2\repository\jakarta\persistence\jakarta.persistence-api\3.1.0\jakarta.persistence-api-3.1.0.jar;C:\Users\Iloke Obinna\.m2\repository\jakarta\transaction\jakarta.transaction-api\2.0.1\jakarta.transaction-api-2.0.1.jar;C:\Users\Iloke Obinna\.m2\repository\org\jboss\logging\jboss-logging\3.5.3.Final\jboss-logging-3.5.3.Final.jar;C:\Users\Iloke Obinna\.m2\repository\org\hibernate\common\hibernate-commons-annotations\6.0.6.Final\hibernate-commons-annotations-6.0.6.Final.jar;C:\Users\Iloke Obinna\.m2\repository\io\smallrye\jandex\3.1.2\jandex-3.1.2.jar;C:\Users\Iloke Obinna\.m2\repository\com\fasterxml\classmate\1.6.0\classmate-1.6.0.jar;C:\Users\Iloke Obinna\.m2\repository\net\bytebuddy\byte-buddy\1.14.11\byte-buddy-1.14.11.jar;C:\Users\Iloke Obinna\.m2\repository\org\glassfish\jaxb\jaxb-runtime\4.0.4\jaxb-runtime-4.0.4.jar;C:\Users\Iloke Obinna\.m2\repository\org\glassfish\jaxb\jaxb-core\4.0.4\jaxb-core-4.0.4.jar;C:\Users\Iloke Obinna\.m2\repository\org\eclipse\angus\angus-activation\2.0.1\angus-activation-2.0.1.jar;C:\Users\Iloke Obinna\.m2\repository\org\glassfish\jaxb\txw2\4.0.4\txw2-4.0.4.jar;C:\Users\Iloke Obinna\.m2\repository\com\sun\istack\istack-commons-runtime\4.1.2\istack-commons-runtime-4.1.2.jar;C:\Users\Iloke Obinna\.m2\repository\jakarta\inject\jakarta.inject-api\2.0.1\jakarta.inject-api-2.0.1.jar;C:\Users\Iloke Obinna\.m2\repository\org\antlr\antlr4-runtime\4.13.0\antlr4-runtime-4.13.0.jar;C:\Users\Iloke Obinna\.m2\repository\org\springframework\data\spring-data-jpa\3.2.2\spring-data-jpa-3.2.2.jar;C:\Users\Iloke Obinna\.m2\repository\org\springframework\data\spring-data-commons\3.2.2\spring-data-commons-3.2.2.jar;C:\Users\Iloke Obinna\.m2\repository\org\springframework\spring-orm\6.1.3\spring-orm-6.1.3.jar;C:\Users\Iloke Obinna\.m2\repository\org\springframework\spring-context\6.1.3\spring-context-6.1.3.jar;C:\Users\Iloke Obinna\.m2\repository\org\springframework\spring-tx\6.1.3\spring-tx-6.1.3.jar;C:\Users\Iloke Obinna\.m2\repository\org\springframework\spring-beans\6.1.3\spring-beans-6.1.3.jar;C:\Users\Iloke Obinna\.m2\repository\jakarta\annotation\jakarta.annotation-api\2.1.1\jakarta.annotation-api-2.1.1.jar;C:\Users\Iloke Obinna\.m2\repository\org\slf4j\slf4j-api\2.0.11\slf4j-api-2.0.11.jar;C:\Users\Iloke Obinna\.m2\repository\org\springframework\spring-aspects\6.1.3\spring-aspects-6.1.3.jar;C:\Users\Iloke Obinna\.m2\repository\org\springframework\boot\spring-boot-starter-security\3.2.2\spring-boot-starter-security-3.2.2.jar;C:\Users\Iloke Obinna\.m2\repository\org\springframework\boot\spring-boot-starter\3.2.2\spring-boot-starter-3.2.2.jar;C:\Users\Iloke Obinna\.m2\repository\org\springframework\boot\spring-boot-starter-logging\3.2.2\spring-boot-starter-logging-3.2.2.jar;C:\Users\Iloke Obinna\.m2\repository\ch\qos\logback\logback-classic\1.4.14\logback-classic-1.4.14.jar;C:\Users\Iloke Obinna\.m2\repository\ch\qos\logback\logback-core\1.4.14\logback-core-1.4.14.jar;C:\Users\Iloke Obinna\.m2\repository\org\apache\logging\log4j\log4j-to-slf4j\2.21.1\log4j-to-slf4j-2.21.1.jar;C:\Users\Iloke Obinna\.m2\repository\org\apache\logging\log4j\log4j-api\2.21.1\log4j-api-2.21.1.jar;C:\Users\Iloke Obinna\.m2\repository\org\slf4j\jul-to-slf4j\2.0.11\jul-to-slf4j-2.0.11.jar;C:\Users\Iloke Obinna\.m2\repository\org\yaml\snakeyaml\2.2\snakeyaml-2.2.jar;C:\Users\Iloke Obinna\.m2\repository\org\springframework\spring-aop\6.1.3\spring-aop-6.1.3.jar;C:\Users\Iloke Obinna\.m2\repository\org\springframework\security\spring-security-config\6.2.1\spring-security-config-6.2.1.jar;C:\Users\Iloke Obinna\.m2\repository\org\springframework\security\spring-security-web\6.2.1\spring-security-web-6.2.1.jar;C:\Users\Iloke Obinna\.m2\repository\org\springframework\spring-expression\6.1.3\spring-expression-6.1.3.jar;C:\Users\Iloke Obinna\.m2\repository\org\springframework\boot\spring-boot-starter-thymeleaf\3.2.2\spring-boot-starter-thymeleaf-3.2.2.jar;C:\Users\Iloke Obinna\.m2\repository\org\thymeleaf\thymeleaf-spring6\3.1.2.RELEASE\thymeleaf-spring6-3.1.2.RELEASE.jar;C:\Users\Iloke Obinna\.m2\repository\org\thymeleaf\thymeleaf\3.1.2.RELEASE\thymeleaf-3.1.2.RELEASE.jar;C:\Users\Iloke Obinna\.m2\repository\org\attoparser\attoparser\2.0.7.RELEASE\attoparser-2.0.7.RELEASE.jar;C:\Users\Iloke Obinna\.m2\repository\org\unbescape\unbescape\1.1.6.RELEASE\unbescape-1.1.6.RELEASE.jar;C:\Users\Iloke Obinna\.m2\repository\org\springframework\boot\spring-boot-starter-web\3.2.2\spring-boot-starter-web-3.2.2.jar;C:\Users\Iloke Obinna\.m2\repository\org\springframework\boot\spring-boot-starter-json\3.2.2\spring-boot-starter-json-3.2.2.jar;C:\Users\Iloke Obinna\.m2\repository\com\fasterxml\jackson\core\jackson-databind\2.15.3\jackson-databind-2.15.3.jar;C:\Users\Iloke Obinna\.m2\repository\com\fasterxml\jackson\core\jackson-annotations\2.15.3\jackson-annotations-2.15.3.jar;C:\Users\Iloke Obinna\.m2\repository\com\fasterxml\jackson\core\jackson-core\2.15.3\jackson-core-2.15.3.jar;C:\Users\Iloke Obinna\.m2\repository\com\fasterxml\jackson\datatype\jackson-datatype-jdk8\2.15.3\jackson-datatype-jdk8-2.15.3.jar;C:\Users\Iloke Obinna\.m2\repository\com\fasterxml\jackson\datatype\jackson-datatype-jsr310\2.15.3\jackson-datatype-jsr310-2.15.3.jar;C:\Users\Iloke Obinna\.m2\repository\com\fasterxml\jackson\module\jackson-module-parameter-names\2.15.3\jackson-module-parameter-names-2.15.3.jar;C:\Users\Iloke Obinna\.m2\repository\org\springframework\boot\spring-boot-starter-tomcat\3.2.2\spring-boot-starter-tomcat-3.2.2.jar;C:\Users\Iloke Obinna\.m2\repository\org\apache\tomcat\embed\tomcat-embed-core\10.1.18\tomcat-embed-core-10.1.18.jar;C:\Users\Iloke Obinna\.m2\repository\org\apache\tomcat\embed\tomcat-embed-el\10.1.18\tomcat-embed-el-10.1.18.jar;C:\Users\Iloke Obinna\.m2\repository\org\apache\tomcat\embed\tomcat-embed-websocket\10.1.18\tomcat-embed-websocket-10.1.18.jar;C:\Users\Iloke Obinna\.m2\repository\org\springframework\spring-web\6.1.3\spring-web-6.1.3.jar;C:\Users\Iloke Obinna\.m2\repository\io\micrometer\micrometer-observation\1.12.2\micrometer-observation-1.12.2.jar;C:\Users\Iloke Obinna\.m2\repository\io\micrometer\micrometer-commons\1.12.2\micrometer-commons-1.12.2.jar;C:\Users\Iloke Obinna\.m2\repository\org\springframework\spring-webmvc\6.1.3\spring-webmvc-6.1.3.jar;C:\Users\Iloke Obinna\.m2\repository\org\springframework\boot\spring-boot-devtools\3.2.2\spring-boot-devtools-3.2.2.jar;C:\Users\Iloke Obinna\.m2\repository\org\springframework\boot\spring-boot\3.2.2\spring-boot-3.2.2.jar;C:\Users\Iloke Obinna\.m2\repository\org\springframework\boot\spring-boot-autoconfigure\3.2.2\spring-boot-autoconfigure-3.2.2.jar;C:\Users\Iloke Obinna\.m2\repository\com\mysql\mysql-connector-j\8.3.0\mysql-connector-j-8.3.0.jar;C:\Users\Iloke Obinna\.m2\repository\org\projectlombok\lombok\1.18.30\lombok-1.18.30.jar;C:\Users\Iloke Obinna\.m2\repository\jakarta\xml\bind\jakarta.xml.bind-api\4.0.1\jakarta.xml.bind-api-4.0.1.jar;C:\Users\Iloke Obinna\.m2\repository\jakarta\activation\jakarta.activation-api\2.1.2\jakarta.activation-api-2.1.2.jar;C:\Users\Iloke Obinna\.m2\repository\org\springframework\spring-core\6.1.3\spring-core-6.1.3.jar;C:\Users\Iloke Obinna\.m2\repository\org\springframework\spring-jcl\6.1.3\spring-jcl-6.1.3.jar;C:\Users\Iloke Obinna\.m2\repository\org\springframework\security\spring-security-core\6.2.1\spring-security-core-6.2.1.jar;C:\Users\Iloke Obinna\.m2\repository\org\springframework\security\spring-security-crypto\6.2.1\spring-security-crypto-6.2.1.jar
Launcher Type: SUN_STANDARD

[Global flags]
     intx CICompilerCount                          = 3                                         {product} {ergonomic}
     uint ConcGCThreads                            = 1                                         {product} {ergonomic}
     uint G1ConcRefinementThreads                  = 4                                         {product} {ergonomic}
   size_t G1HeapRegionSize                         = 1048576                                   {product} {ergonomic}
    uintx GCDrainStackTargetSize                   = 64                                        {product} {ergonomic}
   size_t InitialHeapSize                          = 67108864                                  {product} {ergonomic}
   size_t MarkStackSize                            = 4194304                                   {product} {ergonomic}
   size_t MaxHeapSize                              = 1042284544                                {product} {ergonomic}
   size_t MaxNewSize                               = 624951296                                 {product} {ergonomic}
   size_t MinHeapDeltaBytes                        = 1048576                                   {product} {ergonomic}
   size_t MinHeapSize                              = 8388608                                   {product} {ergonomic}
    uintx NonNMethodCodeHeapSize                   = 5832780                                {pd product} {ergonomic}
    uintx NonProfiledCodeHeapSize                  = 122912730                              {pd product} {ergonomic}
    uintx ProfiledCodeHeapSize                     = 122912730                              {pd product} {ergonomic}
    uintx ReservedCodeCacheSize                    = 251658240                              {pd product} {ergonomic}
     bool SegmentedCodeCache                       = true                                      {product} {ergonomic}
   size_t SoftMaxHeapSize                          = 1042284544                             {manageable} {ergonomic}
     bool UseCompressedOops                        = true                           {product lp64_product} {ergonomic}
     bool UseG1GC                                  = true                                      {product} {ergonomic}
     bool UseLargePagesIndividualAllocation        = false                                  {pd product} {ergonomic}

Logging:
Log output configuration:
 #0: stdout all=warning uptime,level,tags foldmultilines=false
 #1: stderr all=off uptime,level,tags foldmultilines=false

Environment Variables:
PATH=C:\Program Files\Python312\Scripts\;C:\Program Files\Python312\;C:\Program Files\Common Files\Oracle\Java\javapath;C:\Windows\system32;C:\Windows;C:\Windows\System32\Wbem;C:\Windows\System32\WindowsPowerShell\v1.0\;C:\Windows\System32\OpenSSH\;C:\Program Files\Microsoft VS Code\bin;C:\Program Files\Git\cmd;C:\Users\Iloke Obinna\AppData\Local\Microsoft\WindowsApps;
USERNAME=Iloke Obinna
OS=Windows_NT
PROCESSOR_IDENTIFIER=Intel64 Family 6 Model 61 Stepping 4, GenuineIntel
TMP=C:\Users\ILOKEO~1\AppData\Local\Temp
TEMP=C:\Users\ILOKEO~1\AppData\Local\Temp




Periodic native trim disabled

---------------  S Y S T E M  ---------------

OS:
 Windows 10 , 64 bit Build 19041 (10.0.19041.4597)
OS uptime: 1 days 11:50 hours

CPU: total 4 (initial active 4) (2 cores per cpu, 2 threads per core) family 6 model 61 stepping 4 microcode 0x2d, cx8, cmov, fxsr, ht, mmx, 3dnowpref, sse, sse2, sse3, ssse3, sse4.1, sse4.2, popcnt, lzcnt, tsc, tscinvbit, avx, avx2, aes, erms, clmul, bmi1, bmi2, adx, fma, vzeroupper, clflush, rdtscp, f16c
Processor Information for all 4 processors :
  Max Mhz: 2201, Current Mhz: 2201, Mhz Limit: 2201

Memory: 4k page, system-wide physical 3971M (76M free)
TotalPageFile size 16259M (AvailPageFile size 2M)
current process WorkingSet (physical memory assigned to process): 197M, peak: 225M
current process commit charge ("private bytes"): 270M, peak: 273M

vm_info: Java HotSpot(TM) 64-Bit Server VM (21.0.3+7-LTS-152) for windows-amd64 JRE (21.0.3+7-LTS-152), built on 2024-03-11T17:42:26Z by "mach5one" with MS VC++ 17.6 (VS2022)

END.
