#
# There is insufficient memory for the Java Runtime Environment to continue.
# Native memory allocation (mmap) failed to map 1048576 bytes for G1 virtual space
# Possible reasons:
#   The system is out of physical RAM or swap space
#   The process is running with CompressedOops enabled, and the Java Heap may be blocking the growth of the native heap
# Possible solutions:
#   Reduce memory load on the system
#   Increase physical memory or swap space
#   Check if swap backing store is full
#   Decrease Java heap size (-Xmx/-Xms)
#   Decrease number of Java threads
#   Decrease Java thread stack sizes (-Xss)
#   Set larger code cache with -XX:ReservedCodeCacheSize=
#   JVM is running with Unscaled Compressed Oops mode in which the Java heap is
#     placed in the first 4GB address space. The Java Heap base address is the
#     maximum limit for the native heap growth. Please use -XX:HeapBaseMinAddress
#     to set the Java Heap base and to place the Java Heap above 4GB virtual address.
# This output file may be truncated or incomplete.
#
#  Out of Memory Error (os_windows.cpp:3600), pid=4352, tid=16972
#
# JRE version: Java(TM) SE Runtime Environment (21.0.3+7) (build 21.0.3+7-LTS-152)
# Java VM: Java HotSpot(TM) 64-Bit Server VM (21.0.3+7-LTS-152, mixed mode, sharing, tiered, compressed oops, compressed class ptrs, g1 gc, windows-amd64)
# No core dump will be written. Minidumps are not enabled by default on client versions of Windows
#

---------------  S U M M A R Y ------------

Command Line: -javaagent:C:\Program Files\JetBrains\IntelliJ IDEA Community Edition 2024.1\lib\idea_rt.jar=53556:C:\Program Files\JetBrains\IntelliJ IDEA Community Edition 2024.1\bin -Dfile.encoding=UTF-8 -Dsun.stdout.encoding=UTF-8 -Dsun.stderr.encoding=UTF-8 obi.com.eazyconcept.EazyconceptApplication

Host: Intel(R) Core(TM) i5-5200U CPU @ 2.20GHz, 4 cores, 3G,  Windows 10 , 64 bit Build 19041 (10.0.19041.4597)
Time: Mon Aug 12 23:26:00 2024 W. Central Africa Standard Time elapsed time: 7466.619759 seconds (0d 2h 4m 26s)

---------------  T H R E A D  ---------------

Current thread (0x0000025a80417330):  WorkerThread "GC Thread#3"    [id=16972, stack(0x000000e84c800000,0x000000e84c900000) (1024K)]

Stack: [0x000000e84c800000,0x000000e84c900000]
Native frames: (J=compiled Java code, j=interpreted, Vv=VM code, C=native code)
V  [jvm.dll+0x6c63b9]
V  [jvm.dll+0x84fa11]
V  [jvm.dll+0x851f3e]
V  [jvm.dll+0x852613]
V  [jvm.dll+0x27cd46]
V  [jvm.dll+0x6c2b55]
V  [jvm.dll+0x6b76da]
V  [jvm.dll+0x35051a]
V  [jvm.dll+0x358176]
V  [jvm.dll+0x3aa54b]
V  [jvm.dll+0x3aabe4]
V  [jvm.dll+0x3aacad]
V  [jvm.dll+0x325f3c]
V  [jvm.dll+0x325c95]
V  [jvm.dll+0x3167c6]
V  [jvm.dll+0x3175fa]
V  [jvm.dll+0x317a78]
V  [jvm.dll+0x317461]
V  [jvm.dll+0x352386]
V  [jvm.dll+0x3526f3]
V  [jvm.dll+0x353853]
V  [jvm.dll+0x34ff2e]
V  [jvm.dll+0x35cbcb]
V  [jvm.dll+0x35e869]
V  [jvm.dll+0x35d09a]
V  [jvm.dll+0x35e4e1]
V  [jvm.dll+0x369703]
V  [jvm.dll+0x36984b]
V  [jvm.dll+0x87d0e7]
V  [jvm.dll+0x7f9ffb]
V  [jvm.dll+0x6c4a9d]
C  [ucrtbase.dll+0x21bb2]
C  [KERNEL32.DLL+0x17374]
C  [ntdll.dll+0x4cc91]


---------------  P R O C E S S  ---------------

Threads class SMR info:
_java_thread_list=0x0000025a8293b780, length=31, elements={
0x0000025aba5525b0, 0x0000025aba553680, 0x0000025aba5567c0, 0x0000025aba559e00,
0x0000025aba55b410, 0x0000025aba55cf80, 0x0000025aba561b60, 0x0000025aba565770,
0x0000025aba53bcd0, 0x0000025abab04790, 0x0000025abab04e00, 0x0000025a81bd8cd0,
0x0000025a8175d080, 0x0000025a82256ea0, 0x0000025a82024820, 0x0000025a82eb1480,
0x0000025a82eb3be0, 0x0000025a82eb4270, 0x0000025a82eb3550, 0x0000025a82eb2830,
0x0000025a82eb0df0, 0x0000025a83907d80, 0x0000025a8390c5b0, 0x0000025a839097c0,
0x0000025a8390cc40, 0x0000025a8390d2d0, 0x0000025a8390d960, 0x0000025a83909e50,
0x0000025a83908410, 0x0000025a8390a4e0, 0x0000025a83908aa0
}

Java Threads: ( => current thread )
  0x0000025aba5525b0 JavaThread "Reference Handler"          daemon [_thread_blocked, id=15836, stack(0x000000e84bb00000,0x000000e84bc00000) (1024K)]
  0x0000025aba553680 JavaThread "Finalizer"                  daemon [_thread_blocked, id=22352, stack(0x000000e84bc00000,0x000000e84bd00000) (1024K)]
  0x0000025aba5567c0 JavaThread "Signal Dispatcher"          daemon [_thread_blocked, id=18788, stack(0x000000e84bd00000,0x000000e84be00000) (1024K)]
  0x0000025aba559e00 JavaThread "Attach Listener"            daemon [_thread_blocked, id=15784, stack(0x000000e84be00000,0x000000e84bf00000) (1024K)]
  0x0000025aba55b410 JavaThread "Service Thread"             daemon [_thread_blocked, id=8556, stack(0x000000e84bf00000,0x000000e84c000000) (1024K)]
  0x0000025aba55cf80 JavaThread "Monitor Deflation Thread"   daemon [_thread_blocked, id=25532, stack(0x000000e84c000000,0x000000e84c100000) (1024K)]
  0x0000025aba561b60 JavaThread "C2 CompilerThread0"         daemon [_thread_blocked, id=24004, stack(0x000000e84c100000,0x000000e84c200000) (1024K)]
  0x0000025aba565770 JavaThread "C1 CompilerThread0"         daemon [_thread_blocked, id=15956, stack(0x000000e84c200000,0x000000e84c300000) (1024K)]
  0x0000025aba53bcd0 JavaThread "Common-Cleaner"             daemon [_thread_blocked, id=4724, stack(0x000000e84c300000,0x000000e84c400000) (1024K)]
  0x0000025abab04790 JavaThread "Monitor Ctrl-Break"         daemon [_thread_in_native, id=25544, stack(0x000000e84c400000,0x000000e84c500000) (1024K)]
  0x0000025abab04e00 JavaThread "Notification Thread"        daemon [_thread_blocked, id=17000, stack(0x000000e84c500000,0x000000e84c600000) (1024K)]
  0x0000025a81bd8cd0 JavaThread "Catalina-utility-1"                [_thread_blocked, id=19012, stack(0x000000e84cb00000,0x000000e84cc00000) (1024K)]
  0x0000025a8175d080 JavaThread "Catalina-utility-2"                [_thread_blocked, id=11656, stack(0x000000e84cc00000,0x000000e84cd00000) (1024K)]
  0x0000025a82256ea0 JavaThread "container-0"                       [_thread_blocked, id=7336, stack(0x000000e84cd00000,0x000000e84ce00000) (1024K)]
  0x0000025a82024820 JavaThread "mysql-cj-abandoned-connection-cleanup" daemon [_thread_blocked, id=1020, stack(0x000000e84ce00000,0x000000e84cf00000) (1024K)]
  0x0000025a82eb1480 JavaThread "HikariPool-1 housekeeper"   daemon [_thread_blocked, id=23948, stack(0x000000e84d000000,0x000000e84d100000) (1024K)]
  0x0000025a82eb3be0 JavaThread "File Watcher"               daemon [_thread_blocked, id=24736, stack(0x000000e84d200000,0x000000e84d300000) (1024K)]
  0x0000025a82eb4270 JavaThread "Live Reload Server"         daemon [_thread_in_native, id=22360, stack(0x000000e84d400000,0x000000e84d500000) (1024K)]
  0x0000025a82eb3550 JavaThread "http-nio-8080-exec-1"       daemon [_thread_blocked, id=23716, stack(0x000000e84d300000,0x000000e84d400000) (1024K)]
  0x0000025a82eb2830 JavaThread "http-nio-8080-exec-2"       daemon [_thread_blocked, id=23812, stack(0x000000e84d500000,0x000000e84d600000) (1024K)]
  0x0000025a82eb0df0 JavaThread "http-nio-8080-exec-3"       daemon [_thread_blocked, id=25312, stack(0x000000e84d600000,0x000000e84d700000) (1024K)]
  0x0000025a83907d80 JavaThread "http-nio-8080-exec-4"       daemon [_thread_blocked, id=1748, stack(0x000000e84d700000,0x000000e84d800000) (1024K)]
  0x0000025a8390c5b0 JavaThread "http-nio-8080-exec-5"       daemon [_thread_blocked, id=11472, stack(0x000000e84d800000,0x000000e84d900000) (1024K)]
  0x0000025a839097c0 JavaThread "http-nio-8080-exec-6"       daemon [_thread_blocked, id=18440, stack(0x000000e84d900000,0x000000e84da00000) (1024K)]
  0x0000025a8390cc40 JavaThread "http-nio-8080-exec-7"       daemon [_thread_blocked, id=23636, stack(0x000000e84da00000,0x000000e84db00000) (1024K)]
  0x0000025a8390d2d0 JavaThread "http-nio-8080-exec-8"       daemon [_thread_blocked, id=16016, stack(0x000000e84db00000,0x000000e84dc00000) (1024K)]
  0x0000025a8390d960 JavaThread "http-nio-8080-exec-9"       daemon [_thread_blocked, id=23188, stack(0x000000e84dc00000,0x000000e84dd00000) (1024K)]
  0x0000025a83909e50 JavaThread "http-nio-8080-exec-10"      daemon [_thread_blocked, id=16224, stack(0x000000e84dd00000,0x000000e84de00000) (1024K)]
  0x0000025a83908410 JavaThread "http-nio-8080-Poller"       daemon [_thread_in_native, id=25188, stack(0x000000e84de00000,0x000000e84df00000) (1024K)]
  0x0000025a8390a4e0 JavaThread "http-nio-8080-Acceptor"     daemon [_thread_in_native, id=19120, stack(0x000000e84df00000,0x000000e84e000000) (1024K)]
  0x0000025a83908aa0 JavaThread "DestroyJavaVM"                     [_thread_blocked, id=23028, stack(0x000000e84b300000,0x000000e84b400000) (1024K)]
Total: 31

Other Threads:
  0x0000025a9da531c0 VMThread "VM Thread"                           [id=18600, stack(0x000000e84ba00000,0x000000e84bb00000) (1024K)]
  0x0000025aba53aa00 WatcherThread "VM Periodic Task Thread"        [id=8876, stack(0x000000e84b900000,0x000000e84ba00000) (1024K)]
  0x0000025a9d9ccf60 WorkerThread "GC Thread#0"                     [id=4776, stack(0x000000e84b400000,0x000000e84b500000) (1024K)]
  0x0000025a80297d30 WorkerThread "GC Thread#1"                     [id=21324, stack(0x000000e84c600000,0x000000e84c700000) (1024K)]
  0x0000025a80416f90 WorkerThread "GC Thread#2"                     [id=19632, stack(0x000000e84c700000,0x000000e84c800000) (1024K)]
=>0x0000025a80417330 WorkerThread "GC Thread#3"                     [id=16972, stack(0x000000e84c800000,0x000000e84c900000) (1024K)]
  0x0000025a9d9d62a0 ConcurrentGCThread "G1 Main Marker"            [id=21592, stack(0x000000e84b500000,0x000000e84b600000) (1024K)]
  0x0000025a9d9d7e70 WorkerThread "G1 Conc#0"                       [id=2112, stack(0x000000e84b600000,0x000000e84b700000) (1024K)]
  0x0000025a9da29180 ConcurrentGCThread "G1 Refine#0"               [id=24220, stack(0x000000e84b700000,0x000000e84b800000) (1024K)]
  0x0000025a9da29db0 ConcurrentGCThread "G1 Service"                [id=25240, stack(0x000000e84b800000,0x000000e84b900000) (1024K)]
Total: 10

Threads with active compile tasks:
Total: 0

VM state: at safepoint (normal execution)

VM Mutex/Monitor currently owned by a thread:  ([mutex/lock_event])
[0x00007ffe3d970828] FreeList_lock - owner thread: 0x0000025a80417330
[0x00007ffe3d972da8] Threads_lock - owner thread: 0x0000025a9da531c0
[0x00007ffe3d972ea8] Heap_lock - owner thread: 0x0000025a82eb3be0

Heap address: 0x00000000c1e00000, size: 994 MB, Compressed Oops mode: 32-bit

CDS archive(s) mapped at: [0x0000025abb000000-0x0000025abbc90000-0x0000025abbc90000), size 13172736, SharedBaseAddress: 0x0000025abb000000, ArchiveRelocationMode: 1.
Compressed class space mapped at: 0x0000025abc000000-0x0000025afc000000, reserved size: 1073741824
Narrow klass base: 0x0000025abb000000, Narrow klass shift: 0, Narrow klass range: 0x100000000

GC Precious Log:
 CardTable entry size: 512
 Card Set container configuration: InlinePtr #cards 5 size 8 Array Of Cards #cards 12 size 40 Howl #buckets 4 coarsen threshold 1843 Howl Bitmap #cards 512 size 80 coarsen threshold 460 Card regions per heap region 1 cards per card region 2048
 CPUs: 4 total, 4 available
 Memory: 3971M
 Large Page Support: Disabled
 NUMA Support: Disabled
 Compressed Oops: Enabled (32-bit)
 Heap Region Size: 1M
 Heap Min Capacity: 8M
 Heap Initial Capacity: 64M
 Heap Max Capacity: 994M
 Pre-touch: Disabled
 Parallel Workers: 4
 Concurrent Workers: 1
 Concurrent Refinement Workers: 4
 Periodic GC: Disabled

Heap:
 garbage-first heap   total 117760K, used 116525K [0x00000000c1e00000, 0x0000000100000000)
  region size 1024K, 48 young (49152K), 1 survivors (1024K)
 Metaspace       used 74745K, committed 75392K, reserved 1179648K
  class space    used 9874K, committed 10176K, reserved 1048576K

Heap Regions: E=young(eden), S=young(survivor), O=old, HS=humongous(starts), HC=humongous(continues), CS=collection set, F=free, TAMS=top-at-mark-start, PB=parsable bottom
|   0|0x00000000c1e00000, 0x00000000c1f00000, 0x00000000c1f00000|100%|HS|  |TAMS 0x00000000c1e00000| PB 0x00000000c1e00000| Complete 
|   1|0x00000000c1f00000, 0x00000000c2000000, 0x00000000c2000000|100%| O|  |TAMS 0x00000000c1f00000| PB 0x00000000c1f00000| Untracked 
|   2|0x00000000c2000000, 0x00000000c2100000, 0x00000000c2100000|100%| O|  |TAMS 0x00000000c2000000| PB 0x00000000c2000000| Untracked 
|   3|0x00000000c2100000, 0x00000000c2200000, 0x00000000c2200000|100%| O|  |TAMS 0x00000000c2100000| PB 0x00000000c2100000| Untracked 
|   4|0x00000000c2200000, 0x00000000c2300000, 0x00000000c2300000|100%| O|  |TAMS 0x00000000c2200000| PB 0x00000000c2200000| Untracked 
|   5|0x00000000c2300000, 0x00000000c2400000, 0x00000000c2400000|100%| O|  |TAMS 0x00000000c2300000| PB 0x00000000c2300000| Untracked 
|   6|0x00000000c2400000, 0x00000000c2500000, 0x00000000c2500000|100%| O|  |TAMS 0x00000000c2400000| PB 0x00000000c2400000| Untracked 
|   7|0x00000000c2500000, 0x00000000c2600000, 0x00000000c2600000|100%| O|  |TAMS 0x00000000c2500000| PB 0x00000000c2500000| Untracked 
|   8|0x00000000c2600000, 0x00000000c2700000, 0x00000000c2700000|100%| O|  |TAMS 0x00000000c2600000| PB 0x00000000c2600000| Untracked 
|   9|0x00000000c2700000, 0x00000000c2800000, 0x00000000c2800000|100%| O|  |TAMS 0x00000000c2700000| PB 0x00000000c2700000| Untracked 
|  10|0x00000000c2800000, 0x00000000c2900000, 0x00000000c2900000|100%|HS|  |TAMS 0x00000000c2800000| PB 0x00000000c2800000| Complete 
|  11|0x00000000c2900000, 0x00000000c2a00000, 0x00000000c2a00000|100%| O|  |TAMS 0x00000000c2900000| PB 0x00000000c2900000| Untracked 
|  12|0x00000000c2a00000, 0x00000000c2b00000, 0x00000000c2b00000|100%|HS|  |TAMS 0x00000000c2a00000| PB 0x00000000c2a00000| Complete 
|  13|0x00000000c2b00000, 0x00000000c2c00000, 0x00000000c2c00000|100%| O|  |TAMS 0x00000000c2b00000| PB 0x00000000c2b00000| Untracked 
|  14|0x00000000c2c00000, 0x00000000c2d00000, 0x00000000c2d00000|100%| O|  |TAMS 0x00000000c2c00000| PB 0x00000000c2c00000| Untracked 
|  15|0x00000000c2d00000, 0x00000000c2e00000, 0x00000000c2e00000|100%|HS|  |TAMS 0x00000000c2d00000| PB 0x00000000c2d00000| Complete 
|  16|0x00000000c2e00000, 0x00000000c2f00000, 0x00000000c2f00000|100%|HC|  |TAMS 0x00000000c2e00000| PB 0x00000000c2e00000| Complete 
|  17|0x00000000c2f00000, 0x00000000c3000000, 0x00000000c3000000|100%| O|  |TAMS 0x00000000c2f00000| PB 0x00000000c2f00000| Untracked 
|  18|0x00000000c3000000, 0x00000000c3100000, 0x00000000c3100000|100%| O|  |TAMS 0x00000000c3000000| PB 0x00000000c3000000| Untracked 
|  19|0x00000000c3100000, 0x00000000c3200000, 0x00000000c3200000|100%| O|  |TAMS 0x00000000c3100000| PB 0x00000000c3100000| Untracked 
|  20|0x00000000c3200000, 0x00000000c3300000, 0x00000000c3300000|100%|HS|  |TAMS 0x00000000c3200000| PB 0x00000000c3200000| Complete 
|  21|0x00000000c3300000, 0x00000000c3400000, 0x00000000c3400000|100%| O|  |TAMS 0x00000000c3300000| PB 0x00000000c3300000| Untracked 
|  22|0x00000000c3400000, 0x00000000c3500000, 0x00000000c3500000|100%| O|  |TAMS 0x00000000c3400000| PB 0x00000000c3400000| Untracked 
|  23|0x00000000c3500000, 0x00000000c3600000, 0x00000000c3600000|100%| O|  |TAMS 0x00000000c3500000| PB 0x00000000c3500000| Untracked 
|  24|0x00000000c3600000, 0x00000000c3700000, 0x00000000c3700000|100%| O|  |TAMS 0x00000000c3600000| PB 0x00000000c3600000| Untracked 
|  25|0x00000000c3700000, 0x00000000c3800000, 0x00000000c3800000|100%| E|CS|TAMS 0x00000000c3700000| PB 0x00000000c3700000| Complete 
|  26|0x00000000c3800000, 0x00000000c3900000, 0x00000000c3900000|100%| O|  |TAMS 0x00000000c3800000| PB 0x00000000c3800000| Untracked 
|  27|0x00000000c3900000, 0x00000000c3a00000, 0x00000000c3a00000|100%| O|  |TAMS 0x00000000c3900000| PB 0x00000000c3900000| Untracked 
|  28|0x00000000c3a00000, 0x00000000c3b00000, 0x00000000c3b00000|100%| O|  |TAMS 0x00000000c3a00000| PB 0x00000000c3a00000| Untracked 
|  29|0x00000000c3b00000, 0x00000000c3c00000, 0x00000000c3c00000|100%|HS|  |TAMS 0x00000000c3b00000| PB 0x00000000c3b00000| Complete 
|  30|0x00000000c3c00000, 0x00000000c3d00000, 0x00000000c3d00000|100%|HC|  |TAMS 0x00000000c3c00000| PB 0x00000000c3c00000| Complete 
|  31|0x00000000c3d00000, 0x00000000c3e00000, 0x00000000c3e00000|100%| O|  |TAMS 0x00000000c3d00000| PB 0x00000000c3d00000| Untracked 
|  32|0x00000000c3e00000, 0x00000000c3f00000, 0x00000000c3f00000|100%| O|Cm|TAMS 0x00000000c3e00000| PB 0x00000000c3e00000| Complete 
|  33|0x00000000c3f00000, 0x00000000c4000000, 0x00000000c4000000|100%| O|  |TAMS 0x00000000c3f00000| PB 0x00000000c3f00000| Untracked 
|  34|0x00000000c4000000, 0x00000000c4100000, 0x00000000c4100000|100%| O|  |TAMS 0x00000000c4000000| PB 0x00000000c4000000| Untracked 
|  35|0x00000000c4100000, 0x00000000c4200000, 0x00000000c4200000|100%|HS|  |TAMS 0x00000000c4100000| PB 0x00000000c4100000| Complete 
|  36|0x00000000c4200000, 0x00000000c4300000, 0x00000000c4300000|100%|HC|  |TAMS 0x00000000c4200000| PB 0x00000000c4200000| Complete 
|  37|0x00000000c4300000, 0x00000000c4400000, 0x00000000c4400000|100%|HC|  |TAMS 0x00000000c4300000| PB 0x00000000c4300000| Complete 
|  38|0x00000000c4400000, 0x00000000c4500000, 0x00000000c4500000|100%| E|CS|TAMS 0x00000000c4400000| PB 0x00000000c4400000| Complete 
|  39|0x00000000c4500000, 0x00000000c4600000, 0x00000000c4600000|100%|HS|  |TAMS 0x00000000c4500000| PB 0x00000000c4500000| Complete 
|  40|0x00000000c4600000, 0x00000000c4700000, 0x00000000c4700000|100%|HC|  |TAMS 0x00000000c4600000| PB 0x00000000c4600000| Complete 
|  41|0x00000000c4700000, 0x00000000c4800000, 0x00000000c4800000|100%|HS|  |TAMS 0x00000000c4700000| PB 0x00000000c4700000| Complete 
|  42|0x00000000c4800000, 0x00000000c4900000, 0x00000000c4900000|100%|HC|  |TAMS 0x00000000c4800000| PB 0x00000000c4800000| Complete 
|  43|0x00000000c4900000, 0x00000000c4a00000, 0x00000000c4a00000|100%|HC|  |TAMS 0x00000000c4900000| PB 0x00000000c4900000| Complete 
|  44|0x00000000c4a00000, 0x00000000c4b00000, 0x00000000c4b00000|100%|HC|  |TAMS 0x00000000c4a00000| PB 0x00000000c4a00000| Complete 
|  45|0x00000000c4b00000, 0x00000000c4c00000, 0x00000000c4c00000|100%|HC|  |TAMS 0x00000000c4b00000| PB 0x00000000c4b00000| Complete 
|  46|0x00000000c4c00000, 0x00000000c4d00000, 0x00000000c4d00000|100%|HS|  |TAMS 0x00000000c4c00000| PB 0x00000000c4c00000| Complete 
|  47|0x00000000c4d00000, 0x00000000c4e00000, 0x00000000c4e00000|100%|HC|  |TAMS 0x00000000c4d00000| PB 0x00000000c4d00000| Complete 
|  48|0x00000000c4e00000, 0x00000000c4f00000, 0x00000000c4f00000|100%|HC|  |TAMS 0x00000000c4e00000| PB 0x00000000c4e00000| Complete 
|  49|0x00000000c4f00000, 0x00000000c5000000, 0x00000000c5000000|100%|HS|  |TAMS 0x00000000c4f00000| PB 0x00000000c4f00000| Complete 
|  50|0x00000000c5000000, 0x00000000c5100000, 0x00000000c5100000|100%|HC|  |TAMS 0x00000000c5000000| PB 0x00000000c5000000| Complete 
|  51|0x00000000c5100000, 0x00000000c5200000, 0x00000000c5200000|100%|HC|  |TAMS 0x00000000c5100000| PB 0x00000000c5100000| Complete 
|  52|0x00000000c5200000, 0x00000000c5300000, 0x00000000c5300000|100%|HS|  |TAMS 0x00000000c5200000| PB 0x00000000c5200000| Complete 
|  53|0x00000000c5300000, 0x00000000c5400000, 0x00000000c5400000|100%|HC|  |TAMS 0x00000000c5300000| PB 0x00000000c5300000| Complete 
|  54|0x00000000c5400000, 0x00000000c5500000, 0x00000000c5500000|100%|HS|  |TAMS 0x00000000c5400000| PB 0x00000000c5400000| Complete 
|  55|0x00000000c5500000, 0x00000000c5600000, 0x00000000c5600000|100%|HC|  |TAMS 0x00000000c5500000| PB 0x00000000c5500000| Complete 
|  56|0x00000000c5600000, 0x00000000c5700000, 0x00000000c5700000|100%|HS|  |TAMS 0x00000000c5600000| PB 0x00000000c5600000| Complete 
|  57|0x00000000c5700000, 0x00000000c5800000, 0x00000000c5800000|100%|HC|  |TAMS 0x00000000c5700000| PB 0x00000000c5700000| Complete 
|  58|0x00000000c5800000, 0x00000000c5900000, 0x00000000c5900000|100%|HC|  |TAMS 0x00000000c5800000| PB 0x00000000c5800000| Complete 
|  59|0x00000000c5900000, 0x00000000c5a00000, 0x00000000c5a00000|100%|HS|  |TAMS 0x00000000c5900000| PB 0x00000000c5900000| Complete 
|  60|0x00000000c5a00000, 0x00000000c5b00000, 0x00000000c5b00000|100%|HC|  |TAMS 0x00000000c5a00000| PB 0x00000000c5a00000| Complete 
|  61|0x00000000c5b00000, 0x00000000c5c00000, 0x00000000c5c00000|100%| E|CS|TAMS 0x00000000c5b00000| PB 0x00000000c5b00000| Complete 
|  62|0x00000000c5c00000, 0x00000000c5d00000, 0x00000000c5d00000|100%| E|CS|TAMS 0x00000000c5c00000| PB 0x00000000c5c00000| Complete 
|  63|0x00000000c5d00000, 0x00000000c5e00000, 0x00000000c5e00000|100%| E|CS|TAMS 0x00000000c5d00000| PB 0x00000000c5d00000| Complete 
|  64|0x00000000c5e00000, 0x00000000c5f00000, 0x00000000c5f00000|100%| E|CS|TAMS 0x00000000c5e00000| PB 0x00000000c5e00000| Complete 
|  65|0x00000000c5f00000, 0x00000000c6000000, 0x00000000c6000000|100%| E|CS|TAMS 0x00000000c5f00000| PB 0x00000000c5f00000| Complete 
|  66|0x00000000c6000000, 0x00000000c6100000, 0x00000000c6100000|100%| E|CS|TAMS 0x00000000c6000000| PB 0x00000000c6000000| Complete 
|  67|0x00000000c6100000, 0x00000000c6200000, 0x00000000c6200000|100%| E|CS|TAMS 0x00000000c6100000| PB 0x00000000c6100000| Complete 
|  68|0x00000000c6200000, 0x00000000c6300000, 0x00000000c6300000|100%| E|CS|TAMS 0x00000000c6200000| PB 0x00000000c6200000| Complete 
|  69|0x00000000c6300000, 0x00000000c6400000, 0x00000000c6400000|100%| E|CS|TAMS 0x00000000c6300000| PB 0x00000000c6300000| Complete 
|  70|0x00000000c6400000, 0x00000000c6500000, 0x00000000c6500000|100%| E|CS|TAMS 0x00000000c6400000| PB 0x00000000c6400000| Complete 
|  71|0x00000000c6500000, 0x00000000c6600000, 0x00000000c6600000|100%| E|CS|TAMS 0x00000000c6500000| PB 0x00000000c6500000| Complete 
|  72|0x00000000c6600000, 0x00000000c6700000, 0x00000000c6700000|100%| E|CS|TAMS 0x00000000c6600000| PB 0x00000000c6600000| Complete 
|  73|0x00000000c6700000, 0x00000000c6800000, 0x00000000c6800000|100%| E|CS|TAMS 0x00000000c6700000| PB 0x00000000c6700000| Complete 
|  74|0x00000000c6800000, 0x00000000c6900000, 0x00000000c6900000|100%| E|CS|TAMS 0x00000000c6800000| PB 0x00000000c6800000| Complete 
|  75|0x00000000c6900000, 0x00000000c6a00000, 0x00000000c6a00000|100%| E|CS|TAMS 0x00000000c6900000| PB 0x00000000c6900000| Complete 
|  76|0x00000000c6a00000, 0x00000000c6b00000, 0x00000000c6b00000|100%| E|CS|TAMS 0x00000000c6a00000| PB 0x00000000c6a00000| Complete 
|  77|0x00000000c6b00000, 0x00000000c6c00000, 0x00000000c6c00000|100%| E|CS|TAMS 0x00000000c6b00000| PB 0x00000000c6b00000| Complete 
|  78|0x00000000c6c00000, 0x00000000c6d00000, 0x00000000c6d00000|100%| E|CS|TAMS 0x00000000c6c00000| PB 0x00000000c6c00000| Complete 
|  79|0x00000000c6d00000, 0x00000000c6e00000, 0x00000000c6e00000|100%| E|CS|TAMS 0x00000000c6d00000| PB 0x00000000c6d00000| Complete 
|  80|0x00000000c6e00000, 0x00000000c6f00000, 0x00000000c6f00000|100%| E|CS|TAMS 0x00000000c6e00000| PB 0x00000000c6e00000| Complete 
|  81|0x00000000c6f00000, 0x00000000c7000000, 0x00000000c7000000|100%| E|CS|TAMS 0x00000000c6f00000| PB 0x00000000c6f00000| Complete 
|  82|0x00000000c7000000, 0x00000000c7100000, 0x00000000c7100000|100%| E|CS|TAMS 0x00000000c7000000| PB 0x00000000c7000000| Complete 
|  83|0x00000000c7100000, 0x00000000c7200000, 0x00000000c7200000|100%| E|CS|TAMS 0x00000000c7100000| PB 0x00000000c7100000| Complete 
|  84|0x00000000c7200000, 0x00000000c7300000, 0x00000000c7300000|100%| E|CS|TAMS 0x00000000c7200000| PB 0x00000000c7200000| Complete 
|  85|0x00000000c7300000, 0x00000000c7400000, 0x00000000c7400000|100%| E|CS|TAMS 0x00000000c7300000| PB 0x00000000c7300000| Complete 
|  86|0x00000000c7400000, 0x00000000c7500000, 0x00000000c7500000|100%| E|CS|TAMS 0x00000000c7400000| PB 0x00000000c7400000| Complete 
|  87|0x00000000c7500000, 0x00000000c7600000, 0x00000000c7600000|100%| E|CS|TAMS 0x00000000c7500000| PB 0x00000000c7500000| Complete 
|  88|0x00000000c7600000, 0x00000000c7700000, 0x00000000c7700000|100%| E|CS|TAMS 0x00000000c7600000| PB 0x00000000c7600000| Complete 
|  89|0x00000000c7700000, 0x00000000c7800000, 0x00000000c7800000|100%| E|CS|TAMS 0x00000000c7700000| PB 0x00000000c7700000| Complete 
|  90|0x00000000c7800000, 0x00000000c7900000, 0x00000000c7900000|100%| E|CS|TAMS 0x00000000c7800000| PB 0x00000000c7800000| Complete 
|  91|0x00000000c7900000, 0x00000000c7a00000, 0x00000000c7a00000|100%| E|CS|TAMS 0x00000000c7900000| PB 0x00000000c7900000| Complete 
|  92|0x00000000c7a00000, 0x00000000c7b00000, 0x00000000c7b00000|100%| E|CS|TAMS 0x00000000c7a00000| PB 0x00000000c7a00000| Complete 
|  93|0x00000000c7b00000, 0x00000000c7c00000, 0x00000000c7c00000|100%| E|CS|TAMS 0x00000000c7b00000| PB 0x00000000c7b00000| Complete 
|  94|0x00000000c7c00000, 0x00000000c7d00000, 0x00000000c7d00000|100%| E|CS|TAMS 0x00000000c7c00000| PB 0x00000000c7c00000| Complete 
|  95|0x00000000c7d00000, 0x00000000c7e00000, 0x00000000c7e00000|100%| E|CS|TAMS 0x00000000c7d00000| PB 0x00000000c7d00000| Complete 
|  96|0x00000000c7e00000, 0x00000000c7f00000, 0x00000000c7f00000|100%| E|CS|TAMS 0x00000000c7e00000| PB 0x00000000c7e00000| Complete 
|  97|0x00000000c7f00000, 0x00000000c8000000, 0x00000000c8000000|100%| E|CS|TAMS 0x00000000c7f00000| PB 0x00000000c7f00000| Complete 
|  98|0x00000000c8000000, 0x00000000c8100000, 0x00000000c8100000|100%| E|CS|TAMS 0x00000000c8000000| PB 0x00000000c8000000| Complete 
|  99|0x00000000c8100000, 0x00000000c8200000, 0x00000000c8200000|100%| E|CS|TAMS 0x00000000c8100000| PB 0x00000000c8100000| Complete 
| 100|0x00000000c8200000, 0x00000000c82ef980, 0x00000000c8300000| 93%| E|CS|TAMS 0x00000000c8200000| PB 0x00000000c8200000| Complete 
| 101|0x00000000c8300000, 0x00000000c8400000, 0x00000000c8400000|100%| E|CS|TAMS 0x00000000c8300000| PB 0x00000000c8300000| Complete 
| 102|0x00000000c8400000, 0x00000000c8500000, 0x00000000c8500000|100%| E|CS|TAMS 0x00000000c8400000| PB 0x00000000c8400000| Complete 
| 103|0x00000000c8500000, 0x00000000c8600000, 0x00000000c8600000|100%| E|CS|TAMS 0x00000000c8500000| PB 0x00000000c8500000| Complete 
| 104|0x00000000c8600000, 0x00000000c8700000, 0x00000000c8700000|100%| E|CS|TAMS 0x00000000c8600000| PB 0x00000000c8600000| Complete 
| 105|0x00000000c8700000, 0x00000000c8800000, 0x00000000c8800000|100%| E|CS|TAMS 0x00000000c8700000| PB 0x00000000c8700000| Complete 
| 106|0x00000000c8800000, 0x00000000c8900000, 0x00000000c8900000|100%| E|CS|TAMS 0x00000000c8800000| PB 0x00000000c8800000| Complete 
| 107|0x00000000c8900000, 0x00000000c8a00000, 0x00000000c8a00000|100%| E|CS|TAMS 0x00000000c8900000| PB 0x00000000c8900000| Complete 
| 108|0x00000000c8a00000, 0x00000000c8b00000, 0x00000000c8b00000|100%| E|CS|TAMS 0x00000000c8a00000| PB 0x00000000c8a00000| Complete 
| 109|0x00000000c8b00000, 0x00000000c8c00000, 0x00000000c8c00000|100%| S|  |TAMS 0x00000000c8b00000| PB 0x00000000c8b00000| Complete 
| 989|0x00000000ffb00000, 0x00000000ffbdbd70, 0x00000000ffc00000| 85%| O|  |TAMS 0x00000000ffb00000| PB 0x00000000ffb00000| Untracked 
| 990|0x00000000ffc00000, 0x00000000ffd00000, 0x00000000ffd00000|100%| E|CS|TAMS 0x00000000ffc00000| PB 0x00000000ffc00000| Complete 
| 991|0x00000000ffd00000, 0x00000000ffe00000, 0x00000000ffe00000|100%| O|  |TAMS 0x00000000ffd00000| PB 0x00000000ffd00000| Untracked 
| 992|0x00000000ffe00000, 0x00000000fff00000, 0x00000000fff00000|100%| O|Cm|TAMS 0x00000000ffe00000| PB 0x00000000ffe00000| Complete 
| 993|0x00000000fff00000, 0x0000000100000000, 0x0000000100000000|100%| O|  |TAMS 0x00000000fff00000| PB 0x00000000fff00000| Untracked 

Card table byte_map: [0x0000025ab6e20000,0x0000025ab7020000] _byte_map_base: 0x0000025ab6811000

Marking Bits: (CMBitMap*) 0x0000025a9d9cdd80
 Bits: [0x0000025ab7020000, 0x0000025ab7fa8000)

Polling page: 0x0000025a9da60000

Metaspace:

Usage:
  Non-class:     63.35 MB used.
      Class:      9.64 MB used.
       Both:     72.99 MB used.

Virtual space:
  Non-class space:      128.00 MB reserved,      63.69 MB ( 50%) committed,  2 nodes.
      Class space:        1.00 GB reserved,       9.94 MB ( <1%) committed,  1 nodes.
             Both:        1.12 GB reserved,      73.62 MB (  6%) committed. 

Chunk freelists:
   Non-Class:  15.85 MB
       Class:  6.06 MB
        Both:  21.91 MB

MaxMetaspaceSize: unlimited
CompressedClassSpaceSize: 1.00 GB
Initial GC threshold: 21.00 MB
Current GC threshold: 121.19 MB
CDS: on
 - commit_granule_bytes: 65536.
 - commit_granule_words: 8192.
 - virtual_space_node_default_size: 8388608.
 - enlarge_chunks_in_place: 1.
 - use_allocation_guard: 0.


Internal statistics:

num_allocs_failed_limit: 9.
num_arena_births: 1130.
num_arena_deaths: 432.
num_vsnodes_births: 3.
num_vsnodes_deaths: 0.
num_space_committed: 1178.
num_space_uncommitted: 0.
num_chunks_returned_to_freelist: 524.
num_chunks_taken_from_freelist: 4122.
num_chunk_merges: 137.
num_chunk_splits: 2745.
num_chunks_enlarged: 2122.
num_inconsistent_stats: 0.

CodeHeap 'non-profiled nmethods': size=120000Kb used=3549Kb max_used=3694Kb free=116450Kb
 bounds [0x0000025aaf0d0000, 0x0000025aaf480000, 0x0000025ab6600000]
CodeHeap 'profiled nmethods': size=120000Kb used=9222Kb max_used=11533Kb free=110777Kb
 bounds [0x0000025aa7600000, 0x0000025aa8160000, 0x0000025aaeb30000]
CodeHeap 'non-nmethods': size=5760Kb used=1728Kb max_used=1788Kb free=4031Kb
 bounds [0x0000025aaeb30000, 0x0000025aaeda0000, 0x0000025aaf0d0000]
 total_blobs=5714 nmethods=4964 adapters=652
 compilation: enabled
              stopped_count=0, restarted_count=0
 full_count=0

Compilation events (20 events):
Event: 7117.471 Thread 0x0000025aba565770 nmethod 8870 0x0000025aa7b4ec10 code [0x0000025aa7b4eda0, 0x0000025aa7b4eef8]
Event: 7117.471 Thread 0x0000025aba565770 8871       3       com.mysql.cj.protocol.a.MysqlTextValueDecoder::decodeUInt8 (46 bytes)
Event: 7117.472 Thread 0x0000025aba561b60 nmethod 8869 0x0000025aaf3d6e90 code [0x0000025aaf3d7000, 0x0000025aaf3d7078]
Event: 7117.474 Thread 0x0000025aba565770 nmethod 8871 0x0000025aa79b1510 code [0x0000025aa79b1700, 0x0000025aa79b1a48]
Event: 7140.444 Thread 0x0000025aba565770 8872       3       com.mysql.cj.util.StringUtils::isNullOrEmpty (17 bytes)
Event: 7140.446 Thread 0x0000025aba565770 nmethod 8872 0x0000025aa7b2ff10 code [0x0000025aa7b300c0, 0x0000025aa7b30300]
Event: 7140.446 Thread 0x0000025aba565770 8873  s    3       java.util.Properties::setProperty (7 bytes)
Event: 7140.446 Thread 0x0000025aba565770 nmethod 8873 0x0000025aa7b34690 code [0x0000025aa7b34840, 0x0000025aa7b34ad0]
Event: 7140.447 Thread 0x0000025aba561b60 8874       4       com.mysql.cj.conf.BooleanPropertyDefinition::createRuntimeProperty (9 bytes)
Event: 7140.453 Thread 0x0000025aba565770 8877       3       com.mysql.cj.protocol.a.NativeProtocol::versionMeetsMinimum (21 bytes)
Event: 7140.457 Thread 0x0000025aba565770 nmethod 8877 0x0000025aa7a07c90 code [0x0000025aa7a07e60, 0x0000025aa7a081a0]
Event: 7140.457 Thread 0x0000025aba561b60 nmethod 8874 0x0000025aaf3d6990 code [0x0000025aaf3d6b20, 0x0000025aaf3d6c20]
Event: 7140.457 Thread 0x0000025aba561b60 8875       4       java.net.URI$Parser::scan (76 bytes)
Event: 7140.477 Thread 0x0000025aba561b60 nmethod 8875 0x0000025aaf456b90 code [0x0000025aaf456d40, 0x0000025aaf457030]
Event: 7140.477 Thread 0x0000025aba561b60 8876       4       java.util.ArrayList::clear (43 bytes)
Event: 7140.482 Thread 0x0000025aba561b60 nmethod 8876 0x0000025aaf356410 code [0x0000025aaf3565a0, 0x0000025aaf356708]
Event: 7156.449 Thread 0x0000025aba565770 8878       1       java.nio.DirectByteBuffer::cleaner (5 bytes)
Event: 7156.453 Thread 0x0000025aba565770 nmethod 8878 0x0000025aaf355f10 code [0x0000025aaf3560a0, 0x0000025aaf356168]
Event: 7178.463 Thread 0x0000025aba565770 8879  s    3       java.util.Properties::remove (9 bytes)
Event: 7178.466 Thread 0x0000025aba565770 nmethod 8879 0x0000025aa7e89310 code [0x0000025aa7e894c0, 0x0000025aa7e897b8]

GC Heap History (20 events):
Event: 1796.179 GC heap after
{Heap after GC invocations=28 (full 0):
 garbage-first heap   total 61440K, used 34457K [0x00000000c1e00000, 0x0000000100000000)
  region size 1024K, 1 young (1024K), 1 survivors (1024K)
 Metaspace       used 71815K, committed 72896K, reserved 1114112K
  class space    used 9592K, committed 9984K, reserved 1048576K
}
Event: 1966.969 GC heap before
{Heap before GC invocations=28 (full 0):
 garbage-first heap   total 61440K, used 54937K [0x00000000c1e00000, 0x0000000100000000)
  region size 1024K, 22 young (22528K), 1 survivors (1024K)
 Metaspace       used 73023K, committed 73728K, reserved 1114112K
  class space    used 9713K, committed 10112K, reserved 1048576K
}
Event: 1967.041 GC heap after
{Heap after GC invocations=29 (full 0):
 garbage-first heap   total 62464K, used 33553K [0x00000000c1e00000, 0x0000000100000000)
  region size 1024K, 2 young (2048K), 2 survivors (2048K)
 Metaspace       used 73023K, committed 73728K, reserved 1114112K
  class space    used 9713K, committed 10112K, reserved 1048576K
}
Event: 1994.036 GC heap before
{Heap before GC invocations=29 (full 0):
 garbage-first heap   total 71680K, used 70417K [0x00000000c1e00000, 0x0000000100000000)
  region size 1024K, 24 young (24576K), 2 survivors (2048K)
 Metaspace       used 73668K, committed 74368K, reserved 1114112K
  class space    used 9779K, committed 10176K, reserved 1048576K
}
Event: 1994.052 GC heap after
{Heap after GC invocations=30 (full 0):
 garbage-first heap   total 77824K, used 37277K [0x00000000c1e00000, 0x0000000100000000)
  region size 1024K, 3 young (3072K), 3 survivors (3072K)
 Metaspace       used 73668K, committed 74368K, reserved 1114112K
  class space    used 9779K, committed 10176K, reserved 1048576K
}
Event: 1994.058 GC heap before
{Heap before GC invocations=30 (full 0):
 garbage-first heap   total 77824K, used 38301K [0x00000000c1e00000, 0x0000000100000000)
  region size 1024K, 6 young (6144K), 3 survivors (3072K)
 Metaspace       used 73668K, committed 74368K, reserved 1114112K
  class space    used 9779K, committed 10176K, reserved 1048576K
}
Event: 1994.067 GC heap after
{Heap after GC invocations=31 (full 0):
 garbage-first heap   total 77824K, used 38155K [0x00000000c1e00000, 0x0000000100000000)
  region size 1024K, 3 young (3072K), 3 survivors (3072K)
 Metaspace       used 73668K, committed 74368K, reserved 1114112K
  class space    used 9779K, committed 10176K, reserved 1048576K
}
Event: 2349.945 GC heap before
{Heap before GC invocations=32 (full 0):
 garbage-first heap   total 111616K, used 91403K [0x00000000c1e00000, 0x0000000100000000)
  region size 1024K, 31 young (31744K), 3 survivors (3072K)
 Metaspace       used 73735K, committed 74496K, reserved 1114112K
  class space    used 9779K, committed 10176K, reserved 1048576K
}
Event: 2349.977 GC heap after
{Heap after GC invocations=33 (full 0):
 garbage-first heap   total 111616K, used 34003K [0x00000000c1e00000, 0x0000000100000000)
  region size 1024K, 1 young (1024K), 1 survivors (1024K)
 Metaspace       used 73735K, committed 74496K, reserved 1114112K
  class space    used 9779K, committed 10176K, reserved 1048576K
}
Event: 3472.914 GC heap before
{Heap before GC invocations=33 (full 0):
 garbage-first heap   total 111616K, used 93395K [0x00000000c1e00000, 0x0000000100000000)
  region size 1024K, 59 young (60416K), 1 survivors (1024K)
 Metaspace       used 73764K, committed 74496K, reserved 1114112K
  class space    used 9779K, committed 10176K, reserved 1048576K
}
Event: 3473.064 GC heap after
{Heap after GC invocations=34 (full 0):
 garbage-first heap   total 111616K, used 32973K [0x00000000c1e00000, 0x0000000100000000)
  region size 1024K, 1 young (1024K), 1 survivors (1024K)
 Metaspace       used 73764K, committed 74496K, reserved 1114112K
  class space    used 9779K, committed 10176K, reserved 1048576K
}
Event: 4682.189 GC heap before
{Heap before GC invocations=34 (full 0):
 garbage-first heap   total 111616K, used 98509K [0x00000000c1e00000, 0x0000000100000000)
  region size 1024K, 65 young (66560K), 1 survivors (1024K)
 Metaspace       used 73790K, committed 74496K, reserved 1114112K
  class space    used 9779K, committed 10176K, reserved 1048576K
}
Event: 4682.271 GC heap after
{Heap after GC invocations=35 (full 0):
 garbage-first heap   total 111616K, used 33570K [0x00000000c1e00000, 0x0000000100000000)
  region size 1024K, 1 young (1024K), 1 survivors (1024K)
 Metaspace       used 73790K, committed 74496K, reserved 1114112K
  class space    used 9779K, committed 10176K, reserved 1048576K
}
Event: 5878.057 GC heap before
{Heap before GC invocations=36 (full 0):
 garbage-first heap   total 111616K, used 99106K [0x00000000c1e00000, 0x0000000100000000)
  region size 1024K, 65 young (66560K), 1 survivors (1024K)
 Metaspace       used 73787K, committed 74496K, reserved 1114112K
  class space    used 9772K, committed 10176K, reserved 1048576K
}
Event: 5878.111 GC heap after
{Heap after GC invocations=37 (full 0):
 garbage-first heap   total 111616K, used 33727K [0x00000000c1e00000, 0x0000000100000000)
  region size 1024K, 1 young (1024K), 1 survivors (1024K)
 Metaspace       used 73787K, committed 74496K, reserved 1114112K
  class space    used 9772K, committed 10176K, reserved 1048576K
}
Event: 6798.437 GC heap before
{Heap before GC invocations=37 (full 0):
 garbage-first heap   total 111616K, used 109503K [0x00000000c1e00000, 0x0000000100000000)
  region size 1024K, 62 young (63488K), 1 survivors (1024K)
 Metaspace       used 73806K, committed 74560K, reserved 1114112K
  class space    used 9772K, committed 10176K, reserved 1048576K
}
Event: 6798.526 GC heap after
{Heap after GC invocations=38 (full 0):
 garbage-first heap   total 116736K, used 37093K [0x00000000c1e00000, 0x0000000100000000)
  region size 1024K, 4 young (4096K), 4 survivors (4096K)
 Metaspace       used 73806K, committed 74560K, reserved 1114112K
  class space    used 9772K, committed 10176K, reserved 1048576K
}
Event: 6798.548 GC heap before
{Heap before GC invocations=38 (full 0):
 garbage-first heap   total 116736K, used 37093K [0x00000000c1e00000, 0x0000000100000000)
  region size 1024K, 6 young (6144K), 4 survivors (4096K)
 Metaspace       used 73806K, committed 74560K, reserved 1114112K
  class space    used 9772K, committed 10176K, reserved 1048576K
}
Event: 6798.572 GC heap after
{Heap after GC invocations=39 (full 0):
 garbage-first heap   total 116736K, used 37677K [0x00000000c1e00000, 0x0000000100000000)
  region size 1024K, 4 young (4096K), 4 survivors (4096K)
 Metaspace       used 73806K, committed 74560K, reserved 1114112K
  class space    used 9772K, committed 10176K, reserved 1048576K
}
Event: 7466.499 GC heap before
{Heap before GC invocations=40 (full 0):
 garbage-first heap   total 116736K, used 115501K [0x00000000c1e00000, 0x0000000100000000)
  region size 1024K, 51 young (52224K), 4 survivors (4096K)
 Metaspace       used 74745K, committed 75392K, reserved 1179648K
  class space    used 9874K, committed 10176K, reserved 1048576K
}

Dll operation events (14 events):
Event: 0.034 Loaded shared library C:\Program Files\Java\jdk-21\bin\java.dll
Event: 0.149 Loaded shared library C:\Program Files\Java\jdk-21\bin\jsvml.dll
Event: 0.356 Loaded shared library C:\Program Files\Java\jdk-21\bin\zip.dll
Event: 0.362 Loaded shared library C:\Program Files\Java\jdk-21\bin\instrument.dll
Event: 0.373 Loaded shared library C:\Program Files\Java\jdk-21\bin\net.dll
Event: 0.376 Loaded shared library C:\Program Files\Java\jdk-21\bin\nio.dll
Event: 0.382 Loaded shared library C:\Program Files\Java\jdk-21\bin\zip.dll
Event: 0.638 Loaded shared library C:\Program Files\JetBrains\IntelliJ IDEA Community Edition 2024.1\bin\breakgen64.dll
Event: 0.653 Loaded shared library C:\Program Files\Java\jdk-21\bin\extnet.dll
Event: 0.724 Loaded shared library C:\Program Files\Java\jdk-21\bin\jimage.dll
Event: 1.685 Loaded shared library C:\Program Files\Java\jdk-21\bin\management.dll
Event: 1.689 Loaded shared library C:\Program Files\Java\jdk-21\bin\management_ext.dll
Event: 3.836 Loaded shared library C:\Program Files\Java\jdk-21\bin\sunmscapi.dll
Event: 8.815 Loaded shared library C:\Program Files\Java\jdk-21\bin\verify.dll

Deoptimization events (20 events):
Event: 6803.021 Thread 0x0000025a82eb2830 Uncommon trap: reason=unstable_if action=reinterpret pc=0x0000025aaf3502d8 method=org.springframework.util.ConcurrentReferenceHashMap$1.execute(Lorg/springframework/util/ConcurrentReferenceHashMap$Reference;Lorg/springframework/util/ConcurrentReferenceHas
Event: 6803.021 Thread 0x0000025a82eb0df0 DEOPT UNPACKING pc=0x0000025aaeb846a2 sp=0x000000e84d6fa9e8 mode 2
Event: 6803.021 Thread 0x0000025a82eb2830 DEOPT PACKING pc=0x0000025aaf3502d8 sp=0x000000e84d5faca0
Event: 6803.022 Thread 0x0000025a82eb2830 DEOPT UNPACKING pc=0x0000025aaeb846a2 sp=0x000000e84d5fab00 mode 2
Event: 6812.093 Thread 0x0000025a82eb3550 Uncommon trap: trap_request=0xfffffff4 fr.pc=0x0000025aaf183d98 relative=0x00000000000009b8
Event: 6812.093 Thread 0x0000025a82eb3550 Uncommon trap: reason=null_check action=make_not_entrant pc=0x0000025aaf183d98 method=java.lang.Class.reflectionData()Ljava/lang/Class$ReflectionData; @ 18 c2
Event: 6812.093 Thread 0x0000025a82eb3550 DEOPT PACKING pc=0x0000025aaf183d98 sp=0x000000e84d3fb1f0
Event: 6812.093 Thread 0x0000025a82eb3550 DEOPT UNPACKING pc=0x0000025aaeb846a2 sp=0x000000e84d3fafd8 mode 2
Event: 6846.667 Thread 0x0000025a82eb0df0 Uncommon trap: trap_request=0xffffff6e fr.pc=0x0000025aaf1d2624 relative=0x0000000000000144
Event: 6846.667 Thread 0x0000025a82eb0df0 Uncommon trap: reason=loop_limit_check action=maybe_recompile pc=0x0000025aaf1d2624 method=org.thymeleaf.engine.AbstractTextualTemplateEvent.computeWhitespace()Ljava/lang/Boolean; @ 17 c2
Event: 6846.667 Thread 0x0000025a82eb0df0 DEOPT PACKING pc=0x0000025aaf1d2624 sp=0x000000e84d6fa6a0
Event: 6846.667 Thread 0x0000025a82eb0df0 DEOPT UNPACKING pc=0x0000025aaeb846a2 sp=0x000000e84d6fa638 mode 2
Event: 6846.689 Thread 0x0000025a82eb0df0 Uncommon trap: trap_request=0xffffff45 fr.pc=0x0000025aaf1d6afc relative=0x00000000000001bc
Event: 6846.689 Thread 0x0000025a82eb0df0 Uncommon trap: reason=unstable_if action=reinterpret pc=0x0000025aaf1d6afc method=org.unbescape.html.HtmlEscapeUtil.escape(Ljava/lang/String;Lorg/unbescape/html/HtmlEscapeType;Lorg/unbescape/html/HtmlEscapeLevel;)Ljava/lang/String; @ 94 c2
Event: 6846.689 Thread 0x0000025a82eb0df0 DEOPT PACKING pc=0x0000025aaf1d6afc sp=0x000000e84d6fa180
Event: 6846.689 Thread 0x0000025a82eb0df0 DEOPT UNPACKING pc=0x0000025aaeb846a2 sp=0x000000e84d6fa0b8 mode 2
Event: 6852.291 Thread 0x0000025a8390cc40 Uncommon trap: trap_request=0xffffff6e fr.pc=0x0000025aaf291e84 relative=0x0000000000000b04
Event: 6852.291 Thread 0x0000025a8390cc40 Uncommon trap: reason=loop_limit_check action=maybe_recompile pc=0x0000025aaf291e84 method=org.attoparser.MarkupEventProcessorHandler.autoClose([[C[[CII)V @ 83 c2
Event: 6852.291 Thread 0x0000025a8390cc40 DEOPT PACKING pc=0x0000025aaf291e84 sp=0x000000e84dafafd0
Event: 6852.291 Thread 0x0000025a8390cc40 DEOPT UNPACKING pc=0x0000025aaeb846a2 sp=0x000000e84dafaf70 mode 2

Classes loaded (20 events):
Event: 1767.951 Loading class java/security/spec/InvalidKeySpecException
Event: 1767.956 Loading class java/security/spec/InvalidKeySpecException done
Event: 1767.970 Loading class javax/net/ssl/SSLSocket
Event: 1768.008 Loading class javax/net/ssl/SSLSocket done
Event: 1768.012 Loading class java/security/SignatureException
Event: 1768.014 Loading class java/security/SignatureException done
Event: 1903.053 Loading class sun/security/provider/SecureRandom
Event: 1903.077 Loading class sun/security/provider/SecureRandom done
Event: 1903.085 Loading class sun/security/provider/SecureRandom$SeederHolder
Event: 1903.088 Loading class sun/security/provider/SecureRandom$SeederHolder done
Event: 1903.383 Loading class java/text/FieldPosition$Delegate
Event: 1903.386 Loading class java/text/FieldPosition$Delegate done
Event: 1966.920 Loading class java/lang/StringEditor
Event: 1966.920 Loading class java/lang/StringEditor done
Event: 6799.269 Loading class org/w3c/dom/Node
Event: 6799.272 Loading class org/w3c/dom/Node done
Event: 6799.272 Loading class org/w3c/dom/Document
Event: 6799.274 Loading class org/w3c/dom/Document done
Event: 6831.553 Loading class java/lang/StringEditor
Event: 6831.553 Loading class java/lang/StringEditor done

Classes unloaded (20 events):
Event: 1409.224 Thread 0x0000025a9da531c0 Unloading class 0x0000025abc014400 'java/lang/invoke/LambdaForm$MH+0x0000025abc014400'
Event: 1409.225 Thread 0x0000025a9da531c0 Unloading class 0x0000025abc014000 'java/lang/invoke/LambdaForm$MH+0x0000025abc014000'
Event: 1409.225 Thread 0x0000025a9da531c0 Unloading class 0x0000025abc002400 'java/lang/invoke/LambdaForm$MH+0x0000025abc002400'
Event: 1409.225 Thread 0x0000025a9da531c0 Unloading class 0x0000025abc002000 'java/lang/invoke/LambdaForm$MH+0x0000025abc002000'
Event: 1409.225 Thread 0x0000025a9da531c0 Unloading class 0x0000025abc001c00 'java/lang/invoke/LambdaForm$MH+0x0000025abc001c00'
Event: 1409.225 Thread 0x0000025a9da531c0 Unloading class 0x0000025abc001400 'java/lang/invoke/LambdaForm$MH+0x0000025abc001400'
Event: 4682.655 Thread 0x0000025a9da531c0 Unloading class 0x0000025abc745400 'java/lang/invoke/LambdaForm$MH+0x0000025abc745400'
Event: 4682.656 Thread 0x0000025a9da531c0 Unloading class 0x0000025abc7c5400 'java/lang/invoke/LambdaForm$MH+0x0000025abc7c5400'
Event: 4682.656 Thread 0x0000025a9da531c0 Unloading class 0x0000025abc7c6800 'java/lang/invoke/LambdaForm$MH+0x0000025abc7c6800'
Event: 4682.656 Thread 0x0000025a9da531c0 Unloading class 0x0000025abc7f4000 'java/lang/invoke/LambdaForm$MH+0x0000025abc7f4000'
Event: 4682.657 Thread 0x0000025a9da531c0 Unloading class 0x0000025abc851c00 'java/lang/invoke/LambdaForm$MH+0x0000025abc851c00'
Event: 4682.657 Thread 0x0000025a9da531c0 Unloading class 0x0000025abc874800 'java/lang/invoke/LambdaForm$MH+0x0000025abc874800'
Event: 4682.657 Thread 0x0000025a9da531c0 Unloading class 0x0000025abc87c800 'java/lang/invoke/LambdaForm$MH+0x0000025abc87c800'
Event: 4682.659 Thread 0x0000025a9da531c0 Unloading class 0x0000025abc8ac400 'java/lang/invoke/LambdaForm$MH+0x0000025abc8ac400'
Event: 4682.659 Thread 0x0000025a9da531c0 Unloading class 0x0000025abc8acc00 'java/lang/invoke/LambdaForm$MH+0x0000025abc8acc00'
Event: 4682.659 Thread 0x0000025a9da531c0 Unloading class 0x0000025abc8b0800 'java/lang/invoke/LambdaForm$MH+0x0000025abc8b0800'
Event: 4682.659 Thread 0x0000025a9da531c0 Unloading class 0x0000025abc8fd400 'java/lang/invoke/LambdaForm$MH+0x0000025abc8fd400'
Event: 4682.659 Thread 0x0000025a9da531c0 Unloading class 0x0000025abc8fe000 'java/lang/invoke/LambdaForm$MH+0x0000025abc8fe000'
Event: 4682.660 Thread 0x0000025a9da531c0 Unloading class 0x0000025abc8fec00 'java/lang/invoke/LambdaForm$MH+0x0000025abc8fec00'
Event: 4682.660 Thread 0x0000025a9da531c0 Unloading class 0x0000025abc9c8800 'java/lang/invoke/LambdaForm$MH+0x0000025abc9c8800'

Classes redefined (0 events):
No events

Internal exceptions (20 events):
Event: 43.981 Thread 0x0000025a839097c0 Exception <a 'java/lang/NoSuchMethodError'{0x00000000c4bed7b8}: 'int java.lang.invoke.Invokers$Holder.invokeExact_MT(java.lang.Object, java.lang.Object, java.lang.Object)'> (0x00000000c4bed7b8) 
thrown [s\open\src\hotspot\share\interpreter\linkResolver.cpp, line 773]
Event: 1767.467 Thread 0x0000025a8390b200 Implicit null exception at 0x0000025aaf2df334 to 0x0000025aaf2e14d4
Event: 1767.503 Thread 0x0000025a8390b890 Implicit null exception at 0x0000025aaf29ab11 to 0x0000025aaf29abf4
Event: 1902.697 Thread 0x0000025a82eb2830 Implicit null exception at 0x0000025aaf24b51d to 0x0000025aaf24fe24
Event: 1902.700 Thread 0x0000025a82eb2830 Implicit null exception at 0x0000025aaf2ef5c0 to 0x0000025aaf2ef8f4
Event: 1902.714 Thread 0x0000025a82eb2830 Implicit null exception at 0x0000025aaf287a91 to 0x0000025aaf2887b0
Event: 1902.720 Thread 0x0000025a82eb2830 Implicit null exception at 0x0000025aaf2416a3 to 0x0000025aaf2440bc
Event: 1903.555 Thread 0x0000025a82eb0df0 Implicit null exception at 0x0000025aaf186701 to 0x0000025aaf186d54
Event: 1918.711 Thread 0x0000025a82eb2830 Implicit null exception at 0x0000025aaf2242a3 to 0x0000025aaf2252bc
Event: 1918.728 Thread 0x0000025a82eb2830 Implicit null exception at 0x0000025aaf1c8ae7 to 0x0000025aaf1cacb4
Event: 1918.756 Thread 0x0000025a82eb2830 Implicit null exception at 0x0000025aaf226cc0 to 0x0000025aaf22a608
Event: 1919.973 Thread 0x0000025a82eb2830 Implicit null exception at 0x0000025aaf28b160 to 0x0000025aaf28c088
Event: 1920.288 Thread 0x0000025a82eb0df0 Implicit null exception at 0x0000025aaf14efde to 0x0000025aaf14fb44
Event: 1984.277 Thread 0x0000025a8390d960 Implicit null exception at 0x0000025aaf303fe4 to 0x0000025aaf304034
Event: 5392.234 Thread 0x0000025a81bd8cd0 Implicit null exception at 0x0000025aaf23eece to 0x0000025aaf23f194
Event: 5393.233 Thread 0x0000025a81bd8cd0 Implicit null exception at 0x0000025aaf23eece to 0x0000025aaf23f194
Event: 5394.240 Thread 0x0000025a81bd8cd0 Implicit null exception at 0x0000025aaf23eece to 0x0000025aaf23f194
Event: 5395.233 Thread 0x0000025a81bd8cd0 Implicit null exception at 0x0000025aaf23eece to 0x0000025aaf23f194
Event: 5396.232 Thread 0x0000025a81bd8cd0 Implicit null exception at 0x0000025aaf31f849 to 0x0000025aaf31fb04
Event: 6812.093 Thread 0x0000025a82eb3550 Implicit null exception at 0x0000025aaf183625 to 0x0000025aaf183d78

ZGC Phase Switch (0 events):
No events

VM Operations (20 events):
Event: 6846.656 Executing VM operation: HandshakeAllThreads (Deoptimize) done
Event: 6846.656 Executing VM operation: Cleanup
Event: 6846.656 Executing VM operation: Cleanup done
Event: 6847.663 Executing VM operation: Cleanup
Event: 6847.663 Executing VM operation: Cleanup done
Event: 6852.688 Executing VM operation: Cleanup
Event: 6852.688 Executing VM operation: Cleanup done
Event: 6857.266 Executing VM operation: HandshakeAllThreads (HandshakeForDeflation)
Event: 6857.267 Executing VM operation: HandshakeAllThreads (HandshakeForDeflation) done
Event: 6857.267 Executing VM operation: RendezvousGCThreads
Event: 6857.267 Executing VM operation: RendezvousGCThreads done
Event: 7056.084 Executing VM operation: Cleanup
Event: 7056.089 Executing VM operation: Cleanup done
Event: 7086.345 Executing VM operation: Cleanup
Event: 7086.345 Executing VM operation: Cleanup done
Event: 7104.510 Executing VM operation: Cleanup
Event: 7104.510 Executing VM operation: Cleanup done
Event: 7179.210 Executing VM operation: Cleanup
Event: 7179.210 Executing VM operation: Cleanup done
Event: 7466.492 Executing VM operation: G1CollectForAllocation (G1 Evacuation Pause)

Events (20 events):
Event: 7109.423 Thread 0x0000025a83909130 Thread added: 0x0000025a83909130
Event: 7109.424 Thread 0x0000025a8390ab70 Thread added: 0x0000025a8390ab70
Event: 7114.439 Thread 0x0000025a83909130 Thread exited: 0x0000025a83909130
Event: 7114.454 Thread 0x0000025a8390ab70 Thread exited: 0x0000025a8390ab70
Event: 7117.464 Thread 0x0000025a83909130 Thread added: 0x0000025a83909130
Event: 7117.464 Thread 0x0000025a8390ab70 Thread added: 0x0000025a8390ab70
Event: 7122.473 Thread 0x0000025a83909130 Thread exited: 0x0000025a83909130
Event: 7122.504 Thread 0x0000025a8390ab70 Thread exited: 0x0000025a8390ab70
Event: 7140.442 Thread 0x0000025a83907060 Thread added: 0x0000025a83907060
Event: 7140.443 Thread 0x0000025a8390ab70 Thread added: 0x0000025a8390ab70
Event: 7145.448 Thread 0x0000025a83907060 Thread exited: 0x0000025a83907060
Event: 7145.478 Thread 0x0000025a8390ab70 Thread exited: 0x0000025a8390ab70
Event: 7156.439 Thread 0x0000025a8390dff0 Thread added: 0x0000025a8390dff0
Event: 7156.439 Thread 0x0000025a83907060 Thread added: 0x0000025a83907060
Event: 7161.453 Thread 0x0000025a8390dff0 Thread exited: 0x0000025a8390dff0
Event: 7161.484 Thread 0x0000025a83907060 Thread exited: 0x0000025a83907060
Event: 7178.461 Thread 0x0000025a8390b890 Thread added: 0x0000025a8390b890
Event: 7178.461 Thread 0x0000025a8390ab70 Thread added: 0x0000025a8390ab70
Event: 7183.478 Thread 0x0000025a8390b890 Thread exited: 0x0000025a8390b890
Event: 7183.494 Thread 0x0000025a8390ab70 Thread exited: 0x0000025a8390ab70


Dynamic libraries:
0x00007ff790e60000 - 0x00007ff790e70000 	C:\Program Files\Java\jdk-21\bin\java.exe
0x00007ffea2470000 - 0x00007ffea2668000 	C:\Windows\SYSTEM32\ntdll.dll
0x00007ffea0530000 - 0x00007ffea05f1000 	C:\Windows\System32\KERNEL32.DLL
0x00007ffe9ffa0000 - 0x00007ffea0296000 	C:\Windows\System32\KERNELBASE.dll
0x00007ffe9fe00000 - 0x00007ffe9ff00000 	C:\Windows\System32\ucrtbase.dll
0x00007ffe97b00000 - 0x00007ffe97b19000 	C:\Program Files\Java\jdk-21\bin\jli.dll
0x00007ffea0a00000 - 0x00007ffea0ab0000 	C:\Windows\System32\ADVAPI32.dll
0x00007ffea06e0000 - 0x00007ffea077e000 	C:\Windows\System32\msvcrt.dll
0x00007ffea0ac0000 - 0x00007ffea0b60000 	C:\Windows\System32\sechost.dll
0x00007ffea08d0000 - 0x00007ffea09f3000 	C:\Windows\System32\RPCRT4.dll
0x00007ffea0470000 - 0x00007ffea0497000 	C:\Windows\System32\bcrypt.dll
0x00007ffea1b80000 - 0x00007ffea1d1f000 	C:\Windows\System32\USER32.dll
0x00007ffe9fdd0000 - 0x00007ffe9fdf2000 	C:\Windows\System32\win32u.dll
0x00007ffea2350000 - 0x00007ffea237b000 	C:\Windows\System32\GDI32.dll
0x00007ffea0350000 - 0x00007ffea0467000 	C:\Windows\System32\gdi32full.dll
0x00007ffe9ff00000 - 0x00007ffe9ff9d000 	C:\Windows\System32\msvcp_win.dll
0x00007ffe919c0000 - 0x00007ffe91c5a000 	C:\Windows\WinSxS\amd64_microsoft.windows.common-controls_6595b64144ccf1df_6.0.19041.4355_none_60b8b9eb71f62e16\COMCTL32.dll
0x00007ffe927e0000 - 0x00007ffe927ea000 	C:\Windows\SYSTEM32\VERSION.dll
0x00007ffe97830000 - 0x00007ffe9784b000 	C:\Program Files\Java\jdk-21\bin\VCRUNTIME140.dll
0x00007ffea0500000 - 0x00007ffea052f000 	C:\Windows\System32\IMM32.DLL
0x00007ffe9a160000 - 0x00007ffe9a16c000 	C:\Program Files\Java\jdk-21\bin\vcruntime140_1.dll
0x00007ffe8f090000 - 0x00007ffe8f11e000 	C:\Program Files\Java\jdk-21\bin\msvcp140.dll
0x00007ffe3cd40000 - 0x00007ffe3da4d000 	C:\Program Files\Java\jdk-21\bin\server\jvm.dll
0x00007ffea1ed0000 - 0x00007ffea1f3b000 	C:\Windows\System32\WS2_32.dll
0x00007ffe9f050000 - 0x00007ffe9f09b000 	C:\Windows\SYSTEM32\POWRPROF.dll
0x00007ffe921a0000 - 0x00007ffe921c7000 	C:\Windows\SYSTEM32\WINMM.dll
0x00007ffe9ef10000 - 0x00007ffe9ef22000 	C:\Windows\SYSTEM32\UMPDC.dll
0x00007ffe9d9a0000 - 0x00007ffe9d9b2000 	C:\Windows\SYSTEM32\kernel.appcore.dll
0x00007ffe9a130000 - 0x00007ffe9a13a000 	C:\Program Files\Java\jdk-21\bin\jimage.dll
0x00007ffe8b030000 - 0x00007ffe8b214000 	C:\Windows\SYSTEM32\DBGHELP.DLL
0x00007ffe8aff0000 - 0x00007ffe8b024000 	C:\Windows\SYSTEM32\dbgcore.DLL
0x00007ffe9fb20000 - 0x00007ffe9fba2000 	C:\Windows\System32\bcryptPrimitives.dll
0x00007ffe994e0000 - 0x00007ffe994ef000 	C:\Program Files\Java\jdk-21\bin\instrument.dll
0x00007ffe96be0000 - 0x00007ffe96bff000 	C:\Program Files\Java\jdk-21\bin\java.dll
0x00007ffea1330000 - 0x00007ffea1a9c000 	C:\Windows\System32\SHELL32.dll
0x00007ffe9dba0000 - 0x00007ffe9e33d000 	C:\Windows\SYSTEM32\windows.storage.dll
0x00007ffea1f40000 - 0x00007ffea2293000 	C:\Windows\System32\combase.dll
0x00007ffe9f540000 - 0x00007ffe9f56e000 	C:\Windows\SYSTEM32\Wldp.dll
0x00007ffea0b90000 - 0x00007ffea0c5d000 	C:\Windows\System32\OLEAUT32.dll
0x00007ffea2380000 - 0x00007ffea242d000 	C:\Windows\System32\SHCORE.dll
0x00007ffea07e0000 - 0x00007ffea0835000 	C:\Windows\System32\shlwapi.dll
0x00007ffe9fa50000 - 0x00007ffe9fa74000 	C:\Windows\SYSTEM32\profapi.dll
0x00007ffe8efb0000 - 0x00007ffe8f087000 	C:\Program Files\Java\jdk-21\bin\jsvml.dll
0x00007ffe901d0000 - 0x00007ffe901e8000 	C:\Program Files\Java\jdk-21\bin\zip.dll
0x00007ffe98040000 - 0x00007ffe98050000 	C:\Program Files\Java\jdk-21\bin\net.dll
0x00007ffe934e0000 - 0x00007ffe935ea000 	C:\Windows\SYSTEM32\WINHTTP.dll
0x00007ffe9f2a0000 - 0x00007ffe9f30a000 	C:\Windows\system32\mswsock.dll
0x00007ffe92bb0000 - 0x00007ffe92bc6000 	C:\Program Files\Java\jdk-21\bin\nio.dll
0x00007ffe8fcf0000 - 0x00007ffe8fd0a000 	C:\Program Files\JetBrains\IntelliJ IDEA Community Edition 2024.1\bin\breakgen64.dll
0x00007ffe97f50000 - 0x00007ffe97f59000 	C:\Program Files\Java\jdk-21\bin\extnet.dll
0x00007ffe97eb0000 - 0x00007ffe97eba000 	C:\Program Files\Java\jdk-21\bin\management.dll
0x00007ffe97e90000 - 0x00007ffe97e9b000 	C:\Program Files\Java\jdk-21\bin\management_ext.dll
0x00007ffea0ab0000 - 0x00007ffea0ab8000 	C:\Windows\System32\PSAPI.DLL
0x00007ffe97bc0000 - 0x00007ffe97bce000 	C:\Program Files\Java\jdk-21\bin\sunmscapi.dll
0x00007ffe9fc70000 - 0x00007ffe9fdce000 	C:\Windows\System32\CRYPT32.dll
0x00007ffe9f5b0000 - 0x00007ffe9f5d9000 	C:\Windows\SYSTEM32\ncrypt.dll
0x00007ffe9f570000 - 0x00007ffe9f5ab000 	C:\Windows\SYSTEM32\NTASN1.dll
0x00007ffe9f490000 - 0x00007ffe9f4a8000 	C:\Windows\SYSTEM32\CRYPTSP.dll
0x00007ffe9eb50000 - 0x00007ffe9eb84000 	C:\Windows\system32\rsaenh.dll
0x00007ffe9f9c0000 - 0x00007ffe9f9ee000 	C:\Windows\SYSTEM32\USERENV.dll
0x00007ffe9f4b0000 - 0x00007ffe9f4bc000 	C:\Windows\SYSTEM32\CRYPTBASE.dll
0x00007ffe9ef30000 - 0x00007ffe9ef6b000 	C:\Windows\SYSTEM32\IPHLPAPI.DLL
0x00007ffea0b80000 - 0x00007ffea0b88000 	C:\Windows\System32\NSI.dll
0x00007ffe97800000 - 0x00007ffe97810000 	C:\Program Files\Java\jdk-21\bin\verify.dll
0x00007ffe9ef80000 - 0x00007ffe9f04a000 	C:\Windows\SYSTEM32\DNSAPI.dll
0x00007ffe90eb0000 - 0x00007ffe90eba000 	C:\Windows\System32\rasadhlp.dll
0x00007ffe914c0000 - 0x00007ffe91540000 	C:\Windows\System32\fwpuclnt.dll
0x00007ffe9a300000 - 0x00007ffe9a307000 	C:\Windows\system32\wshunix.dll

dbghelp: loaded successfully - version: 4.0.5 - missing functions: none
symbol engine: initialized successfully - sym options: 0x614 - pdb path: .;C:\Program Files\Java\jdk-21\bin;C:\Windows\SYSTEM32;C:\Windows\WinSxS\amd64_microsoft.windows.common-controls_6595b64144ccf1df_6.0.19041.4355_none_60b8b9eb71f62e16;C:\Program Files\Java\jdk-21\bin\server;C:\Program Files\JetBrains\IntelliJ IDEA Community Edition 2024.1\bin

VM Arguments:
jvm_args: -javaagent:C:\Program Files\JetBrains\IntelliJ IDEA Community Edition 2024.1\lib\idea_rt.jar=53556:C:\Program Files\JetBrains\IntelliJ IDEA Community Edition 2024.1\bin -Dfile.encoding=UTF-8 -Dsun.stdout.encoding=UTF-8 -Dsun.stderr.encoding=UTF-8 
java_command: obi.com.eazyconcept.EazyconceptApplication
java_class_path (initial): C:\Users\Iloke Obinna\Desktop\eazyconcept\target\classes;C:\Users\Iloke Obinna\.m2\repository\org\springframework\boot\spring-boot-starter-data-jpa\3.2.2\spring-boot-starter-data-jpa-3.2.2.jar;C:\Users\Iloke Obinna\.m2\repository\org\springframework\boot\spring-boot-starter-aop\3.2.2\spring-boot-starter-aop-3.2.2.jar;C:\Users\Iloke Obinna\.m2\repository\org\aspectj\aspectjweaver\1.9.21\aspectjweaver-1.9.21.jar;C:\Users\Iloke Obinna\.m2\repository\org\springframework\boot\spring-boot-starter-jdbc\3.2.2\spring-boot-starter-jdbc-3.2.2.jar;C:\Users\Iloke Obinna\.m2\repository\com\zaxxer\HikariCP\5.0.1\HikariCP-5.0.1.jar;C:\Users\Iloke Obinna\.m2\repository\org\springframework\spring-jdbc\6.1.3\spring-jdbc-6.1.3.jar;C:\Users\Iloke Obinna\.m2\repository\org\hibernate\orm\hibernate-core\6.4.1.Final\hibernate-core-6.4.1.Final.jar;C:\Users\Iloke Obinna\.m2\repository\jakarta\persistence\jakarta.persistence-api\3.1.0\jakarta.persistence-api-3.1.0.jar;C:\Users\Iloke Obinna\.m2\repository\jakarta\transaction\jakarta.transaction-api\2.0.1\jakarta.transaction-api-2.0.1.jar;C:\Users\Iloke Obinna\.m2\repository\org\jboss\logging\jboss-logging\3.5.3.Final\jboss-logging-3.5.3.Final.jar;C:\Users\Iloke Obinna\.m2\repository\org\hibernate\common\hibernate-commons-annotations\6.0.6.Final\hibernate-commons-annotations-6.0.6.Final.jar;C:\Users\Iloke Obinna\.m2\repository\io\smallrye\jandex\3.1.2\jandex-3.1.2.jar;C:\Users\Iloke Obinna\.m2\repository\com\fasterxml\classmate\1.6.0\classmate-1.6.0.jar;C:\Users\Iloke Obinna\.m2\repository\net\bytebuddy\byte-buddy\1.14.11\byte-buddy-1.14.11.jar;C:\Users\Iloke Obinna\.m2\repository\org\glassfish\jaxb\jaxb-runtime\4.0.4\jaxb-runtime-4.0.4.jar;C:\Users\Iloke Obinna\.m2\repository\org\glassfish\jaxb\jaxb-core\4.0.4\jaxb-core-4.0.4.jar;C:\Users\Iloke Obinna\.m2\repository\org\eclipse\angus\angus-activation\2.0.1\angus-activation-2.0.1.jar;C:\Users\Iloke Obinna\.m2\repository\org\glassfish\jaxb\txw2\4.0.4\txw2-4.0.4.jar;C:\Users\Iloke Obinna\.m2\repository\com\sun\istack\istack-commons-runtime\4.1.2\istack-commons-runtime-4.1.2.jar;C:\Users\Iloke Obinna\.m2\repository\jakarta\inject\jakarta.inject-api\2.0.1\jakarta.inject-api-2.0.1.jar;C:\Users\Iloke Obinna\.m2\repository\org\antlr\antlr4-runtime\4.13.0\antlr4-runtime-4.13.0.jar;C:\Users\Iloke Obinna\.m2\repository\org\springframework\data\spring-data-jpa\3.2.2\spring-data-jpa-3.2.2.jar;C:\Users\Iloke Obinna\.m2\repository\org\springframework\data\spring-data-commons\3.2.2\spring-data-commons-3.2.2.jar;C:\Users\Iloke Obinna\.m2\repository\org\springframework\spring-orm\6.1.3\spring-orm-6.1.3.jar;C:\Users\Iloke Obinna\.m2\repository\org\springframework\spring-context\6.1.3\spring-context-6.1.3.jar;C:\Users\Iloke Obinna\.m2\repository\org\springframework\spring-tx\6.1.3\spring-tx-6.1.3.jar;C:\Users\Iloke Obinna\.m2\repository\org\springframework\spring-beans\6.1.3\spring-beans-6.1.3.jar;C:\Users\Iloke Obinna\.m2\repository\jakarta\annotation\jakarta.annotation-api\2.1.1\jakarta.annotation-api-2.1.1.jar;C:\Users\Iloke Obinna\.m2\repository\org\slf4j\slf4j-api\2.0.11\slf4j-api-2.0.11.jar;C:\Users\Iloke Obinna\.m2\repository\org\springframework\spring-aspects\6.1.3\spring-aspects-6.1.3.jar;C:\Users\Iloke Obinna\.m2\repository\org\springframework\boot\spring-boot-starter-security\3.2.2\spring-boot-starter-security-3.2.2.jar;C:\Users\Iloke Obinna\.m2\repository\org\springframework\boot\spring-boot-starter\3.2.2\spring-boot-starter-3.2.2.jar;C:\Users\Iloke Obinna\.m2\repository\org\springframework\boot\spring-boot-starter-logging\3.2.2\spring-boot-starter-logging-3.2.2.jar;C:\Users\Iloke Obinna\.m2\repository\ch\qos\logback\logback-classic\1.4.14\logback-classic-1.4.14.jar;C:\Users\Iloke Obinna\.m2\repository\ch\qos\logback\logback-core\1.4.14\logback-core-1.4.14.jar;C:\Users\Iloke Obinna\.m2\repository\org\apache\logging\log4j\log4j-to-slf4j\2.21.1\log4j-to-slf4j-2.21.1.jar;C:\Users\Iloke Obinna\.m2\repository\org\apache\logging\log4j\log4j-api\2.21.1\log4j-api-2.21.1.jar;C:\Users\Iloke Obinna\.m2\repository\org\slf4j\jul-to-slf4j\2.0.11\jul-to-slf4j-2.0.11.jar;C:\Users\Iloke Obinna\.m2\repository\org\yaml\snakeyaml\2.2\snakeyaml-2.2.jar;C:\Users\Iloke Obinna\.m2\repository\org\springframework\spring-aop\6.1.3\spring-aop-6.1.3.jar;C:\Users\Iloke Obinna\.m2\repository\org\springframework\security\spring-security-config\6.2.1\spring-security-config-6.2.1.jar;C:\Users\Iloke Obinna\.m2\repository\org\springframework\security\spring-security-web\6.2.1\spring-security-web-6.2.1.jar;C:\Users\Iloke Obinna\.m2\repository\org\springframework\spring-expression\6.1.3\spring-expression-6.1.3.jar;C:\Users\Iloke Obinna\.m2\repository\org\springframework\boot\spring-boot-starter-thymeleaf\3.2.2\spring-boot-starter-thymeleaf-3.2.2.jar;C:\Users\Iloke Obinna\.m2\repository\org\thymeleaf\thymeleaf-spring6\3.1.2.RELEASE\thymeleaf-spring6-3.1.2.RELEASE.jar;C:\Users\Iloke Obinna\.m2\repository\org\thymeleaf\thymeleaf\3.1.2.RELEASE\thymeleaf-3.1.2.RELEASE.jar;C:\Users\Iloke Obinna\.m2\repository\org\attoparser\attoparser\2.0.7.RELEASE\attoparser-2.0.7.RELEASE.jar;C:\Users\Iloke Obinna\.m2\repository\org\unbescape\unbescape\1.1.6.RELEASE\unbescape-1.1.6.RELEASE.jar;C:\Users\Iloke Obinna\.m2\repository\org\springframework\boot\spring-boot-starter-web\3.2.2\spring-boot-starter-web-3.2.2.jar;C:\Users\Iloke Obinna\.m2\repository\org\springframework\boot\spring-boot-starter-json\3.2.2\spring-boot-starter-json-3.2.2.jar;C:\Users\Iloke Obinna\.m2\repository\com\fasterxml\jackson\core\jackson-databind\2.15.3\jackson-databind-2.15.3.jar;C:\Users\Iloke Obinna\.m2\repository\com\fasterxml\jackson\core\jackson-annotations\2.15.3\jackson-annotations-2.15.3.jar;C:\Users\Iloke Obinna\.m2\repository\com\fasterxml\jackson\core\jackson-core\2.15.3\jackson-core-2.15.3.jar;C:\Users\Iloke Obinna\.m2\repository\com\fasterxml\jackson\datatype\jackson-datatype-jdk8\2.15.3\jackson-datatype-jdk8-2.15.3.jar;C:\Users\Iloke Obinna\.m2\repository\com\fasterxml\jackson\datatype\jackson-datatype-jsr310\2.15.3\jackson-datatype-jsr310-2.15.3.jar;C:\Users\Iloke Obinna\.m2\repository\com\fasterxml\jackson\module\jackson-module-parameter-names\2.15.3\jackson-module-parameter-names-2.15.3.jar;C:\Users\Iloke Obinna\.m2\repository\org\springframework\boot\spring-boot-starter-tomcat\3.2.2\spring-boot-starter-tomcat-3.2.2.jar;C:\Users\Iloke Obinna\.m2\repository\org\apache\tomcat\embed\tomcat-embed-core\10.1.18\tomcat-embed-core-10.1.18.jar;C:\Users\Iloke Obinna\.m2\repository\org\apache\tomcat\embed\tomcat-embed-el\10.1.18\tomcat-embed-el-10.1.18.jar;C:\Users\Iloke Obinna\.m2\repository\org\apache\tomcat\embed\tomcat-embed-websocket\10.1.18\tomcat-embed-websocket-10.1.18.jar;C:\Users\Iloke Obinna\.m2\repository\org\springframework\spring-web\6.1.3\spring-web-6.1.3.jar;C:\Users\Iloke Obinna\.m2\repository\io\micrometer\micrometer-observation\1.12.2\micrometer-observation-1.12.2.jar;C:\Users\Iloke Obinna\.m2\repository\io\micrometer\micrometer-commons\1.12.2\micrometer-commons-1.12.2.jar;C:\Users\Iloke Obinna\.m2\repository\org\springframework\spring-webmvc\6.1.3\spring-webmvc-6.1.3.jar;C:\Users\Iloke Obinna\.m2\repository\org\springframework\boot\spring-boot-devtools\3.2.2\spring-boot-devtools-3.2.2.jar;C:\Users\Iloke Obinna\.m2\repository\org\springframework\boot\spring-boot\3.2.2\spring-boot-3.2.2.jar;C:\Users\Iloke Obinna\.m2\repository\org\springframework\boot\spring-boot-autoconfigure\3.2.2\spring-boot-autoconfigure-3.2.2.jar;C:\Users\Iloke Obinna\.m2\repository\com\mysql\mysql-connector-j\8.3.0\mysql-connector-j-8.3.0.jar;C:\Users\Iloke Obinna\.m2\repository\org\projectlombok\lombok\1.18.30\lombok-1.18.30.jar;C:\Users\Iloke Obinna\.m2\repository\jakarta\xml\bind\jakarta.xml.bind-api\4.0.1\jakarta.xml.bind-api-4.0.1.jar;C:\Users\Iloke Obinna\.m2\repository\jakarta\activation\jakarta.activation-api\2.1.2\jakarta.activation-api-2.1.2.jar;C:\Users\Iloke Obinna\.m2\repository\org\springframework\spring-core\6.1.3\spring-core-6.1.3.jar;C:\Users\Iloke Obinna\.m2\repository\org\springframework\spring-jcl\6.1.3\spring-jcl-6.1.3.jar;C:\Users\Iloke Obinna\.m2\repository\org\springframework\security\spring-security-core\6.2.1\spring-security-core-6.2.1.jar;C:\Users\Iloke Obinna\.m2\repository\org\springframework\security\spring-security-crypto\6.2.1\spring-security-crypto-6.2.1.jar
Launcher Type: SUN_STANDARD

[Global flags]
     intx CICompilerCount                          = 3                                         {product} {ergonomic}
     uint ConcGCThreads                            = 1                                         {product} {ergonomic}
     uint G1ConcRefinementThreads                  = 4                                         {product} {ergonomic}
   size_t G1HeapRegionSize                         = 1048576                                   {product} {ergonomic}
    uintx GCDrainStackTargetSize                   = 64                                        {product} {ergonomic}
   size_t InitialHeapSize                          = 67108864                                  {product} {ergonomic}
   size_t MarkStackSize                            = 4194304                                   {product} {ergonomic}
   size_t MaxHeapSize                              = 1042284544                                {product} {ergonomic}
   size_t MaxNewSize                               = 624951296                                 {product} {ergonomic}
   size_t MinHeapDeltaBytes                        = 1048576                                   {product} {ergonomic}
   size_t MinHeapSize                              = 8388608                                   {product} {ergonomic}
    uintx NonNMethodCodeHeapSize                   = 5832780                                {pd product} {ergonomic}
    uintx NonProfiledCodeHeapSize                  = 122912730                              {pd product} {ergonomic}
    uintx ProfiledCodeHeapSize                     = 122912730                              {pd product} {ergonomic}
    uintx ReservedCodeCacheSize                    = 251658240                              {pd product} {ergonomic}
     bool SegmentedCodeCache                       = true                                      {product} {ergonomic}
   size_t SoftMaxHeapSize                          = 1042284544                             {manageable} {ergonomic}
     bool UseCompressedOops                        = true                           {product lp64_product} {ergonomic}
     bool UseG1GC                                  = true                                      {product} {ergonomic}
     bool UseLargePagesIndividualAllocation        = false                                  {pd product} {ergonomic}

Logging:
Log output configuration:
 #0: stdout all=warning uptime,level,tags foldmultilines=false
 #1: stderr all=off uptime,level,tags foldmultilines=false

Environment Variables:
PATH=C:\Program Files\Python312\Scripts\;C:\Program Files\Python312\;C:\Program Files\Common Files\Oracle\Java\javapath;C:\Windows\system32;C:\Windows;C:\Windows\System32\Wbem;C:\Windows\System32\WindowsPowerShell\v1.0\;C:\Windows\System32\OpenSSH\;C:\Program Files\Microsoft VS Code\bin;C:\Program Files\Git\cmd;C:\Users\Iloke Obinna\AppData\Local\Microsoft\WindowsApps;
USERNAME=Iloke Obinna
OS=Windows_NT
PROCESSOR_IDENTIFIER=Intel64 Family 6 Model 61 Stepping 4, GenuineIntel
TMP=C:\Users\ILOKEO~1\AppData\Local\Temp
TEMP=C:\Users\ILOKEO~1\AppData\Local\Temp




Periodic native trim disabled

---------------  S Y S T E M  ---------------

OS:
 Windows 10 , 64 bit Build 19041 (10.0.19041.4597)
OS uptime: 1 days 14:37 hours

CPU: total 4 (initial active 4) (2 cores per cpu, 2 threads per core) family 6 model 61 stepping 4 microcode 0x2d, cx8, cmov, fxsr, ht, mmx, 3dnowpref, sse, sse2, sse3, ssse3, sse4.1, sse4.2, popcnt, lzcnt, tsc, tscinvbit, avx, avx2, aes, erms, clmul, bmi1, bmi2, adx, fma, vzeroupper, clflush, rdtscp, f16c
Processor Information for all 4 processors :
  Max Mhz: 2201, Current Mhz: 2201, Mhz Limit: 2201

Memory: 4k page, system-wide physical 3971M (224M free)
TotalPageFile size 16259M (AvailPageFile size 1M)
current process WorkingSet (physical memory assigned to process): 24M, peak: 236M
current process commit charge ("private bytes"): 325M, peak: 351M

vm_info: Java HotSpot(TM) 64-Bit Server VM (21.0.3+7-LTS-152) for windows-amd64 JRE (21.0.3+7-LTS-152), built on 2024-03-11T17:42:26Z by "mach5one" with MS VC++ 17.6 (VS2022)

END.
