#
# There is insufficient memory for the Java Runtime Environment to continue.
# Native memory allocation (malloc) failed to allocate 1915056 bytes for Chunk::new
# Possible reasons:
#   The system is out of physical RAM or swap space
#   The process is running with CompressedOops enabled, and the Java Heap may be blocking the growth of the native heap
# Possible solutions:
#   Reduce memory load on the system
#   Increase physical memory or swap space
#   Check if swap backing store is full
#   Decrease Java heap size (-Xmx/-Xms)
#   Decrease number of Java threads
#   Decrease Java thread stack sizes (-Xss)
#   Set larger code cache with -XX:ReservedCodeCacheSize=
#   JVM is running with Unscaled Compressed Oops mode in which the Java heap is
#     placed in the first 4GB address space. The Java Heap base address is the
#     maximum limit for the native heap growth. Please use -XX:HeapBaseMinAddress
#     to set the Java Heap base and to place the Java Heap above 4GB virtual address.
# This output file may be truncated or incomplete.
#
#  Out of Memory Error (arena.cpp:168), pid=17184, tid=21936
#
# JRE version: Java(TM) SE Runtime Environment (21.0.3+7) (build 21.0.3+7-LTS-152)
# Java VM: Java HotSpot(TM) 64-Bit Server VM (21.0.3+7-LTS-152, mixed mode, sharing, tiered, compressed oops, compressed class ptrs, g1 gc, windows-amd64)
# No core dump will be written. Minidumps are not enabled by default on client versions of Windows
#

---------------  S U M M A R Y ------------

Command Line: -javaagent:C:\Program Files\JetBrains\IntelliJ IDEA Community Edition 2024.1\lib\idea_rt.jar=52769:C:\Program Files\JetBrains\IntelliJ IDEA Community Edition 2024.1\bin -Dfile.encoding=UTF-8 -Dsun.stdout.encoding=UTF-8 -Dsun.stderr.encoding=UTF-8 obi.com.eazyconcept.EazyconceptApplication

Host: Intel(R) Core(TM) i5-5200U CPU @ 2.20GHz, 4 cores, 3G,  Windows 10 , 64 bit Build 19041 (10.0.19041.4597)
Time: Mon Aug 12 20:40:07 2024 W. Central Africa Standard Time elapsed time: 9.378334 seconds (0d 0h 0m 9s)

---------------  T H R E A D  ---------------

Current thread (0x00000274dc315ed0):  JavaThread "C2 CompilerThread0" daemon [_thread_in_native, id=21936, stack(0x000000a9d7800000,0x000000a9d7900000) (1024K)]


Current CompileTask:
C2:   9378 4161       4       org.springframework.core.ResolvableType::as (86 bytes)

Stack: [0x000000a9d7800000,0x000000a9d7900000]
Native frames: (J=compiled Java code, j=interpreted, Vv=VM code, C=native code)
V  [jvm.dll+0x6c63b9]
V  [jvm.dll+0x84fa11]
V  [jvm.dll+0x851f3e]
V  [jvm.dll+0x852613]
V  [jvm.dll+0x27cd46]
V  [jvm.dll+0xc4aad]
V  [jvm.dll+0xc4fe3]
V  [jvm.dll+0x3b1d22]
V  [jvm.dll+0x37e485]
V  [jvm.dll+0x37d8fa]
V  [jvm.dll+0x245b40]
V  [jvm.dll+0x24511f]
V  [jvm.dll+0x1c689e]
V  [jvm.dll+0x254609]
V  [jvm.dll+0x252b9a]
V  [jvm.dll+0x3eb056]
V  [jvm.dll+0x7f9ffb]
V  [jvm.dll+0x6c4a9d]
C  [ucrtbase.dll+0x21bb2]
C  [KERNEL32.DLL+0x17374]
C  [ntdll.dll+0x4cc91]


---------------  P R O C E S S  ---------------

Threads class SMR info:
_java_thread_list=0x0000027523e9a010, length=18, elements={
0x00000274bf7542e0, 0x00000274dc304b30, 0x00000274dc305c00, 0x00000274dc307b80,
0x00000274dc30a870, 0x00000274dc30b480, 0x00000274dc30c090, 0x00000274dc315ed0,
0x00000274dc31cb50, 0x00000274bf7fbf00, 0x00000274dc786130, 0x00000274dc7867a0,
0x0000027522775040, 0x00000275227c2580, 0x0000027523385ab0, 0x0000027523c5ff40,
0x0000027523c955b0, 0x0000027523c927c0
}

Java Threads: ( => current thread )
  0x00000274bf7542e0 JavaThread "main"                              [_thread_blocked, id=19732, stack(0x000000a9d6a00000,0x000000a9d6b00000) (1024K)]
  0x00000274dc304b30 JavaThread "Reference Handler"          daemon [_thread_blocked, id=5992, stack(0x000000a9d7200000,0x000000a9d7300000) (1024K)]
  0x00000274dc305c00 JavaThread "Finalizer"                  daemon [_thread_blocked, id=24428, stack(0x000000a9d7300000,0x000000a9d7400000) (1024K)]
  0x00000274dc307b80 JavaThread "Signal Dispatcher"          daemon [_thread_blocked, id=13556, stack(0x000000a9d7400000,0x000000a9d7500000) (1024K)]
  0x00000274dc30a870 JavaThread "Attach Listener"            daemon [_thread_blocked, id=20452, stack(0x000000a9d7500000,0x000000a9d7600000) (1024K)]
  0x00000274dc30b480 JavaThread "Service Thread"             daemon [_thread_blocked, id=15580, stack(0x000000a9d7600000,0x000000a9d7700000) (1024K)]
  0x00000274dc30c090 JavaThread "Monitor Deflation Thread"   daemon [_thread_blocked, id=23680, stack(0x000000a9d7700000,0x000000a9d7800000) (1024K)]
=>0x00000274dc315ed0 JavaThread "C2 CompilerThread0"         daemon [_thread_in_native, id=21936, stack(0x000000a9d7800000,0x000000a9d7900000) (1024K)]
  0x00000274dc31cb50 JavaThread "C1 CompilerThread0"         daemon [_thread_blocked, id=7868, stack(0x000000a9d7900000,0x000000a9d7a00000) (1024K)]
  0x00000274bf7fbf00 JavaThread "Common-Cleaner"             daemon [_thread_blocked, id=20300, stack(0x000000a9d7a00000,0x000000a9d7b00000) (1024K)]
  0x00000274dc786130 JavaThread "Monitor Ctrl-Break"         daemon [_thread_in_native, id=13256, stack(0x000000a9d7b00000,0x000000a9d7c00000) (1024K)]
  0x00000274dc7867a0 JavaThread "Notification Thread"        daemon [_thread_blocked, id=7880, stack(0x000000a9d7c00000,0x000000a9d7d00000) (1024K)]
  0x0000027522775040 JavaThread "Thread-0"                          [_thread_blocked, id=18116, stack(0x000000a9d8000000,0x000000a9d8100000) (1024K)]
  0x00000275227c2580 JavaThread "restartedMain"                     [_thread_in_Java, id=24608, stack(0x000000a9d8100000,0x000000a9d8200000) (1024K)]
  0x0000027523385ab0 JavaThread "Catalina-utility-1"                [_thread_blocked, id=22468, stack(0x000000a9d8200000,0x000000a9d8300000) (1024K)]
  0x0000027523c5ff40 JavaThread "Catalina-utility-2"                [_thread_blocked, id=10580, stack(0x000000a9d8300000,0x000000a9d8400000) (1024K)]
  0x0000027523c955b0 JavaThread "container-0"                       [_thread_blocked, id=20844, stack(0x000000a9d8400000,0x000000a9d8500000) (1024K)]
  0x0000027523c927c0 JavaThread "mysql-cj-abandoned-connection-cleanup" daemon [_thread_blocked, id=19012, stack(0x000000a9d8500000,0x000000a9d8600000) (1024K)]
Total: 18

Other Threads:
  0x00000274bf811e80 VMThread "VM Thread"                           [id=25312, stack(0x000000a9d7100000,0x000000a9d7200000) (1024K)]
  0x00000274dc2ec3f0 WatcherThread "VM Periodic Task Thread"        [id=6312, stack(0x000000a9d7000000,0x000000a9d7100000) (1024K)]
  0x00000274bf78bfa0 WorkerThread "GC Thread#0"                     [id=25084, stack(0x000000a9d6b00000,0x000000a9d6c00000) (1024K)]
  0x00000275226a4b30 WorkerThread "GC Thread#1"                     [id=24732, stack(0x000000a9d7d00000,0x000000a9d7e00000) (1024K)]
  0x0000027522361a70 WorkerThread "GC Thread#2"                     [id=22920, stack(0x000000a9d7e00000,0x000000a9d7f00000) (1024K)]
  0x000002752235bb90 WorkerThread "GC Thread#3"                     [id=20036, stack(0x000000a9d7f00000,0x000000a9d8000000) (1024K)]
  0x00000274bf795450 ConcurrentGCThread "G1 Main Marker"            [id=21904, stack(0x000000a9d6c00000,0x000000a9d6d00000) (1024K)]
  0x00000274bf797110 WorkerThread "G1 Conc#0"                       [id=8968, stack(0x000000a9d6d00000,0x000000a9d6e00000) (1024K)]
  0x00000274bf7e9f50 ConcurrentGCThread "G1 Refine#0"               [id=11980, stack(0x000000a9d6e00000,0x000000a9d6f00000) (1024K)]
  0x00000274bf7ebad0 ConcurrentGCThread "G1 Service"                [id=8660, stack(0x000000a9d6f00000,0x000000a9d7000000) (1024K)]
Total: 10

Threads with active compile tasks:
C2 CompilerThread0     9422 4161       4       org.springframework.core.ResolvableType::as (86 bytes)
Total: 1

VM state: not at safepoint (normal execution)

VM Mutex/Monitor currently owned by a thread: None

Heap address: 0x00000000c1e00000, size: 994 MB, Compressed Oops mode: 32-bit

CDS archive(s) mapped at: [0x00000274dd000000-0x00000274ddc90000-0x00000274ddc90000), size 13172736, SharedBaseAddress: 0x00000274dd000000, ArchiveRelocationMode: 1.
Compressed class space mapped at: 0x00000274de000000-0x000002751e000000, reserved size: 1073741824
Narrow klass base: 0x00000274dd000000, Narrow klass shift: 0, Narrow klass range: 0x100000000

GC Precious Log:
 CardTable entry size: 512
 Card Set container configuration: InlinePtr #cards 5 size 8 Array Of Cards #cards 12 size 40 Howl #buckets 4 coarsen threshold 1843 Howl Bitmap #cards 512 size 80 coarsen threshold 460 Card regions per heap region 1 cards per card region 2048
 CPUs: 4 total, 4 available
 Memory: 3971M
 Large Page Support: Disabled
 NUMA Support: Disabled
 Compressed Oops: Enabled (32-bit)
 Heap Region Size: 1M
 Heap Min Capacity: 8M
 Heap Initial Capacity: 64M
 Heap Max Capacity: 994M
 Pre-touch: Disabled
 Parallel Workers: 4
 Concurrent Workers: 1
 Concurrent Refinement Workers: 4
 Periodic GC: Disabled

Heap:
 garbage-first heap   total 58368K, used 45569K [0x00000000c1e00000, 0x0000000100000000)
  region size 1024K, 32 young (32768K), 4 survivors (4096K)
 Metaspace       used 32345K, committed 32896K, reserved 1114112K
  class space    used 4072K, committed 4288K, reserved 1048576K

Heap Regions: E=young(eden), S=young(survivor), O=old, HS=humongous(starts), HC=humongous(continues), CS=collection set, F=free, TAMS=top-at-mark-start, PB=parsable bottom
|   0|0x00000000c1e00000, 0x00000000c1f00000, 0x00000000c1f00000|100%|HS|  |TAMS 0x00000000c1e00000| PB 0x00000000c1e00000| Complete 
|   1|0x00000000c1f00000, 0x00000000c2000000, 0x00000000c2000000|100%| O|  |TAMS 0x00000000c1f00000| PB 0x00000000c1f00000| Untracked 
|   2|0x00000000c2000000, 0x00000000c2100000, 0x00000000c2100000|100%| O|  |TAMS 0x00000000c2000000| PB 0x00000000c2000000| Untracked 
|   3|0x00000000c2100000, 0x00000000c2200000, 0x00000000c2200000|100%| O|  |TAMS 0x00000000c2100000| PB 0x00000000c2100000| Untracked 
|   4|0x00000000c2200000, 0x00000000c2300000, 0x00000000c2300000|100%| O|  |TAMS 0x00000000c2200000| PB 0x00000000c2200000| Untracked 
|   5|0x00000000c2300000, 0x00000000c2400000, 0x00000000c2400000|100%| O|  |TAMS 0x00000000c2300000| PB 0x00000000c2300000| Untracked 
|   6|0x00000000c2400000, 0x00000000c2500000, 0x00000000c2500000|100%| O|  |TAMS 0x00000000c2400000| PB 0x00000000c2400000| Untracked 
|   7|0x00000000c2500000, 0x00000000c2600000, 0x00000000c2600000|100%| O|  |TAMS 0x00000000c2500000| PB 0x00000000c2500000| Untracked 
|   8|0x00000000c2600000, 0x00000000c2700000, 0x00000000c2700000|100%| O|  |TAMS 0x00000000c2600000| PB 0x00000000c2600000| Untracked 
|   9|0x00000000c2700000, 0x00000000c2800000, 0x00000000c2800000|100%| O|  |TAMS 0x00000000c2700000| PB 0x00000000c2700000| Untracked 
|  10|0x00000000c2800000, 0x00000000c2900000, 0x00000000c2900000|100%| O|  |TAMS 0x00000000c2800000| PB 0x00000000c2800000| Untracked 
|  11|0x00000000c2900000, 0x00000000c2a00000, 0x00000000c2a00000|100%| O|  |TAMS 0x00000000c2900000| PB 0x00000000c2900000| Untracked 
|  12|0x00000000c2a00000, 0x00000000c2b00000, 0x00000000c2b00000|100%| O|  |TAMS 0x00000000c2a00000| PB 0x00000000c2a00000| Untracked 
|  13|0x00000000c2b00000, 0x00000000c2b80580, 0x00000000c2c00000| 50%| O|Cm|TAMS 0x00000000c2b00000| PB 0x00000000c2b00000| Complete 
|  14|0x00000000c2c00000, 0x00000000c2c00000, 0x00000000c2d00000|  0%| F|  |TAMS 0x00000000c2c00000| PB 0x00000000c2c00000| Untracked 
|  15|0x00000000c2d00000, 0x00000000c2d00000, 0x00000000c2e00000|  0%| F|  |TAMS 0x00000000c2d00000| PB 0x00000000c2d00000| Untracked 
|  16|0x00000000c2e00000, 0x00000000c2e00000, 0x00000000c2f00000|  0%| F|  |TAMS 0x00000000c2e00000| PB 0x00000000c2e00000| Untracked 
|  17|0x00000000c2f00000, 0x00000000c2f00000, 0x00000000c3000000|  0%| F|  |TAMS 0x00000000c2f00000| PB 0x00000000c2f00000| Untracked 
|  18|0x00000000c3000000, 0x00000000c3000000, 0x00000000c3100000|  0%| F|  |TAMS 0x00000000c3000000| PB 0x00000000c3000000| Untracked 
|  19|0x00000000c3100000, 0x00000000c3200000, 0x00000000c3200000|100%| S|CS|TAMS 0x00000000c3100000| PB 0x00000000c3100000| Complete 
|  20|0x00000000c3200000, 0x00000000c3300000, 0x00000000c3300000|100%| S|CS|TAMS 0x00000000c3200000| PB 0x00000000c3200000| Complete 
|  21|0x00000000c3300000, 0x00000000c3400000, 0x00000000c3400000|100%| S|CS|TAMS 0x00000000c3300000| PB 0x00000000c3300000| Complete 
|  22|0x00000000c3400000, 0x00000000c3500000, 0x00000000c3500000|100%| S|CS|TAMS 0x00000000c3400000| PB 0x00000000c3400000| Complete 
|  23|0x00000000c3500000, 0x00000000c3500000, 0x00000000c3600000|  0%| F|  |TAMS 0x00000000c3500000| PB 0x00000000c3500000| Untracked 
|  24|0x00000000c3600000, 0x00000000c3600000, 0x00000000c3700000|  0%| F|  |TAMS 0x00000000c3600000| PB 0x00000000c3600000| Untracked 
|  25|0x00000000c3700000, 0x00000000c3700000, 0x00000000c3800000|  0%| F|  |TAMS 0x00000000c3700000| PB 0x00000000c3700000| Untracked 
|  26|0x00000000c3800000, 0x00000000c3800000, 0x00000000c3900000|  0%| F|  |TAMS 0x00000000c3800000| PB 0x00000000c3800000| Untracked 
|  27|0x00000000c3900000, 0x00000000c3900000, 0x00000000c3a00000|  0%| F|  |TAMS 0x00000000c3900000| PB 0x00000000c3900000| Untracked 
|  28|0x00000000c3a00000, 0x00000000c3a00000, 0x00000000c3b00000|  0%| F|  |TAMS 0x00000000c3a00000| PB 0x00000000c3a00000| Untracked 
|  29|0x00000000c3b00000, 0x00000000c3be9538, 0x00000000c3c00000| 91%| E|  |TAMS 0x00000000c3b00000| PB 0x00000000c3b00000| Complete 
|  30|0x00000000c3c00000, 0x00000000c3d00000, 0x00000000c3d00000|100%| E|CS|TAMS 0x00000000c3c00000| PB 0x00000000c3c00000| Complete 
|  31|0x00000000c3d00000, 0x00000000c3e00000, 0x00000000c3e00000|100%| E|CS|TAMS 0x00000000c3d00000| PB 0x00000000c3d00000| Complete 
|  32|0x00000000c3e00000, 0x00000000c3f00000, 0x00000000c3f00000|100%| E|CS|TAMS 0x00000000c3e00000| PB 0x00000000c3e00000| Complete 
|  33|0x00000000c3f00000, 0x00000000c4000000, 0x00000000c4000000|100%| E|CS|TAMS 0x00000000c3f00000| PB 0x00000000c3f00000| Complete 
|  34|0x00000000c4000000, 0x00000000c4100000, 0x00000000c4100000|100%| E|CS|TAMS 0x00000000c4000000| PB 0x00000000c4000000| Complete 
|  35|0x00000000c4100000, 0x00000000c4200000, 0x00000000c4200000|100%| E|CS|TAMS 0x00000000c4100000| PB 0x00000000c4100000| Complete 
|  36|0x00000000c4200000, 0x00000000c4300000, 0x00000000c4300000|100%| E|CS|TAMS 0x00000000c4200000| PB 0x00000000c4200000| Complete 
|  37|0x00000000c4300000, 0x00000000c4400000, 0x00000000c4400000|100%| E|CS|TAMS 0x00000000c4300000| PB 0x00000000c4300000| Complete 
|  38|0x00000000c4400000, 0x00000000c4500000, 0x00000000c4500000|100%| E|CS|TAMS 0x00000000c4400000| PB 0x00000000c4400000| Complete 
|  39|0x00000000c4500000, 0x00000000c4600000, 0x00000000c4600000|100%| E|CS|TAMS 0x00000000c4500000| PB 0x00000000c4500000| Complete 
|  40|0x00000000c4600000, 0x00000000c4700000, 0x00000000c4700000|100%| E|CS|TAMS 0x00000000c4600000| PB 0x00000000c4600000| Complete 
|  41|0x00000000c4700000, 0x00000000c4800000, 0x00000000c4800000|100%| E|CS|TAMS 0x00000000c4700000| PB 0x00000000c4700000| Complete 
|  42|0x00000000c4800000, 0x00000000c4900000, 0x00000000c4900000|100%| E|CS|TAMS 0x00000000c4800000| PB 0x00000000c4800000| Complete 
|  43|0x00000000c4900000, 0x00000000c4a00000, 0x00000000c4a00000|100%| E|CS|TAMS 0x00000000c4900000| PB 0x00000000c4900000| Complete 
|  44|0x00000000c4a00000, 0x00000000c4b00000, 0x00000000c4b00000|100%| E|CS|TAMS 0x00000000c4a00000| PB 0x00000000c4a00000| Complete 
|  45|0x00000000c4b00000, 0x00000000c4c00000, 0x00000000c4c00000|100%| E|CS|TAMS 0x00000000c4b00000| PB 0x00000000c4b00000| Complete 
|  46|0x00000000c4c00000, 0x00000000c4d00000, 0x00000000c4d00000|100%| E|CS|TAMS 0x00000000c4c00000| PB 0x00000000c4c00000| Complete 
|  47|0x00000000c4d00000, 0x00000000c4e00000, 0x00000000c4e00000|100%| E|CS|TAMS 0x00000000c4d00000| PB 0x00000000c4d00000| Complete 
|  48|0x00000000c4e00000, 0x00000000c4f00000, 0x00000000c4f00000|100%| E|CS|TAMS 0x00000000c4e00000| PB 0x00000000c4e00000| Complete 
|  49|0x00000000c4f00000, 0x00000000c5000000, 0x00000000c5000000|100%| E|CS|TAMS 0x00000000c4f00000| PB 0x00000000c4f00000| Complete 
|  50|0x00000000c5000000, 0x00000000c5100000, 0x00000000c5100000|100%| E|CS|TAMS 0x00000000c5000000| PB 0x00000000c5000000| Complete 
|  51|0x00000000c5100000, 0x00000000c5200000, 0x00000000c5200000|100%| E|CS|TAMS 0x00000000c5100000| PB 0x00000000c5100000| Complete 
|  52|0x00000000c5200000, 0x00000000c5300000, 0x00000000c5300000|100%| E|CS|TAMS 0x00000000c5200000| PB 0x00000000c5200000| Complete 
|  53|0x00000000c5300000, 0x00000000c5400000, 0x00000000c5400000|100%| E|CS|TAMS 0x00000000c5300000| PB 0x00000000c5300000| Complete 
|  54|0x00000000c5400000, 0x00000000c5500000, 0x00000000c5500000|100%| E|CS|TAMS 0x00000000c5400000| PB 0x00000000c5400000| Complete 
|  55|0x00000000c5500000, 0x00000000c5600000, 0x00000000c5600000|100%| E|CS|TAMS 0x00000000c5500000| PB 0x00000000c5500000| Complete 
|  63|0x00000000c5d00000, 0x00000000c5e00000, 0x00000000c5e00000|100%| E|CS|TAMS 0x00000000c5d00000| PB 0x00000000c5d00000| Complete 

Card table byte_map: [0x00000274d8bd0000,0x00000274d8dd0000] _byte_map_base: 0x00000274d85c1000

Marking Bits: (CMBitMap*) 0x00000274bf78ceb0
 Bits: [0x00000274d8dd0000, 0x00000274d9d58000)

Polling page: 0x00000274bf820000

Metaspace:

Usage:
  Non-class:     27.62 MB used.
      Class:      3.98 MB used.
       Both:     31.60 MB used.

Virtual space:
  Non-class space:       64.00 MB reserved,      27.94 MB ( 44%) committed,  1 nodes.
      Class space:        1.00 GB reserved,       4.19 MB ( <1%) committed,  1 nodes.
             Both:        1.06 GB reserved,      32.12 MB (  3%) committed. 

Chunk freelists:
   Non-Class:  3.39 MB
       Class:  11.75 MB
        Both:  15.14 MB

MaxMetaspaceSize: unlimited
CompressedClassSpaceSize: 1.00 GB
Initial GC threshold: 21.00 MB
Current GC threshold: 35.12 MB
CDS: on
 - commit_granule_bytes: 65536.
 - commit_granule_words: 8192.
 - virtual_space_node_default_size: 8388608.
 - enlarge_chunks_in_place: 1.
 - use_allocation_guard: 0.


Internal statistics:

num_allocs_failed_limit: 3.
num_arena_births: 698.
num_arena_deaths: 0.
num_vsnodes_births: 2.
num_vsnodes_deaths: 0.
num_space_committed: 514.
num_space_uncommitted: 0.
num_chunks_returned_to_freelist: 3.
num_chunks_taken_from_freelist: 1905.
num_chunk_merges: 3.
num_chunk_splits: 1267.
num_chunks_enlarged: 875.
num_inconsistent_stats: 0.

CodeHeap 'non-profiled nmethods': size=120000Kb used=1704Kb max_used=1704Kb free=118295Kb
 bounds [0x00000274d0e80000, 0x00000274d10f0000, 0x00000274d83b0000]
CodeHeap 'profiled nmethods': size=120000Kb used=8798Kb max_used=8798Kb free=111201Kb
 bounds [0x00000274c93b0000, 0x00000274c9c50000, 0x00000274d08e0000]
CodeHeap 'non-nmethods': size=5760Kb used=1471Kb max_used=1518Kb free=4288Kb
 bounds [0x00000274d08e0000, 0x00000274d0b50000, 0x00000274d0e80000]
 total_blobs=4785 nmethods=4232 adapters=457
 compilation: enabled
              stopped_count=0, restarted_count=0
 full_count=0

Compilation events (20 events):
Event: 9.034 Thread 0x00000274dc315ed0 nmethod 4231 0x00000274d1029010 code [0x00000274d10291c0, 0x00000274d1029498]
Event: 9.034 Thread 0x00000274dc315ed0 4161       4       org.springframework.core.ResolvableType::as (86 bytes)
Event: 9.059 Thread 0x00000274dc31cb50 4261       2       java.lang.invoke.LambdaFormBuffer::endEdit (313 bytes)
Event: 9.060 Thread 0x00000274dc31cb50 nmethod 4261 0x00000274c9c42c90 code [0x00000274c9c42ec0, 0x00000274c9c436d8]
Event: 9.134 Thread 0x00000274dc31cb50 4262       2       java.lang.invoke.LambdaFormEditor::filterArgumentForm (121 bytes)
Event: 9.135 Thread 0x00000274dc31cb50 nmethod 4262 0x00000274c9c43a90 code [0x00000274c9c43c80, 0x00000274c9c43f08]
Event: 9.148 Thread 0x00000274dc31cb50 4263       2       java.util.Spliterators$1Adapter::hasNext (23 bytes)
Event: 9.150 Thread 0x00000274dc31cb50 nmethod 4263 0x00000274c9c44110 code [0x00000274c9c442c0, 0x00000274c9c44418]
Event: 9.166 Thread 0x00000274dc31cb50 4264       2       jdk.internal.loader.URLClassPath$1::hasMoreElements (5 bytes)
Event: 9.166 Thread 0x00000274dc31cb50 nmethod 4264 0x00000274c9c44490 code [0x00000274c9c44640, 0x00000274c9c44760]
Event: 9.198 Thread 0x00000274dc31cb50 4265       2       java.util.ArrayList::<init> (65 bytes)
Event: 9.198 Thread 0x00000274dc31cb50 nmethod 4265 0x00000274c9c44810 code [0x00000274c9c44a00, 0x00000274c9c44d68]
Event: 9.303 Thread 0x00000274dc31cb50 4266       2       java.lang.invoke.MethodHandles::insertArguments (98 bytes)
Event: 9.304 Thread 0x00000274dc31cb50 nmethod 4266 0x00000274c9c44e90 code [0x00000274c9c450c0, 0x00000274c9c45600]
Event: 9.319 Thread 0x00000274dc31cb50 4267       2       jdk.internal.reflect.Reflection::verifyMemberAccess (200 bytes)
Event: 9.321 Thread 0x00000274dc31cb50 nmethod 4267 0x00000274c9c45990 code [0x00000274c9c45c60, 0x00000274c9c466e0]
Event: 9.322 Thread 0x00000274dc31cb50 4269       1       java.util.Collections$EmptyEnumeration::hasMoreElements (2 bytes)
Event: 9.322 Thread 0x00000274dc31cb50 nmethod 4269 0x00000274d1029f90 code [0x00000274d102a120, 0x00000274d102a1e8]
Event: 9.349 Thread 0x00000274dc31cb50 4270       2       java.lang.reflect.AccessibleObject::verifyAccess (55 bytes)
Event: 9.350 Thread 0x00000274dc31cb50 nmethod 4270 0x00000274c9c46c10 code [0x00000274c9c46e00, 0x00000274c9c472b8]

GC Heap History (12 events):
Event: 1.199 GC heap before
{Heap before GC invocations=0 (full 0):
 garbage-first heap   total 65536K, used 13312K [0x00000000c1e00000, 0x0000000100000000)
  region size 1024K, 13 young (13312K), 0 survivors (0K)
 Metaspace       used 3418K, committed 3648K, reserved 1114112K
  class space    used 339K, committed 448K, reserved 1048576K
}
Event: 1.209 GC heap after
{Heap after GC invocations=1 (full 0):
 garbage-first heap   total 65536K, used 6688K [0x00000000c1e00000, 0x0000000100000000)
  region size 1024K, 2 young (2048K), 2 survivors (2048K)
 Metaspace       used 3418K, committed 3648K, reserved 1114112K
  class space    used 339K, committed 448K, reserved 1048576K
}
Event: 2.060 GC heap before
{Heap before GC invocations=1 (full 0):
 garbage-first heap   total 65536K, used 20000K [0x00000000c1e00000, 0x0000000100000000)
  region size 1024K, 15 young (15360K), 2 survivors (2048K)
 Metaspace       used 6933K, committed 7168K, reserved 1114112K
  class space    used 771K, committed 896K, reserved 1048576K
}
Event: 2.067 GC heap after
{Heap after GC invocations=2 (full 0):
 garbage-first heap   total 65536K, used 8122K [0x00000000c1e00000, 0x0000000100000000)
  region size 1024K, 2 young (2048K), 2 survivors (2048K)
 Metaspace       used 6933K, committed 7168K, reserved 1114112K
  class space    used 771K, committed 896K, reserved 1048576K
}
Event: 3.601 GC heap before
{Heap before GC invocations=2 (full 0):
 garbage-first heap   total 65536K, used 35770K [0x00000000c1e00000, 0x0000000100000000)
  region size 1024K, 30 young (30720K), 2 survivors (2048K)
 Metaspace       used 14776K, committed 15040K, reserved 1114112K
  class space    used 1745K, committed 1856K, reserved 1048576K
}
Event: 3.609 GC heap after
{Heap after GC invocations=3 (full 0):
 garbage-first heap   total 65536K, used 10525K [0x00000000c1e00000, 0x0000000100000000)
  region size 1024K, 4 young (4096K), 4 survivors (4096K)
 Metaspace       used 14776K, committed 15040K, reserved 1114112K
  class space    used 1745K, committed 1856K, reserved 1048576K
}
Event: 4.917 GC heap before
{Heap before GC invocations=3 (full 0):
 garbage-first heap   total 65536K, used 45341K [0x00000000c1e00000, 0x0000000100000000)
  region size 1024K, 38 young (38912K), 4 survivors (4096K)
 Metaspace       used 19648K, committed 20032K, reserved 1114112K
  class space    used 2355K, committed 2496K, reserved 1048576K
}
Event: 4.929 GC heap after
{Heap after GC invocations=4 (full 0):
 garbage-first heap   total 65536K, used 13684K [0x00000000c1e00000, 0x0000000100000000)
  region size 1024K, 5 young (5120K), 5 survivors (5120K)
 Metaspace       used 19648K, committed 20032K, reserved 1114112K
  class space    used 2355K, committed 2496K, reserved 1048576K
}
Event: 5.408 GC heap before
{Heap before GC invocations=4 (full 0):
 garbage-first heap   total 65536K, used 23924K [0x00000000c1e00000, 0x0000000100000000)
  region size 1024K, 16 young (16384K), 5 survivors (5120K)
 Metaspace       used 21203K, committed 21504K, reserved 1114112K
  class space    used 2551K, committed 2688K, reserved 1048576K
}
Event: 5.417 GC heap after
{Heap after GC invocations=5 (full 0):
 garbage-first heap   total 65536K, used 15070K [0x00000000c1e00000, 0x0000000100000000)
  region size 1024K, 2 young (2048K), 2 survivors (2048K)
 Metaspace       used 21203K, committed 21504K, reserved 1114112K
  class space    used 2551K, committed 2688K, reserved 1048576K
}
Event: 7.605 GC heap before
{Heap before GC invocations=6 (full 0):
 garbage-first heap   total 58368K, used 47838K [0x00000000c1e00000, 0x0000000100000000)
  region size 1024K, 34 young (34816K), 2 survivors (2048K)
 Metaspace       used 26834K, committed 27264K, reserved 1114112K
  class space    used 3391K, committed 3584K, reserved 1048576K
}
Event: 7.615 GC heap after
{Heap after GC invocations=7 (full 0):
 garbage-first heap   total 58368K, used 17921K [0x00000000c1e00000, 0x0000000100000000)
  region size 1024K, 4 young (4096K), 4 survivors (4096K)
 Metaspace       used 26834K, committed 27264K, reserved 1114112K
  class space    used 3391K, committed 3584K, reserved 1048576K
}

Dll operation events (13 events):
Event: 0.025 Loaded shared library C:\Program Files\Java\jdk-21\bin\java.dll
Event: 0.088 Loaded shared library C:\Program Files\Java\jdk-21\bin\jsvml.dll
Event: 0.342 Loaded shared library C:\Program Files\Java\jdk-21\bin\zip.dll
Event: 0.363 Loaded shared library C:\Program Files\Java\jdk-21\bin\instrument.dll
Event: 0.374 Loaded shared library C:\Program Files\Java\jdk-21\bin\net.dll
Event: 0.378 Loaded shared library C:\Program Files\Java\jdk-21\bin\nio.dll
Event: 0.388 Loaded shared library C:\Program Files\Java\jdk-21\bin\zip.dll
Event: 0.688 Loaded shared library C:\Program Files\JetBrains\IntelliJ IDEA Community Edition 2024.1\bin\breakgen64.dll
Event: 0.707 Loaded shared library C:\Program Files\Java\jdk-21\bin\extnet.dll
Event: 0.776 Loaded shared library C:\Program Files\Java\jdk-21\bin\jimage.dll
Event: 1.527 Loaded shared library C:\Program Files\Java\jdk-21\bin\management.dll
Event: 1.532 Loaded shared library C:\Program Files\Java\jdk-21\bin\management_ext.dll
Event: 4.040 Loaded shared library C:\Program Files\Java\jdk-21\bin\sunmscapi.dll

Deoptimization events (20 events):
Event: 7.773 Thread 0x00000275227c2580 DEOPT PACKING pc=0x00000274c950e496 sp=0x000000a9d81fd110
Event: 7.773 Thread 0x00000275227c2580 DEOPT UNPACKING pc=0x00000274d0934e42 sp=0x000000a9d81fc668 mode 0
Event: 7.790 Thread 0x00000275227c2580 DEOPT PACKING pc=0x00000274c981b430 sp=0x000000a9d81fd410
Event: 7.790 Thread 0x00000275227c2580 DEOPT UNPACKING pc=0x00000274d0934e42 sp=0x000000a9d81fc8c8 mode 0
Event: 8.086 Thread 0x00000275227c2580 DEOPT PACKING pc=0x00000274c981b430 sp=0x000000a9d81fd590
Event: 8.086 Thread 0x00000275227c2580 DEOPT UNPACKING pc=0x00000274d0934e42 sp=0x000000a9d81fca48 mode 0
Event: 8.106 Thread 0x00000275227c2580 DEOPT PACKING pc=0x00000274c950e496 sp=0x000000a9d81fded0
Event: 8.106 Thread 0x00000275227c2580 DEOPT UNPACKING pc=0x00000274d0934e42 sp=0x000000a9d81fd428 mode 0
Event: 8.122 Thread 0x00000275227c2580 DEOPT PACKING pc=0x00000274c950e496 sp=0x000000a9d81fded0
Event: 8.122 Thread 0x00000275227c2580 DEOPT UNPACKING pc=0x00000274d0934e42 sp=0x000000a9d81fd428 mode 0
Event: 8.136 Thread 0x00000275227c2580 DEOPT PACKING pc=0x00000274c950e496 sp=0x000000a9d81fdf70
Event: 8.136 Thread 0x00000275227c2580 DEOPT UNPACKING pc=0x00000274d0934e42 sp=0x000000a9d81fd4c8 mode 0
Event: 8.138 Thread 0x00000275227c2580 DEOPT PACKING pc=0x00000274c9bd1ae4 sp=0x000000a9d81fe1f0
Event: 8.138 Thread 0x00000275227c2580 DEOPT UNPACKING pc=0x00000274d0934e42 sp=0x000000a9d81fd6a0 mode 0
Event: 8.503 Thread 0x00000275227c2580 DEOPT PACKING pc=0x00000274c981b430 sp=0x000000a9d81fc8c0
Event: 8.503 Thread 0x00000275227c2580 DEOPT UNPACKING pc=0x00000274d0934e42 sp=0x000000a9d81fbd78 mode 0
Event: 8.618 Thread 0x0000027523c927c0 Uncommon trap: trap_request=0xffffff45 fr.pc=0x00000274d0fba7e8 relative=0x0000000000003168
Event: 8.618 Thread 0x0000027523c927c0 Uncommon trap: reason=unstable_if action=reinterpret pc=0x00000274d0fba7e8 method=java.net.URL.<init>(Ljava/net/URL;Ljava/lang/String;Ljava/net/URLStreamHandler;)V @ 57 c2
Event: 8.618 Thread 0x0000027523c927c0 DEOPT PACKING pc=0x00000274d0fba7e8 sp=0x000000a9d85ff020
Event: 8.618 Thread 0x0000027523c927c0 DEOPT UNPACKING pc=0x00000274d09346a2 sp=0x000000a9d85fefd0 mode 2

Classes loaded (20 events):
Event: 8.532 Loading class jdk/internal/vm/annotation/IntrinsicCandidate
Event: 8.533 Loading class jdk/internal/vm/annotation/IntrinsicCandidate done
Event: 8.543 Loading class java/util/concurrent/ScheduledThreadPoolExecutor$ScheduledFutureTask
Event: 8.543 Loading class java/util/concurrent/ScheduledThreadPoolExecutor$ScheduledFutureTask done
Event: 8.543 Loading class java/util/concurrent/Executors$RunnableAdapter
Event: 8.543 Loading class java/util/concurrent/Executors$RunnableAdapter done
Event: 8.544 Loading class java/util/concurrent/ThreadPoolExecutor$Worker
Event: 8.544 Loading class java/util/concurrent/ThreadPoolExecutor$Worker done
Event: 8.551 Loading class java/lang/invoke/DirectMethodHandle$Special
Event: 8.551 Loading class java/lang/invoke/DirectMethodHandle$Special done
Event: 8.559 Loading class jdk/internal/event/ThreadSleepEvent
Event: 8.560 Loading class jdk/internal/event/ThreadSleepEvent done
Event: 8.614 Loading class java/util/concurrent/Executors$AutoShutdownDelegatedExecutorService
Event: 8.616 Loading class java/util/concurrent/Executors$DelegatedExecutorService
Event: 8.617 Loading class java/util/concurrent/Executors$DelegatedExecutorService done
Event: 8.617 Loading class java/util/concurrent/Executors$AutoShutdownDelegatedExecutorService done
Event: 8.765 Loading class javax/naming/Referenceable
Event: 8.765 Loading class javax/naming/Referenceable done
Event: 8.942 Loading class java/lang/instrument/ClassFileTransformer
Event: 8.942 Loading class java/lang/instrument/ClassFileTransformer done

Classes unloaded (0 events):
No events

Classes redefined (0 events):
No events

Internal exceptions (20 events):
Event: 7.345 Thread 0x00000275227c2580 Exception <a 'java/lang/NoSuchMethodError'{0x00000000c3aad6f8}: 'java.lang.reflect.Field[] java.lang.Class.getDeclaredFields(java.lang.Class)'> (0x00000000c3aad6f8) 
thrown [s\open\src\hotspot\share\interpreter\linkResolver.cpp, line 773]
Event: 7.397 Thread 0x00000275227c2580 Exception <a 'java/lang/NoSuchMethodError'{0x00000000c39a09f0}: 'java.lang.Object java.lang.invoke.DirectMethodHandle$Holder.invokeVirtual(java.lang.Object, java.lang.Object, java.lang.Object, java.lang.Object, java.lang.Object, java.lang.Object)'> (0x00000000c39a09f0) 
thrown [s\open\src\hotspot\share\interpreter\linkResolver.cpp, line 773]
Event: 7.468 Thread 0x00000275227c2580 Exception <a 'java/lang/NoSuchMethodError'{0x00000000c38bfcb0}: 'void java.lang.invoke.DirectMethodHandle$Holder.invokeInterface(java.lang.Object, java.lang.Object, int)'> (0x00000000c38bfcb0) 
thrown [s\open\src\hotspot\share\interpreter\linkResolver.cpp, line 773]
Event: 7.474 Thread 0x00000275227c2580 Exception <a 'java/lang/IncompatibleClassChangeError'{0x00000000c3702558}: Found class java.lang.Object, but interface was expected> (0x00000000c3702558) 
thrown [s\open\src\hotspot\share\interpreter\linkResolver.cpp, line 840]
Event: 7.476 Thread 0x00000275227c2580 Exception <a 'java/lang/NoSuchMethodError'{0x00000000c37105c0}: 'int java.lang.invoke.DirectMethodHandle$Holder.invokeSpecialIFC(java.lang.Object, java.lang.Object, java.lang.Object)'> (0x00000000c37105c0) 
thrown [s\open\src\hotspot\share\interpreter\linkResolver.cpp, line 773]
Event: 7.477 Thread 0x00000275227c2580 Exception <a 'java/lang/NoSuchMethodError'{0x00000000c371c900}: 'void java.lang.invoke.DirectMethodHandle$Holder.invokeStatic(java.lang.Object, int, java.lang.Object)'> (0x00000000c371c900) 
thrown [s\open\src\hotspot\share\interpreter\linkResolver.cpp, line 773]
Event: 7.491 Thread 0x00000275227c2580 Exception <a 'java/lang/NoSuchMethodError'{0x00000000c3752578}: 'void java.lang.invoke.DirectMethodHandle$Holder.invokeStatic(java.lang.Object, java.lang.Object, java.lang.Object, int, java.lang.Object)'> (0x00000000c3752578) 
thrown [s\open\src\hotspot\share\interpreter\linkResolver.cpp, line 773]
Event: 7.492 Thread 0x00000275227c2580 Exception <a 'java/lang/NoSuchMethodError'{0x00000000c3758d30}: 'java.lang.Object java.lang.invoke.DirectMethodHandle$Holder.newInvokeSpecial(java.lang.Object, java.lang.Object, java.lang.Object, int)'> (0x00000000c3758d30) 
thrown [s\open\src\hotspot\share\interpreter\linkResolver.cpp, line 773]
Event: 7.492 Thread 0x00000275227c2580 Exception <a 'java/lang/NoSuchMethodError'{0x00000000c375cb20}: 'java.lang.Object java.lang.invoke.DirectMethodHandle$Holder.invokeSpecial(java.lang.Object, java.lang.Object, java.lang.Object, java.lang.Object, int)'> (0x00000000c375cb20) 
thrown [s\open\src\hotspot\share\interpreter\linkResolver.cpp, line 773]
Event: 7.492 Thread 0x00000275227c2580 Exception <a 'java/lang/NoSuchMethodError'{0x00000000c375ffa8}: 'java.lang.Object java.lang.invoke.Invokers$Holder.linkToTargetMethod(java.lang.Object, java.lang.Object, int, java.lang.Object)'> (0x00000000c375ffa8) 
thrown [s\open\src\hotspot\share\interpreter\linkResolver.cpp, line 773]
Event: 7.675 Thread 0x00000275227c2580 Exception <a 'java/lang/NoSuchMethodError'{0x00000000c550cab0}: 'java.lang.Object java.lang.invoke.DirectMethodHandle$Holder.invokeStaticInit(java.lang.Object, int, int, int, int)'> (0x00000000c550cab0) 
thrown [s\open\src\hotspot\share\interpreter\linkResolver.cpp, line 773]
Event: 7.726 Thread 0x00000275227c2580 Exception <a 'java/lang/NoSuchMethodError'{0x00000000c55e5ca0}: 'java.lang.Object java.lang.invoke.DirectMethodHandle$Holder.invokeStaticInit(java.lang.Object, java.lang.Object, int, int, int, int)'> (0x00000000c55e5ca0) 
thrown [s\open\src\hotspot\share\interpreter\linkResolver.cpp, line 773]
Event: 8.150 Thread 0x00000275227c2580 Exception <a 'java/lang/NoSuchMethodError'{0x00000000c4d32aa0}: 'int java.lang.invoke.DirectMethodHandle$Holder.invokeVirtual(java.lang.Object, java.lang.Object, java.lang.Object, java.lang.Object)'> (0x00000000c4d32aa0) 
thrown [s\open\src\hotspot\share\interpreter\linkResolver.cpp, line 773]
Event: 8.151 Thread 0x00000275227c2580 Exception <a 'java/lang/NoSuchMethodError'{0x00000000c4d36508}: 'int java.lang.invoke.DelegatingMethodHandle$Holder.reinvoke_L(java.lang.Object, java.lang.Object, java.lang.Object, java.lang.Object)'> (0x00000000c4d36508) 
thrown [s\open\src\hotspot\share\interpreter\linkResolver.cpp, line 773]
Event: 8.274 Thread 0x00000275227c2580 Exception <a 'java/io/FileNotFoundException'{0x00000000c4b51ec8}> (0x00000000c4b51ec8) 
thrown [s\open\src\hotspot\share\prims\jni.cpp, line 520]
Event: 8.345 Thread 0x00000275227c2580 Exception <a 'java/lang/NoSuchMethodError'{0x00000000c4ab4448}: 'int java.lang.invoke.DirectMethodHandle$Holder.invokeInterface(java.lang.Object, java.lang.Object, java.lang.Object, java.lang.Object)'> (0x00000000c4ab4448) 
thrown [s\open\src\hotspot\share\interpreter\linkResolver.cpp, line 773]
Event: 8.519 Thread 0x00000275227c2580 Exception <a 'java/lang/NoSuchMethodError'{0x00000000c48ce098}: 'long java.lang.invoke.DirectMethodHandle$Holder.invokeVirtual(java.lang.Object, java.lang.Object)'> (0x00000000c48ce098) 
thrown [s\open\src\hotspot\share\interpreter\linkResolver.cpp, line 773]
Event: 8.528 Thread 0x00000275227c2580 Exception <a 'java/io/FileNotFoundException'{0x00000000c48f72c0}> (0x00000000c48f72c0) 
thrown [s\open\src\hotspot\share\prims\jni.cpp, line 520]
Event: 8.696 Thread 0x00000275227c2580 Exception <a 'java/lang/NoSuchMethodError'{0x00000000c43908c8}: 'java.lang.Object java.lang.invoke.DirectMethodHandle$Holder.newInvokeSpecial(java.lang.Object, java.lang.Object, java.lang.Object, java.lang.Object, java.lang.Object, java.lang.Object, java.lang.Object, java.lang.Object, java.lang.Object, java.lang.Object, java.lang.Object)'> (0x00000000c43908c8) 
thrown [s\open\src\hotspot\share\interpreter\linkResolver.cpp, line 773]
Event: 9.058 Thread 0x00000275227c2580 Exception <a 'java/lang/NoSuchMethodError'{0x00000000c40c4928}: 'void java.lang.invoke.DelegatingMethodHandle$Holder.reinvoke_L(java.lang.Object, java.lang.Object, java.lang.Object, java.lang.Object, int, java.lang.Object, java.lang.Object, java.lang.Object)'> (0x00000000c40c4928) 
thrown [s\open\src\hotspot\share\interpreter\linkResolver.cpp, line 773]

ZGC Phase Switch (0 events):
No events

VM Operations (20 events):
Event: 7.063 Executing VM operation: HandshakeAllThreads (Deoptimize)
Event: 7.063 Executing VM operation: HandshakeAllThreads (Deoptimize) done
Event: 7.378 Executing VM operation: ICBufferFull
Event: 7.378 Executing VM operation: ICBufferFull done
Event: 7.605 Executing VM operation: G1CollectForAllocation (G1 Evacuation Pause)
Event: 7.615 Executing VM operation: G1CollectForAllocation (G1 Evacuation Pause) done
Event: 7.664 Executing VM operation: HandshakeAllThreads (Deoptimize)
Event: 7.664 Executing VM operation: HandshakeAllThreads (Deoptimize) done
Event: 8.236 Executing VM operation: HandshakeAllThreads (Deoptimize)
Event: 8.236 Executing VM operation: HandshakeAllThreads (Deoptimize) done
Event: 8.421 Executing VM operation: HandshakeAllThreads (Deoptimize)
Event: 8.421 Executing VM operation: HandshakeAllThreads (Deoptimize) done
Event: 8.424 Executing VM operation: HandshakeAllThreads (Deoptimize)
Event: 8.424 Executing VM operation: HandshakeAllThreads (Deoptimize) done
Event: 8.536 Executing VM operation: HandshakeAllThreads (Deoptimize)
Event: 8.536 Executing VM operation: HandshakeAllThreads (Deoptimize) done
Event: 9.244 Executing VM operation: HandshakeAllThreads (Deoptimize)
Event: 9.244 Executing VM operation: HandshakeAllThreads (Deoptimize) done
Event: 9.244 Executing VM operation: Cleanup
Event: 9.244 Executing VM operation: Cleanup done

Events (20 events):
Event: 0.085 Thread 0x00000274dc305c00 Thread added: 0x00000274dc305c00
Event: 0.085 Thread 0x00000274dc307b80 Thread added: 0x00000274dc307b80
Event: 0.085 Thread 0x00000274dc30a870 Thread added: 0x00000274dc30a870
Event: 0.085 Thread 0x00000274dc30b480 Thread added: 0x00000274dc30b480
Event: 0.085 Thread 0x00000274dc30c090 Thread added: 0x00000274dc30c090
Event: 0.086 Thread 0x00000274dc315ed0 Thread added: 0x00000274dc315ed0
Event: 0.086 Thread 0x00000274dc31cb50 Thread added: 0x00000274dc31cb50
Event: 0.239 Thread 0x00000274bf7fbf00 Thread added: 0x00000274bf7fbf00
Event: 0.689 Thread 0x00000274dc786130 Thread added: 0x00000274dc786130
Event: 0.690 Thread 0x00000274dc7867a0 Thread added: 0x00000274dc7867a0
Event: 1.673 Thread 0x0000027522775040 Thread added: 0x0000027522775040
Event: 1.683 Thread 0x00000275227c2580 Thread added: 0x00000275227c2580
Event: 3.080 Thread 0x0000027522994030 Thread added: 0x0000027522994030
Event: 4.041 Thread 0x0000027522f45600 Thread added: 0x0000027522f45600
Event: 4.053 Thread 0x0000027522994030 Thread exited: 0x0000027522994030
Event: 4.184 Thread 0x0000027522f45600 Thread exited: 0x0000027522f45600
Event: 8.546 Thread 0x0000027523385ab0 Thread added: 0x0000027523385ab0
Event: 8.552 Thread 0x0000027523c5ff40 Thread added: 0x0000027523c5ff40
Event: 8.559 Thread 0x0000027523c955b0 Thread added: 0x0000027523c955b0
Event: 8.618 Thread 0x0000027523c927c0 Thread added: 0x0000027523c927c0


Dynamic libraries:
0x00007ff7d2890000 - 0x00007ff7d28a0000 	C:\Program Files\Java\jdk-21\bin\java.exe
0x00007ffea2470000 - 0x00007ffea2668000 	C:\Windows\SYSTEM32\ntdll.dll
0x00007ffea0530000 - 0x00007ffea05f1000 	C:\Windows\System32\KERNEL32.DLL
0x00007ffe9ffa0000 - 0x00007ffea0296000 	C:\Windows\System32\KERNELBASE.dll
0x00007ffe9fe00000 - 0x00007ffe9ff00000 	C:\Windows\System32\ucrtbase.dll
0x00007ffe98190000 - 0x00007ffe981ab000 	C:\Program Files\Java\jdk-21\bin\VCRUNTIME140.dll
0x00007ffe96be0000 - 0x00007ffe96bf9000 	C:\Program Files\Java\jdk-21\bin\jli.dll
0x00007ffea0a00000 - 0x00007ffea0ab0000 	C:\Windows\System32\ADVAPI32.dll
0x00007ffea06e0000 - 0x00007ffea077e000 	C:\Windows\System32\msvcrt.dll
0x00007ffea0ac0000 - 0x00007ffea0b60000 	C:\Windows\System32\sechost.dll
0x00007ffea08d0000 - 0x00007ffea09f3000 	C:\Windows\System32\RPCRT4.dll
0x00007ffea0470000 - 0x00007ffea0497000 	C:\Windows\System32\bcrypt.dll
0x00007ffea1b80000 - 0x00007ffea1d1f000 	C:\Windows\System32\USER32.dll
0x00007ffe9fdd0000 - 0x00007ffe9fdf2000 	C:\Windows\System32\win32u.dll
0x00007ffea2350000 - 0x00007ffea237b000 	C:\Windows\System32\GDI32.dll
0x00007ffea0350000 - 0x00007ffea0467000 	C:\Windows\System32\gdi32full.dll
0x00007ffe919c0000 - 0x00007ffe91c5a000 	C:\Windows\WinSxS\amd64_microsoft.windows.common-controls_6595b64144ccf1df_6.0.19041.4355_none_60b8b9eb71f62e16\COMCTL32.dll
0x00007ffe9ff00000 - 0x00007ffe9ff9d000 	C:\Windows\System32\msvcp_win.dll
0x00007ffe927e0000 - 0x00007ffe927ea000 	C:\Windows\SYSTEM32\VERSION.dll
0x00007ffea0500000 - 0x00007ffea052f000 	C:\Windows\System32\IMM32.DLL
0x00007ffe994e0000 - 0x00007ffe994ec000 	C:\Program Files\Java\jdk-21\bin\vcruntime140_1.dll
0x00007ffe8cff0000 - 0x00007ffe8d07e000 	C:\Program Files\Java\jdk-21\bin\msvcp140.dll
0x00007ffe1de70000 - 0x00007ffe1eb7d000 	C:\Program Files\Java\jdk-21\bin\server\jvm.dll
0x00007ffea1ed0000 - 0x00007ffea1f3b000 	C:\Windows\System32\WS2_32.dll
0x00007ffe9f050000 - 0x00007ffe9f09b000 	C:\Windows\SYSTEM32\POWRPROF.dll
0x00007ffe921a0000 - 0x00007ffe921c7000 	C:\Windows\SYSTEM32\WINMM.dll
0x00007ffe9ef10000 - 0x00007ffe9ef22000 	C:\Windows\SYSTEM32\UMPDC.dll
0x00007ffe9d9a0000 - 0x00007ffe9d9b2000 	C:\Windows\SYSTEM32\kernel.appcore.dll
0x00007ffe98180000 - 0x00007ffe9818a000 	C:\Program Files\Java\jdk-21\bin\jimage.dll
0x00007ffe8b030000 - 0x00007ffe8b214000 	C:\Windows\SYSTEM32\DBGHELP.DLL
0x00007ffe8aff0000 - 0x00007ffe8b024000 	C:\Windows\SYSTEM32\dbgcore.DLL
0x00007ffe9fb20000 - 0x00007ffe9fba2000 	C:\Windows\System32\bcryptPrimitives.dll
0x00007ffe98040000 - 0x00007ffe9804f000 	C:\Program Files\Java\jdk-21\bin\instrument.dll
0x00007ffe92bb0000 - 0x00007ffe92bcf000 	C:\Program Files\Java\jdk-21\bin\java.dll
0x00007ffea1330000 - 0x00007ffea1a9c000 	C:\Windows\System32\SHELL32.dll
0x00007ffe9dba0000 - 0x00007ffe9e33d000 	C:\Windows\SYSTEM32\windows.storage.dll
0x00007ffea1f40000 - 0x00007ffea2293000 	C:\Windows\System32\combase.dll
0x00007ffe9f540000 - 0x00007ffe9f56e000 	C:\Windows\SYSTEM32\Wldp.dll
0x00007ffea0b90000 - 0x00007ffea0c5d000 	C:\Windows\System32\OLEAUT32.dll
0x00007ffea2380000 - 0x00007ffea242d000 	C:\Windows\System32\SHCORE.dll
0x00007ffea07e0000 - 0x00007ffea0835000 	C:\Windows\System32\shlwapi.dll
0x00007ffe9fa50000 - 0x00007ffe9fa74000 	C:\Windows\SYSTEM32\profapi.dll
0x00007ffe77fd0000 - 0x00007ffe780a7000 	C:\Program Files\Java\jdk-21\bin\jsvml.dll
0x00007ffe8fe00000 - 0x00007ffe8fe18000 	C:\Program Files\Java\jdk-21\bin\zip.dll
0x00007ffe96c40000 - 0x00007ffe96c50000 	C:\Program Files\Java\jdk-21\bin\net.dll
0x00007ffe934e0000 - 0x00007ffe935ea000 	C:\Windows\SYSTEM32\WINHTTP.dll
0x00007ffe9f2a0000 - 0x00007ffe9f30a000 	C:\Windows\system32\mswsock.dll
0x00007ffe8fde0000 - 0x00007ffe8fdf6000 	C:\Program Files\Java\jdk-21\bin\nio.dll
0x00007ffe97e10000 - 0x00007ffe97e2a000 	C:\Program Files\JetBrains\IntelliJ IDEA Community Edition 2024.1\bin\breakgen64.dll
0x00007ffe926b0000 - 0x00007ffe926b9000 	C:\Program Files\Java\jdk-21\bin\extnet.dll
0x00007ffe8fdb0000 - 0x00007ffe8fdba000 	C:\Program Files\Java\jdk-21\bin\management.dll
0x00007ffe8fd80000 - 0x00007ffe8fd8b000 	C:\Program Files\Java\jdk-21\bin\management_ext.dll
0x00007ffea0ab0000 - 0x00007ffea0ab8000 	C:\Windows\System32\PSAPI.DLL
0x00007ffe8fc70000 - 0x00007ffe8fc7e000 	C:\Program Files\Java\jdk-21\bin\sunmscapi.dll
0x00007ffe9fc70000 - 0x00007ffe9fdce000 	C:\Windows\System32\CRYPT32.dll
0x00007ffe9f5b0000 - 0x00007ffe9f5d9000 	C:\Windows\SYSTEM32\ncrypt.dll
0x00007ffe9f570000 - 0x00007ffe9f5ab000 	C:\Windows\SYSTEM32\NTASN1.dll
0x00007ffe9f490000 - 0x00007ffe9f4a8000 	C:\Windows\SYSTEM32\CRYPTSP.dll
0x00007ffe9eb50000 - 0x00007ffe9eb84000 	C:\Windows\system32\rsaenh.dll
0x00007ffe9f9c0000 - 0x00007ffe9f9ee000 	C:\Windows\SYSTEM32\USERENV.dll
0x00007ffe9f4b0000 - 0x00007ffe9f4bc000 	C:\Windows\SYSTEM32\CRYPTBASE.dll
0x00007ffe9ef30000 - 0x00007ffe9ef6b000 	C:\Windows\SYSTEM32\IPHLPAPI.DLL
0x00007ffea0b80000 - 0x00007ffea0b88000 	C:\Windows\System32\NSI.dll

dbghelp: loaded successfully - version: 4.0.5 - missing functions: none
symbol engine: initialized successfully - sym options: 0x614 - pdb path: .;C:\Program Files\Java\jdk-21\bin;C:\Windows\SYSTEM32;C:\Windows\WinSxS\amd64_microsoft.windows.common-controls_6595b64144ccf1df_6.0.19041.4355_none_60b8b9eb71f62e16;C:\Program Files\Java\jdk-21\bin\server;C:\Program Files\JetBrains\IntelliJ IDEA Community Edition 2024.1\bin

VM Arguments:
jvm_args: -javaagent:C:\Program Files\JetBrains\IntelliJ IDEA Community Edition 2024.1\lib\idea_rt.jar=52769:C:\Program Files\JetBrains\IntelliJ IDEA Community Edition 2024.1\bin -Dfile.encoding=UTF-8 -Dsun.stdout.encoding=UTF-8 -Dsun.stderr.encoding=UTF-8 
java_command: obi.com.eazyconcept.EazyconceptApplication
java_class_path (initial): C:\Users\Iloke Obinna\Desktop\eazyconcept\target\classes;C:\Users\Iloke Obinna\.m2\repository\org\springframework\boot\spring-boot-starter-data-jpa\3.2.2\spring-boot-starter-data-jpa-3.2.2.jar;C:\Users\Iloke Obinna\.m2\repository\org\springframework\boot\spring-boot-starter-aop\3.2.2\spring-boot-starter-aop-3.2.2.jar;C:\Users\Iloke Obinna\.m2\repository\org\aspectj\aspectjweaver\1.9.21\aspectjweaver-1.9.21.jar;C:\Users\Iloke Obinna\.m2\repository\org\springframework\boot\spring-boot-starter-jdbc\3.2.2\spring-boot-starter-jdbc-3.2.2.jar;C:\Users\Iloke Obinna\.m2\repository\com\zaxxer\HikariCP\5.0.1\HikariCP-5.0.1.jar;C:\Users\Iloke Obinna\.m2\repository\org\springframework\spring-jdbc\6.1.3\spring-jdbc-6.1.3.jar;C:\Users\Iloke Obinna\.m2\repository\org\hibernate\orm\hibernate-core\6.4.1.Final\hibernate-core-6.4.1.Final.jar;C:\Users\Iloke Obinna\.m2\repository\jakarta\persistence\jakarta.persistence-api\3.1.0\jakarta.persistence-api-3.1.0.jar;C:\Users\Iloke Obinna\.m2\repository\jakarta\transaction\jakarta.transaction-api\2.0.1\jakarta.transaction-api-2.0.1.jar;C:\Users\Iloke Obinna\.m2\repository\org\jboss\logging\jboss-logging\3.5.3.Final\jboss-logging-3.5.3.Final.jar;C:\Users\Iloke Obinna\.m2\repository\org\hibernate\common\hibernate-commons-annotations\6.0.6.Final\hibernate-commons-annotations-6.0.6.Final.jar;C:\Users\Iloke Obinna\.m2\repository\io\smallrye\jandex\3.1.2\jandex-3.1.2.jar;C:\Users\Iloke Obinna\.m2\repository\com\fasterxml\classmate\1.6.0\classmate-1.6.0.jar;C:\Users\Iloke Obinna\.m2\repository\net\bytebuddy\byte-buddy\1.14.11\byte-buddy-1.14.11.jar;C:\Users\Iloke Obinna\.m2\repository\org\glassfish\jaxb\jaxb-runtime\4.0.4\jaxb-runtime-4.0.4.jar;C:\Users\Iloke Obinna\.m2\repository\org\glassfish\jaxb\jaxb-core\4.0.4\jaxb-core-4.0.4.jar;C:\Users\Iloke Obinna\.m2\repository\org\eclipse\angus\angus-activation\2.0.1\angus-activation-2.0.1.jar;C:\Users\Iloke Obinna\.m2\repository\org\glassfish\jaxb\txw2\4.0.4\txw2-4.0.4.jar;C:\Users\Iloke Obinna\.m2\repository\com\sun\istack\istack-commons-runtime\4.1.2\istack-commons-runtime-4.1.2.jar;C:\Users\Iloke Obinna\.m2\repository\jakarta\inject\jakarta.inject-api\2.0.1\jakarta.inject-api-2.0.1.jar;C:\Users\Iloke Obinna\.m2\repository\org\antlr\antlr4-runtime\4.13.0\antlr4-runtime-4.13.0.jar;C:\Users\Iloke Obinna\.m2\repository\org\springframework\data\spring-data-jpa\3.2.2\spring-data-jpa-3.2.2.jar;C:\Users\Iloke Obinna\.m2\repository\org\springframework\data\spring-data-commons\3.2.2\spring-data-commons-3.2.2.jar;C:\Users\Iloke Obinna\.m2\repository\org\springframework\spring-orm\6.1.3\spring-orm-6.1.3.jar;C:\Users\Iloke Obinna\.m2\repository\org\springframework\spring-context\6.1.3\spring-context-6.1.3.jar;C:\Users\Iloke Obinna\.m2\repository\org\springframework\spring-tx\6.1.3\spring-tx-6.1.3.jar;C:\Users\Iloke Obinna\.m2\repository\org\springframework\spring-beans\6.1.3\spring-beans-6.1.3.jar;C:\Users\Iloke Obinna\.m2\repository\jakarta\annotation\jakarta.annotation-api\2.1.1\jakarta.annotation-api-2.1.1.jar;C:\Users\Iloke Obinna\.m2\repository\org\slf4j\slf4j-api\2.0.11\slf4j-api-2.0.11.jar;C:\Users\Iloke Obinna\.m2\repository\org\springframework\spring-aspects\6.1.3\spring-aspects-6.1.3.jar;C:\Users\Iloke Obinna\.m2\repository\org\springframework\boot\spring-boot-starter-security\3.2.2\spring-boot-starter-security-3.2.2.jar;C:\Users\Iloke Obinna\.m2\repository\org\springframework\boot\spring-boot-starter\3.2.2\spring-boot-starter-3.2.2.jar;C:\Users\Iloke Obinna\.m2\repository\org\springframework\boot\spring-boot-starter-logging\3.2.2\spring-boot-starter-logging-3.2.2.jar;C:\Users\Iloke Obinna\.m2\repository\ch\qos\logback\logback-classic\1.4.14\logback-classic-1.4.14.jar;C:\Users\Iloke Obinna\.m2\repository\ch\qos\logback\logback-core\1.4.14\logback-core-1.4.14.jar;C:\Users\Iloke Obinna\.m2\repository\org\apache\logging\log4j\log4j-to-slf4j\2.21.1\log4j-to-slf4j-2.21.1.jar;C:\Users\Iloke Obinna\.m2\repository\org\apache\logging\log4j\log4j-api\2.21.1\log4j-api-2.21.1.jar;C:\Users\Iloke Obinna\.m2\repository\org\slf4j\jul-to-slf4j\2.0.11\jul-to-slf4j-2.0.11.jar;C:\Users\Iloke Obinna\.m2\repository\org\yaml\snakeyaml\2.2\snakeyaml-2.2.jar;C:\Users\Iloke Obinna\.m2\repository\org\springframework\spring-aop\6.1.3\spring-aop-6.1.3.jar;C:\Users\Iloke Obinna\.m2\repository\org\springframework\security\spring-security-config\6.2.1\spring-security-config-6.2.1.jar;C:\Users\Iloke Obinna\.m2\repository\org\springframework\security\spring-security-web\6.2.1\spring-security-web-6.2.1.jar;C:\Users\Iloke Obinna\.m2\repository\org\springframework\spring-expression\6.1.3\spring-expression-6.1.3.jar;C:\Users\Iloke Obinna\.m2\repository\org\springframework\boot\spring-boot-starter-thymeleaf\3.2.2\spring-boot-starter-thymeleaf-3.2.2.jar;C:\Users\Iloke Obinna\.m2\repository\org\thymeleaf\thymeleaf-spring6\3.1.2.RELEASE\thymeleaf-spring6-3.1.2.RELEASE.jar;C:\Users\Iloke Obinna\.m2\repository\org\thymeleaf\thymeleaf\3.1.2.RELEASE\thymeleaf-3.1.2.RELEASE.jar;C:\Users\Iloke Obinna\.m2\repository\org\attoparser\attoparser\2.0.7.RELEASE\attoparser-2.0.7.RELEASE.jar;C:\Users\Iloke Obinna\.m2\repository\org\unbescape\unbescape\1.1.6.RELEASE\unbescape-1.1.6.RELEASE.jar;C:\Users\Iloke Obinna\.m2\repository\org\springframework\boot\spring-boot-starter-web\3.2.2\spring-boot-starter-web-3.2.2.jar;C:\Users\Iloke Obinna\.m2\repository\org\springframework\boot\spring-boot-starter-json\3.2.2\spring-boot-starter-json-3.2.2.jar;C:\Users\Iloke Obinna\.m2\repository\com\fasterxml\jackson\core\jackson-databind\2.15.3\jackson-databind-2.15.3.jar;C:\Users\Iloke Obinna\.m2\repository\com\fasterxml\jackson\core\jackson-annotations\2.15.3\jackson-annotations-2.15.3.jar;C:\Users\Iloke Obinna\.m2\repository\com\fasterxml\jackson\core\jackson-core\2.15.3\jackson-core-2.15.3.jar;C:\Users\Iloke Obinna\.m2\repository\com\fasterxml\jackson\datatype\jackson-datatype-jdk8\2.15.3\jackson-datatype-jdk8-2.15.3.jar;C:\Users\Iloke Obinna\.m2\repository\com\fasterxml\jackson\datatype\jackson-datatype-jsr310\2.15.3\jackson-datatype-jsr310-2.15.3.jar;C:\Users\Iloke Obinna\.m2\repository\com\fasterxml\jackson\module\jackson-module-parameter-names\2.15.3\jackson-module-parameter-names-2.15.3.jar;C:\Users\Iloke Obinna\.m2\repository\org\springframework\boot\spring-boot-starter-tomcat\3.2.2\spring-boot-starter-tomcat-3.2.2.jar;C:\Users\Iloke Obinna\.m2\repository\org\apache\tomcat\embed\tomcat-embed-core\10.1.18\tomcat-embed-core-10.1.18.jar;C:\Users\Iloke Obinna\.m2\repository\org\apache\tomcat\embed\tomcat-embed-el\10.1.18\tomcat-embed-el-10.1.18.jar;C:\Users\Iloke Obinna\.m2\repository\org\apache\tomcat\embed\tomcat-embed-websocket\10.1.18\tomcat-embed-websocket-10.1.18.jar;C:\Users\Iloke Obinna\.m2\repository\org\springframework\spring-web\6.1.3\spring-web-6.1.3.jar;C:\Users\Iloke Obinna\.m2\repository\io\micrometer\micrometer-observation\1.12.2\micrometer-observation-1.12.2.jar;C:\Users\Iloke Obinna\.m2\repository\io\micrometer\micrometer-commons\1.12.2\micrometer-commons-1.12.2.jar;C:\Users\Iloke Obinna\.m2\repository\org\springframework\spring-webmvc\6.1.3\spring-webmvc-6.1.3.jar;C:\Users\Iloke Obinna\.m2\repository\org\springframework\boot\spring-boot-devtools\3.2.2\spring-boot-devtools-3.2.2.jar;C:\Users\Iloke Obinna\.m2\repository\org\springframework\boot\spring-boot\3.2.2\spring-boot-3.2.2.jar;C:\Users\Iloke Obinna\.m2\repository\org\springframework\boot\spring-boot-autoconfigure\3.2.2\spring-boot-autoconfigure-3.2.2.jar;C:\Users\Iloke Obinna\.m2\repository\com\mysql\mysql-connector-j\8.3.0\mysql-connector-j-8.3.0.jar;C:\Users\Iloke Obinna\.m2\repository\org\projectlombok\lombok\1.18.30\lombok-1.18.30.jar;C:\Users\Iloke Obinna\.m2\repository\jakarta\xml\bind\jakarta.xml.bind-api\4.0.1\jakarta.xml.bind-api-4.0.1.jar;C:\Users\Iloke Obinna\.m2\repository\jakarta\activation\jakarta.activation-api\2.1.2\jakarta.activation-api-2.1.2.jar;C:\Users\Iloke Obinna\.m2\repository\org\springframework\spring-core\6.1.3\spring-core-6.1.3.jar;C:\Users\Iloke Obinna\.m2\repository\org\springframework\spring-jcl\6.1.3\spring-jcl-6.1.3.jar;C:\Users\Iloke Obinna\.m2\repository\org\springframework\security\spring-security-core\6.2.1\spring-security-core-6.2.1.jar;C:\Users\Iloke Obinna\.m2\repository\org\springframework\security\spring-security-crypto\6.2.1\spring-security-crypto-6.2.1.jar
Launcher Type: SUN_STANDARD

[Global flags]
     intx CICompilerCount                          = 3                                         {product} {ergonomic}
     uint ConcGCThreads                            = 1                                         {product} {ergonomic}
     uint G1ConcRefinementThreads                  = 4                                         {product} {ergonomic}
   size_t G1HeapRegionSize                         = 1048576                                   {product} {ergonomic}
    uintx GCDrainStackTargetSize                   = 64                                        {product} {ergonomic}
   size_t InitialHeapSize                          = 67108864                                  {product} {ergonomic}
   size_t MarkStackSize                            = 4194304                                   {product} {ergonomic}
   size_t MaxHeapSize                              = 1042284544                                {product} {ergonomic}
   size_t MaxNewSize                               = 624951296                                 {product} {ergonomic}
   size_t MinHeapDeltaBytes                        = 1048576                                   {product} {ergonomic}
   size_t MinHeapSize                              = 8388608                                   {product} {ergonomic}
    uintx NonNMethodCodeHeapSize                   = 5832780                                {pd product} {ergonomic}
    uintx NonProfiledCodeHeapSize                  = 122912730                              {pd product} {ergonomic}
    uintx ProfiledCodeHeapSize                     = 122912730                              {pd product} {ergonomic}
    uintx ReservedCodeCacheSize                    = 251658240                              {pd product} {ergonomic}
     bool SegmentedCodeCache                       = true                                      {product} {ergonomic}
   size_t SoftMaxHeapSize                          = 1042284544                             {manageable} {ergonomic}
     bool UseCompressedOops                        = true                           {product lp64_product} {ergonomic}
     bool UseG1GC                                  = true                                      {product} {ergonomic}
     bool UseLargePagesIndividualAllocation        = false                                  {pd product} {ergonomic}

Logging:
Log output configuration:
 #0: stdout all=warning uptime,level,tags foldmultilines=false
 #1: stderr all=off uptime,level,tags foldmultilines=false

Environment Variables:
PATH=C:\Program Files\Python312\Scripts\;C:\Program Files\Python312\;C:\Program Files\Common Files\Oracle\Java\javapath;C:\Windows\system32;C:\Windows;C:\Windows\System32\Wbem;C:\Windows\System32\WindowsPowerShell\v1.0\;C:\Windows\System32\OpenSSH\;C:\Program Files\Microsoft VS Code\bin;C:\Program Files\Git\cmd;C:\Users\Iloke Obinna\AppData\Local\Microsoft\WindowsApps;
USERNAME=Iloke Obinna
OS=Windows_NT
PROCESSOR_IDENTIFIER=Intel64 Family 6 Model 61 Stepping 4, GenuineIntel
TMP=C:\Users\ILOKEO~1\AppData\Local\Temp
TEMP=C:\Users\ILOKEO~1\AppData\Local\Temp




Periodic native trim disabled

---------------  S Y S T E M  ---------------

OS:
 Windows 10 , 64 bit Build 19041 (10.0.19041.4597)
OS uptime: 1 days 11:51 hours

CPU: total 4 (initial active 4) (2 cores per cpu, 2 threads per core) family 6 model 61 stepping 4 microcode 0x2d, cx8, cmov, fxsr, ht, mmx, 3dnowpref, sse, sse2, sse3, ssse3, sse4.1, sse4.2, popcnt, lzcnt, tsc, tscinvbit, avx, avx2, aes, erms, clmul, bmi1, bmi2, adx, fma, vzeroupper, clflush, rdtscp, f16c
Processor Information for all 4 processors :
  Max Mhz: 2201, Current Mhz: 2201, Mhz Limit: 2201

Memory: 4k page, system-wide physical 3971M (193M free)
TotalPageFile size 16259M (AvailPageFile size 5M)
current process WorkingSet (physical memory assigned to process): 177M, peak: 178M
current process commit charge ("private bytes"): 214M, peak: 215M

vm_info: Java HotSpot(TM) 64-Bit Server VM (21.0.3+7-LTS-152) for windows-amd64 JRE (21.0.3+7-LTS-152), built on 2024-03-11T17:42:26Z by "mach5one" with MS VC++ 17.6 (VS2022)

END.
