#
# There is insufficient memory for the Java Runtime Environment to continue.
# Native memory allocation (malloc) failed to allocate 32744 bytes for Chunk::new
# Possible reasons:
#   The system is out of physical RAM or swap space
#   The process is running with CompressedOops enabled, and the Java Heap may be blocking the growth of the native heap
# Possible solutions:
#   Reduce memory load on the system
#   Increase physical memory or swap space
#   Check if swap backing store is full
#   Decrease Java heap size (-Xmx/-Xms)
#   Decrease number of Java threads
#   Decrease Java thread stack sizes (-Xss)
#   Set larger code cache with -XX:ReservedCodeCacheSize=
#   JVM is running with Unscaled Compressed Oops mode in which the Java heap is
#     placed in the first 4GB address space. The Java Heap base address is the
#     maximum limit for the native heap growth. Please use -XX:HeapBaseMinAddress
#     to set the Java Heap base and to place the Java Heap above 4GB virtual address.
# This output file may be truncated or incomplete.
#
#  Out of Memory Error (arena.cpp:168), pid=11024, tid=18848
#
# JRE version: Java(TM) SE Runtime Environment (21.0.3+7) (build 21.0.3+7-LTS-152)
# Java VM: Java HotSpot(TM) 64-Bit Server VM (21.0.3+7-LTS-152, mixed mode, sharing, tiered, compressed oops, compressed class ptrs, g1 gc, windows-amd64)
# No core dump will be written. Minidumps are not enabled by default on client versions of Windows
#

---------------  S U M M A R Y ------------

Command Line: -javaagent:C:\Program Files\JetBrains\IntelliJ IDEA Community Edition 2024.1\lib\idea_rt.jar=64490:C:\Program Files\JetBrains\IntelliJ IDEA Community Edition 2024.1\bin -Dfile.encoding=UTF-8 -Dsun.stdout.encoding=UTF-8 -Dsun.stderr.encoding=UTF-8 obi.com.eazyconcept.EazyconceptApplication

Host: Intel(R) Core(TM) i5-5200U CPU @ 2.20GHz, 4 cores, 3G,  Windows 10 , 64 bit Build 19041 (10.0.19041.4717)
Time: Mon Aug 26 10:09:38 2024 W. Central Africa Standard Time elapsed time: 259.571437 seconds (0d 0h 4m 19s)

---------------  T H R E A D  ---------------

Current thread (0x0000022edf149a30):  JavaThread "C1 CompilerThread0" daemon [_thread_in_native, id=18848, stack(0x00000079cff00000,0x00000079d0000000) (1024K)]


Current CompileTask:
C1: 259572 6803       3       org.apache.catalina.util.LifecycleBase::fireLifecycleEvent (56 bytes)

Stack: [0x00000079cff00000,0x00000079d0000000]
Native frames: (J=compiled Java code, j=interpreted, Vv=VM code, C=native code)
V  [jvm.dll+0x6c63b9]
V  [jvm.dll+0x84fa11]
V  [jvm.dll+0x851f3e]
V  [jvm.dll+0x852613]
V  [jvm.dll+0x27cd46]
V  [jvm.dll+0xc4aad]
V  [jvm.dll+0xc4fe3]
V  [jvm.dll+0x1947c3]
V  [jvm.dll+0x19488d]
V  [jvm.dll+0x196df9]
V  [jvm.dll+0x198594]
V  [jvm.dll+0x1533b3]
V  [jvm.dll+0x152bf8]
V  [jvm.dll+0x152e44]
V  [jvm.dll+0x152276]
V  [jvm.dll+0x15404d]
V  [jvm.dll+0x254609]
V  [jvm.dll+0x252b9a]
V  [jvm.dll+0x3eb056]
V  [jvm.dll+0x7f9ffb]
V  [jvm.dll+0x6c4a9d]
C  [ucrtbase.dll+0x21bb2]
C  [KERNEL32.DLL+0x17374]
C  [ntdll.dll+0x4cc91]


---------------  P R O C E S S  ---------------

Threads class SMR info:
_java_thread_list=0x0000022ee4d47c50, length=31, elements={
0x0000022edf134e60, 0x0000022edf137d40, 0x0000022edf139ed0, 0x0000022edf13aae0,
0x0000022edf13b970, 0x0000022edf13fe90, 0x0000022edf148de0, 0x0000022edf149a30,
0x0000022edf25b240, 0x0000022edf394fd0, 0x0000022edf4bd040, 0x0000022ee4956030,
0x0000022ee5d9d3e0, 0x0000022ee52ecd90, 0x0000022ee4c818b0, 0x0000022ee4c7f7e0,
0x0000022ee4c7e430, 0x0000022ee4c7eac0, 0x0000022ee4c80500, 0x0000022ee4c7f150,
0x0000022ee4c81220, 0x0000022ee7a42c80, 0x0000022ee7a40bb0, 0x0000022ee7a3fe90,
0x0000022ee7a3d0a0, 0x0000022ee7a446c0, 0x0000022ee7a3f170, 0x0000022ee7a418d0,
0x0000022ee7a40520, 0x0000022ee7a44030, 0x0000022ee7a3f800
}

Java Threads: ( => current thread )
  0x0000022edf134e60 JavaThread "Reference Handler"          daemon [_thread_blocked, id=20444, stack(0x00000079cf800000,0x00000079cf900000) (1024K)]
  0x0000022edf137d40 JavaThread "Finalizer"                  daemon [_thread_blocked, id=19468, stack(0x00000079cf900000,0x00000079cfa00000) (1024K)]
  0x0000022edf139ed0 JavaThread "Signal Dispatcher"          daemon [_thread_blocked, id=13456, stack(0x00000079cfa00000,0x00000079cfb00000) (1024K)]
  0x0000022edf13aae0 JavaThread "Attach Listener"            daemon [_thread_blocked, id=5076, stack(0x00000079cfb00000,0x00000079cfc00000) (1024K)]
  0x0000022edf13b970 JavaThread "Service Thread"             daemon [_thread_blocked, id=8936, stack(0x00000079cfc00000,0x00000079cfd00000) (1024K)]
  0x0000022edf13fe90 JavaThread "Monitor Deflation Thread"   daemon [_thread_blocked, id=13644, stack(0x00000079cfd00000,0x00000079cfe00000) (1024K)]
  0x0000022edf148de0 JavaThread "C2 CompilerThread0"         daemon [_thread_blocked, id=20164, stack(0x00000079cfe00000,0x00000079cff00000) (1024K)]
=>0x0000022edf149a30 JavaThread "C1 CompilerThread0"         daemon [_thread_in_native, id=18848, stack(0x00000079cff00000,0x00000079d0000000) (1024K)]
  0x0000022edf25b240 JavaThread "Common-Cleaner"             daemon [_thread_blocked, id=16876, stack(0x00000079d0000000,0x00000079d0100000) (1024K)]
  0x0000022edf394fd0 JavaThread "Monitor Ctrl-Break"         daemon [_thread_in_native, id=9116, stack(0x00000079d0100000,0x00000079d0200000) (1024K)]
  0x0000022edf4bd040 JavaThread "Notification Thread"        daemon [_thread_blocked, id=15616, stack(0x00000079d0200000,0x00000079d0300000) (1024K)]
  0x0000022ee4956030 JavaThread "Catalina-utility-1"                [_thread_blocked, id=15604, stack(0x00000079d0800000,0x00000079d0900000) (1024K)]
  0x0000022ee5d9d3e0 JavaThread "Catalina-utility-2"                [_thread_blocked, id=7188, stack(0x00000079d0900000,0x00000079d0a00000) (1024K)]
  0x0000022ee52ecd90 JavaThread "container-0"                       [_thread_blocked, id=13628, stack(0x00000079d0a00000,0x00000079d0b00000) (1024K)]
  0x0000022ee4c818b0 JavaThread "mysql-cj-abandoned-connection-cleanup" daemon [_thread_blocked, id=8656, stack(0x00000079d0b00000,0x00000079d0c00000) (1024K)]
  0x0000022ee4c7f7e0 JavaThread "HikariPool-1 housekeeper"   daemon [_thread_blocked, id=10984, stack(0x00000079d0d00000,0x00000079d0e00000) (1024K)]
  0x0000022ee4c7e430 JavaThread "File Watcher"               daemon [_thread_blocked, id=8836, stack(0x00000079d0e00000,0x00000079d0f00000) (1024K)]
  0x0000022ee4c7eac0 JavaThread "Live Reload Server"         daemon [_thread_in_native, id=18728, stack(0x00000079d1000000,0x00000079d1100000) (1024K)]
  0x0000022ee4c80500 JavaThread "http-nio-8080-exec-1"       daemon [_thread_blocked, id=20628, stack(0x00000079d0f00000,0x00000079d1000000) (1024K)]
  0x0000022ee4c7f150 JavaThread "http-nio-8080-exec-2"       daemon [_thread_blocked, id=15304, stack(0x00000079d1100000,0x00000079d1200000) (1024K)]
  0x0000022ee4c81220 JavaThread "http-nio-8080-exec-3"       daemon [_thread_blocked, id=12772, stack(0x00000079d1200000,0x00000079d1300000) (1024K)]
  0x0000022ee7a42c80 JavaThread "http-nio-8080-exec-4"       daemon [_thread_blocked, id=12668, stack(0x00000079d1300000,0x00000079d1400000) (1024K)]
  0x0000022ee7a40bb0 JavaThread "http-nio-8080-exec-5"       daemon [_thread_blocked, id=8868, stack(0x00000079d1400000,0x00000079d1500000) (1024K)]
  0x0000022ee7a3fe90 JavaThread "http-nio-8080-exec-6"       daemon [_thread_blocked, id=17852, stack(0x00000079d1500000,0x00000079d1600000) (1024K)]
  0x0000022ee7a3d0a0 JavaThread "http-nio-8080-exec-7"       daemon [_thread_blocked, id=16224, stack(0x00000079d1600000,0x00000079d1700000) (1024K)]
  0x0000022ee7a446c0 JavaThread "http-nio-8080-exec-8"       daemon [_thread_blocked, id=12972, stack(0x00000079d1700000,0x00000079d1800000) (1024K)]
  0x0000022ee7a3f170 JavaThread "http-nio-8080-exec-9"       daemon [_thread_blocked, id=20524, stack(0x00000079d1800000,0x00000079d1900000) (1024K)]
  0x0000022ee7a418d0 JavaThread "http-nio-8080-exec-10"      daemon [_thread_blocked, id=6184, stack(0x00000079d1900000,0x00000079d1a00000) (1024K)]
  0x0000022ee7a40520 JavaThread "http-nio-8080-Poller"       daemon [_thread_in_native, id=7556, stack(0x00000079d1a00000,0x00000079d1b00000) (1024K)]
  0x0000022ee7a44030 JavaThread "http-nio-8080-Acceptor"     daemon [_thread_in_native, id=16020, stack(0x00000079d1b00000,0x00000079d1c00000) (1024K)]
  0x0000022ee7a3f800 JavaThread "DestroyJavaVM"                     [_thread_blocked, id=12996, stack(0x00000079cf000000,0x00000079cf100000) (1024K)]
Total: 31

Other Threads:
  0x0000022e83474fa0 VMThread "VM Thread"                           [id=17896, stack(0x00000079cf700000,0x00000079cf800000) (1024K)]
  0x0000022edf11c0d0 WatcherThread "VM Periodic Task Thread"        [id=14088, stack(0x00000079cf600000,0x00000079cf700000) (1024K)]
  0x0000022e833ee7d0 WorkerThread "GC Thread#0"                     [id=1420, stack(0x00000079cf100000,0x00000079cf200000) (1024K)]
  0x0000022edfb08350 WorkerThread "GC Thread#1"                     [id=20144, stack(0x00000079d0300000,0x00000079d0400000) (1024K)]
  0x0000022edf9089e0 WorkerThread "GC Thread#2"                     [id=4936, stack(0x00000079d0400000,0x00000079d0500000) (1024K)]
  0x0000022edf908d80 WorkerThread "GC Thread#3"                     [id=2396, stack(0x00000079d0500000,0x00000079d0600000) (1024K)]
  0x0000022e833f8cd0 ConcurrentGCThread "G1 Main Marker"            [id=7256, stack(0x00000079cf200000,0x00000079cf300000) (1024K)]
  0x0000022e833f9e80 WorkerThread "G1 Conc#0"                       [id=14332, stack(0x00000079cf300000,0x00000079cf400000) (1024K)]
  0x0000022e8344d050 ConcurrentGCThread "G1 Refine#0"               [id=7892, stack(0x00000079cf400000,0x00000079cf500000) (1024K)]
  0x0000022e8344dad0 ConcurrentGCThread "G1 Service"                [id=10840, stack(0x00000079cf500000,0x00000079cf600000) (1024K)]
Total: 10

Threads with active compile tasks:
C1 CompilerThread0   259634 6803       3       org.apache.catalina.util.LifecycleBase::fireLifecycleEvent (56 bytes)
Total: 1

VM state: not at safepoint (normal execution)

VM Mutex/Monitor currently owned by a thread: None

Heap address: 0x00000000c1e00000, size: 994 MB, Compressed Oops mode: 32-bit

CDS archive(s) mapped at: [0x0000022e9e000000-0x0000022e9ec90000-0x0000022e9ec90000), size 13172736, SharedBaseAddress: 0x0000022e9e000000, ArchiveRelocationMode: 1.
Compressed class space mapped at: 0x0000022e9f000000-0x0000022edf000000, reserved size: 1073741824
Narrow klass base: 0x0000022e9e000000, Narrow klass shift: 0, Narrow klass range: 0x100000000

GC Precious Log:
 CardTable entry size: 512
 Card Set container configuration: InlinePtr #cards 5 size 8 Array Of Cards #cards 12 size 40 Howl #buckets 4 coarsen threshold 1843 Howl Bitmap #cards 512 size 80 coarsen threshold 460 Card regions per heap region 1 cards per card region 2048
 CPUs: 4 total, 4 available
 Memory: 3971M
 Large Page Support: Disabled
 NUMA Support: Disabled
 Compressed Oops: Enabled (32-bit)
 Heap Region Size: 1M
 Heap Min Capacity: 8M
 Heap Initial Capacity: 64M
 Heap Max Capacity: 994M
 Pre-touch: Disabled
 Parallel Workers: 4
 Concurrent Workers: 1
 Concurrent Refinement Workers: 4
 Periodic GC: Disabled

Heap:
 garbage-first heap   total 60416K, used 34473K [0x00000000c1e00000, 0x0000000100000000)
  region size 1024K, 3 young (3072K), 1 survivors (1024K)
 Metaspace       used 69611K, committed 70336K, reserved 1114112K
  class space    used 9600K, committed 9920K, reserved 1048576K

Heap Regions: E=young(eden), S=young(survivor), O=old, HS=humongous(starts), HC=humongous(continues), CS=collection set, F=free, TAMS=top-at-mark-start, PB=parsable bottom
|   0|0x00000000c1e00000, 0x00000000c1f00000, 0x00000000c1f00000|100%|HS|  |TAMS 0x00000000c1e00000| PB 0x00000000c1e00000| Complete 
|   1|0x00000000c1f00000, 0x00000000c2000000, 0x00000000c2000000|100%| O|  |TAMS 0x00000000c1f00000| PB 0x00000000c1f00000| Untracked 
|   2|0x00000000c2000000, 0x00000000c2100000, 0x00000000c2100000|100%| O|  |TAMS 0x00000000c2000000| PB 0x00000000c2000000| Untracked 
|   3|0x00000000c2100000, 0x00000000c2200000, 0x00000000c2200000|100%| O|  |TAMS 0x00000000c2100000| PB 0x00000000c2100000| Untracked 
|   4|0x00000000c2200000, 0x00000000c2300000, 0x00000000c2300000|100%| O|  |TAMS 0x00000000c2200000| PB 0x00000000c2200000| Untracked 
|   5|0x00000000c2300000, 0x00000000c2400000, 0x00000000c2400000|100%| O|  |TAMS 0x00000000c2300000| PB 0x00000000c2300000| Untracked 
|   6|0x00000000c2400000, 0x00000000c2500000, 0x00000000c2500000|100%| O|  |TAMS 0x00000000c2400000| PB 0x00000000c2400000| Untracked 
|   7|0x00000000c2500000, 0x00000000c2600000, 0x00000000c2600000|100%| O|  |TAMS 0x00000000c2500000| PB 0x00000000c2500000| Untracked 
|   8|0x00000000c2600000, 0x00000000c2700000, 0x00000000c2700000|100%| O|  |TAMS 0x00000000c2600000| PB 0x00000000c2600000| Untracked 
|   9|0x00000000c2700000, 0x00000000c2800000, 0x00000000c2800000|100%| O|  |TAMS 0x00000000c2700000| PB 0x00000000c2700000| Untracked 
|  10|0x00000000c2800000, 0x00000000c2900000, 0x00000000c2900000|100%| O|  |TAMS 0x00000000c2800000| PB 0x00000000c2800000| Untracked 
|  11|0x00000000c2900000, 0x00000000c2a00000, 0x00000000c2a00000|100%| O|  |TAMS 0x00000000c2900000| PB 0x00000000c2900000| Untracked 
|  12|0x00000000c2a00000, 0x00000000c2b00000, 0x00000000c2b00000|100%| O|  |TAMS 0x00000000c2a00000| PB 0x00000000c2a00000| Untracked 
|  13|0x00000000c2b00000, 0x00000000c2c00000, 0x00000000c2c00000|100%| O|  |TAMS 0x00000000c2b00000| PB 0x00000000c2b00000| Untracked 
|  14|0x00000000c2c00000, 0x00000000c2d00000, 0x00000000c2d00000|100%| O|  |TAMS 0x00000000c2c00000| PB 0x00000000c2c00000| Untracked 
|  15|0x00000000c2d00000, 0x00000000c2e00000, 0x00000000c2e00000|100%| O|  |TAMS 0x00000000c2d00000| PB 0x00000000c2d00000| Untracked 
|  16|0x00000000c2e00000, 0x00000000c2f00000, 0x00000000c2f00000|100%| O|  |TAMS 0x00000000c2e00000| PB 0x00000000c2e00000| Untracked 
|  17|0x00000000c2f00000, 0x00000000c3000000, 0x00000000c3000000|100%| O|  |TAMS 0x00000000c2f00000| PB 0x00000000c2f00000| Untracked 
|  18|0x00000000c3000000, 0x00000000c3100000, 0x00000000c3100000|100%| O|  |TAMS 0x00000000c3000000| PB 0x00000000c3000000| Untracked 
|  19|0x00000000c3100000, 0x00000000c3200000, 0x00000000c3200000|100%| O|  |TAMS 0x00000000c3100000| PB 0x00000000c3100000| Untracked 
|  20|0x00000000c3200000, 0x00000000c3300000, 0x00000000c3300000|100%| O|Cm|TAMS 0x00000000c3200000| PB 0x00000000c3200000| Complete 
|  21|0x00000000c3300000, 0x00000000c3400000, 0x00000000c3400000|100%| O|  |TAMS 0x00000000c3300000| PB 0x00000000c3300000| Untracked 
|  22|0x00000000c3400000, 0x00000000c3500000, 0x00000000c3500000|100%| O|  |TAMS 0x00000000c3400000| PB 0x00000000c3400000| Untracked 
|  23|0x00000000c3500000, 0x00000000c3600000, 0x00000000c3600000|100%| O|  |TAMS 0x00000000c3500000| PB 0x00000000c3500000| Untracked 
|  24|0x00000000c3600000, 0x00000000c3700000, 0x00000000c3700000|100%| O|  |TAMS 0x00000000c3600000| PB 0x00000000c3600000| Untracked 
|  25|0x00000000c3700000, 0x00000000c3800000, 0x00000000c3800000|100%| O|  |TAMS 0x00000000c3700000| PB 0x00000000c3700000| Untracked 
|  26|0x00000000c3800000, 0x00000000c3900000, 0x00000000c3900000|100%| O|  |TAMS 0x00000000c3800000| PB 0x00000000c3800000| Untracked 
|  27|0x00000000c3900000, 0x00000000c3a00000, 0x00000000c3a00000|100%| O|  |TAMS 0x00000000c3900000| PB 0x00000000c3900000| Untracked 
|  28|0x00000000c3a00000, 0x00000000c3b00000, 0x00000000c3b00000|100%| O|  |TAMS 0x00000000c3a00000| PB 0x00000000c3a00000| Untracked 
|  29|0x00000000c3b00000, 0x00000000c3c00000, 0x00000000c3c00000|100%| O|  |TAMS 0x00000000c3b00000| PB 0x00000000c3b00000| Untracked 
|  30|0x00000000c3c00000, 0x00000000c3d00000, 0x00000000c3d00000|100%| O|  |TAMS 0x00000000c3c00000| PB 0x00000000c3c00000| Untracked 
|  31|0x00000000c3d00000, 0x00000000c3d00000, 0x00000000c3e00000|  0%| F|  |TAMS 0x00000000c3d00000| PB 0x00000000c3d00000| Untracked 
|  32|0x00000000c3e00000, 0x00000000c3e00000, 0x00000000c3f00000|  0%| F|  |TAMS 0x00000000c3e00000| PB 0x00000000c3e00000| Untracked 
|  33|0x00000000c3f00000, 0x00000000c3f00000, 0x00000000c4000000|  0%| F|  |TAMS 0x00000000c3f00000| PB 0x00000000c3f00000| Untracked 
|  34|0x00000000c4000000, 0x00000000c4100000, 0x00000000c4100000|100%| O|  |TAMS 0x00000000c4000000| PB 0x00000000c4000000| Untracked 
|  35|0x00000000c4100000, 0x00000000c4123b00, 0x00000000c4200000| 13%| O|  |TAMS 0x00000000c4100000| PB 0x00000000c4100000| Untracked 
|  36|0x00000000c4200000, 0x00000000c4200000, 0x00000000c4300000|  0%| F|  |TAMS 0x00000000c4200000| PB 0x00000000c4200000| Untracked 
|  37|0x00000000c4300000, 0x00000000c4300000, 0x00000000c4400000|  0%| F|  |TAMS 0x00000000c4300000| PB 0x00000000c4300000| Untracked 
|  38|0x00000000c4400000, 0x00000000c4400000, 0x00000000c4500000|  0%| F|  |TAMS 0x00000000c4400000| PB 0x00000000c4400000| Untracked 
|  39|0x00000000c4500000, 0x00000000c4586ce0, 0x00000000c4600000| 52%| S|CS|TAMS 0x00000000c4500000| PB 0x00000000c4500000| Complete 
|  40|0x00000000c4600000, 0x00000000c4600000, 0x00000000c4700000|  0%| F|  |TAMS 0x00000000c4600000| PB 0x00000000c4600000| Untracked 
|  41|0x00000000c4700000, 0x00000000c4700000, 0x00000000c4800000|  0%| F|  |TAMS 0x00000000c4700000| PB 0x00000000c4700000| Untracked 
|  42|0x00000000c4800000, 0x00000000c4800000, 0x00000000c4900000|  0%| F|  |TAMS 0x00000000c4800000| PB 0x00000000c4800000| Untracked 
|  43|0x00000000c4900000, 0x00000000c4900000, 0x00000000c4a00000|  0%| F|  |TAMS 0x00000000c4900000| PB 0x00000000c4900000| Untracked 
|  44|0x00000000c4a00000, 0x00000000c4a00000, 0x00000000c4b00000|  0%| F|  |TAMS 0x00000000c4a00000| PB 0x00000000c4a00000| Untracked 
|  45|0x00000000c4b00000, 0x00000000c4b00000, 0x00000000c4c00000|  0%| F|  |TAMS 0x00000000c4b00000| PB 0x00000000c4b00000| Untracked 
|  46|0x00000000c4c00000, 0x00000000c4c00000, 0x00000000c4d00000|  0%| F|  |TAMS 0x00000000c4c00000| PB 0x00000000c4c00000| Untracked 
|  47|0x00000000c4d00000, 0x00000000c4d00000, 0x00000000c4e00000|  0%| F|  |TAMS 0x00000000c4d00000| PB 0x00000000c4d00000| Untracked 
|  48|0x00000000c4e00000, 0x00000000c4e00000, 0x00000000c4f00000|  0%| F|  |TAMS 0x00000000c4e00000| PB 0x00000000c4e00000| Untracked 
|  49|0x00000000c4f00000, 0x00000000c4f00000, 0x00000000c5000000|  0%| F|  |TAMS 0x00000000c4f00000| PB 0x00000000c4f00000| Untracked 
|  50|0x00000000c5000000, 0x00000000c5000000, 0x00000000c5100000|  0%| F|  |TAMS 0x00000000c5000000| PB 0x00000000c5000000| Untracked 
|  51|0x00000000c5100000, 0x00000000c5100000, 0x00000000c5200000|  0%| F|  |TAMS 0x00000000c5100000| PB 0x00000000c5100000| Untracked 
|  52|0x00000000c5200000, 0x00000000c5200000, 0x00000000c5300000|  0%| F|  |TAMS 0x00000000c5200000| PB 0x00000000c5200000| Untracked 
|  53|0x00000000c5300000, 0x00000000c5300000, 0x00000000c5400000|  0%| F|  |TAMS 0x00000000c5300000| PB 0x00000000c5300000| Untracked 
|  54|0x00000000c5400000, 0x00000000c5400000, 0x00000000c5500000|  0%| F|  |TAMS 0x00000000c5400000| PB 0x00000000c5400000| Untracked 
|  55|0x00000000c5500000, 0x00000000c5500000, 0x00000000c5600000|  0%| F|  |TAMS 0x00000000c5500000| PB 0x00000000c5500000| Untracked 
|  56|0x00000000c5600000, 0x00000000c5600000, 0x00000000c5700000|  0%| F|  |TAMS 0x00000000c5600000| PB 0x00000000c5600000| Untracked 
|  57|0x00000000c5700000, 0x00000000c573b368, 0x00000000c5800000| 23%| E|  |TAMS 0x00000000c5700000| PB 0x00000000c5700000| Complete 
|  63|0x00000000c5d00000, 0x00000000c5e00000, 0x00000000c5e00000|100%| E|CS|TAMS 0x00000000c5d00000| PB 0x00000000c5d00000| Complete 

Card table byte_map: [0x0000022e9aa30000,0x0000022e9ac30000] _byte_map_base: 0x0000022e9a421000

Marking Bits: (CMBitMap*) 0x0000022e833f0600
 Bits: [0x0000022e9ac30000, 0x0000022e9bbb8000)

Polling page: 0x0000022e811f0000

Metaspace:

Usage:
  Non-class:     58.60 MB used.
      Class:      9.38 MB used.
       Both:     67.98 MB used.

Virtual space:
  Non-class space:       64.00 MB reserved,      59.00 MB ( 92%) committed,  1 nodes.
      Class space:        1.00 GB reserved,       9.69 MB ( <1%) committed,  1 nodes.
             Both:        1.06 GB reserved,      68.69 MB (  6%) committed. 

Chunk freelists:
   Non-Class:  4.78 MB
       Class:  6.13 MB
        Both:  10.92 MB

MaxMetaspaceSize: unlimited
CompressedClassSpaceSize: 1.00 GB
Initial GC threshold: 21.00 MB
Current GC threshold: 114.50 MB
CDS: on
 - commit_granule_bytes: 65536.
 - commit_granule_words: 8192.
 - virtual_space_node_default_size: 8388608.
 - enlarge_chunks_in_place: 1.
 - use_allocation_guard: 0.


Internal statistics:

num_allocs_failed_limit: 9.
num_arena_births: 1012.
num_arena_deaths: 2.
num_vsnodes_births: 2.
num_vsnodes_deaths: 0.
num_space_committed: 1099.
num_space_uncommitted: 0.
num_chunks_returned_to_freelist: 12.
num_chunks_taken_from_freelist: 3571.
num_chunk_merges: 9.
num_chunk_splits: 2550.
num_chunks_enlarged: 1987.
num_inconsistent_stats: 0.

CodeHeap 'non-profiled nmethods': size=120000Kb used=3211Kb max_used=3212Kb free=116788Kb
 bounds [0x0000022e93300000, 0x0000022e93630000, 0x0000022e9a830000]
CodeHeap 'profiled nmethods': size=120000Kb used=10714Kb max_used=11096Kb free=109285Kb
 bounds [0x0000022e8b830000, 0x0000022e8c310000, 0x0000022e92d60000]
CodeHeap 'non-nmethods': size=5760Kb used=1676Kb max_used=1729Kb free=4083Kb
 bounds [0x0000022e92d60000, 0x0000022e92fd0000, 0x0000022e93300000]
 total_blobs=6532 nmethods=5818 adapters=618
 compilation: enabled
              stopped_count=0, restarted_count=0
 full_count=0

Compilation events (20 events):
Event: 216.949 Thread 0x0000022edf149a30 nmethod 6793 0x0000022e8c301f10 code [0x0000022e8c302180, 0x0000022e8c303158]
Event: 219.501 Thread 0x0000022edf149a30 6794       3       java.util.concurrent.ForkJoinPool::managedBlock (36 bytes)
Event: 219.507 Thread 0x0000022edf149a30 nmethod 6794 0x0000022e8c303610 code [0x0000022e8c303820, 0x0000022e8c303fb0]
Event: 219.507 Thread 0x0000022edf149a30 6795       3       java.util.concurrent.ForkJoinPool::unmanagedBlock (31 bytes)
Event: 219.507 Thread 0x0000022edf149a30 nmethod 6795 0x0000022e8c304190 code [0x0000022e8c304380, 0x0000022e8c3047e8]
Event: 219.511 Thread 0x0000022edf149a30 6796       3       java.util.concurrent.locks.AbstractQueuedSynchronizer$ConditionNode::block (15 bytes)
Event: 219.529 Thread 0x0000022edf149a30 nmethod 6796 0x0000022e8c304910 code [0x0000022e8c304b00, 0x0000022e8c3050f8]
Event: 219.529 Thread 0x0000022edf149a30 6797       3       java.util.concurrent.locks.LockSupport::park (24 bytes)
Event: 219.529 Thread 0x0000022edf149a30 nmethod 6797 0x0000022e8c305290 code [0x0000022e8c305460, 0x0000022e8c3057a8]
Event: 229.249 Thread 0x0000022edf148de0 6798       4       java.util.AbstractCollection::containsAll (38 bytes)
Event: 229.348 Thread 0x0000022edf148de0 nmethod 6798 0x0000022e93621610 code [0x0000022e936218a0, 0x0000022e936228c0]
Event: 238.947 Thread 0x0000022edf149a30 6799       3       java.util.concurrent.locks.AbstractQueuedSynchronizer$ConditionObject::unlinkCancelledWaiters (91 bytes)
Event: 238.947 Thread 0x0000022edf149a30 nmethod 6799 0x0000022e8c305890 code [0x0000022e8c305a60, 0x0000022e8c305ee8]
Event: 249.549 Thread 0x0000022edf149a30 6800       3       java.util.HashMap::valuesToArray (81 bytes)
Event: 249.550 Thread 0x0000022edf149a30 nmethod 6800 0x0000022e8b8fb010 code [0x0000022e8b8fb1e0, 0x0000022e8b8fb688]
Event: 253.720 Thread 0x0000022edf148de0 6801       4       java.io.File::listFiles (52 bytes)
Event: 253.750 Thread 0x0000022edf148de0 nmethod 6801 0x0000022e933ae410 code [0x0000022e933ae620, 0x0000022e933aee58]
Event: 253.751 Thread 0x0000022edf148de0 6802       4       org.springframework.boot.devtools.filewatch.DirectorySnapshot::collectFiles (99 bytes)
Event: 253.848 Thread 0x0000022edf148de0 nmethod 6802 0x0000022e93623110 code [0x0000022e93623660, 0x0000022e936270e0]
Event: 259.559 Thread 0x0000022edf149a30 6803       3       org.apache.catalina.util.LifecycleBase::fireLifecycleEvent (56 bytes)

GC Heap History (20 events):
Event: 12.879 GC heap before
{Heap before GC invocations=11 (full 0):
 garbage-first heap   total 51200K, used 43718K [0x00000000c1e00000, 0x0000000100000000)
  region size 1024K, 24 young (24576K), 3 survivors (3072K)
 Metaspace       used 49579K, committed 50176K, reserved 1114112K
  class space    used 6490K, committed 6720K, reserved 1048576K
}
Event: 12.887 GC heap after
{Heap after GC invocations=12 (full 0):
 garbage-first heap   total 51200K, used 23441K [0x00000000c1e00000, 0x0000000100000000)
  region size 1024K, 2 young (2048K), 2 survivors (2048K)
 Metaspace       used 49579K, committed 50176K, reserved 1114112K
  class space    used 6490K, committed 6720K, reserved 1048576K
}
Event: 13.813 GC heap before
{Heap before GC invocations=12 (full 0):
 garbage-first heap   total 51200K, used 43921K [0x00000000c1e00000, 0x0000000100000000)
  region size 1024K, 22 young (22528K), 2 survivors (2048K)
 Metaspace       used 54053K, committed 54720K, reserved 1114112K
  class space    used 7218K, committed 7488K, reserved 1048576K
}
Event: 13.817 GC heap after
{Heap after GC invocations=13 (full 0):
 garbage-first heap   total 51200K, used 24138K [0x00000000c1e00000, 0x0000000100000000)
  region size 1024K, 3 young (3072K), 3 survivors (3072K)
 Metaspace       used 54053K, committed 54720K, reserved 1114112K
  class space    used 7218K, committed 7488K, reserved 1048576K
}
Event: 15.455 GC heap before
{Heap before GC invocations=13 (full 0):
 garbage-first heap   total 51200K, used 42570K [0x00000000c1e00000, 0x0000000100000000)
  region size 1024K, 22 young (22528K), 3 survivors (3072K)
 Metaspace       used 58260K, committed 58944K, reserved 1114112K
  class space    used 7772K, committed 8064K, reserved 1048576K
}
Event: 15.462 GC heap after
{Heap after GC invocations=14 (full 0):
 garbage-first heap   total 51200K, used 26062K [0x00000000c1e00000, 0x0000000100000000)
  region size 1024K, 3 young (3072K), 3 survivors (3072K)
 Metaspace       used 58260K, committed 58944K, reserved 1114112K
  class space    used 7772K, committed 8064K, reserved 1048576K
}
Event: 15.684 GC heap before
{Heap before GC invocations=14 (full 0):
 garbage-first heap   total 51200K, used 33230K [0x00000000c1e00000, 0x0000000100000000)
  region size 1024K, 11 young (11264K), 3 survivors (3072K)
 Metaspace       used 59455K, committed 60096K, reserved 1114112K
  class space    used 7945K, committed 8256K, reserved 1048576K
}
Event: 15.691 GC heap after
{Heap after GC invocations=15 (full 0):
 garbage-first heap   total 51200K, used 26651K [0x00000000c1e00000, 0x0000000100000000)
  region size 1024K, 1 young (1024K), 1 survivors (1024K)
 Metaspace       used 59455K, committed 60096K, reserved 1114112K
  class space    used 7945K, committed 8256K, reserved 1048576K
}
Event: 16.352 GC heap before
{Heap before GC invocations=16 (full 0):
 garbage-first heap   total 53248K, used 45083K [0x00000000c1e00000, 0x0000000100000000)
  region size 1024K, 19 young (19456K), 1 survivors (1024K)
 Metaspace       used 60934K, committed 61568K, reserved 1114112K
  class space    used 8286K, committed 8576K, reserved 1048576K
}
Event: 16.357 GC heap after
{Heap after GC invocations=17 (full 0):
 garbage-first heap   total 53248K, used 27641K [0x00000000c1e00000, 0x0000000100000000)
  region size 1024K, 2 young (2048K), 2 survivors (2048K)
 Metaspace       used 60934K, committed 61568K, reserved 1114112K
  class space    used 8286K, committed 8576K, reserved 1048576K
}
Event: 16.770 GC heap before
{Heap before GC invocations=17 (full 0):
 garbage-first heap   total 53248K, used 45049K [0x00000000c1e00000, 0x0000000100000000)
  region size 1024K, 20 young (20480K), 2 survivors (2048K)
 Metaspace       used 62996K, committed 63680K, reserved 1114112K
  class space    used 8657K, committed 8960K, reserved 1048576K
}
Event: 16.779 GC heap after
{Heap after GC invocations=18 (full 0):
 garbage-first heap   total 53248K, used 28723K [0x00000000c1e00000, 0x0000000100000000)
  region size 1024K, 3 young (3072K), 3 survivors (3072K)
 Metaspace       used 62996K, committed 63680K, reserved 1114112K
  class space    used 8657K, committed 8960K, reserved 1048576K
}
Event: 17.173 GC heap before
{Heap before GC invocations=18 (full 0):
 garbage-first heap   total 53248K, used 45107K [0x00000000c1e00000, 0x0000000100000000)
  region size 1024K, 19 young (19456K), 3 survivors (3072K)
 Metaspace       used 64679K, committed 65344K, reserved 1114112K
  class space    used 8908K, committed 9216K, reserved 1048576K
}
Event: 17.182 GC heap after
{Heap after GC invocations=19 (full 0):
 garbage-first heap   total 53248K, used 29584K [0x00000000c1e00000, 0x0000000100000000)
  region size 1024K, 3 young (3072K), 3 survivors (3072K)
 Metaspace       used 64679K, committed 65344K, reserved 1114112K
  class space    used 8908K, committed 9216K, reserved 1048576K
}
Event: 17.984 GC heap before
{Heap before GC invocations=20 (full 0):
 garbage-first heap   total 58368K, used 43920K [0x00000000c1e00000, 0x0000000100000000)
  region size 1024K, 18 young (18432K), 3 survivors (3072K)
 Metaspace       used 66802K, committed 67520K, reserved 1114112K
  class space    used 9205K, committed 9536K, reserved 1048576K
}
Event: 17.994 GC heap after
{Heap after GC invocations=21 (full 0):
 garbage-first heap   total 58368K, used 30720K [0x00000000c1e00000, 0x0000000100000000)
  region size 1024K, 2 young (2048K), 2 survivors (2048K)
 Metaspace       used 66802K, committed 67520K, reserved 1114112K
  class space    used 9205K, committed 9536K, reserved 1048576K
}
Event: 18.846 GC heap before
{Heap before GC invocations=21 (full 0):
 garbage-first heap   total 58368K, used 52224K [0x00000000c1e00000, 0x0000000100000000)
  region size 1024K, 23 young (23552K), 2 survivors (2048K)
 Metaspace       used 69248K, committed 69952K, reserved 1114112K
  class space    used 9557K, committed 9856K, reserved 1048576K
}
Event: 18.874 GC heap after
{Heap after GC invocations=22 (full 0):
 garbage-first heap   total 58368K, used 32885K [0x00000000c1e00000, 0x0000000100000000)
  region size 1024K, 3 young (3072K), 3 survivors (3072K)
 Metaspace       used 69248K, committed 69952K, reserved 1114112K
  class space    used 9557K, committed 9856K, reserved 1048576K
}
Event: 243.745 GC heap before
{Heap before GC invocations=22 (full 0):
 garbage-first heap   total 58368K, used 50293K [0x00000000c1e00000, 0x0000000100000000)
  region size 1024K, 20 young (20480K), 3 survivors (3072K)
 Metaspace       used 69614K, committed 70336K, reserved 1114112K
  class space    used 9601K, committed 9920K, reserved 1048576K
}
Event: 243.866 GC heap after
{Heap after GC invocations=23 (full 0):
 garbage-first heap   total 58368K, used 33449K [0x00000000c1e00000, 0x0000000100000000)
  region size 1024K, 1 young (1024K), 1 survivors (1024K)
 Metaspace       used 69614K, committed 70336K, reserved 1114112K
  class space    used 9601K, committed 9920K, reserved 1048576K
}

Dll operation events (14 events):
Event: 0.022 Loaded shared library C:\Program Files\Java\jdk-21\bin\java.dll
Event: 0.089 Loaded shared library C:\Program Files\Java\jdk-21\bin\jsvml.dll
Event: 0.569 Loaded shared library C:\Program Files\Java\jdk-21\bin\zip.dll
Event: 0.577 Loaded shared library C:\Program Files\Java\jdk-21\bin\instrument.dll
Event: 0.587 Loaded shared library C:\Program Files\Java\jdk-21\bin\net.dll
Event: 0.592 Loaded shared library C:\Program Files\Java\jdk-21\bin\nio.dll
Event: 0.600 Loaded shared library C:\Program Files\Java\jdk-21\bin\zip.dll
Event: 0.946 Loaded shared library C:\Program Files\JetBrains\IntelliJ IDEA Community Edition 2024.1\bin\breakgen64.dll
Event: 0.971 Loaded shared library C:\Program Files\Java\jdk-21\bin\extnet.dll
Event: 1.053 Loaded shared library C:\Program Files\Java\jdk-21\bin\jimage.dll
Event: 2.000 Loaded shared library C:\Program Files\Java\jdk-21\bin\management.dll
Event: 2.007 Loaded shared library C:\Program Files\Java\jdk-21\bin\management_ext.dll
Event: 4.549 Loaded shared library C:\Program Files\Java\jdk-21\bin\sunmscapi.dll
Event: 10.135 Loaded shared library C:\Program Files\Java\jdk-21\bin\verify.dll

Deoptimization events (20 events):
Event: 18.585 Thread 0x0000022edfdbc330 Uncommon trap: trap_request=0xffffffde fr.pc=0x0000022e9338d260 relative=0x0000000000000180
Event: 18.585 Thread 0x0000022edfdbc330 Uncommon trap: reason=class_check action=maybe_recompile pc=0x0000022e9338d260 method=org.springframework.boot.context.properties.source.ConfigurationPropertyName$Elements.charAt(II)C @ 43 c2
Event: 18.585 Thread 0x0000022edfdbc330 DEOPT PACKING pc=0x0000022e9338d260 sp=0x00000079d07fc080
Event: 18.585 Thread 0x0000022edfdbc330 DEOPT UNPACKING pc=0x0000022e92db46a2 sp=0x00000079d07fbff8 mode 2
Event: 18.613 Thread 0x0000022edfdbc330 Uncommon trap: trap_request=0xfffffff4 fr.pc=0x0000022e93448e78 relative=0x0000000000000298
Event: 18.613 Thread 0x0000022edfdbc330 Uncommon trap: reason=null_check action=make_not_entrant pc=0x0000022e93448e78 method=org.springframework.util.ClassUtils.isAssignable(Ljava/lang/Class;Ljava/lang/Class;)Z @ 14 c2
Event: 18.613 Thread 0x0000022edfdbc330 DEOPT PACKING pc=0x0000022e93448e78 sp=0x00000079d07fe2a0
Event: 18.613 Thread 0x0000022edfdbc330 DEOPT UNPACKING pc=0x0000022e92db46a2 sp=0x00000079d07fe230 mode 2
Event: 18.661 Thread 0x0000022edfdbc330 DEOPT PACKING pc=0x0000022e8bf4b0ce sp=0x00000079d07fdd30
Event: 18.661 Thread 0x0000022edfdbc330 DEOPT UNPACKING pc=0x0000022e92db4e42 sp=0x00000079d07fd2d0 mode 0
Event: 18.818 Thread 0x0000022edfdbc330 Uncommon trap: trap_request=0xffffff45 fr.pc=0x0000022e93395c38 relative=0x00000000000000f8
Event: 18.818 Thread 0x0000022edfdbc330 Uncommon trap: reason=unstable_if action=reinterpret pc=0x0000022e93395c38 method=java.lang.ref.ReferenceQueue.poll()Ljava/lang/ref/Reference; @ 4 c2
Event: 18.818 Thread 0x0000022edfdbc330 DEOPT PACKING pc=0x0000022e93395c38 sp=0x00000079d07fe910
Event: 18.818 Thread 0x0000022edfdbc330 DEOPT UNPACKING pc=0x0000022e92db46a2 sp=0x00000079d07fe7d8 mode 2
Event: 18.896 Thread 0x0000022edfdbc330 Uncommon trap: trap_request=0xffffff45 fr.pc=0x0000022e933cebb8 relative=0x00000000000005b8
Event: 18.896 Thread 0x0000022edfdbc330 Uncommon trap: reason=unstable_if action=reinterpret pc=0x0000022e933cebb8 method=java.lang.Integer.stringSize(I)I @ 19 c2
Event: 18.896 Thread 0x0000022edfdbc330 DEOPT PACKING pc=0x0000022e933cebb8 sp=0x00000079d07fde90
Event: 18.896 Thread 0x0000022edfdbc330 DEOPT UNPACKING pc=0x0000022e92db46a2 sp=0x00000079d07fdd80 mode 2
Event: 18.938 Thread 0x0000022edfdbc330 DEOPT PACKING pc=0x0000022e8c2c76ee sp=0x00000079d07fe6e0
Event: 18.938 Thread 0x0000022edfdbc330 DEOPT UNPACKING pc=0x0000022e92db4e42 sp=0x00000079d07fdbb8 mode 0

Classes loaded (20 events):
Event: 18.954 Loading class java/beans/WeakIdentityMap done
Event: 18.954 Loading class java/beans/ThreadGroupContext$1 done
Event: 18.954 Loading class java/beans/WeakIdentityMap$Entry
Event: 18.954 Loading class java/beans/WeakIdentityMap$Entry done
Event: 18.954 Loading class com/sun/beans/introspect/ClassInfo
Event: 18.954 Loading class com/sun/beans/introspect/ClassInfo done
Event: 18.955 Loading class com/sun/beans/introspect/ClassInfo$1
Event: 18.955 Loading class com/sun/beans/util/Cache
Event: 18.955 Loading class com/sun/beans/util/Cache done
Event: 18.955 Loading class com/sun/beans/introspect/ClassInfo$1 done
Event: 18.955 Loading class com/sun/beans/util/Cache$Kind
Event: 18.955 Loading class com/sun/beans/util/Cache$Kind done
Event: 18.955 Loading class com/sun/beans/util/Cache$Kind$1
Event: 18.956 Loading class com/sun/beans/util/Cache$Kind$1 done
Event: 18.956 Loading class com/sun/beans/util/Cache$Kind$2
Event: 18.956 Loading class com/sun/beans/util/Cache$Kind$2 done
Event: 18.956 Loading class com/sun/beans/util/Cache$Kind$3
Event: 18.956 Loading class com/sun/beans/util/Cache$Kind$3 done
Event: 18.956 Loading class com/sun/beans/util/Cache$CacheEntry
Event: 18.956 Loading class com/sun/beans/util/Cache$CacheEntry done

Classes unloaded (1 events):
Event: 244.191 Thread 0x0000022e83474fa0 Unloading class 0x0000022e9f8e8000 'jdk/internal/reflect/GeneratedSerializationConstructorAccessor1'

Classes redefined (0 events):
No events

Internal exceptions (20 events):
Event: 14.978 Thread 0x0000022edfdbc330 Implicit null exception at 0x0000022e93556e71 to 0x0000022e935571a8
Event: 14.979 Thread 0x0000022edfdbc330 Implicit null exception at 0x0000022e93559aba to 0x0000022e93559af4
Event: 15.041 Thread 0x0000022edfdbc330 Exception <a 'java/lang/IncompatibleClassChangeError'{0x00000000c4538e40}: Found class java.lang.Object, but interface was expected> (0x00000000c4538e40) 
thrown [s\open\src\hotspot\share\interpreter\linkResolver.cpp, line 840]
Event: 15.058 Thread 0x0000022edfdbc330 Exception <a 'java/lang/IncompatibleClassChangeError'{0x00000000c45a3c10}: Found class java.lang.Object, but interface was expected> (0x00000000c45a3c10) 
thrown [s\open\src\hotspot\share\interpreter\linkResolver.cpp, line 840]
Event: 15.115 Thread 0x0000022edfdbc330 Exception <a 'java/lang/IncompatibleClassChangeError'{0x00000000c44f5468}: Found class java.lang.Object, but interface was expected> (0x00000000c44f5468) 
thrown [s\open\src\hotspot\share\interpreter\linkResolver.cpp, line 840]
Event: 15.417 Thread 0x0000022edfdbc330 Exception <a 'java/lang/IncompatibleClassChangeError'{0x00000000c3e91440}: Found class java.lang.Object, but interface was expected> (0x00000000c3e91440) 
thrown [s\open\src\hotspot\share\interpreter\linkResolver.cpp, line 840]
Event: 15.605 Thread 0x0000022edfdbc330 Exception <a 'java/lang/IncompatibleClassChangeError'{0x00000000c4a816b8}: Found class java.lang.Object, but interface was expected> (0x00000000c4a816b8) 
thrown [s\open\src\hotspot\share\interpreter\linkResolver.cpp, line 840]
Event: 17.021 Thread 0x0000022edfdbc330 Exception <a 'java/io/FileNotFoundException'{0x00000000c4969c20}> (0x00000000c4969c20) 
thrown [s\open\src\hotspot\share\prims\jni.cpp, line 520]
Event: 17.022 Thread 0x0000022edfdbc330 Exception <a 'java/io/FileNotFoundException'{0x00000000c4974270}> (0x00000000c4974270) 
thrown [s\open\src\hotspot\share\prims\jni.cpp, line 520]
Event: 17.442 Thread 0x0000022edfdbc330 Exception <a 'java/lang/NoSuchMethodError'{0x00000000c53270f8}: 'java.lang.Object java.lang.invoke.DirectMethodHandle$Holder.newInvokeSpecial(java.lang.Object, java.lang.Object, java.lang.Object, java.lang.Object, java.lang.Object, java.lang.Object, java.lang.Object, java.lang.Object)'> (0x00000000c53270f8) 
thrown [s\open\src\hotspot\share\interpreter\linkResolver.cpp, line 773]
Event: 17.521 Thread 0x0000022edfdbc330 Exception <a 'sun/nio/fs/WindowsException'{0x00000000c526fa48}> (0x00000000c526fa48) 
thrown [s\open\src\hotspot\share\prims\jni.cpp, line 520]
Event: 18.157 Thread 0x0000022edfdbc330 Exception <a 'java/lang/IncompatibleClassChangeError'{0x00000000c516ecf0}: Found class java.lang.Object, but interface was expected> (0x00000000c516ecf0) 
thrown [s\open\src\hotspot\share\interpreter\linkResolver.cpp, line 840]
Event: 18.416 Thread 0x0000022edfdbc330 Exception <a 'java/lang/NoSuchMethodError'{0x00000000c4b2ff68}: 'void java.lang.invoke.DirectMethodHandle$Holder.invokeVirtual(java.lang.Object, java.lang.Object, long)'> (0x00000000c4b2ff68) 
thrown [s\open\src\hotspot\share\interpreter\linkResolver.cpp, line 773]
Event: 18.546 Thread 0x0000022edfdbc330 Exception <a 'java/lang/NoSuchMethodError'{0x00000000c48605c0}: 'int java.lang.invoke.DirectMethodHandle$Holder.invokeStaticInit(java.lang.Object, java.lang.Object, java.lang.Object, java.lang.Object)'> (0x00000000c48605c0) 
thrown [s\open\src\hotspot\share\interpreter\linkResolver.cpp, line 773]
Event: 18.594 Thread 0x0000022edfdbc330 Exception <a 'java/lang/IncompatibleClassChangeError'{0x00000000c454acf0}: Found class java.lang.Object, but interface was expected> (0x00000000c454acf0) 
thrown [s\open\src\hotspot\share\interpreter\linkResolver.cpp, line 840]
Event: 18.613 Thread 0x0000022edfdbc330 Implicit null exception at 0x0000022e93448c08 to 0x0000022e93448e64
Event: 18.820 Thread 0x0000022edfdbc330 Exception <a 'java/lang/NoSuchMethodError'{0x00000000c40a6df0}: 'java.lang.Object java.lang.invoke.DirectMethodHandle$Holder.newInvokeSpecial(java.lang.Object, java.lang.Object, int, java.lang.Object, java.lang.Object)'> (0x00000000c40a6df0) 
thrown [s\open\src\hotspot\share\interpreter\linkResolver.cpp, line 773]
Event: 18.822 Thread 0x0000022edfdbc330 Exception <a 'java/lang/NoSuchMethodError'{0x00000000c40b18c0}: 'java.lang.Object java.lang.invoke.DirectMethodHandle$Holder.invokeSpecial(java.lang.Object, java.lang.Object, int, java.lang.Object, int, java.lang.Object)'> (0x00000000c40b18c0) 
thrown [s\open\src\hotspot\share\interpreter\linkResolver.cpp, line 773]
Event: 18.822 Thread 0x0000022edfdbc330 Exception <a 'java/lang/NoSuchMethodError'{0x00000000c40b8c90}: 'java.lang.Object java.lang.invoke.DirectMethodHandle$Holder.newInvokeSpecial(java.lang.Object, java.lang.Object, int, java.lang.Object, int)'> (0x00000000c40b8c90) 
thrown [s\open\src\hotspot\share\interpreter\linkResolver.cpp, line 773]
Event: 18.822 Thread 0x0000022edfdbc330 Exception <a 'java/lang/NoSuchMethodError'{0x00000000c40bcb00}: 'java.lang.Object java.lang.invoke.DirectMethodHandle$Holder.invokeSpecial(java.lang.Object, java.lang.Object, java.lang.Object, int, java.lang.Object, int)'> (0x00000000c40bcb00) 
thrown [s\open\src\hotspot\share\interpreter\linkResolver.cpp, line 773]

ZGC Phase Switch (0 events):
No events

VM Operations (20 events):
Event: 71.330 Executing VM operation: Cleanup
Event: 71.331 Executing VM operation: Cleanup done
Event: 83.406 Executing VM operation: Cleanup
Event: 83.406 Executing VM operation: Cleanup done
Event: 180.202 Executing VM operation: Cleanup
Event: 180.202 Executing VM operation: Cleanup done
Event: 213.465 Executing VM operation: Cleanup
Event: 213.466 Executing VM operation: Cleanup done
Event: 214.476 Executing VM operation: Cleanup
Event: 214.476 Executing VM operation: Cleanup done
Event: 217.497 Executing VM operation: Cleanup
Event: 217.497 Executing VM operation: Cleanup done
Event: 219.512 Executing VM operation: Cleanup
Event: 219.528 Executing VM operation: Cleanup done
Event: 243.741 Executing VM operation: G1CollectForAllocation (G1 Evacuation Pause)
Event: 243.867 Executing VM operation: G1CollectForAllocation (G1 Evacuation Pause) done
Event: 244.185 Executing VM operation: G1PauseRemark
Event: 244.691 Executing VM operation: G1PauseRemark done
Event: 245.354 Executing VM operation: G1PauseCleanup
Event: 245.364 Executing VM operation: G1PauseCleanup done

Events (20 events):
Event: 244.668 Thread 0x0000022e83474fa0 flushing nmethod 0x0000022e8b9dbb90
Event: 244.668 Thread 0x0000022e83474fa0 flushing nmethod 0x0000022e8b9a0190
Event: 244.668 Thread 0x0000022e83474fa0 flushing nmethod 0x0000022e8b971590
Event: 244.669 Thread 0x0000022e83474fa0 flushing nmethod 0x0000022e8b970690
Event: 244.669 Thread 0x0000022e83474fa0 flushing nmethod 0x0000022e8b94e990
Event: 244.669 Thread 0x0000022e83474fa0 flushing nmethod 0x0000022e8b93ca10
Event: 244.669 Thread 0x0000022e83474fa0 flushing nmethod 0x0000022e8b931b10
Event: 244.669 Thread 0x0000022e83474fa0 flushing nmethod 0x0000022e8b902f90
Event: 244.670 Thread 0x0000022e83474fa0 flushing nmethod 0x0000022e8b8fb490
Event: 244.670 Thread 0x0000022e83474fa0 flushing nmethod 0x0000022e8b8fb010
Event: 244.670 Thread 0x0000022e83474fa0 flushing nmethod 0x0000022e8b8bda90
Event: 244.670 Thread 0x0000022e83474fa0 flushing nmethod 0x0000022e8b8b2c90
Event: 244.670 Thread 0x0000022e83474fa0 flushing nmethod 0x0000022e8b847d90
Event: 244.670 Thread 0x0000022e83474fa0 flushing nmethod 0x0000022e8b87ab10
Event: 244.670 Thread 0x0000022e83474fa0 flushing nmethod 0x0000022e93534790
Event: 244.670 Thread 0x0000022e83474fa0 flushing nmethod 0x0000022e93473390
Event: 244.670 Thread 0x0000022e83474fa0 flushing nmethod 0x0000022e93413b10
Event: 244.671 Thread 0x0000022e83474fa0 flushing nmethod 0x0000022e9343d990
Event: 244.672 Thread 0x0000022e83474fa0 flushing nmethod 0x0000022e93425710
Event: 244.672 Thread 0x0000022e83474fa0 flushing nmethod 0x0000022e933ad310


Dynamic libraries:
0x00007ff65e6a0000 - 0x00007ff65e6b0000 	C:\Program Files\Java\jdk-21\bin\java.exe
0x00007ffce51d0000 - 0x00007ffce53c8000 	C:\Windows\SYSTEM32\ntdll.dll
0x00007ffce49c0000 - 0x00007ffce4a81000 	C:\Windows\System32\KERNEL32.DLL
0x00007ffce2920000 - 0x00007ffce2c1d000 	C:\Windows\System32\KERNELBASE.dll
0x00007ffce2ca0000 - 0x00007ffce2da0000 	C:\Windows\System32\ucrtbase.dll
0x00007ffcdcc70000 - 0x00007ffcdcc89000 	C:\Program Files\Java\jdk-21\bin\jli.dll
0x00007ffcdd010000 - 0x00007ffcdd02b000 	C:\Program Files\Java\jdk-21\bin\VCRUNTIME140.dll
0x00007ffce3cd0000 - 0x00007ffce3d80000 	C:\Windows\System32\ADVAPI32.dll
0x00007ffce4610000 - 0x00007ffce46ae000 	C:\Windows\System32\msvcrt.dll
0x00007ffce50f0000 - 0x00007ffce5190000 	C:\Windows\System32\sechost.dll
0x00007ffce3ec0000 - 0x00007ffce3fe3000 	C:\Windows\System32\RPCRT4.dll
0x00007ffce2c20000 - 0x00007ffce2c47000 	C:\Windows\System32\bcrypt.dll
0x00007ffce46c0000 - 0x00007ffce485d000 	C:\Windows\System32\USER32.dll
0x00007ffccc270000 - 0x00007ffccc50a000 	C:\Windows\WinSxS\amd64_microsoft.windows.common-controls_6595b64144ccf1df_6.0.19041.4355_none_60b8b9eb71f62e16\COMCTL32.dll
0x00007ffce2ec0000 - 0x00007ffce2ee2000 	C:\Windows\System32\win32u.dll
0x00007ffce3b10000 - 0x00007ffce3b3b000 	C:\Windows\System32\GDI32.dll
0x00007ffce30e0000 - 0x00007ffce31f7000 	C:\Windows\System32\gdi32full.dll
0x00007ffce2880000 - 0x00007ffce291d000 	C:\Windows\System32\msvcp_win.dll
0x00007ffcd4f80000 - 0x00007ffcd4f8a000 	C:\Windows\SYSTEM32\VERSION.dll
0x00007ffce4860000 - 0x00007ffce488f000 	C:\Windows\System32\IMM32.DLL
0x00007ffcdd470000 - 0x00007ffcdd47c000 	C:\Program Files\Java\jdk-21\bin\vcruntime140_1.dll
0x00007ffcc57b0000 - 0x00007ffcc583e000 	C:\Program Files\Java\jdk-21\bin\msvcp140.dll
0x00007ffc74590000 - 0x00007ffc7529d000 	C:\Program Files\Java\jdk-21\bin\server\jvm.dll
0x00007ffce3c60000 - 0x00007ffce3ccb000 	C:\Windows\System32\WS2_32.dll
0x00007ffce1d70000 - 0x00007ffce1dbb000 	C:\Windows\SYSTEM32\POWRPROF.dll
0x00007ffcd48f0000 - 0x00007ffcd4917000 	C:\Windows\SYSTEM32\WINMM.dll
0x00007ffce1c30000 - 0x00007ffce1c42000 	C:\Windows\SYSTEM32\UMPDC.dll
0x00007ffce06c0000 - 0x00007ffce06d2000 	C:\Windows\SYSTEM32\kernel.appcore.dll
0x00007ffcdc9f0000 - 0x00007ffcdc9fa000 	C:\Program Files\Java\jdk-21\bin\jimage.dll
0x00007ffccd640000 - 0x00007ffccd824000 	C:\Windows\SYSTEM32\DBGHELP.DLL
0x00007ffcce000000 - 0x00007ffcce034000 	C:\Windows\SYSTEM32\dbgcore.DLL
0x00007ffce3050000 - 0x00007ffce30d2000 	C:\Windows\System32\bcryptPrimitives.dll
0x00007ffcdd000000 - 0x00007ffcdd00f000 	C:\Program Files\Java\jdk-21\bin\instrument.dll
0x00007ffcdc980000 - 0x00007ffcdc99f000 	C:\Program Files\Java\jdk-21\bin\java.dll
0x00007ffce32b0000 - 0x00007ffce3a1f000 	C:\Windows\System32\SHELL32.dll
0x00007ffce08c0000 - 0x00007ffce105f000 	C:\Windows\SYSTEM32\windows.storage.dll
0x00007ffce4bc0000 - 0x00007ffce4f13000 	C:\Windows\System32\combase.dll
0x00007ffce21c0000 - 0x00007ffce21ee000 	C:\Windows\SYSTEM32\Wldp.dll
0x00007ffce4a90000 - 0x00007ffce4b5d000 	C:\Windows\System32\OLEAUT32.dll
0x00007ffce4f20000 - 0x00007ffce4fcd000 	C:\Windows\System32\SHCORE.dll
0x00007ffce3e60000 - 0x00007ffce3eb5000 	C:\Windows\System32\shlwapi.dll
0x00007ffce27b0000 - 0x00007ffce27d4000 	C:\Windows\SYSTEM32\profapi.dll
0x00007ffcbdbb0000 - 0x00007ffcbdc87000 	C:\Program Files\Java\jdk-21\bin\jsvml.dll
0x00007ffcda500000 - 0x00007ffcda518000 	C:\Program Files\Java\jdk-21\bin\zip.dll
0x00007ffcdbd40000 - 0x00007ffcdbd50000 	C:\Program Files\Java\jdk-21\bin\net.dll
0x00007ffcd7bc0000 - 0x00007ffcd7ccd000 	C:\Windows\SYSTEM32\WINHTTP.dll
0x00007ffce1fa0000 - 0x00007ffce200a000 	C:\Windows\system32\mswsock.dll
0x00007ffcd5c20000 - 0x00007ffcd5c36000 	C:\Program Files\Java\jdk-21\bin\nio.dll
0x00007ffcdcb90000 - 0x00007ffcdcbaa000 	C:\Program Files\JetBrains\IntelliJ IDEA Community Edition 2024.1\bin\breakgen64.dll
0x00007ffcdbc00000 - 0x00007ffcdbc09000 	C:\Program Files\Java\jdk-21\bin\extnet.dll
0x00007ffcdbbb0000 - 0x00007ffcdbbba000 	C:\Program Files\Java\jdk-21\bin\management.dll
0x00007ffcdb5e0000 - 0x00007ffcdb5eb000 	C:\Program Files\Java\jdk-21\bin\management_ext.dll
0x00007ffce3200000 - 0x00007ffce3208000 	C:\Windows\System32\PSAPI.DLL
0x00007ffcd5c10000 - 0x00007ffcd5c1e000 	C:\Program Files\Java\jdk-21\bin\sunmscapi.dll
0x00007ffce2ef0000 - 0x00007ffce304e000 	C:\Windows\System32\CRYPT32.dll
0x00007ffce2230000 - 0x00007ffce2259000 	C:\Windows\SYSTEM32\ncrypt.dll
0x00007ffce21f0000 - 0x00007ffce222b000 	C:\Windows\SYSTEM32\NTASN1.dll
0x00007ffce2540000 - 0x00007ffce2558000 	C:\Windows\SYSTEM32\CRYPTSP.dll
0x00007ffce1870000 - 0x00007ffce18a4000 	C:\Windows\system32\rsaenh.dll
0x00007ffce2720000 - 0x00007ffce274e000 	C:\Windows\SYSTEM32\USERENV.dll
0x00007ffce2130000 - 0x00007ffce213c000 	C:\Windows\SYSTEM32\CRYPTBASE.dll
0x00007ffce1c50000 - 0x00007ffce1c8b000 	C:\Windows\SYSTEM32\IPHLPAPI.DLL
0x00007ffce50e0000 - 0x00007ffce50e8000 	C:\Windows\System32\NSI.dll
0x00007ffcdcb80000 - 0x00007ffcdcb90000 	C:\Program Files\Java\jdk-21\bin\verify.dll
0x00007ffce1c90000 - 0x00007ffce1d5a000 	C:\Windows\SYSTEM32\DNSAPI.dll
0x00007ffcd4230000 - 0x00007ffcd423a000 	C:\Windows\System32\rasadhlp.dll
0x00007ffcd5710000 - 0x00007ffcd5790000 	C:\Windows\System32\fwpuclnt.dll
0x00007ffccc850000 - 0x00007ffccc857000 	C:\Windows\system32\wshunix.dll

dbghelp: loaded successfully - version: 4.0.5 - missing functions: none
symbol engine: initialized successfully - sym options: 0x614 - pdb path: .;C:\Program Files\Java\jdk-21\bin;C:\Windows\SYSTEM32;C:\Windows\WinSxS\amd64_microsoft.windows.common-controls_6595b64144ccf1df_6.0.19041.4355_none_60b8b9eb71f62e16;C:\Program Files\Java\jdk-21\bin\server;C:\Program Files\JetBrains\IntelliJ IDEA Community Edition 2024.1\bin

VM Arguments:
jvm_args: -javaagent:C:\Program Files\JetBrains\IntelliJ IDEA Community Edition 2024.1\lib\idea_rt.jar=64490:C:\Program Files\JetBrains\IntelliJ IDEA Community Edition 2024.1\bin -Dfile.encoding=UTF-8 -Dsun.stdout.encoding=UTF-8 -Dsun.stderr.encoding=UTF-8 
java_command: obi.com.eazyconcept.EazyconceptApplication
java_class_path (initial): C:\Users\Iloke Obinna\Desktop\eazyconcept\target\classes;C:\Users\Iloke Obinna\.m2\repository\org\springframework\boot\spring-boot-starter-data-jpa\3.2.2\spring-boot-starter-data-jpa-3.2.2.jar;C:\Users\Iloke Obinna\.m2\repository\org\springframework\boot\spring-boot-starter-aop\3.2.2\spring-boot-starter-aop-3.2.2.jar;C:\Users\Iloke Obinna\.m2\repository\org\aspectj\aspectjweaver\1.9.21\aspectjweaver-1.9.21.jar;C:\Users\Iloke Obinna\.m2\repository\org\springframework\boot\spring-boot-starter-jdbc\3.2.2\spring-boot-starter-jdbc-3.2.2.jar;C:\Users\Iloke Obinna\.m2\repository\com\zaxxer\HikariCP\5.0.1\HikariCP-5.0.1.jar;C:\Users\Iloke Obinna\.m2\repository\org\springframework\spring-jdbc\6.1.3\spring-jdbc-6.1.3.jar;C:\Users\Iloke Obinna\.m2\repository\org\hibernate\orm\hibernate-core\6.4.1.Final\hibernate-core-6.4.1.Final.jar;C:\Users\Iloke Obinna\.m2\repository\jakarta\persistence\jakarta.persistence-api\3.1.0\jakarta.persistence-api-3.1.0.jar;C:\Users\Iloke Obinna\.m2\repository\jakarta\transaction\jakarta.transaction-api\2.0.1\jakarta.transaction-api-2.0.1.jar;C:\Users\Iloke Obinna\.m2\repository\org\jboss\logging\jboss-logging\3.5.3.Final\jboss-logging-3.5.3.Final.jar;C:\Users\Iloke Obinna\.m2\repository\org\hibernate\common\hibernate-commons-annotations\6.0.6.Final\hibernate-commons-annotations-6.0.6.Final.jar;C:\Users\Iloke Obinna\.m2\repository\io\smallrye\jandex\3.1.2\jandex-3.1.2.jar;C:\Users\Iloke Obinna\.m2\repository\com\fasterxml\classmate\1.6.0\classmate-1.6.0.jar;C:\Users\Iloke Obinna\.m2\repository\net\bytebuddy\byte-buddy\1.14.11\byte-buddy-1.14.11.jar;C:\Users\Iloke Obinna\.m2\repository\org\glassfish\jaxb\jaxb-runtime\4.0.4\jaxb-runtime-4.0.4.jar;C:\Users\Iloke Obinna\.m2\repository\org\glassfish\jaxb\jaxb-core\4.0.4\jaxb-core-4.0.4.jar;C:\Users\Iloke Obinna\.m2\repository\org\glassfish\jaxb\txw2\4.0.4\txw2-4.0.4.jar;C:\Users\Iloke Obinna\.m2\repository\com\sun\istack\istack-commons-runtime\4.1.2\istack-commons-runtime-4.1.2.jar;C:\Users\Iloke Obinna\.m2\repository\jakarta\inject\jakarta.inject-api\2.0.1\jakarta.inject-api-2.0.1.jar;C:\Users\Iloke Obinna\.m2\repository\org\antlr\antlr4-runtime\4.13.0\antlr4-runtime-4.13.0.jar;C:\Users\Iloke Obinna\.m2\repository\org\springframework\data\spring-data-jpa\3.2.2\spring-data-jpa-3.2.2.jar;C:\Users\Iloke Obinna\.m2\repository\org\springframework\data\spring-data-commons\3.2.2\spring-data-commons-3.2.2.jar;C:\Users\Iloke Obinna\.m2\repository\org\springframework\spring-orm\6.1.3\spring-orm-6.1.3.jar;C:\Users\Iloke Obinna\.m2\repository\org\springframework\spring-context\6.1.3\spring-context-6.1.3.jar;C:\Users\Iloke Obinna\.m2\repository\org\springframework\spring-tx\6.1.3\spring-tx-6.1.3.jar;C:\Users\Iloke Obinna\.m2\repository\org\springframework\spring-beans\6.1.3\spring-beans-6.1.3.jar;C:\Users\Iloke Obinna\.m2\repository\jakarta\annotation\jakarta.annotation-api\2.1.1\jakarta.annotation-api-2.1.1.jar;C:\Users\Iloke Obinna\.m2\repository\org\slf4j\slf4j-api\2.0.11\slf4j-api-2.0.11.jar;C:\Users\Iloke Obinna\.m2\repository\org\springframework\spring-aspects\6.1.3\spring-aspects-6.1.3.jar;C:\Users\Iloke Obinna\.m2\repository\org\springframework\boot\spring-boot-starter-security\3.2.2\spring-boot-starter-security-3.2.2.jar;C:\Users\Iloke Obinna\.m2\repository\org\springframework\boot\spring-boot-starter\3.2.2\spring-boot-starter-3.2.2.jar;C:\Users\Iloke Obinna\.m2\repository\org\springframework\boot\spring-boot-starter-logging\3.2.2\spring-boot-starter-logging-3.2.2.jar;C:\Users\Iloke Obinna\.m2\repository\ch\qos\logback\logback-classic\1.4.14\logback-classic-1.4.14.jar;C:\Users\Iloke Obinna\.m2\repository\ch\qos\logback\logback-core\1.4.14\logback-core-1.4.14.jar;C:\Users\Iloke Obinna\.m2\repository\org\apache\logging\log4j\log4j-to-slf4j\2.21.1\log4j-to-slf4j-2.21.1.jar;C:\Users\Iloke Obinna\.m2\repository\org\apache\logging\log4j\log4j-api\2.21.1\log4j-api-2.21.1.jar;C:\Users\Iloke Obinna\.m2\repository\org\slf4j\jul-to-slf4j\2.0.11\jul-to-slf4j-2.0.11.jar;C:\Users\Iloke Obinna\.m2\repository\org\yaml\snakeyaml\2.2\snakeyaml-2.2.jar;C:\Users\Iloke Obinna\.m2\repository\org\springframework\spring-aop\6.1.3\spring-aop-6.1.3.jar;C:\Users\Iloke Obinna\.m2\repository\org\springframework\security\spring-security-config\6.2.1\spring-security-config-6.2.1.jar;C:\Users\Iloke Obinna\.m2\repository\org\springframework\security\spring-security-web\6.2.1\spring-security-web-6.2.1.jar;C:\Users\Iloke Obinna\.m2\repository\org\springframework\spring-expression\6.1.3\spring-expression-6.1.3.jar;C:\Users\Iloke Obinna\.m2\repository\org\springframework\boot\spring-boot-starter-thymeleaf\3.2.2\spring-boot-starter-thymeleaf-3.2.2.jar;C:\Users\Iloke Obinna\.m2\repository\org\thymeleaf\thymeleaf-spring6\3.1.2.RELEASE\thymeleaf-spring6-3.1.2.RELEASE.jar;C:\Users\Iloke Obinna\.m2\repository\org\thymeleaf\thymeleaf\3.1.2.RELEASE\thymeleaf-3.1.2.RELEASE.jar;C:\Users\Iloke Obinna\.m2\repository\org\attoparser\attoparser\2.0.7.RELEASE\attoparser-2.0.7.RELEASE.jar;C:\Users\Iloke Obinna\.m2\repository\org\unbescape\unbescape\1.1.6.RELEASE\unbescape-1.1.6.RELEASE.jar;C:\Users\Iloke Obinna\.m2\repository\org\springframework\boot\spring-boot-starter-web\3.2.2\spring-boot-starter-web-3.2.2.jar;C:\Users\Iloke Obinna\.m2\repository\org\springframework\boot\spring-boot-starter-json\3.2.2\spring-boot-starter-json-3.2.2.jar;C:\Users\Iloke Obinna\.m2\repository\com\fasterxml\jackson\core\jackson-databind\2.15.3\jackson-databind-2.15.3.jar;C:\Users\Iloke Obinna\.m2\repository\com\fasterxml\jackson\core\jackson-annotations\2.15.3\jackson-annotations-2.15.3.jar;C:\Users\Iloke Obinna\.m2\repository\com\fasterxml\jackson\core\jackson-core\2.15.3\jackson-core-2.15.3.jar;C:\Users\Iloke Obinna\.m2\repository\com\fasterxml\jackson\datatype\jackson-datatype-jdk8\2.15.3\jackson-datatype-jdk8-2.15.3.jar;C:\Users\Iloke Obinna\.m2\repository\com\fasterxml\jackson\datatype\jackson-datatype-jsr310\2.15.3\jackson-datatype-jsr310-2.15.3.jar;C:\Users\Iloke Obinna\.m2\repository\com\fasterxml\jackson\module\jackson-module-parameter-names\2.15.3\jackson-module-parameter-names-2.15.3.jar;C:\Users\Iloke Obinna\.m2\repository\org\springframework\boot\spring-boot-starter-tomcat\3.2.2\spring-boot-starter-tomcat-3.2.2.jar;C:\Users\Iloke Obinna\.m2\repository\org\apache\tomcat\embed\tomcat-embed-core\10.1.18\tomcat-embed-core-10.1.18.jar;C:\Users\Iloke Obinna\.m2\repository\org\apache\tomcat\embed\tomcat-embed-el\10.1.18\tomcat-embed-el-10.1.18.jar;C:\Users\Iloke Obinna\.m2\repository\org\apache\tomcat\embed\tomcat-embed-websocket\10.1.18\tomcat-embed-websocket-10.1.18.jar;C:\Users\Iloke Obinna\.m2\repository\org\springframework\spring-web\6.1.3\spring-web-6.1.3.jar;C:\Users\Iloke Obinna\.m2\repository\io\micrometer\micrometer-observation\1.12.2\micrometer-observation-1.12.2.jar;C:\Users\Iloke Obinna\.m2\repository\io\micrometer\micrometer-commons\1.12.2\micrometer-commons-1.12.2.jar;C:\Users\Iloke Obinna\.m2\repository\org\springframework\spring-webmvc\6.1.3\spring-webmvc-6.1.3.jar;C:\Users\Iloke Obinna\.m2\repository\org\springframework\boot\spring-boot-starter-mail\3.2.2\spring-boot-starter-mail-3.2.2.jar;C:\Users\Iloke Obinna\.m2\repository\org\springframework\spring-context-support\6.1.3\spring-context-support-6.1.3.jar;C:\Users\Iloke Obinna\.m2\repository\org\eclipse\angus\jakarta.mail\2.0.2\jakarta.mail-2.0.2.jar;C:\Users\Iloke Obinna\.m2\repository\jakarta\activation\jakarta.activation-api\2.1.2\jakarta.activation-api-2.1.2.jar;C:\Users\Iloke Obinna\.m2\repository\org\eclipse\angus\angus-activation\2.0.1\angus-activation-2.0.1.jar;C:\Users\Iloke Obinna\.m2\repository\org\springframework\boot\spring-boot-devtools\3.2.2\spring-boot-devtools-3.2.2.jar;C:\Users\Iloke Obinna\.m2\repository\org\springframework\boot\spring-boot\3.2.2\spring-boot-3.2.2.jar;C:\Users\Iloke Obinna\.m2\repository\org\springframework\boot\spring-boot-autoconfigure\3.2.2\spring-boot-autoconfigure-3.2.2.jar;C:\Users\Iloke Obinna\.m2\repository\com\mysql\mysql-connector-j\8.3.0\mysql-connector-j-8.3.0.jar;C:\Users\Iloke Obinna\.m2\repository\org\projectlombok\lombok\1.18.30\lombok-1.18.30.jar;C:\Users\Iloke Obinna\.m2\repository\jakarta\xml\bind\jakarta.xml.bind-api\4.0.1\jakarta.xml.bind-api-4.0.1.jar;C:\Users\Iloke Obinna\.m2\repository\org\springframework\spring-core\6.1.3\spring-core-6.1.3.jar;C:\Users\Iloke Obinna\.m2\repository\org\springframework\spring-jcl\6.1.3\spring-jcl-6.1.3.jar;C:\Users\Iloke Obinna\.m2\repository\org\springframework\security\spring-security-core\6.2.1\spring-security-core-6.2.1.jar;C:\Users\Iloke Obinna\.m2\repository\org\springframework\security\spring-security-crypto\6.2.1\spring-security-crypto-6.2.1.jar
Launcher Type: SUN_STANDARD

[Global flags]
     intx CICompilerCount                          = 3                                         {product} {ergonomic}
     uint ConcGCThreads                            = 1                                         {product} {ergonomic}
     uint G1ConcRefinementThreads                  = 4                                         {product} {ergonomic}
   size_t G1HeapRegionSize                         = 1048576                                   {product} {ergonomic}
    uintx GCDrainStackTargetSize                   = 64                                        {product} {ergonomic}
   size_t InitialHeapSize                          = 67108864                                  {product} {ergonomic}
   size_t MarkStackSize                            = 4194304                                   {product} {ergonomic}
   size_t MaxHeapSize                              = 1042284544                                {product} {ergonomic}
   size_t MaxNewSize                               = 624951296                                 {product} {ergonomic}
   size_t MinHeapDeltaBytes                        = 1048576                                   {product} {ergonomic}
   size_t MinHeapSize                              = 8388608                                   {product} {ergonomic}
    uintx NonNMethodCodeHeapSize                   = 5832780                                {pd product} {ergonomic}
    uintx NonProfiledCodeHeapSize                  = 122912730                              {pd product} {ergonomic}
    uintx ProfiledCodeHeapSize                     = 122912730                              {pd product} {ergonomic}
    uintx ReservedCodeCacheSize                    = 251658240                              {pd product} {ergonomic}
     bool SegmentedCodeCache                       = true                                      {product} {ergonomic}
   size_t SoftMaxHeapSize                          = 1042284544                             {manageable} {ergonomic}
     bool UseCompressedOops                        = true                           {product lp64_product} {ergonomic}
     bool UseG1GC                                  = true                                      {product} {ergonomic}
     bool UseLargePagesIndividualAllocation        = false                                  {pd product} {ergonomic}

Logging:
Log output configuration:
 #0: stdout all=warning uptime,level,tags foldmultilines=false
 #1: stderr all=off uptime,level,tags foldmultilines=false

Environment Variables:
JAVA_HOME=C:\Program Files\Java\jdk-21
PATH=C:\Program Files\Python312\Scripts\;C:\Program Files\Python312\;C:\Program Files\Common Files\Oracle\Java\javapath;C:\Windows\system32;C:\Windows;C:\Windows\System32\Wbem;C:\Windows\System32\WindowsPowerShell\v1.0\;C:\Windows\System32\OpenSSH\;C:\Program Files\Microsoft VS Code\bin;C:\Program Files\Git\cmd;C:\Program Files\Java\jdk-21\bin;;C:\Program Files\Docker\Docker\resources\bin;C:\Users\Iloke Obinna\AppData\Local\Microsoft\WindowsApps;
USERNAME=Iloke Obinna
OS=Windows_NT
PROCESSOR_IDENTIFIER=Intel64 Family 6 Model 61 Stepping 4, GenuineIntel
TMP=C:\Users\ILOKEO~1\AppData\Local\Temp
TEMP=C:\Users\ILOKEO~1\AppData\Local\Temp




Periodic native trim disabled

---------------  S Y S T E M  ---------------

OS:
 Windows 10 , 64 bit Build 19041 (10.0.19041.4717)
OS uptime: 6 days 17:14 hours
Hyper-V role detected

CPU: total 4 (initial active 4) (2 cores per cpu, 2 threads per core) family 6 model 61 stepping 4 microcode 0x2d, cx8, cmov, fxsr, ht, mmx, 3dnowpref, sse, sse2, sse3, ssse3, sse4.1, sse4.2, popcnt, lzcnt, tsc, tscinvbit, avx, avx2, aes, erms, clmul, bmi1, bmi2, adx, fma, vzeroupper, clflush, hv, rdtscp, f16c
Processor Information for all 4 processors :
  Max Mhz: 2201, Current Mhz: 2201, Mhz Limit: 2201

Memory: 4k page, system-wide physical 3971M (118M free)
TotalPageFile size 16259M (AvailPageFile size 15M)
current process WorkingSet (physical memory assigned to process): 167M, peak: 198M
current process commit charge ("private bytes"): 257M, peak: 282M

vm_info: Java HotSpot(TM) 64-Bit Server VM (21.0.3+7-LTS-152) for windows-amd64 JRE (21.0.3+7-LTS-152), built on 2024-03-11T17:42:26Z by "mach5one" with MS VC++ 17.6 (VS2022)

END.
