#
# There is insufficient memory for the Java Runtime Environment to continue.
# Native memory allocation (malloc) failed to allocate 210336 bytes for Chunk::new
# Possible reasons:
#   The system is out of physical RAM or swap space
#   The process is running with CompressedOops enabled, and the Java Heap may be blocking the growth of the native heap
# Possible solutions:
#   Reduce memory load on the system
#   Increase physical memory or swap space
#   Check if swap backing store is full
#   Decrease Java heap size (-Xmx/-Xms)
#   Decrease number of Java threads
#   Decrease Java thread stack sizes (-Xss)
#   Set larger code cache with -XX:ReservedCodeCacheSize=
#   JVM is running with Unscaled Compressed Oops mode in which the Java heap is
#     placed in the first 4GB address space. The Java Heap base address is the
#     maximum limit for the native heap growth. Please use -XX:HeapBaseMinAddress
#     to set the Java Heap base and to place the Java Heap above 4GB virtual address.
# This output file may be truncated or incomplete.
#
#  Out of Memory Error (arena.cpp:168), pid=8356, tid=5984
#
# JRE version: Java(TM) SE Runtime Environment (21.0.3+7) (build 21.0.3+7-LTS-152)
# Java VM: Java HotSpot(TM) 64-Bit Server VM (21.0.3+7-LTS-152, mixed mode, sharing, tiered, compressed oops, compressed class ptrs, g1 gc, windows-amd64)
# No core dump will be written. Minidumps are not enabled by default on client versions of Windows
#

---------------  S U M M A R Y ------------

Command Line: -javaagent:C:\Program Files\JetBrains\IntelliJ IDEA Community Edition 2024.1\lib\idea_rt.jar=61431:C:\Program Files\JetBrains\IntelliJ IDEA Community Edition 2024.1\bin -Dfile.encoding=UTF-8 -Dsun.stdout.encoding=UTF-8 -Dsun.stderr.encoding=UTF-8 obi.com.eazyconcept.EazyconceptApplication

Host: Intel(R) Core(TM) i5-5200U CPU @ 2.20GHz, 4 cores, 3G,  Windows 10 , 64 bit Build 19041 (10.0.19041.4597)
Time: Sat Aug 10 06:08:55 2024 W. Central Africa Standard Time elapsed time: 312.844330 seconds (0d 0h 5m 12s)

---------------  T H R E A D  ---------------

Current thread (0x0000020a672aee30):  JavaThread "C2 CompilerThread0" daemon [_thread_in_native, id=5984, stack(0x000000846a500000,0x000000846a600000) (1024K)]


Current CompileTask:
C2: 312844 7064       4       java.lang.Class::descriptorString (170 bytes)

Stack: [0x000000846a500000,0x000000846a600000]
Native frames: (J=compiled Java code, j=interpreted, Vv=VM code, C=native code)
V  [jvm.dll+0x6c63b9]
V  [jvm.dll+0x84fa11]
V  [jvm.dll+0x851f3e]
V  [jvm.dll+0x852613]
V  [jvm.dll+0x27cd46]
V  [jvm.dll+0xc4aad]
V  [jvm.dll+0xc4fe3]
V  [jvm.dll+0x2efaff]
V  [jvm.dll+0x5f150a]
V  [jvm.dll+0x24e99f]
V  [jvm.dll+0x24ed7f]
V  [jvm.dll+0x247984]
V  [jvm.dll+0x245014]
V  [jvm.dll+0x1c689e]
V  [jvm.dll+0x254609]
V  [jvm.dll+0x252b9a]
V  [jvm.dll+0x3eb056]
V  [jvm.dll+0x7f9ffb]
V  [jvm.dll+0x6c4a9d]
C  [ucrtbase.dll+0x21bb2]
C  [KERNEL32.DLL+0x17374]
C  [ntdll.dll+0x4cc91]


---------------  P R O C E S S  ---------------

Threads class SMR info:
_java_thread_list=0x0000020a6e6202b0, length=19, elements={
0x0000020a672a3c80, 0x0000020a672a5a50, 0x0000020a672a66b0, 0x0000020a672a9930,
0x0000020a672aa390, 0x0000020a672ab880, 0x0000020a672aee30, 0x0000020a672b9cf0,
0x0000020a674dafa0, 0x0000020a67694420, 0x0000020a67694a90, 0x0000020a6d5c2600,
0x0000020a6d5c0bc0, 0x0000020a6d5c2c90, 0x0000020a6d5c39b0, 0x0000020a6f6eef60,
0x0000020a6f6ece90, 0x0000020a6f6ed520, 0x0000020a6f6edbb0
}

Java Threads: ( => current thread )
  0x0000020a672a3c80 JavaThread "Reference Handler"          daemon [_thread_blocked, id=7960, stack(0x0000008469f00000,0x000000846a000000) (1024K)]
  0x0000020a672a5a50 JavaThread "Finalizer"                  daemon [_thread_blocked, id=9684, stack(0x000000846a000000,0x000000846a100000) (1024K)]
  0x0000020a672a66b0 JavaThread "Signal Dispatcher"          daemon [_thread_blocked, id=8924, stack(0x000000846a100000,0x000000846a200000) (1024K)]
  0x0000020a672a9930 JavaThread "Attach Listener"            daemon [_thread_blocked, id=7124, stack(0x000000846a200000,0x000000846a300000) (1024K)]
  0x0000020a672aa390 JavaThread "Service Thread"             daemon [_thread_blocked, id=1996, stack(0x000000846a300000,0x000000846a400000) (1024K)]
  0x0000020a672ab880 JavaThread "Monitor Deflation Thread"   daemon [_thread_blocked, id=20192, stack(0x000000846a400000,0x000000846a500000) (1024K)]
=>0x0000020a672aee30 JavaThread "C2 CompilerThread0"         daemon [_thread_in_native, id=5984, stack(0x000000846a500000,0x000000846a600000) (1024K)]
  0x0000020a672b9cf0 JavaThread "C1 CompilerThread0"         daemon [_thread_blocked, id=17924, stack(0x000000846a600000,0x000000846a700000) (1024K)]
  0x0000020a674dafa0 JavaThread "Common-Cleaner"             daemon [_thread_blocked, id=17596, stack(0x000000846a700000,0x000000846a800000) (1024K)]
  0x0000020a67694420 JavaThread "Monitor Ctrl-Break"         daemon [_thread_in_native, id=12544, stack(0x000000846a800000,0x000000846a900000) (1024K)]
  0x0000020a67694a90 JavaThread "Notification Thread"        daemon [_thread_blocked, id=788, stack(0x000000846a900000,0x000000846aa00000) (1024K)]
  0x0000020a6d5c2600 JavaThread "Catalina-utility-1"                [_thread_blocked, id=17356, stack(0x000000846af00000,0x000000846b000000) (1024K)]
  0x0000020a6d5c0bc0 JavaThread "Catalina-utility-2"                [_thread_blocked, id=20552, stack(0x000000846b000000,0x000000846b100000) (1024K)]
  0x0000020a6d5c2c90 JavaThread "container-0"                       [_thread_blocked, id=19884, stack(0x000000846b100000,0x000000846b200000) (1024K)]
  0x0000020a6d5c39b0 JavaThread "mysql-cj-abandoned-connection-cleanup" daemon [_thread_blocked, id=10320, stack(0x000000846b200000,0x000000846b300000) (1024K)]
  0x0000020a6f6eef60 JavaThread "Live Reload Server"         daemon [_thread_in_native, id=14964, stack(0x000000846b700000,0x000000846b800000) (1024K)]
  0x0000020a6f6ece90 JavaThread "DestroyJavaVM"                     [_thread_blocked, id=18696, stack(0x0000008469700000,0x0000008469800000) (1024K)]
  0x0000020a6f6ed520 JavaThread "SIGINT handler"             daemon [_thread_blocked, id=12476, stack(0x0000008469500000,0x0000008469600000) (1024K)]
  0x0000020a6f6edbb0 JavaThread "SpringApplicationShutdownHook"        [_thread_in_vm, id=8568, stack(0x0000008469600000,0x0000008469700000) (1024K)]
Total: 19

Other Threads:
  0x0000020a4a7b41c0 VMThread "VM Thread"                           [id=12680, stack(0x0000008469e00000,0x0000008469f00000) (1024K)]
  0x0000020a4a79eb40 WatcherThread "VM Periodic Task Thread"        [id=19080, stack(0x0000008469d00000,0x0000008469e00000) (1024K)]
  0x0000020a4a729ea0 WorkerThread "GC Thread#0"                     [id=17328, stack(0x0000008469800000,0x0000008469900000) (1024K)]
  0x0000020a6c584fd0 WorkerThread "GC Thread#1"                     [id=16556, stack(0x000000846aa00000,0x000000846ab00000) (1024K)]
  0x0000020a6c44aa30 WorkerThread "GC Thread#2"                     [id=9948, stack(0x000000846ab00000,0x000000846ac00000) (1024K)]
  0x0000020a6c4c2cb0 WorkerThread "GC Thread#3"                     [id=1608, stack(0x000000846ac00000,0x000000846ad00000) (1024K)]
  0x0000020a4a735430 ConcurrentGCThread "G1 Main Marker"            [id=1168, stack(0x0000008469900000,0x0000008469a00000) (1024K)]
  0x0000020a4a7365e0 WorkerThread "G1 Conc#0"                       [id=13732, stack(0x0000008469a00000,0x0000008469b00000) (1024K)]
  0x0000020a4a78d780 ConcurrentGCThread "G1 Refine#0"               [id=14884, stack(0x0000008469b00000,0x0000008469c00000) (1024K)]
  0x0000020a4a78e200 ConcurrentGCThread "G1 Service"                [id=6184, stack(0x0000008469c00000,0x0000008469d00000) (1024K)]
Total: 10

Threads with active compile tasks:
C2 CompilerThread0   313409 7064       4       java.lang.Class::descriptorString (170 bytes)
Total: 1

VM state: not at safepoint (normal execution)

VM Mutex/Monitor currently owned by a thread: None

Heap address: 0x00000000c1e00000, size: 994 MB, Compressed Oops mode: 32-bit

CDS archive(s) mapped at: [0x0000020a00000000-0x0000020a00c90000-0x0000020a00c90000), size 13172736, SharedBaseAddress: 0x0000020a00000000, ArchiveRelocationMode: 1.
Compressed class space mapped at: 0x0000020a01000000-0x0000020a41000000, reserved size: 1073741824
Narrow klass base: 0x0000020a00000000, Narrow klass shift: 0, Narrow klass range: 0x100000000

GC Precious Log:
 CardTable entry size: 512
 Card Set container configuration: InlinePtr #cards 5 size 8 Array Of Cards #cards 12 size 40 Howl #buckets 4 coarsen threshold 1843 Howl Bitmap #cards 512 size 80 coarsen threshold 460 Card regions per heap region 1 cards per card region 2048
 CPUs: 4 total, 4 available
 Memory: 3971M
 Large Page Support: Disabled
 NUMA Support: Disabled
 Compressed Oops: Enabled (32-bit)
 Heap Region Size: 1M
 Heap Min Capacity: 8M
 Heap Initial Capacity: 64M
 Heap Max Capacity: 994M
 Pre-touch: Disabled
 Parallel Workers: 4
 Concurrent Workers: 1
 Concurrent Refinement Workers: 4
 Periodic GC: Disabled

Heap:
 garbage-first heap   total 71680K, used 60364K [0x00000000c1e00000, 0x0000000100000000)
  region size 1024K, 26 young (26624K), 2 survivors (2048K)
 Metaspace       used 69344K, committed 70144K, reserved 1114112K
  class space    used 9260K, committed 9600K, reserved 1048576K

Heap Regions: E=young(eden), S=young(survivor), O=old, HS=humongous(starts), HC=humongous(continues), CS=collection set, F=free, TAMS=top-at-mark-start, PB=parsable bottom
|   0|0x00000000c1e00000, 0x00000000c1f00000, 0x00000000c1f00000|100%|HS|  |TAMS 0x00000000c1e00000| PB 0x00000000c1e00000| Complete 
|   1|0x00000000c1f00000, 0x00000000c2000000, 0x00000000c2000000|100%| O|  |TAMS 0x00000000c1f00000| PB 0x00000000c1f00000| Untracked 
|   2|0x00000000c2000000, 0x00000000c2100000, 0x00000000c2100000|100%| O|  |TAMS 0x00000000c2000000| PB 0x00000000c2000000| Untracked 
|   3|0x00000000c2100000, 0x00000000c2200000, 0x00000000c2200000|100%| O|  |TAMS 0x00000000c2100000| PB 0x00000000c2100000| Untracked 
|   4|0x00000000c2200000, 0x00000000c2300000, 0x00000000c2300000|100%| O|  |TAMS 0x00000000c2200000| PB 0x00000000c2200000| Untracked 
|   5|0x00000000c2300000, 0x00000000c2400000, 0x00000000c2400000|100%| O|Cm|TAMS 0x00000000c2300000| PB 0x00000000c2300000| Complete 
|   6|0x00000000c2400000, 0x00000000c2500000, 0x00000000c2500000|100%| O|  |TAMS 0x00000000c2400000| PB 0x00000000c2400000| Untracked 
|   7|0x00000000c2500000, 0x00000000c2600000, 0x00000000c2600000|100%| O|  |TAMS 0x00000000c2500000| PB 0x00000000c2500000| Untracked 
|   8|0x00000000c2600000, 0x00000000c2700000, 0x00000000c2700000|100%| O|  |TAMS 0x00000000c2600000| PB 0x00000000c2600000| Untracked 
|   9|0x00000000c2700000, 0x00000000c2800000, 0x00000000c2800000|100%| O|  |TAMS 0x00000000c2700000| PB 0x00000000c2700000| Untracked 
|  10|0x00000000c2800000, 0x00000000c2900000, 0x00000000c2900000|100%| O|  |TAMS 0x00000000c2800000| PB 0x00000000c2800000| Untracked 
|  11|0x00000000c2900000, 0x00000000c2a00000, 0x00000000c2a00000|100%| O|  |TAMS 0x00000000c2900000| PB 0x00000000c2900000| Untracked 
|  12|0x00000000c2a00000, 0x00000000c2b00000, 0x00000000c2b00000|100%|HS|  |TAMS 0x00000000c2a00000| PB 0x00000000c2a00000| Complete 
|  13|0x00000000c2b00000, 0x00000000c2c00000, 0x00000000c2c00000|100%| O|  |TAMS 0x00000000c2b00000| PB 0x00000000c2b00000| Untracked 
|  14|0x00000000c2c00000, 0x00000000c2d00000, 0x00000000c2d00000|100%| O|  |TAMS 0x00000000c2c00000| PB 0x00000000c2c00000| Untracked 
|  15|0x00000000c2d00000, 0x00000000c2e00000, 0x00000000c2e00000|100%| O|  |TAMS 0x00000000c2d00000| PB 0x00000000c2d00000| Untracked 
|  16|0x00000000c2e00000, 0x00000000c2f00000, 0x00000000c2f00000|100%| O|  |TAMS 0x00000000c2e00000| PB 0x00000000c2e00000| Untracked 
|  17|0x00000000c2f00000, 0x00000000c3000000, 0x00000000c3000000|100%| O|  |TAMS 0x00000000c2f00000| PB 0x00000000c2f00000| Untracked 
|  18|0x00000000c3000000, 0x00000000c3100000, 0x00000000c3100000|100%| O|  |TAMS 0x00000000c3000000| PB 0x00000000c3000000| Untracked 
|  19|0x00000000c3100000, 0x00000000c3200000, 0x00000000c3200000|100%| O|  |TAMS 0x00000000c3100000| PB 0x00000000c3100000| Untracked 
|  20|0x00000000c3200000, 0x00000000c3300000, 0x00000000c3300000|100%| O|  |TAMS 0x00000000c3200000| PB 0x00000000c3200000| Untracked 
|  21|0x00000000c3300000, 0x00000000c3400000, 0x00000000c3400000|100%| O|  |TAMS 0x00000000c3300000| PB 0x00000000c3300000| Untracked 
|  22|0x00000000c3400000, 0x00000000c3500000, 0x00000000c3500000|100%| O|  |TAMS 0x00000000c3400000| PB 0x00000000c3400000| Untracked 
|  23|0x00000000c3500000, 0x00000000c3600000, 0x00000000c3600000|100%| O|  |TAMS 0x00000000c3500000| PB 0x00000000c3500000| Untracked 
|  24|0x00000000c3600000, 0x00000000c3700000, 0x00000000c3700000|100%|HS|  |TAMS 0x00000000c3600000| PB 0x00000000c3600000| Complete 
|  25|0x00000000c3700000, 0x00000000c3800000, 0x00000000c3800000|100%| O|  |TAMS 0x00000000c3700000| PB 0x00000000c3700000| Untracked 
|  26|0x00000000c3800000, 0x00000000c3900000, 0x00000000c3900000|100%| O|  |TAMS 0x00000000c3800000| PB 0x00000000c3800000| Untracked 
|  27|0x00000000c3900000, 0x00000000c3a00000, 0x00000000c3a00000|100%|HS|  |TAMS 0x00000000c3900000| PB 0x00000000c3900000| Complete 
|  28|0x00000000c3a00000, 0x00000000c3b00000, 0x00000000c3b00000|100%|HS|  |TAMS 0x00000000c3a00000| PB 0x00000000c3a00000| Complete 
|  29|0x00000000c3b00000, 0x00000000c3c00000, 0x00000000c3c00000|100%| O|  |TAMS 0x00000000c3b00000| PB 0x00000000c3b00000| Untracked 
|  30|0x00000000c3c00000, 0x00000000c3c00000, 0x00000000c3d00000|  0%| F|  |TAMS 0x00000000c3c00000| PB 0x00000000c3c00000| Untracked 
|  31|0x00000000c3d00000, 0x00000000c3d00000, 0x00000000c3e00000|  0%| F|  |TAMS 0x00000000c3d00000| PB 0x00000000c3d00000| Untracked 
|  32|0x00000000c3e00000, 0x00000000c3f00000, 0x00000000c3f00000|100%| O|  |TAMS 0x00000000c3e00000| PB 0x00000000c3e00000| Untracked 
|  33|0x00000000c3f00000, 0x00000000c3f00000, 0x00000000c4000000|  0%| F|  |TAMS 0x00000000c3f00000| PB 0x00000000c3f00000| Untracked 
|  34|0x00000000c4000000, 0x00000000c4100000, 0x00000000c4100000|100%| O|  |TAMS 0x00000000c4000000| PB 0x00000000c4000000| Untracked 
|  35|0x00000000c4100000, 0x00000000c4200000, 0x00000000c4200000|100%| O|Cm|TAMS 0x00000000c4100000| PB 0x00000000c4100000| Complete 
|  36|0x00000000c4200000, 0x00000000c4300000, 0x00000000c4300000|100%| O|  |TAMS 0x00000000c4200000| PB 0x00000000c4200000| Untracked 
|  37|0x00000000c4300000, 0x00000000c4300000, 0x00000000c4400000|  0%| F|  |TAMS 0x00000000c4300000| PB 0x00000000c4300000| Untracked 
|  38|0x00000000c4400000, 0x00000000c4400000, 0x00000000c4500000|  0%| F|  |TAMS 0x00000000c4400000| PB 0x00000000c4400000| Untracked 
|  39|0x00000000c4500000, 0x00000000c4500000, 0x00000000c4600000|  0%| F|  |TAMS 0x00000000c4500000| PB 0x00000000c4500000| Untracked 
|  40|0x00000000c4600000, 0x00000000c4600000, 0x00000000c4700000|  0%| F|  |TAMS 0x00000000c4600000| PB 0x00000000c4600000| Untracked 
|  41|0x00000000c4700000, 0x00000000c4700000, 0x00000000c4800000|  0%| F|  |TAMS 0x00000000c4700000| PB 0x00000000c4700000| Untracked 
|  42|0x00000000c4800000, 0x00000000c4800000, 0x00000000c4900000|  0%| F|  |TAMS 0x00000000c4800000| PB 0x00000000c4800000| Untracked 
|  43|0x00000000c4900000, 0x00000000c49d6058, 0x00000000c4a00000| 83%| E|  |TAMS 0x00000000c4900000| PB 0x00000000c4900000| Complete 
|  44|0x00000000c4a00000, 0x00000000c4b00000, 0x00000000c4b00000|100%| E|CS|TAMS 0x00000000c4a00000| PB 0x00000000c4a00000| Complete 
|  45|0x00000000c4b00000, 0x00000000c4c00000, 0x00000000c4c00000|100%| E|CS|TAMS 0x00000000c4b00000| PB 0x00000000c4b00000| Complete 
|  46|0x00000000c4c00000, 0x00000000c4d00000, 0x00000000c4d00000|100%| E|CS|TAMS 0x00000000c4c00000| PB 0x00000000c4c00000| Complete 
|  47|0x00000000c4d00000, 0x00000000c4e00000, 0x00000000c4e00000|100%| E|CS|TAMS 0x00000000c4d00000| PB 0x00000000c4d00000| Complete 
|  48|0x00000000c4e00000, 0x00000000c4f00000, 0x00000000c4f00000|100%| E|  |TAMS 0x00000000c4e00000| PB 0x00000000c4e00000| Complete 
|  49|0x00000000c4f00000, 0x00000000c5000000, 0x00000000c5000000|100%| E|CS|TAMS 0x00000000c4f00000| PB 0x00000000c4f00000| Complete 
|  50|0x00000000c5000000, 0x00000000c5100000, 0x00000000c5100000|100%| E|CS|TAMS 0x00000000c5000000| PB 0x00000000c5000000| Complete 
|  51|0x00000000c5100000, 0x00000000c5200000, 0x00000000c5200000|100%| E|CS|TAMS 0x00000000c5100000| PB 0x00000000c5100000| Complete 
|  52|0x00000000c5200000, 0x00000000c5300000, 0x00000000c5300000|100%| E|CS|TAMS 0x00000000c5200000| PB 0x00000000c5200000| Complete 
|  53|0x00000000c5300000, 0x00000000c5400000, 0x00000000c5400000|100%| E|CS|TAMS 0x00000000c5300000| PB 0x00000000c5300000| Complete 
|  54|0x00000000c5400000, 0x00000000c5500000, 0x00000000c5500000|100%| E|CS|TAMS 0x00000000c5400000| PB 0x00000000c5400000| Complete 
|  55|0x00000000c5500000, 0x00000000c5600000, 0x00000000c5600000|100%| E|CS|TAMS 0x00000000c5500000| PB 0x00000000c5500000| Complete 
|  56|0x00000000c5600000, 0x00000000c5700000, 0x00000000c5700000|100%| E|CS|TAMS 0x00000000c5600000| PB 0x00000000c5600000| Complete 
|  57|0x00000000c5700000, 0x00000000c5800000, 0x00000000c5800000|100%| E|CS|TAMS 0x00000000c5700000| PB 0x00000000c5700000| Complete 
|  58|0x00000000c5800000, 0x00000000c5900000, 0x00000000c5900000|100%| E|CS|TAMS 0x00000000c5800000| PB 0x00000000c5800000| Complete 
|  59|0x00000000c5900000, 0x00000000c59f32c0, 0x00000000c5a00000| 94%| S|CS|TAMS 0x00000000c5900000| PB 0x00000000c5900000| Complete 
|  60|0x00000000c5a00000, 0x00000000c5b00000, 0x00000000c5b00000|100%| S|CS|TAMS 0x00000000c5a00000| PB 0x00000000c5a00000| Complete 
|  61|0x00000000c5b00000, 0x00000000c5c00000, 0x00000000c5c00000|100%| E|CS|TAMS 0x00000000c5b00000| PB 0x00000000c5b00000| Complete 
|  62|0x00000000c5c00000, 0x00000000c5d00000, 0x00000000c5d00000|100%| E|CS|TAMS 0x00000000c5c00000| PB 0x00000000c5c00000| Complete 
|  63|0x00000000c5d00000, 0x00000000c5e00000, 0x00000000c5e00000|100%| E|CS|TAMS 0x00000000c5d00000| PB 0x00000000c5d00000| Complete 
|  64|0x00000000c5e00000, 0x00000000c5f00000, 0x00000000c5f00000|100%| E|CS|TAMS 0x00000000c5e00000| PB 0x00000000c5e00000| Complete 
|  65|0x00000000c5f00000, 0x00000000c6000000, 0x00000000c6000000|100%| E|CS|TAMS 0x00000000c5f00000| PB 0x00000000c5f00000| Complete 
|  66|0x00000000c6000000, 0x00000000c6100000, 0x00000000c6100000|100%| E|CS|TAMS 0x00000000c6000000| PB 0x00000000c6000000| Complete 
|  67|0x00000000c6100000, 0x00000000c6200000, 0x00000000c6200000|100%| E|CS|TAMS 0x00000000c6100000| PB 0x00000000c6100000| Complete 
|  68|0x00000000c6200000, 0x00000000c6300000, 0x00000000c6300000|100%| E|CS|TAMS 0x00000000c6200000| PB 0x00000000c6200000| Complete 
| 993|0x00000000fff00000, 0x0000000100000000, 0x0000000100000000|100%| O|  |TAMS 0x00000000fff00000| PB 0x00000000fff00000| Untracked 

Card table byte_map: [0x0000020a63ba0000,0x0000020a63da0000] _byte_map_base: 0x0000020a63591000

Marking Bits: (CMBitMap*) 0x0000020a4a72bcd0
 Bits: [0x0000020a63da0000, 0x0000020a64d28000)

Polling page: 0x0000020a4a7c0000

Metaspace:

Usage:
  Non-class:     58.68 MB used.
      Class:      9.04 MB used.
       Both:     67.72 MB used.

Virtual space:
  Non-class space:       64.00 MB reserved,      59.12 MB ( 92%) committed,  1 nodes.
      Class space:        1.00 GB reserved,       9.38 MB ( <1%) committed,  1 nodes.
             Both:        1.06 GB reserved,      68.50 MB (  6%) committed. 

Chunk freelists:
   Non-Class:  4.12 MB
       Class:  6.48 MB
        Both:  10.61 MB

MaxMetaspaceSize: unlimited
CompressedClassSpaceSize: 1.00 GB
Initial GC threshold: 21.00 MB
Current GC threshold: 113.88 MB
CDS: on
 - commit_granule_bytes: 65536.
 - commit_granule_words: 8192.
 - virtual_space_node_default_size: 8388608.
 - enlarge_chunks_in_place: 1.
 - use_allocation_guard: 0.


Internal statistics:

num_allocs_failed_limit: 9.
num_arena_births: 1096.
num_arena_deaths: 0.
num_vsnodes_births: 2.
num_vsnodes_deaths: 0.
num_space_committed: 1096.
num_space_uncommitted: 0.
num_chunks_returned_to_freelist: 9.
num_chunks_taken_from_freelist: 3675.
num_chunk_merges: 9.
num_chunk_splits: 2635.
num_chunks_enlarged: 1984.
num_inconsistent_stats: 0.

CodeHeap 'non-profiled nmethods': size=120000Kb used=3252Kb max_used=3393Kb free=116747Kb
 bounds [0x0000020a5be50000, 0x0000020a5c1b0000, 0x0000020a63380000]
CodeHeap 'profiled nmethods': size=120000Kb used=10839Kb max_used=11233Kb free=109160Kb
 bounds [0x0000020a54380000, 0x0000020a54e80000, 0x0000020a5b8b0000]
CodeHeap 'non-nmethods': size=5760Kb used=1724Kb max_used=1747Kb free=4035Kb
 bounds [0x0000020a5b8b0000, 0x0000020a5bb20000, 0x0000020a5be50000]
 total_blobs=6765 nmethods=6014 adapters=655
 compilation: enabled
              stopped_count=0, restarted_count=0
 full_count=0

Compilation events (20 events):
Event: 311.216 Thread 0x0000020a672aee30 nmethod 7055 0x0000020a5bfb8e10 code [0x0000020a5bfb9020, 0x0000020a5bfb9788]
Event: 311.216 Thread 0x0000020a672aee30 7056       4       java.util.HashMap::removeNode (291 bytes)
Event: 311.231 Thread 0x0000020a672aee30 nmethod 7056 0x0000020a5bfb8010 code [0x0000020a5bfb8200, 0x0000020a5bfb89e0]
Event: 312.637 Thread 0x0000020a672b9cf0 7057       3       java.util.concurrent.ConcurrentHashMap::<init> (73 bytes)
Event: 312.640 Thread 0x0000020a672b9cf0 nmethod 7057 0x0000020a54bfa790 code [0x0000020a54bfa9a0, 0x0000020a54bfaf08]
Event: 312.700 Thread 0x0000020a672aee30 7058       4       java.lang.invoke.TypeConvertingMethodAdapter::descriptorToName (36 bytes)
Event: 312.705 Thread 0x0000020a672b9cf0 7059       3       java.util.Properties::getProperty (50 bytes)
Event: 312.707 Thread 0x0000020a672b9cf0 nmethod 7059 0x0000020a54c1d090 code [0x0000020a54c1d260, 0x0000020a54c1d7c8]
Event: 312.714 Thread 0x0000020a672b9cf0 7061       3       java.util.regex.Pattern$BmpCharProperty::<init> (6 bytes)
Event: 312.715 Thread 0x0000020a672b9cf0 nmethod 7061 0x0000020a54cd7810 code [0x0000020a54cd79c0, 0x0000020a54cd7cb0]
Event: 312.715 Thread 0x0000020a672b9cf0 7062       3       java.util.regex.Pattern::skip (23 bytes)
Event: 312.716 Thread 0x0000020a672b9cf0 nmethod 7062 0x0000020a54c29290 code [0x0000020a54c29440, 0x0000020a54c29588]
Event: 312.760 Thread 0x0000020a672aee30 nmethod 7058 0x0000020a5bfb7310 code [0x0000020a5bfb7500, 0x0000020a5bfb7ba0]
Event: 312.760 Thread 0x0000020a672aee30 7060       4       java.util.regex.Matcher::search (154 bytes)
Event: 312.798 Thread 0x0000020a672aee30 nmethod 7060 0x0000020a5bfb6210 code [0x0000020a5bfb6420, 0x0000020a5bfb6d30]
Event: 312.798 Thread 0x0000020a672aee30 7063       4       java.util.regex.Pattern$BmpCharPropertyGreedy::match (89 bytes)
Event: 312.801 Thread 0x0000020a672b9cf0 7065       1       java.net.StandardSocketOptions$StdSocketOption::type (5 bytes)
Event: 312.802 Thread 0x0000020a672b9cf0 nmethod 7065 0x0000020a5bfb5f10 code [0x0000020a5bfb60a0, 0x0000020a5bfb6168]
Event: 312.809 Thread 0x0000020a672aee30 nmethod 7063 0x0000020a5bfb5590 code [0x0000020a5bfb5760, 0x0000020a5bfb5bb8]
Event: 312.809 Thread 0x0000020a672aee30 7064       4       java.lang.Class::descriptorString (170 bytes)

GC Heap History (20 events):
Event: 15.549 GC heap before
{Heap before GC invocations=11 (full 0):
 garbage-first heap   total 55296K, used 45105K [0x00000000c1e00000, 0x0000000100000000)
  region size 1024K, 27 young (27648K), 4 survivors (4096K)
 Metaspace       used 51081K, committed 51648K, reserved 1114112K
  class space    used 6804K, committed 7040K, reserved 1048576K
}
Event: 15.557 GC heap after
{Heap after GC invocations=12 (full 0):
 garbage-first heap   total 55296K, used 23213K [0x00000000c1e00000, 0x0000000100000000)
  region size 1024K, 2 young (2048K), 2 survivors (2048K)
 Metaspace       used 51081K, committed 51648K, reserved 1114112K
  class space    used 6804K, committed 7040K, reserved 1048576K
}
Event: 17.165 GC heap before
{Heap before GC invocations=12 (full 0):
 garbage-first heap   total 55296K, used 45741K [0x00000000c1e00000, 0x0000000100000000)
  region size 1024K, 25 young (25600K), 2 survivors (2048K)
 Metaspace       used 56602K, committed 57280K, reserved 1114112K
  class space    used 7513K, committed 7808K, reserved 1048576K
}
Event: 17.175 GC heap after
{Heap after GC invocations=13 (full 0):
 garbage-first heap   total 55296K, used 24945K [0x00000000c1e00000, 0x0000000100000000)
  region size 1024K, 3 young (3072K), 3 survivors (3072K)
 Metaspace       used 56602K, committed 57280K, reserved 1114112K
  class space    used 7513K, committed 7808K, reserved 1048576K
}
Event: 18.570 GC heap before
{Heap before GC invocations=13 (full 0):
 garbage-first heap   total 55296K, used 47473K [0x00000000c1e00000, 0x0000000100000000)
  region size 1024K, 25 young (25600K), 3 survivors (3072K)
 Metaspace       used 57774K, committed 58432K, reserved 1114112K
  class space    used 7699K, committed 8000K, reserved 1048576K
}
Event: 18.582 GC heap after
{Heap after GC invocations=14 (full 0):
 garbage-first heap   total 55296K, used 26090K [0x00000000c1e00000, 0x0000000100000000)
  region size 1024K, 3 young (3072K), 3 survivors (3072K)
 Metaspace       used 57774K, committed 58432K, reserved 1114112K
  class space    used 7699K, committed 8000K, reserved 1048576K
}
Event: 19.646 GC heap before
{Heap before GC invocations=14 (full 0):
 garbage-first heap   total 55296K, used 39402K [0x00000000c1e00000, 0x0000000100000000)
  region size 1024K, 17 young (17408K), 3 survivors (3072K)
 Metaspace       used 59436K, committed 60096K, reserved 1114112K
  class space    used 7923K, committed 8192K, reserved 1048576K
}
Event: 19.663 GC heap after
{Heap after GC invocations=15 (full 0):
 garbage-first heap   total 55296K, used 27792K [0x00000000c1e00000, 0x0000000100000000)
  region size 1024K, 3 young (3072K), 3 survivors (3072K)
 Metaspace       used 59436K, committed 60096K, reserved 1114112K
  class space    used 7923K, committed 8192K, reserved 1048576K
}
Event: 46.435 GC heap before
{Heap before GC invocations=16 (full 0):
 garbage-first heap   total 55296K, used 47248K [0x00000000c1e00000, 0x0000000100000000)
  region size 1024K, 22 young (22528K), 3 survivors (3072K)
 Metaspace       used 61856K, committed 62592K, reserved 1114112K
  class space    used 8295K, committed 8640K, reserved 1048576K
}
Event: 46.449 GC heap after
{Heap after GC invocations=17 (full 0):
 garbage-first heap   total 55296K, used 29231K [0x00000000c1e00000, 0x0000000100000000)
  region size 1024K, 2 young (2048K), 2 survivors (2048K)
 Metaspace       used 61856K, committed 62592K, reserved 1114112K
  class space    used 8295K, committed 8640K, reserved 1048576K
}
Event: 47.326 GC heap before
{Heap before GC invocations=17 (full 0):
 garbage-first heap   total 55296K, used 49711K [0x00000000c1e00000, 0x0000000100000000)
  region size 1024K, 21 young (21504K), 2 survivors (2048K)
 Metaspace       used 65451K, committed 66240K, reserved 1114112K
  class space    used 8806K, committed 9152K, reserved 1048576K
}
Event: 47.336 GC heap after
{Heap after GC invocations=18 (full 0):
 garbage-first heap   total 56320K, used 30770K [0x00000000c1e00000, 0x0000000100000000)
  region size 1024K, 2 young (2048K), 2 survivors (2048K)
 Metaspace       used 65451K, committed 66240K, reserved 1114112K
  class space    used 8806K, committed 9152K, reserved 1048576K
}
Event: 59.432 GC heap before
{Heap before GC invocations=18 (full 0):
 garbage-first heap   total 56320K, used 48178K [0x00000000c1e00000, 0x0000000100000000)
  region size 1024K, 20 young (20480K), 2 survivors (2048K)
 Metaspace       used 68919K, committed 69696K, reserved 1114112K
  class space    used 9233K, committed 9536K, reserved 1048576K
}
Event: 59.441 GC heap after
{Heap after GC invocations=19 (full 0):
 garbage-first heap   total 56320K, used 33298K [0x00000000c1e00000, 0x0000000100000000)
  region size 1024K, 3 young (3072K), 3 survivors (3072K)
 Metaspace       used 68919K, committed 69696K, reserved 1114112K
  class space    used 9233K, committed 9536K, reserved 1048576K
}
Event: 65.699 GC heap before
{Heap before GC invocations=20 (full 0):
 garbage-first heap   total 71680K, used 50706K [0x00000000c1e00000, 0x0000000100000000)
  region size 1024K, 18 young (18432K), 3 survivors (3072K)
 Metaspace       used 68962K, committed 69760K, reserved 1114112K
  class space    used 9233K, committed 9536K, reserved 1048576K
}
Event: 65.703 GC heap after
{Heap after GC invocations=21 (full 0):
 garbage-first heap   total 71680K, used 33602K [0x00000000c1e00000, 0x0000000100000000)
  region size 1024K, 2 young (2048K), 2 survivors (2048K)
 Metaspace       used 68962K, committed 69760K, reserved 1114112K
  class space    used 9233K, committed 9536K, reserved 1048576K
}
Event: 146.372 GC heap before
{Heap before GC invocations=21 (full 0):
 garbage-first heap   total 71680K, used 65346K [0x00000000c1e00000, 0x0000000100000000)
  region size 1024K, 29 young (29696K), 2 survivors (2048K)
 Metaspace       used 69101K, committed 69824K, reserved 1114112K
  class space    used 9233K, committed 9536K, reserved 1048576K
}
Event: 146.510 GC heap after
{Heap after GC invocations=22 (full 0):
 garbage-first heap   total 71680K, used 33276K [0x00000000c1e00000, 0x0000000100000000)
  region size 1024K, 2 young (2048K), 2 survivors (2048K)
 Metaspace       used 69101K, committed 69824K, reserved 1114112K
  class space    used 9233K, committed 9536K, reserved 1048576K
}
Event: 199.969 GC heap before
{Heap before GC invocations=22 (full 0):
 garbage-first heap   total 71680K, used 39420K [0x00000000c1e00000, 0x0000000100000000)
  region size 1024K, 10 young (10240K), 2 survivors (2048K)
 Metaspace       used 69132K, committed 69888K, reserved 1114112K
  class space    used 9233K, committed 9536K, reserved 1048576K
}
Event: 200.019 GC heap after
{Heap after GC invocations=23 (full 0):
 garbage-first heap   total 71680K, used 33740K [0x00000000c1e00000, 0x0000000100000000)
  region size 1024K, 2 young (2048K), 2 survivors (2048K)
 Metaspace       used 69132K, committed 69888K, reserved 1114112K
  class space    used 9233K, committed 9536K, reserved 1048576K
}

Dll operation events (14 events):
Event: 0.021 Loaded shared library C:\Program Files\Java\jdk-21\bin\java.dll
Event: 0.085 Loaded shared library C:\Program Files\Java\jdk-21\bin\jsvml.dll
Event: 0.327 Loaded shared library C:\Program Files\Java\jdk-21\bin\zip.dll
Event: 0.334 Loaded shared library C:\Program Files\Java\jdk-21\bin\instrument.dll
Event: 0.351 Loaded shared library C:\Program Files\Java\jdk-21\bin\net.dll
Event: 0.356 Loaded shared library C:\Program Files\Java\jdk-21\bin\nio.dll
Event: 0.366 Loaded shared library C:\Program Files\Java\jdk-21\bin\zip.dll
Event: 0.638 Loaded shared library C:\Program Files\JetBrains\IntelliJ IDEA Community Edition 2024.1\bin\breakgen64.dll
Event: 0.664 Loaded shared library C:\Program Files\Java\jdk-21\bin\extnet.dll
Event: 0.736 Loaded shared library C:\Program Files\Java\jdk-21\bin\jimage.dll
Event: 1.548 Loaded shared library C:\Program Files\Java\jdk-21\bin\management.dll
Event: 1.555 Loaded shared library C:\Program Files\Java\jdk-21\bin\management_ext.dll
Event: 3.548 Loaded shared library C:\Program Files\Java\jdk-21\bin\sunmscapi.dll
Event: 11.497 Loaded shared library C:\Program Files\Java\jdk-21\bin\verify.dll

Deoptimization events (20 events):
Event: 207.921 Thread 0x0000020a6f6efc80 Uncommon trap: trap_request=0xffffffd6 fr.pc=0x0000020a5bf18498 relative=0x0000000000000738
Event: 207.921 Thread 0x0000020a6f6efc80 Uncommon trap: reason=array_check action=maybe_recompile pc=0x0000020a5bf18498 method=java.util.TimSort.reverseRange([Ljava/lang/Object;II)V @ 20 c2
Event: 207.921 Thread 0x0000020a6f6efc80 DEOPT PACKING pc=0x0000020a5bf18498 sp=0x000000846bffcad0
Event: 207.921 Thread 0x0000020a6f6efc80 DEOPT UNPACKING pc=0x0000020a5b9046a2 sp=0x000000846bffca00 mode 2
Event: 207.964 Thread 0x0000020a6f6efc80 Uncommon trap: trap_request=0xffffffd6 fr.pc=0x0000020a5bf18498 relative=0x0000000000000738
Event: 207.964 Thread 0x0000020a6f6efc80 Uncommon trap: reason=array_check action=maybe_recompile pc=0x0000020a5bf18498 method=java.util.TimSort.reverseRange([Ljava/lang/Object;II)V @ 20 c2
Event: 207.964 Thread 0x0000020a6f6efc80 DEOPT PACKING pc=0x0000020a5bf18498 sp=0x000000846bffcad0
Event: 207.964 Thread 0x0000020a6f6efc80 DEOPT UNPACKING pc=0x0000020a5b9046a2 sp=0x000000846bffca00 mode 2
Event: 309.398 Thread 0x0000020a6f6edbb0 Uncommon trap: trap_request=0xffffff45 fr.pc=0x0000020a5c095c1c relative=0x000000000000007c
Event: 309.398 Thread 0x0000020a6f6edbb0 Uncommon trap: reason=unstable_if action=reinterpret pc=0x0000020a5c095c1c method=sun.net.www.ParseUtil.match(CJJ)Z @ 39 c2
Event: 309.399 Thread 0x0000020a6f6edbb0 DEOPT PACKING pc=0x0000020a5c095c1c sp=0x00000084696fe3e0
Event: 309.400 Thread 0x0000020a6f6edbb0 DEOPT UNPACKING pc=0x0000020a5b9046a2 sp=0x00000084696fe370 mode 2
Event: 309.418 Thread 0x0000020a6f6edbb0 Uncommon trap: trap_request=0xffffff45 fr.pc=0x0000020a5c02a7ac relative=0x000000000000010c
Event: 309.419 Thread 0x0000020a6f6edbb0 Uncommon trap: reason=unstable_if action=reinterpret pc=0x0000020a5c02a7ac method=java.util.concurrent.ConcurrentHashMap.sumCount()J @ 41 c2
Event: 309.419 Thread 0x0000020a6f6edbb0 DEOPT PACKING pc=0x0000020a5c02a7ac sp=0x00000084696fe640
Event: 309.420 Thread 0x0000020a6f6edbb0 DEOPT UNPACKING pc=0x0000020a5b9046a2 sp=0x00000084696fe5b0 mode 2
Event: 309.464 Thread 0x0000020a6f6ebae0 Uncommon trap: trap_request=0xffffff45 fr.pc=0x0000020a5c19fb78 relative=0x0000000000000058
Event: 309.465 Thread 0x0000020a6f6ebae0 Uncommon trap: reason=unstable_if action=reinterpret pc=0x0000020a5c19fb78 method=java.lang.Thread.getAndClearInterrupt()Z @ 6 c2
Event: 309.465 Thread 0x0000020a6f6ebae0 DEOPT PACKING pc=0x0000020a5c19fb78 sp=0x000000846bbff2d0
Event: 309.466 Thread 0x0000020a6f6ebae0 DEOPT UNPACKING pc=0x0000020a5b9046a2 sp=0x000000846bbff208 mode 2

Classes loaded (20 events):
Event: 312.387 Loading class java/security/SignatureException
Event: 312.392 Loading class java/security/SignatureException done
Event: 312.420 Loading class java/security/PrivateKey
Event: 312.460 Loading class java/security/Key
Event: 312.496 Loading class java/security/Key done
Event: 312.505 Loading class javax/security/auth/Destroyable
Event: 312.550 Loading class javax/security/auth/Destroyable done
Event: 312.553 Loading class java/security/PrivateKey done
Event: 312.570 Loading class javax/net/ssl/SSLSocket
Event: 312.608 Loading class javax/net/ssl/SSLSocket done
Event: 312.610 Loading class java/security/spec/InvalidKeySpecException
Event: 312.614 Loading class java/security/spec/InvalidKeySpecException done
Event: 312.614 Loading class java/security/spec/KeySpec
Event: 312.616 Loading class java/security/spec/KeySpec done
Event: 312.619 Loading class javax/crypto/NoSuchPaddingException
Event: 312.622 Loading class javax/crypto/NoSuchPaddingException done
Event: 312.623 Loading class javax/crypto/IllegalBlockSizeException
Event: 312.625 Loading class javax/crypto/IllegalBlockSizeException done
Event: 312.629 Loading class javax/crypto/BadPaddingException
Event: 312.632 Loading class javax/crypto/BadPaddingException done

Classes unloaded (0 events):
No events

Classes redefined (0 events):
No events

Internal exceptions (20 events):
Event: 18.761 Thread 0x0000020a6c849d40 Exception <a 'java/lang/NoSuchMethodError'{0x00000000c516b278}: 'java.lang.Object java.lang.invoke.DirectMethodHandle$Holder.newInvokeSpecial(java.lang.Object, java.lang.Object, java.lang.Object, java.lang.Object, java.lang.Object, java.lang.Object, java.lang.Object, java.lang.Object)'> (0x00000000c516b278) 
thrown [s\open\src\hotspot\share\interpreter\linkResolver.cpp, line 773]
Event: 19.583 Thread 0x0000020a6c849d40 Exception <a 'java/lang/IncompatibleClassChangeError'{0x00000000c477e6d0}: Found class java.lang.Object, but interface was expected> (0x00000000c477e6d0) 
thrown [s\open\src\hotspot\share\interpreter\linkResolver.cpp, line 840]
Event: 19.796 Thread 0x0000020a6c849d40 Exception <a 'java/lang/NoSuchMethodError'{0x00000000c5d60648}: 'void java.lang.invoke.DirectMethodHandle$Holder.invokeVirtual(java.lang.Object, java.lang.Object, long)'> (0x00000000c5d60648) 
thrown [s\open\src\hotspot\share\interpreter\linkResolver.cpp, line 773]
Event: 19.924 Thread 0x0000020a6c849d40 Exception <a 'java/lang/NoSuchMethodError'{0x00000000c5249b90}: 'java.lang.Object java.lang.invoke.DirectMethodHandle$Holder.invokeSpecial(java.lang.Object, java.lang.Object, int, int, int, int)'> (0x00000000c5249b90) 
thrown [s\open\src\hotspot\share\interpreter\linkResolver.cpp, line 773]
Event: 20.053 Thread 0x0000020a6c849d40 Exception <a 'java/lang/NoSuchMethodError'{0x00000000c50bdfb8}: 'int java.lang.invoke.DirectMethodHandle$Holder.invokeStaticInit(java.lang.Object, java.lang.Object, java.lang.Object, java.lang.Object)'> (0x00000000c50bdfb8) 
thrown [s\open\src\hotspot\share\interpreter\linkResolver.cpp, line 773]
Event: 20.324 Thread 0x0000020a6c849d40 Exception <a 'java/lang/IncompatibleClassChangeError'{0x00000000c4d3d7d0}: Found class java.lang.Object, but interface was expected> (0x00000000c4d3d7d0) 
thrown [s\open\src\hotspot\share\interpreter\linkResolver.cpp, line 840]
Event: 20.344 Thread 0x0000020a6c849d40 Implicit null exception at 0x0000020a5bf7a608 to 0x0000020a5bf7a860
Event: 20.627 Thread 0x0000020a6c849d40 Exception <a 'java/lang/NoSuchMethodError'{0x00000000c48a45f8}: 'java.lang.Object java.lang.invoke.DirectMethodHandle$Holder.newInvokeSpecial(java.lang.Object, java.lang.Object, int, java.lang.Object, java.lang.Object)'> (0x00000000c48a45f8) 
thrown [s\open\src\hotspot\share\interpreter\linkResolver.cpp, line 773]
Event: 20.628 Thread 0x0000020a6c849d40 Exception <a 'java/lang/NoSuchMethodError'{0x00000000c48af0c8}: 'java.lang.Object java.lang.invoke.DirectMethodHandle$Holder.invokeSpecial(java.lang.Object, java.lang.Object, int, java.lang.Object, int, java.lang.Object)'> (0x00000000c48af0c8) 
thrown [s\open\src\hotspot\share\interpreter\linkResolver.cpp, line 773]
Event: 20.629 Thread 0x0000020a6c849d40 Exception <a 'java/lang/NoSuchMethodError'{0x00000000c48b6498}: 'java.lang.Object java.lang.invoke.DirectMethodHandle$Holder.newInvokeSpecial(java.lang.Object, java.lang.Object, int, java.lang.Object, int)'> (0x00000000c48b6498) 
thrown [s\open\src\hotspot\share\interpreter\linkResolver.cpp, line 773]
Event: 20.630 Thread 0x0000020a6c849d40 Exception <a 'java/lang/NoSuchMethodError'{0x00000000c48ba308}: 'java.lang.Object java.lang.invoke.DirectMethodHandle$Holder.invokeSpecial(java.lang.Object, java.lang.Object, java.lang.Object, int, java.lang.Object, int)'> (0x00000000c48ba308) 
thrown [s\open\src\hotspot\share\interpreter\linkResolver.cpp, line 773]
Event: 46.331 Thread 0x0000020a6f6ee8d0 Exception <a 'java/lang/NoSuchMethodError'{0x00000000c3fb5648}: 'java.lang.Object java.lang.invoke.DirectMethodHandle$Holder.invokeSpecial(java.lang.Object, java.lang.Object, java.lang.Object, java.lang.Object, java.lang.Object, long)'> (0x00000000c3fb5648) 
thrown [s\open\src\hotspot\share\interpreter\linkResolver.cpp, line 773]
Event: 46.331 Thread 0x0000020a6f6ee8d0 Exception <a 'java/lang/NoSuchMethodError'{0x00000000c3fb8e08}: 'java.lang.Object java.lang.invoke.Invokers$Holder.linkToTargetMethod(java.lang.Object, java.lang.Object, java.lang.Object, long, java.lang.Object)'> (0x00000000c3fb8e08) 
thrown [s\open\src\hotspot\share\interpreter\linkResolver.cpp, line 773]
Event: 46.804 Thread 0x0000020a6f6ee8d0 Exception <a 'java/lang/NoSuchMethodError'{0x00000000c4e234f8}: 'java.lang.Object java.lang.invoke.DirectMethodHandle$Holder.invokeInterface(java.lang.Object, java.lang.Object, java.lang.Object, java.lang.Object)'> (0x00000000c4e234f8) 
thrown [s\open\src\hotspot\share\interpreter\linkResolver.cpp, line 773]
Event: 47.041 Thread 0x0000020a6f6ee8d0 Exception <a 'java/lang/IncompatibleClassChangeError'{0x00000000c48faf40}: Found class java.lang.Object, but interface was expected> (0x00000000c48faf40) 
thrown [s\open\src\hotspot\share\interpreter\linkResolver.cpp, line 840]
Event: 48.196 Thread 0x0000020a6f6ee8d0 Exception <a 'java/lang/NoSuchMethodError'{0x00000000c48a2980}: 'java.lang.Object java.lang.invoke.DirectMethodHandle$Holder.invokeInterface(java.lang.Object, java.lang.Object, java.lang.Object, java.lang.Object, java.lang.Object)'> (0x00000000c48a2980) 
thrown [s\open\src\hotspot\share\interpreter\linkResolver.cpp, line 773]
Event: 48.217 Thread 0x0000020a6f6ee8d0 Exception <a 'java/lang/NoSuchMethodError'{0x00000000c48e2200}: 'void java.lang.invoke.DirectMethodHandle$Holder.invokeSpecialIFC(java.lang.Object, java.lang.Object, int, java.lang.Object, java.lang.Object, java.lang.Object, java.lang.Object)'> (0x00000000c48e2200) 
thrown [s\open\src\hotspot\share\interpreter\linkResolver.cpp, line 773]
Event: 48.313 Thread 0x0000020a6f6f0310 Exception <a 'java/lang/NoSuchMethodError'{0x00000000c4595290}: 'java.lang.Object java.lang.invoke.DirectMethodHandle$Holder.invokeStatic(java.lang.Object, int, int)'> (0x00000000c4595290) 
thrown [s\open\src\hotspot\share\interpreter\linkResolver.cpp, line 773]
Event: 309.417 Thread 0x0000020a6f6edbb0 Implicit null exception at 0x0000020a5c02a70b to 0x0000020a5c02a78c
Event: 310.167 Thread 0x0000020a6d5c0530 Exception <a 'java/lang/InterruptedException'{0x00000000c4948c50}: sleep interrupted> (0x00000000c4948c50) 
thrown [s\open\src\hotspot\share\prims\jvm.cpp, line 3074]

ZGC Phase Switch (0 events):
No events

VM Operations (20 events):
Event: 215.734 Executing VM operation: Cleanup
Event: 215.734 Executing VM operation: Cleanup done
Event: 216.742 Executing VM operation: Cleanup
Event: 216.743 Executing VM operation: Cleanup done
Event: 219.757 Executing VM operation: Cleanup
Event: 219.757 Executing VM operation: Cleanup done
Event: 220.758 Executing VM operation: Cleanup
Event: 220.758 Executing VM operation: Cleanup done
Event: 240.742 Executing VM operation: HandshakeAllThreads (HandshakeForDeflation)
Event: 240.742 Executing VM operation: HandshakeAllThreads (HandshakeForDeflation) done
Event: 240.742 Executing VM operation: RendezvousGCThreads
Event: 240.742 Executing VM operation: RendezvousGCThreads done
Event: 274.024 Executing VM operation: Cleanup
Event: 274.025 Executing VM operation: Cleanup done
Event: 307.288 Executing VM operation: Cleanup
Event: 307.289 Executing VM operation: Cleanup done
Event: 309.302 Executing VM operation: Cleanup
Event: 309.303 Executing VM operation: Cleanup done
Event: 310.310 Executing VM operation: Cleanup
Event: 310.326 Executing VM operation: Cleanup done

Events (20 events):
Event: 200.532 Thread 0x0000020a4a7b41c0 flushing nmethod 0x0000020a5be92a90
Event: 307.262 Thread 0x0000020a6f6ed520 Thread added: 0x0000020a6f6ed520
Event: 307.303 Thread 0x0000020a6f6edbb0 Thread added: 0x0000020a6f6edbb0
Event: 307.304 Thread 0x0000020a6f6ee240 Thread added: 0x0000020a6f6ee240
Event: 307.339 Thread 0x0000020a6f6ee240 Thread exited: 0x0000020a6f6ee240
Event: 309.421 Thread 0x0000020a6f6f1030 Thread exited: 0x0000020a6f6f1030
Event: 309.446 Thread 0x0000020a6f6ec800 Thread exited: 0x0000020a6f6ec800
Event: 309.495 Thread 0x0000020a6f6ec170 Thread exited: 0x0000020a6f6ec170
Event: 309.497 Thread 0x0000020a6f6ef5f0 Thread exited: 0x0000020a6f6ef5f0
Event: 309.498 Thread 0x0000020a6f6f3100 Thread exited: 0x0000020a6f6f3100
Event: 309.498 Thread 0x0000020a6f6f2a70 Thread exited: 0x0000020a6f6f2a70
Event: 309.498 Thread 0x0000020a6f6ee8d0 Thread exited: 0x0000020a6f6ee8d0
Event: 309.498 Thread 0x0000020a6f6f09a0 Thread exited: 0x0000020a6f6f09a0
Event: 309.498 Thread 0x0000020a6f6ebae0 Thread exited: 0x0000020a6f6ebae0
Event: 309.500 Thread 0x0000020a6f6f0310 Thread exited: 0x0000020a6f6f0310
Event: 309.501 Thread 0x0000020a6f6efc80 Thread exited: 0x0000020a6f6efc80
Event: 309.501 Thread 0x0000020a6f6f23e0 Thread exited: 0x0000020a6f6f23e0
Event: 310.180 Thread 0x0000020a6d5c0530 Thread exited: 0x0000020a6d5c0530
Event: 311.556 Thread 0x0000020a6f6ef5f0 Thread added: 0x0000020a6f6ef5f0
Event: 311.570 Thread 0x0000020a6d5c1250 Thread exited: 0x0000020a6d5c1250


Dynamic libraries:
0x00007ff729410000 - 0x00007ff729420000 	C:\Program Files\Java\jdk-21\bin\java.exe
0x00007fffd4990000 - 0x00007fffd4b88000 	C:\Windows\SYSTEM32\ntdll.dll
0x00007fffd3f60000 - 0x00007fffd4021000 	C:\Windows\System32\KERNEL32.DLL
0x00007fffd26c0000 - 0x00007fffd29b6000 	C:\Windows\System32\KERNELBASE.dll
0x00007fffd23c0000 - 0x00007fffd24c0000 	C:\Windows\System32\ucrtbase.dll
0x00007fffbf660000 - 0x00007fffbf67b000 	C:\Program Files\Java\jdk-21\bin\VCRUNTIME140.dll
0x00007fffc2820000 - 0x00007fffc2839000 	C:\Program Files\Java\jdk-21\bin\jli.dll
0x00007fffd2c40000 - 0x00007fffd2cf0000 	C:\Windows\System32\ADVAPI32.dll
0x00007fffd47a0000 - 0x00007fffd483e000 	C:\Windows\System32\msvcrt.dll
0x00007fffd48b0000 - 0x00007fffd4950000 	C:\Windows\System32\sechost.dll
0x00007fffd34c0000 - 0x00007fffd35e3000 	C:\Windows\System32\RPCRT4.dll
0x00007fffd21b0000 - 0x00007fffd21d7000 	C:\Windows\System32\bcrypt.dll
0x00007fffd2cf0000 - 0x00007fffd2e8f000 	C:\Windows\System32\USER32.dll
0x00007fffd21e0000 - 0x00007fffd2202000 	C:\Windows\System32\win32u.dll
0x00007fffd35f0000 - 0x00007fffd361b000 	C:\Windows\System32\GDI32.dll
0x00007fffc3dc0000 - 0x00007fffc405a000 	C:\Windows\WinSxS\amd64_microsoft.windows.common-controls_6595b64144ccf1df_6.0.19041.4355_none_60b8b9eb71f62e16\COMCTL32.dll
0x00007fffd2090000 - 0x00007fffd21a7000 	C:\Windows\System32\gdi32full.dll
0x00007fffd2620000 - 0x00007fffd26bd000 	C:\Windows\System32\msvcp_win.dll
0x00007fffc4c90000 - 0x00007fffc4c9a000 	C:\Windows\SYSTEM32\VERSION.dll
0x00007fffd2af0000 - 0x00007fffd2b1f000 	C:\Windows\System32\IMM32.DLL
0x00007fffcaa70000 - 0x00007fffcaa7c000 	C:\Program Files\Java\jdk-21\bin\vcruntime140_1.dll
0x00007fff77780000 - 0x00007fff7780e000 	C:\Program Files\Java\jdk-21\bin\msvcp140.dll
0x00007fff5fe70000 - 0x00007fff60b7d000 	C:\Program Files\Java\jdk-21\bin\server\jvm.dll
0x00007fffd3620000 - 0x00007fffd368b000 	C:\Windows\System32\WS2_32.dll
0x00007fffd1570000 - 0x00007fffd15bb000 	C:\Windows\SYSTEM32\POWRPROF.dll
0x00007fffc46c0000 - 0x00007fffc46e7000 	C:\Windows\SYSTEM32\WINMM.dll
0x00007fffd1430000 - 0x00007fffd1442000 	C:\Windows\SYSTEM32\UMPDC.dll
0x00007fffcfec0000 - 0x00007fffcfed2000 	C:\Windows\SYSTEM32\kernel.appcore.dll
0x00007fffc9bc0000 - 0x00007fffc9bca000 	C:\Program Files\Java\jdk-21\bin\jimage.dll
0x00007fffc20c0000 - 0x00007fffc22a4000 	C:\Windows\SYSTEM32\DBGHELP.DLL
0x00007fffc2080000 - 0x00007fffc20b4000 	C:\Windows\SYSTEM32\dbgcore.DLL
0x00007fffd22c0000 - 0x00007fffd2342000 	C:\Windows\System32\bcryptPrimitives.dll
0x00007fffce900000 - 0x00007fffce90f000 	C:\Program Files\Java\jdk-21\bin\instrument.dll
0x00007fffbe9c0000 - 0x00007fffbe9df000 	C:\Program Files\Java\jdk-21\bin\java.dll
0x00007fffd4030000 - 0x00007fffd479c000 	C:\Windows\System32\SHELL32.dll
0x00007fffd00c0000 - 0x00007fffd085d000 	C:\Windows\SYSTEM32\windows.storage.dll
0x00007fffd3050000 - 0x00007fffd33a3000 	C:\Windows\System32\combase.dll
0x00007fffd1a60000 - 0x00007fffd1a8e000 	C:\Windows\SYSTEM32\Wldp.dll
0x00007fffd3b90000 - 0x00007fffd3c5d000 	C:\Windows\System32\OLEAUT32.dll
0x00007fffd2fa0000 - 0x00007fffd304d000 	C:\Windows\System32\SHCORE.dll
0x00007fffd4850000 - 0x00007fffd48a5000 	C:\Windows\System32\shlwapi.dll
0x00007fffd1f70000 - 0x00007fffd1f94000 	C:\Windows\SYSTEM32\profapi.dll
0x00007fff775d0000 - 0x00007fff776a7000 	C:\Program Files\Java\jdk-21\bin\jsvml.dll
0x00007fffbe5c0000 - 0x00007fffbe5d8000 	C:\Program Files\Java\jdk-21\bin\zip.dll
0x00007fffc3d50000 - 0x00007fffc3d60000 	C:\Program Files\Java\jdk-21\bin\net.dll
0x00007fffc73f0000 - 0x00007fffc74fa000 	C:\Windows\SYSTEM32\WINHTTP.dll
0x00007fffd17c0000 - 0x00007fffd182a000 	C:\Windows\system32\mswsock.dll
0x00007fffbdff0000 - 0x00007fffbe006000 	C:\Program Files\Java\jdk-21\bin\nio.dll
0x00007fffcc4b0000 - 0x00007fffcc4ca000 	C:\Program Files\JetBrains\IntelliJ IDEA Community Edition 2024.1\bin\breakgen64.dll
0x00007fffc24f0000 - 0x00007fffc24f9000 	C:\Program Files\Java\jdk-21\bin\extnet.dll
0x00007fffc10b0000 - 0x00007fffc10ba000 	C:\Program Files\Java\jdk-21\bin\management.dll
0x00007fffc08a0000 - 0x00007fffc08ab000 	C:\Program Files\Java\jdk-21\bin\management_ext.dll
0x00007fffd3c60000 - 0x00007fffd3c68000 	C:\Windows\System32\PSAPI.DLL
0x00007fffc1b90000 - 0x00007fffc1b9e000 	C:\Program Files\Java\jdk-21\bin\sunmscapi.dll
0x00007fffd24c0000 - 0x00007fffd261e000 	C:\Windows\System32\CRYPT32.dll
0x00007fffd1ad0000 - 0x00007fffd1af9000 	C:\Windows\SYSTEM32\ncrypt.dll
0x00007fffd1a90000 - 0x00007fffd1acb000 	C:\Windows\SYSTEM32\NTASN1.dll
0x00007fffd19b0000 - 0x00007fffd19c8000 	C:\Windows\SYSTEM32\CRYPTSP.dll
0x00007fffd1070000 - 0x00007fffd10a4000 	C:\Windows\system32\rsaenh.dll
0x00007fffd1f20000 - 0x00007fffd1f4e000 	C:\Windows\SYSTEM32\USERENV.dll
0x00007fffd19d0000 - 0x00007fffd19dc000 	C:\Windows\SYSTEM32\CRYPTBASE.dll
0x00007fffd1450000 - 0x00007fffd148b000 	C:\Windows\SYSTEM32\IPHLPAPI.DLL
0x00007fffd4840000 - 0x00007fffd4848000 	C:\Windows\System32\NSI.dll
0x00007fffca7e0000 - 0x00007fffca7f0000 	C:\Program Files\Java\jdk-21\bin\verify.dll
0x00007fffd14a0000 - 0x00007fffd156a000 	C:\Windows\SYSTEM32\DNSAPI.dll
0x00007fffc2f00000 - 0x00007fffc2f0a000 	C:\Windows\System32\rasadhlp.dll
0x00007fffc3670000 - 0x00007fffc36f0000 	C:\Windows\System32\fwpuclnt.dll
0x00007fffcace0000 - 0x00007fffcace7000 	C:\Windows\system32\wshunix.dll

dbghelp: loaded successfully - version: 4.0.5 - missing functions: none
symbol engine: initialized successfully - sym options: 0x614 - pdb path: .;C:\Program Files\Java\jdk-21\bin;C:\Windows\SYSTEM32;C:\Windows\WinSxS\amd64_microsoft.windows.common-controls_6595b64144ccf1df_6.0.19041.4355_none_60b8b9eb71f62e16;C:\Program Files\Java\jdk-21\bin\server;C:\Program Files\JetBrains\IntelliJ IDEA Community Edition 2024.1\bin

VM Arguments:
jvm_args: -javaagent:C:\Program Files\JetBrains\IntelliJ IDEA Community Edition 2024.1\lib\idea_rt.jar=61431:C:\Program Files\JetBrains\IntelliJ IDEA Community Edition 2024.1\bin -Dfile.encoding=UTF-8 -Dsun.stdout.encoding=UTF-8 -Dsun.stderr.encoding=UTF-8 
java_command: obi.com.eazyconcept.EazyconceptApplication
java_class_path (initial): C:\Users\Iloke Obinna\Desktop\eazyconcept\target\classes;C:\Users\Iloke Obinna\.m2\repository\org\springframework\boot\spring-boot-starter-data-jpa\3.2.2\spring-boot-starter-data-jpa-3.2.2.jar;C:\Users\Iloke Obinna\.m2\repository\org\springframework\boot\spring-boot-starter-aop\3.2.2\spring-boot-starter-aop-3.2.2.jar;C:\Users\Iloke Obinna\.m2\repository\org\springframework\spring-aop\6.1.3\spring-aop-6.1.3.jar;C:\Users\Iloke Obinna\.m2\repository\org\aspectj\aspectjweaver\1.9.21\aspectjweaver-1.9.21.jar;C:\Users\Iloke Obinna\.m2\repository\org\springframework\boot\spring-boot-starter-jdbc\3.2.2\spring-boot-starter-jdbc-3.2.2.jar;C:\Users\Iloke Obinna\.m2\repository\com\zaxxer\HikariCP\5.0.1\HikariCP-5.0.1.jar;C:\Users\Iloke Obinna\.m2\repository\org\springframework\spring-jdbc\6.1.3\spring-jdbc-6.1.3.jar;C:\Users\Iloke Obinna\.m2\repository\org\hibernate\orm\hibernate-core\6.4.1.Final\hibernate-core-6.4.1.Final.jar;C:\Users\Iloke Obinna\.m2\repository\jakarta\persistence\jakarta.persistence-api\3.1.0\jakarta.persistence-api-3.1.0.jar;C:\Users\Iloke Obinna\.m2\repository\jakarta\transaction\jakarta.transaction-api\2.0.1\jakarta.transaction-api-2.0.1.jar;C:\Users\Iloke Obinna\.m2\repository\org\jboss\logging\jboss-logging\3.5.3.Final\jboss-logging-3.5.3.Final.jar;C:\Users\Iloke Obinna\.m2\repository\org\hibernate\common\hibernate-commons-annotations\6.0.6.Final\hibernate-commons-annotations-6.0.6.Final.jar;C:\Users\Iloke Obinna\.m2\repository\io\smallrye\jandex\3.1.2\jandex-3.1.2.jar;C:\Users\Iloke Obinna\.m2\repository\com\fasterxml\classmate\1.6.0\classmate-1.6.0.jar;C:\Users\Iloke Obinna\.m2\repository\net\bytebuddy\byte-buddy\1.14.11\byte-buddy-1.14.11.jar;C:\Users\Iloke Obinna\.m2\repository\org\glassfish\jaxb\jaxb-runtime\4.0.4\jaxb-runtime-4.0.4.jar;C:\Users\Iloke Obinna\.m2\repository\org\glassfish\jaxb\jaxb-core\4.0.4\jaxb-core-4.0.4.jar;C:\Users\Iloke Obinna\.m2\repository\org\eclipse\angus\angus-activation\2.0.1\angus-activation-2.0.1.jar;C:\Users\Iloke Obinna\.m2\repository\org\glassfish\jaxb\txw2\4.0.4\txw2-4.0.4.jar;C:\Users\Iloke Obinna\.m2\repository\com\sun\istack\istack-commons-runtime\4.1.2\istack-commons-runtime-4.1.2.jar;C:\Users\Iloke Obinna\.m2\repository\jakarta\inject\jakarta.inject-api\2.0.1\jakarta.inject-api-2.0.1.jar;C:\Users\Iloke Obinna\.m2\repository\org\antlr\antlr4-runtime\4.13.0\antlr4-runtime-4.13.0.jar;C:\Users\Iloke Obinna\.m2\repository\org\springframework\data\spring-data-jpa\3.2.2\spring-data-jpa-3.2.2.jar;C:\Users\Iloke Obinna\.m2\repository\org\springframework\data\spring-data-commons\3.2.2\spring-data-commons-3.2.2.jar;C:\Users\Iloke Obinna\.m2\repository\org\springframework\spring-orm\6.1.3\spring-orm-6.1.3.jar;C:\Users\Iloke Obinna\.m2\repository\org\springframework\spring-context\6.1.3\spring-context-6.1.3.jar;C:\Users\Iloke Obinna\.m2\repository\org\springframework\spring-tx\6.1.3\spring-tx-6.1.3.jar;C:\Users\Iloke Obinna\.m2\repository\org\springframework\spring-beans\6.1.3\spring-beans-6.1.3.jar;C:\Users\Iloke Obinna\.m2\repository\jakarta\annotation\jakarta.annotation-api\2.1.1\jakarta.annotation-api-2.1.1.jar;C:\Users\Iloke Obinna\.m2\repository\org\slf4j\slf4j-api\2.0.11\slf4j-api-2.0.11.jar;C:\Users\Iloke Obinna\.m2\repository\org\springframework\spring-aspects\6.1.3\spring-aspects-6.1.3.jar;C:\Users\Iloke Obinna\.m2\repository\org\springframework\boot\spring-boot-starter-thymeleaf\3.2.2\spring-boot-starter-thymeleaf-3.2.2.jar;C:\Users\Iloke Obinna\.m2\repository\org\springframework\boot\spring-boot-starter\3.2.2\spring-boot-starter-3.2.2.jar;C:\Users\Iloke Obinna\.m2\repository\org\springframework\boot\spring-boot-starter-logging\3.2.2\spring-boot-starter-logging-3.2.2.jar;C:\Users\Iloke Obinna\.m2\repository\ch\qos\logback\logback-classic\1.4.14\logback-classic-1.4.14.jar;C:\Users\Iloke Obinna\.m2\repository\ch\qos\logback\logback-core\1.4.14\logback-core-1.4.14.jar;C:\Users\Iloke Obinna\.m2\repository\org\apache\logging\log4j\log4j-to-slf4j\2.21.1\log4j-to-slf4j-2.21.1.jar;C:\Users\Iloke Obinna\.m2\repository\org\apache\logging\log4j\log4j-api\2.21.1\log4j-api-2.21.1.jar;C:\Users\Iloke Obinna\.m2\repository\org\slf4j\jul-to-slf4j\2.0.11\jul-to-slf4j-2.0.11.jar;C:\Users\Iloke Obinna\.m2\repository\org\yaml\snakeyaml\2.2\snakeyaml-2.2.jar;C:\Users\Iloke Obinna\.m2\repository\org\thymeleaf\thymeleaf-spring6\3.1.2.RELEASE\thymeleaf-spring6-3.1.2.RELEASE.jar;C:\Users\Iloke Obinna\.m2\repository\org\thymeleaf\thymeleaf\3.1.2.RELEASE\thymeleaf-3.1.2.RELEASE.jar;C:\Users\Iloke Obinna\.m2\repository\org\attoparser\attoparser\2.0.7.RELEASE\attoparser-2.0.7.RELEASE.jar;C:\Users\Iloke Obinna\.m2\repository\org\unbescape\unbescape\1.1.6.RELEASE\unbescape-1.1.6.RELEASE.jar;C:\Users\Iloke Obinna\.m2\repository\org\springframework\boot\spring-boot-starter-web\3.2.2\spring-boot-starter-web-3.2.2.jar;C:\Users\Iloke Obinna\.m2\repository\org\springframework\boot\spring-boot-starter-json\3.2.2\spring-boot-starter-json-3.2.2.jar;C:\Users\Iloke Obinna\.m2\repository\com\fasterxml\jackson\core\jackson-databind\2.15.3\jackson-databind-2.15.3.jar;C:\Users\Iloke Obinna\.m2\repository\com\fasterxml\jackson\core\jackson-annotations\2.15.3\jackson-annotations-2.15.3.jar;C:\Users\Iloke Obinna\.m2\repository\com\fasterxml\jackson\core\jackson-core\2.15.3\jackson-core-2.15.3.jar;C:\Users\Iloke Obinna\.m2\repository\com\fasterxml\jackson\datatype\jackson-datatype-jdk8\2.15.3\jackson-datatype-jdk8-2.15.3.jar;C:\Users\Iloke Obinna\.m2\repository\com\fasterxml\jackson\datatype\jackson-datatype-jsr310\2.15.3\jackson-datatype-jsr310-2.15.3.jar;C:\Users\Iloke Obinna\.m2\repository\com\fasterxml\jackson\module\jackson-module-parameter-names\2.15.3\jackson-module-parameter-names-2.15.3.jar;C:\Users\Iloke Obinna\.m2\repository\org\springframework\boot\spring-boot-starter-tomcat\3.2.2\spring-boot-starter-tomcat-3.2.2.jar;C:\Users\Iloke Obinna\.m2\repository\org\apache\tomcat\embed\tomcat-embed-core\10.1.18\tomcat-embed-core-10.1.18.jar;C:\Users\Iloke Obinna\.m2\repository\org\apache\tomcat\embed\tomcat-embed-el\10.1.18\tomcat-embed-el-10.1.18.jar;C:\Users\Iloke Obinna\.m2\repository\org\apache\tomcat\embed\tomcat-embed-websocket\10.1.18\tomcat-embed-websocket-10.1.18.jar;C:\Users\Iloke Obinna\.m2\repository\org\springframework\spring-web\6.1.3\spring-web-6.1.3.jar;C:\Users\Iloke Obinna\.m2\repository\io\micrometer\micrometer-observation\1.12.2\micrometer-observation-1.12.2.jar;C:\Users\Iloke Obinna\.m2\repository\io\micrometer\micrometer-commons\1.12.2\micrometer-commons-1.12.2.jar;C:\Users\Iloke Obinna\.m2\repository\org\springframework\spring-webmvc\6.1.3\spring-webmvc-6.1.3.jar;C:\Users\Iloke Obinna\.m2\repository\org\springframework\spring-expression\6.1.3\spring-expression-6.1.3.jar;C:\Users\Iloke Obinna\.m2\repository\org\springframework\boot\spring-boot-devtools\3.2.2\spring-boot-devtools-3.2.2.jar;C:\Users\Iloke Obinna\.m2\repository\org\springframework\boot\spring-boot\3.2.2\spring-boot-3.2.2.jar;C:\Users\Iloke Obinna\.m2\repository\org\springframework\boot\spring-boot-autoconfigure\3.2.2\spring-boot-autoconfigure-3.2.2.jar;C:\Users\Iloke Obinna\.m2\repository\com\mysql\mysql-connector-j\8.3.0\mysql-connector-j-8.3.0.jar;C:\Users\Iloke Obinna\.m2\repository\org\projectlombok\lombok\1.18.30\lombok-1.18.30.jar;C:\Users\Iloke Obinna\.m2\repository\jakarta\xml\bind\jakarta.xml.bind-api\4.0.1\jakarta.xml.bind-api-4.0.1.jar;C:\Users\Iloke Obinna\.m2\repository\jakarta\activation\jakarta.activation-api\2.1.2\jakarta.activation-api-2.1.2.jar;C:\Users\Iloke Obinna\.m2\repository\org\springframework\spring-core\6.1.3\spring-core-6.1.3.jar;C:\Users\Iloke Obinna\.m2\repository\org\springframework\spring-jcl\6.1.3\spring-jcl-6.1.3.jar
Launcher Type: SUN_STANDARD

[Global flags]
     intx CICompilerCount                          = 3                                         {product} {ergonomic}
     uint ConcGCThreads                            = 1                                         {product} {ergonomic}
     uint G1ConcRefinementThreads                  = 4                                         {product} {ergonomic}
   size_t G1HeapRegionSize                         = 1048576                                   {product} {ergonomic}
    uintx GCDrainStackTargetSize                   = 64                                        {product} {ergonomic}
   size_t InitialHeapSize                          = 67108864                                  {product} {ergonomic}
   size_t MarkStackSize                            = 4194304                                   {product} {ergonomic}
   size_t MaxHeapSize                              = 1042284544                                {product} {ergonomic}
   size_t MaxNewSize                               = 624951296                                 {product} {ergonomic}
   size_t MinHeapDeltaBytes                        = 1048576                                   {product} {ergonomic}
   size_t MinHeapSize                              = 8388608                                   {product} {ergonomic}
    uintx NonNMethodCodeHeapSize                   = 5832780                                {pd product} {ergonomic}
    uintx NonProfiledCodeHeapSize                  = 122912730                              {pd product} {ergonomic}
    uintx ProfiledCodeHeapSize                     = 122912730                              {pd product} {ergonomic}
    uintx ReservedCodeCacheSize                    = 251658240                              {pd product} {ergonomic}
     bool SegmentedCodeCache                       = true                                      {product} {ergonomic}
   size_t SoftMaxHeapSize                          = 1042284544                             {manageable} {ergonomic}
     bool UseCompressedOops                        = true                           {product lp64_product} {ergonomic}
     bool UseG1GC                                  = true                                      {product} {ergonomic}
     bool UseLargePagesIndividualAllocation        = false                                  {pd product} {ergonomic}

Logging:
Log output configuration:
 #0: stdout all=warning uptime,level,tags foldmultilines=false
 #1: stderr all=off uptime,level,tags foldmultilines=false

Environment Variables:
PATH=C:\Program Files\Python312\Scripts\;C:\Program Files\Python312\;C:\Program Files\Common Files\Oracle\Java\javapath;C:\Windows\system32;C:\Windows;C:\Windows\System32\Wbem;C:\Windows\System32\WindowsPowerShell\v1.0\;C:\Windows\System32\OpenSSH\;C:\Program Files\Microsoft VS Code\bin;C:\Program Files\Git\cmd;C:\Users\Iloke Obinna\AppData\Local\Microsoft\WindowsApps;
USERNAME=Iloke Obinna
OS=Windows_NT
PROCESSOR_IDENTIFIER=Intel64 Family 6 Model 61 Stepping 4, GenuineIntel
TMP=C:\Users\ILOKEO~1\AppData\Local\Temp
TEMP=C:\Users\ILOKEO~1\AppData\Local\Temp




Periodic native trim disabled

---------------  S Y S T E M  ---------------

OS:
 Windows 10 , 64 bit Build 19041 (10.0.19041.4597)
OS uptime: 23 days 15:02 hours

CPU: total 4 (initial active 4) (2 cores per cpu, 2 threads per core) family 6 model 61 stepping 4 microcode 0x2d, cx8, cmov, fxsr, ht, mmx, 3dnowpref, sse, sse2, sse3, ssse3, sse4.1, sse4.2, popcnt, lzcnt, tsc, tscinvbit, avx, avx2, aes, erms, clmul, bmi1, bmi2, adx, fma, vzeroupper, clflush, rdtscp, f16c
Processor Information for all 4 processors :
  Max Mhz: 2201, Current Mhz: 2201, Mhz Limit: 2201

Memory: 4k page, system-wide physical 3971M (45M free)
TotalPageFile size 16259M (AvailPageFile size 20M)
current process WorkingSet (physical memory assigned to process): 69M, peak: 204M
current process commit charge ("private bytes"): 267M, peak: 274M

vm_info: Java HotSpot(TM) 64-Bit Server VM (21.0.3+7-LTS-152) for windows-amd64 JRE (21.0.3+7-LTS-152), built on 2024-03-11T17:42:26Z by "mach5one" with MS VC++ 17.6 (VS2022)

END.
